[2025-02-14T19:01:05.299+0000] {local_task_job_runner.py:123} INFO - ::group::Pre task execution logs
[2025-02-14T19:01:06.195+0000] {taskinstance.py:2614} INFO - Dependencies all met for dep_context=non-requeueable deps ti=<TaskInstance: youtube_data_pipeline.fetch_stats_gaming scheduled__2025-02-13T00:00:00+00:00 [queued]>
[2025-02-14T19:01:06.323+0000] {taskinstance.py:2614} INFO - Dependencies all met for dep_context=requeueable deps ti=<TaskInstance: youtube_data_pipeline.fetch_stats_gaming scheduled__2025-02-13T00:00:00+00:00 [queued]>
[2025-02-14T19:01:07.536+0000] {taskinstance.py:2867} INFO - Starting attempt 1 of 1
[2025-02-14T19:01:07.835+0000] {taskinstance.py:2890} INFO - Executing <Task(PythonOperator): fetch_stats_gaming> on 2025-02-13 00:00:00+00:00
[2025-02-14T19:01:07.956+0000] {standard_task_runner.py:104} INFO - Running: ['***', 'tasks', 'run', 'youtube_data_pipeline', 'fetch_stats_gaming', 'scheduled__2025-02-13T00:00:00+00:00', '--job-id', '22', '--raw', '--subdir', 'DAGS_FOLDER/fetch-api-statistic-bigquery.py', '--cfg-path', '/tmp/tmpkylherhn']
[2025-02-14T19:01:07.983+0000] {standard_task_runner.py:105} INFO - Job 22: Subtask fetch_stats_gaming
[2025-02-14T19:01:07.981+0000] {logging_mixin.py:190} WARNING - /home/***/.local/lib/python3.12/site-packages/***/task/task_runner/standard_task_runner.py:70 DeprecationWarning: This process (pid=5027) is multi-threaded, use of fork() may lead to deadlocks in the child.
[2025-02-14T19:01:08.044+0000] {standard_task_runner.py:72} INFO - Started process 5044 to run task
[2025-02-14T19:01:09.022+0000] {task_command.py:467} INFO - Running <TaskInstance: youtube_data_pipeline.fetch_stats_gaming scheduled__2025-02-13T00:00:00+00:00 [running]> on host 79903c5a5135
[2025-02-14T19:01:10.058+0000] {taskinstance.py:3134} INFO - Exporting env vars: AIRFLOW_CTX_DAG_OWNER='***' AIRFLOW_CTX_DAG_ID='youtube_data_pipeline' AIRFLOW_CTX_TASK_ID='fetch_stats_gaming' AIRFLOW_CTX_EXECUTION_DATE='2025-02-13T00:00:00+00:00' AIRFLOW_CTX_TRY_NUMBER='1' AIRFLOW_CTX_DAG_RUN_ID='scheduled__2025-02-13T00:00:00+00:00'
[2025-02-14T19:01:10.062+0000] {taskinstance.py:732} INFO - ::endgroup::
[2025-02-14T19:01:12.025+0000] {logging_mixin.py:190} INFO - Fetched stats for 10 videos in category gaming
[2025-02-14T19:01:12.029+0000] {python.py:240} INFO - Done. Returned value was: None
[2025-02-14T19:01:12.216+0000] {taskinstance.py:341} INFO - ::group::Post task execution logs
[2025-02-14T19:01:12.219+0000] {taskinstance.py:353} INFO - Marking task as SUCCESS. dag_id=youtube_data_pipeline, task_id=fetch_stats_gaming, run_id=scheduled__2025-02-13T00:00:00+00:00, execution_date=20250213T000000, start_date=20250214T190106, end_date=20250214T190112
[2025-02-14T19:01:12.960+0000] {local_task_job_runner.py:266} INFO - Task exited with return code 0
[2025-02-14T19:01:13.095+0000] {taskinstance.py:3901} INFO - 0 downstream tasks scheduled from follow-on schedule check
[2025-02-14T19:01:13.095+0000] {standard_task_runner.py:217} INFO - Process not found (most likely exited), stop collecting metrics
[2025-02-14T19:01:13.161+0000] {local_task_job_runner.py:245} INFO - ::endgroup::
