[2025-02-10T10:22:19.315+0000] {processor.py:186} INFO - Started process (PID=141) to work on /home/airflow/.local/lib/python3.12/site-packages/airflow/example_dags/example_datasets.py
[2025-02-10T10:22:19.317+0000] {processor.py:914} INFO - Processing file /home/airflow/.local/lib/python3.12/site-packages/airflow/example_dags/example_datasets.py for tasks to queue
[2025-02-10T10:22:19.324+0000] {logging_mixin.py:190} INFO - [2025-02-10T10:22:19.323+0000] {dagbag.py:588} INFO - Filling up the DagBag from /home/airflow/.local/lib/python3.12/site-packages/airflow/example_dags/example_datasets.py
[2025-02-10T10:22:22.257+0000] {processor.py:925} INFO - DAG(s) 'dataset_consumes_unknown_never_scheduled', 'consume_1_or_2_with_dataset_expressions', 'dataset_produces_1', 'conditional_dataset_and_time_based_timetable', 'dataset_produces_2', 'consume_1_and_2_with_dataset_expressions', 'dataset_consumes_1_never_scheduled', 'consume_1_or_both_2_and_3_with_dataset_expressions', 'dataset_consumes_1', 'dataset_consumes_1_and_2' retrieved from /home/airflow/.local/lib/python3.12/site-packages/airflow/example_dags/example_datasets.py
[2025-02-10T10:22:22.541+0000] {logging_mixin.py:190} INFO - [2025-02-10T10:22:22.540+0000] {override.py:1911} INFO - Created Permission View: can read on DAG:dataset_consumes_unknown_never_scheduled
[2025-02-10T10:22:22.570+0000] {logging_mixin.py:190} INFO - [2025-02-10T10:22:22.569+0000] {override.py:1911} INFO - Created Permission View: can delete on DAG:dataset_consumes_unknown_never_scheduled
[2025-02-10T10:22:22.595+0000] {logging_mixin.py:190} INFO - [2025-02-10T10:22:22.595+0000] {override.py:1911} INFO - Created Permission View: can edit on DAG:dataset_consumes_unknown_never_scheduled
[2025-02-10T10:22:22.619+0000] {logging_mixin.py:190} INFO - [2025-02-10T10:22:22.618+0000] {override.py:1911} INFO - Created Permission View: menu access on DAG Run:dataset_consumes_unknown_never_scheduled
[2025-02-10T10:22:22.635+0000] {logging_mixin.py:190} INFO - [2025-02-10T10:22:22.635+0000] {override.py:1911} INFO - Created Permission View: can read on DAG Run:dataset_consumes_unknown_never_scheduled
[2025-02-10T10:22:22.653+0000] {logging_mixin.py:190} INFO - [2025-02-10T10:22:22.652+0000] {override.py:1911} INFO - Created Permission View: can create on DAG Run:dataset_consumes_unknown_never_scheduled
[2025-02-10T10:22:22.673+0000] {logging_mixin.py:190} INFO - [2025-02-10T10:22:22.672+0000] {override.py:1911} INFO - Created Permission View: can delete on DAG Run:dataset_consumes_unknown_never_scheduled
[2025-02-10T10:22:22.705+0000] {logging_mixin.py:190} INFO - [2025-02-10T10:22:22.704+0000] {override.py:1911} INFO - Created Permission View: can read on DAG:consume_1_or_2_with_dataset_expressions
[2025-02-10T10:22:22.722+0000] {logging_mixin.py:190} INFO - [2025-02-10T10:22:22.721+0000] {override.py:1911} INFO - Created Permission View: can delete on DAG:consume_1_or_2_with_dataset_expressions
[2025-02-10T10:22:22.743+0000] {logging_mixin.py:190} INFO - [2025-02-10T10:22:22.742+0000] {override.py:1911} INFO - Created Permission View: can edit on DAG:consume_1_or_2_with_dataset_expressions
[2025-02-10T10:22:22.763+0000] {logging_mixin.py:190} INFO - [2025-02-10T10:22:22.763+0000] {override.py:1911} INFO - Created Permission View: menu access on DAG Run:consume_1_or_2_with_dataset_expressions
[2025-02-10T10:22:22.779+0000] {logging_mixin.py:190} INFO - [2025-02-10T10:22:22.779+0000] {override.py:1911} INFO - Created Permission View: can read on DAG Run:consume_1_or_2_with_dataset_expressions
[2025-02-10T10:22:22.810+0000] {logging_mixin.py:190} INFO - [2025-02-10T10:22:22.809+0000] {override.py:1911} INFO - Created Permission View: can create on DAG Run:consume_1_or_2_with_dataset_expressions
[2025-02-10T10:22:22.827+0000] {logging_mixin.py:190} INFO - [2025-02-10T10:22:22.826+0000] {override.py:1911} INFO - Created Permission View: can delete on DAG Run:consume_1_or_2_with_dataset_expressions
[2025-02-10T10:22:22.883+0000] {logging_mixin.py:190} INFO - [2025-02-10T10:22:22.882+0000] {override.py:1911} INFO - Created Permission View: can read on DAG:dataset_produces_1
[2025-02-10T10:22:22.906+0000] {logging_mixin.py:190} INFO - [2025-02-10T10:22:22.904+0000] {override.py:1911} INFO - Created Permission View: can delete on DAG:dataset_produces_1
[2025-02-10T10:22:22.927+0000] {logging_mixin.py:190} INFO - [2025-02-10T10:22:22.926+0000] {override.py:1911} INFO - Created Permission View: can edit on DAG:dataset_produces_1
[2025-02-10T10:22:22.960+0000] {logging_mixin.py:190} INFO - [2025-02-10T10:22:22.957+0000] {override.py:1911} INFO - Created Permission View: menu access on DAG Run:dataset_produces_1
[2025-02-10T10:22:22.983+0000] {logging_mixin.py:190} INFO - [2025-02-10T10:22:22.980+0000] {override.py:1911} INFO - Created Permission View: can read on DAG Run:dataset_produces_1
[2025-02-10T10:22:23.000+0000] {logging_mixin.py:190} INFO - [2025-02-10T10:22:22.999+0000] {override.py:1911} INFO - Created Permission View: can create on DAG Run:dataset_produces_1
[2025-02-10T10:22:23.018+0000] {logging_mixin.py:190} INFO - [2025-02-10T10:22:23.018+0000] {override.py:1911} INFO - Created Permission View: can delete on DAG Run:dataset_produces_1
[2025-02-10T10:22:23.067+0000] {logging_mixin.py:190} INFO - [2025-02-10T10:22:23.066+0000] {override.py:1911} INFO - Created Permission View: can read on DAG:conditional_dataset_and_time_based_timetable
[2025-02-10T10:22:23.087+0000] {logging_mixin.py:190} INFO - [2025-02-10T10:22:23.086+0000] {override.py:1911} INFO - Created Permission View: can delete on DAG:conditional_dataset_and_time_based_timetable
[2025-02-10T10:22:23.104+0000] {logging_mixin.py:190} INFO - [2025-02-10T10:22:23.104+0000] {override.py:1911} INFO - Created Permission View: can edit on DAG:conditional_dataset_and_time_based_timetable
[2025-02-10T10:22:23.125+0000] {logging_mixin.py:190} INFO - [2025-02-10T10:22:23.124+0000] {override.py:1911} INFO - Created Permission View: menu access on DAG Run:conditional_dataset_and_time_based_timetable
[2025-02-10T10:22:23.144+0000] {logging_mixin.py:190} INFO - [2025-02-10T10:22:23.143+0000] {override.py:1911} INFO - Created Permission View: can read on DAG Run:conditional_dataset_and_time_based_timetable
[2025-02-10T10:22:23.160+0000] {logging_mixin.py:190} INFO - [2025-02-10T10:22:23.159+0000] {override.py:1911} INFO - Created Permission View: can create on DAG Run:conditional_dataset_and_time_based_timetable
[2025-02-10T10:22:23.179+0000] {logging_mixin.py:190} INFO - [2025-02-10T10:22:23.179+0000] {override.py:1911} INFO - Created Permission View: can delete on DAG Run:conditional_dataset_and_time_based_timetable
[2025-02-10T10:22:23.222+0000] {logging_mixin.py:190} INFO - [2025-02-10T10:22:23.221+0000] {override.py:1911} INFO - Created Permission View: can read on DAG:dataset_produces_2
[2025-02-10T10:22:23.246+0000] {logging_mixin.py:190} INFO - [2025-02-10T10:22:23.245+0000] {override.py:1911} INFO - Created Permission View: can delete on DAG:dataset_produces_2
[2025-02-10T10:22:23.271+0000] {logging_mixin.py:190} INFO - [2025-02-10T10:22:23.271+0000] {override.py:1911} INFO - Created Permission View: can edit on DAG:dataset_produces_2
[2025-02-10T10:22:23.294+0000] {logging_mixin.py:190} INFO - [2025-02-10T10:22:23.293+0000] {override.py:1911} INFO - Created Permission View: menu access on DAG Run:dataset_produces_2
[2025-02-10T10:22:23.316+0000] {logging_mixin.py:190} INFO - [2025-02-10T10:22:23.316+0000] {override.py:1911} INFO - Created Permission View: can read on DAG Run:dataset_produces_2
[2025-02-10T10:22:23.333+0000] {logging_mixin.py:190} INFO - [2025-02-10T10:22:23.333+0000] {override.py:1911} INFO - Created Permission View: can create on DAG Run:dataset_produces_2
[2025-02-10T10:22:23.356+0000] {logging_mixin.py:190} INFO - [2025-02-10T10:22:23.355+0000] {override.py:1911} INFO - Created Permission View: can delete on DAG Run:dataset_produces_2
[2025-02-10T10:22:23.392+0000] {logging_mixin.py:190} INFO - [2025-02-10T10:22:23.392+0000] {override.py:1911} INFO - Created Permission View: can read on DAG:consume_1_and_2_with_dataset_expressions
[2025-02-10T10:22:23.410+0000] {logging_mixin.py:190} INFO - [2025-02-10T10:22:23.409+0000] {override.py:1911} INFO - Created Permission View: can delete on DAG:consume_1_and_2_with_dataset_expressions
[2025-02-10T10:22:23.444+0000] {logging_mixin.py:190} INFO - [2025-02-10T10:22:23.444+0000] {override.py:1911} INFO - Created Permission View: can edit on DAG:consume_1_and_2_with_dataset_expressions
[2025-02-10T10:22:23.479+0000] {logging_mixin.py:190} INFO - [2025-02-10T10:22:23.479+0000] {override.py:1911} INFO - Created Permission View: menu access on DAG Run:consume_1_and_2_with_dataset_expressions
[2025-02-10T10:22:23.498+0000] {logging_mixin.py:190} INFO - [2025-02-10T10:22:23.498+0000] {override.py:1911} INFO - Created Permission View: can read on DAG Run:consume_1_and_2_with_dataset_expressions
[2025-02-10T10:22:23.517+0000] {logging_mixin.py:190} INFO - [2025-02-10T10:22:23.516+0000] {override.py:1911} INFO - Created Permission View: can create on DAG Run:consume_1_and_2_with_dataset_expressions
[2025-02-10T10:22:23.537+0000] {logging_mixin.py:190} INFO - [2025-02-10T10:22:23.536+0000] {override.py:1911} INFO - Created Permission View: can delete on DAG Run:consume_1_and_2_with_dataset_expressions
[2025-02-10T10:22:23.588+0000] {logging_mixin.py:190} INFO - [2025-02-10T10:22:23.587+0000] {override.py:1911} INFO - Created Permission View: can read on DAG:dataset_consumes_1_never_scheduled
[2025-02-10T10:22:23.606+0000] {logging_mixin.py:190} INFO - [2025-02-10T10:22:23.605+0000] {override.py:1911} INFO - Created Permission View: can delete on DAG:dataset_consumes_1_never_scheduled
[2025-02-10T10:22:23.629+0000] {logging_mixin.py:190} INFO - [2025-02-10T10:22:23.628+0000] {override.py:1911} INFO - Created Permission View: can edit on DAG:dataset_consumes_1_never_scheduled
[2025-02-10T10:22:23.650+0000] {logging_mixin.py:190} INFO - [2025-02-10T10:22:23.649+0000] {override.py:1911} INFO - Created Permission View: menu access on DAG Run:dataset_consumes_1_never_scheduled
[2025-02-10T10:22:23.676+0000] {logging_mixin.py:190} INFO - [2025-02-10T10:22:23.676+0000] {override.py:1911} INFO - Created Permission View: can read on DAG Run:dataset_consumes_1_never_scheduled
[2025-02-10T10:22:23.703+0000] {logging_mixin.py:190} INFO - [2025-02-10T10:22:23.702+0000] {override.py:1911} INFO - Created Permission View: can create on DAG Run:dataset_consumes_1_never_scheduled
[2025-02-10T10:22:23.725+0000] {logging_mixin.py:190} INFO - [2025-02-10T10:22:23.724+0000] {override.py:1911} INFO - Created Permission View: can delete on DAG Run:dataset_consumes_1_never_scheduled
[2025-02-10T10:22:23.778+0000] {logging_mixin.py:190} INFO - [2025-02-10T10:22:23.778+0000] {override.py:1911} INFO - Created Permission View: can read on DAG:consume_1_or_both_2_and_3_with_dataset_expressions
[2025-02-10T10:22:23.803+0000] {logging_mixin.py:190} INFO - [2025-02-10T10:22:23.802+0000] {override.py:1911} INFO - Created Permission View: can delete on DAG:consume_1_or_both_2_and_3_with_dataset_expressions
[2025-02-10T10:22:23.826+0000] {logging_mixin.py:190} INFO - [2025-02-10T10:22:23.825+0000] {override.py:1911} INFO - Created Permission View: can edit on DAG:consume_1_or_both_2_and_3_with_dataset_expressions
[2025-02-10T10:22:23.851+0000] {logging_mixin.py:190} INFO - [2025-02-10T10:22:23.851+0000] {override.py:1911} INFO - Created Permission View: menu access on DAG Run:consume_1_or_both_2_and_3_with_dataset_expressions
[2025-02-10T10:22:23.873+0000] {logging_mixin.py:190} INFO - [2025-02-10T10:22:23.872+0000] {override.py:1911} INFO - Created Permission View: can read on DAG Run:consume_1_or_both_2_and_3_with_dataset_expressions
[2025-02-10T10:22:23.896+0000] {logging_mixin.py:190} INFO - [2025-02-10T10:22:23.895+0000] {override.py:1911} INFO - Created Permission View: can create on DAG Run:consume_1_or_both_2_and_3_with_dataset_expressions
[2025-02-10T10:22:23.921+0000] {logging_mixin.py:190} INFO - [2025-02-10T10:22:23.920+0000] {override.py:1911} INFO - Created Permission View: can delete on DAG Run:consume_1_or_both_2_and_3_with_dataset_expressions
[2025-02-10T10:22:23.961+0000] {logging_mixin.py:190} INFO - [2025-02-10T10:22:23.961+0000] {override.py:1911} INFO - Created Permission View: can read on DAG:dataset_consumes_1
[2025-02-10T10:22:23.986+0000] {logging_mixin.py:190} INFO - [2025-02-10T10:22:23.984+0000] {override.py:1911} INFO - Created Permission View: can delete on DAG:dataset_consumes_1
[2025-02-10T10:22:24.006+0000] {logging_mixin.py:190} INFO - [2025-02-10T10:22:24.006+0000] {override.py:1911} INFO - Created Permission View: can edit on DAG:dataset_consumes_1
[2025-02-10T10:22:24.041+0000] {logging_mixin.py:190} INFO - [2025-02-10T10:22:24.040+0000] {override.py:1911} INFO - Created Permission View: menu access on DAG Run:dataset_consumes_1
[2025-02-10T10:22:24.060+0000] {logging_mixin.py:190} INFO - [2025-02-10T10:22:24.058+0000] {override.py:1911} INFO - Created Permission View: can read on DAG Run:dataset_consumes_1
[2025-02-10T10:22:24.080+0000] {logging_mixin.py:190} INFO - [2025-02-10T10:22:24.079+0000] {override.py:1911} INFO - Created Permission View: can create on DAG Run:dataset_consumes_1
[2025-02-10T10:22:24.100+0000] {logging_mixin.py:190} INFO - [2025-02-10T10:22:24.100+0000] {override.py:1911} INFO - Created Permission View: can delete on DAG Run:dataset_consumes_1
[2025-02-10T10:22:24.147+0000] {logging_mixin.py:190} INFO - [2025-02-10T10:22:24.146+0000] {override.py:1911} INFO - Created Permission View: can read on DAG:dataset_consumes_1_and_2
[2025-02-10T10:22:24.167+0000] {logging_mixin.py:190} INFO - [2025-02-10T10:22:24.166+0000] {override.py:1911} INFO - Created Permission View: can delete on DAG:dataset_consumes_1_and_2
[2025-02-10T10:22:24.204+0000] {logging_mixin.py:190} INFO - [2025-02-10T10:22:24.203+0000] {override.py:1911} INFO - Created Permission View: can edit on DAG:dataset_consumes_1_and_2
[2025-02-10T10:22:24.231+0000] {logging_mixin.py:190} INFO - [2025-02-10T10:22:24.230+0000] {override.py:1911} INFO - Created Permission View: menu access on DAG Run:dataset_consumes_1_and_2
[2025-02-10T10:22:24.252+0000] {logging_mixin.py:190} INFO - [2025-02-10T10:22:24.251+0000] {override.py:1911} INFO - Created Permission View: can read on DAG Run:dataset_consumes_1_and_2
[2025-02-10T10:22:24.271+0000] {logging_mixin.py:190} INFO - [2025-02-10T10:22:24.271+0000] {override.py:1911} INFO - Created Permission View: can create on DAG Run:dataset_consumes_1_and_2
[2025-02-10T10:22:24.291+0000] {logging_mixin.py:190} INFO - [2025-02-10T10:22:24.291+0000] {override.py:1911} INFO - Created Permission View: can delete on DAG Run:dataset_consumes_1_and_2
[2025-02-10T10:22:24.293+0000] {logging_mixin.py:190} INFO - [2025-02-10T10:22:24.293+0000] {dag.py:3239} INFO - Sync 10 DAGs
[2025-02-10T10:22:24.326+0000] {logging_mixin.py:190} INFO - [2025-02-10T10:22:24.325+0000] {dag.py:3262} INFO - Creating ORM DAG for dataset_consumes_unknown_never_scheduled
[2025-02-10T10:22:24.329+0000] {logging_mixin.py:190} INFO - [2025-02-10T10:22:24.328+0000] {dag.py:3262} INFO - Creating ORM DAG for conditional_dataset_and_time_based_timetable
[2025-02-10T10:22:24.330+0000] {logging_mixin.py:190} INFO - [2025-02-10T10:22:24.330+0000] {dag.py:3262} INFO - Creating ORM DAG for dataset_produces_2
[2025-02-10T10:22:24.334+0000] {logging_mixin.py:190} INFO - [2025-02-10T10:22:24.333+0000] {dag.py:3262} INFO - Creating ORM DAG for dataset_consumes_1_never_scheduled
[2025-02-10T10:22:24.336+0000] {logging_mixin.py:190} INFO - [2025-02-10T10:22:24.335+0000] {dag.py:3262} INFO - Creating ORM DAG for consume_1_or_2_with_dataset_expressions
[2025-02-10T10:22:24.338+0000] {logging_mixin.py:190} INFO - [2025-02-10T10:22:24.337+0000] {dag.py:3262} INFO - Creating ORM DAG for consume_1_and_2_with_dataset_expressions
[2025-02-10T10:22:24.339+0000] {logging_mixin.py:190} INFO - [2025-02-10T10:22:24.339+0000] {dag.py:3262} INFO - Creating ORM DAG for dataset_consumes_1
[2025-02-10T10:22:24.341+0000] {logging_mixin.py:190} INFO - [2025-02-10T10:22:24.341+0000] {dag.py:3262} INFO - Creating ORM DAG for consume_1_or_both_2_and_3_with_dataset_expressions
[2025-02-10T10:22:24.343+0000] {logging_mixin.py:190} INFO - [2025-02-10T10:22:24.343+0000] {dag.py:3262} INFO - Creating ORM DAG for dataset_produces_1
[2025-02-10T10:22:24.345+0000] {logging_mixin.py:190} INFO - [2025-02-10T10:22:24.345+0000] {dag.py:3262} INFO - Creating ORM DAG for dataset_consumes_1_and_2
[2025-02-10T10:22:24.371+0000] {logging_mixin.py:190} INFO - [2025-02-10T10:22:24.371+0000] {dag.py:4180} INFO - Setting next_dagrun for conditional_dataset_and_time_based_timetable to 2025-02-05 01:00:00+00:00, run_after=2025-02-05 01:00:00+00:00
[2025-02-10T10:22:24.373+0000] {logging_mixin.py:190} INFO - [2025-02-10T10:22:24.373+0000] {dag.py:4180} INFO - Setting next_dagrun for consume_1_and_2_with_dataset_expressions to None, run_after=None
[2025-02-10T10:22:24.375+0000] {logging_mixin.py:190} INFO - [2025-02-10T10:22:24.374+0000] {dag.py:4180} INFO - Setting next_dagrun for consume_1_or_2_with_dataset_expressions to None, run_after=None
[2025-02-10T10:22:24.376+0000] {logging_mixin.py:190} INFO - [2025-02-10T10:22:24.376+0000] {dag.py:4180} INFO - Setting next_dagrun for consume_1_or_both_2_and_3_with_dataset_expressions to None, run_after=None
[2025-02-10T10:22:24.378+0000] {logging_mixin.py:190} INFO - [2025-02-10T10:22:24.377+0000] {dag.py:4180} INFO - Setting next_dagrun for dataset_consumes_1 to None, run_after=None
[2025-02-10T10:22:24.382+0000] {logging_mixin.py:190} INFO - [2025-02-10T10:22:24.381+0000] {dag.py:4180} INFO - Setting next_dagrun for dataset_consumes_1_and_2 to None, run_after=None
[2025-02-10T10:22:24.384+0000] {logging_mixin.py:190} INFO - [2025-02-10T10:22:24.384+0000] {dag.py:4180} INFO - Setting next_dagrun for dataset_consumes_1_never_scheduled to None, run_after=None
[2025-02-10T10:22:24.386+0000] {logging_mixin.py:190} INFO - [2025-02-10T10:22:24.386+0000] {dag.py:4180} INFO - Setting next_dagrun for dataset_consumes_unknown_never_scheduled to None, run_after=None
[2025-02-10T10:22:24.391+0000] {logging_mixin.py:190} INFO - [2025-02-10T10:22:24.390+0000] {dag.py:4180} INFO - Setting next_dagrun for dataset_produces_1 to 2025-02-09 00:00:00+00:00, run_after=2025-02-10 00:00:00+00:00
[2025-02-10T10:22:24.393+0000] {logging_mixin.py:190} INFO - [2025-02-10T10:22:24.392+0000] {dag.py:4180} INFO - Setting next_dagrun for dataset_produces_2 to None, run_after=None
[2025-02-10T10:22:24.523+0000] {processor.py:208} INFO - Processing /home/airflow/.local/lib/python3.12/site-packages/airflow/example_dags/example_datasets.py took 4.646 seconds
[2025-02-10T10:22:55.342+0000] {processor.py:186} INFO - Started process (PID=205) to work on /home/airflow/.local/lib/python3.12/site-packages/airflow/example_dags/example_datasets.py
[2025-02-10T10:22:55.346+0000] {processor.py:914} INFO - Processing file /home/airflow/.local/lib/python3.12/site-packages/airflow/example_dags/example_datasets.py for tasks to queue
[2025-02-10T10:22:55.355+0000] {logging_mixin.py:190} INFO - [2025-02-10T10:22:55.354+0000] {dagbag.py:588} INFO - Filling up the DagBag from /home/airflow/.local/lib/python3.12/site-packages/airflow/example_dags/example_datasets.py
[2025-02-10T10:22:56.925+0000] {processor.py:925} INFO - DAG(s) 'dataset_consumes_1_and_2', 'consume_1_or_both_2_and_3_with_dataset_expressions', 'dataset_produces_1', 'dataset_consumes_unknown_never_scheduled', 'consume_1_or_2_with_dataset_expressions', 'dataset_consumes_1', 'dataset_produces_2', 'conditional_dataset_and_time_based_timetable', 'consume_1_and_2_with_dataset_expressions', 'dataset_consumes_1_never_scheduled' retrieved from /home/airflow/.local/lib/python3.12/site-packages/airflow/example_dags/example_datasets.py
[2025-02-10T10:22:57.003+0000] {logging_mixin.py:190} INFO - [2025-02-10T10:22:57.002+0000] {dag.py:3239} INFO - Sync 10 DAGs
[2025-02-10T10:22:57.061+0000] {logging_mixin.py:190} INFO - [2025-02-10T10:22:57.061+0000] {dag.py:4180} INFO - Setting next_dagrun for conditional_dataset_and_time_based_timetable to 2025-02-05 01:00:00+00:00, run_after=2025-02-05 01:00:00+00:00
[2025-02-10T10:22:57.071+0000] {logging_mixin.py:190} INFO - [2025-02-10T10:22:57.071+0000] {dag.py:4180} INFO - Setting next_dagrun for consume_1_and_2_with_dataset_expressions to None, run_after=None
[2025-02-10T10:22:57.076+0000] {logging_mixin.py:190} INFO - [2025-02-10T10:22:57.075+0000] {dag.py:4180} INFO - Setting next_dagrun for consume_1_or_2_with_dataset_expressions to None, run_after=None
[2025-02-10T10:22:57.079+0000] {logging_mixin.py:190} INFO - [2025-02-10T10:22:57.079+0000] {dag.py:4180} INFO - Setting next_dagrun for consume_1_or_both_2_and_3_with_dataset_expressions to None, run_after=None
[2025-02-10T10:22:57.082+0000] {logging_mixin.py:190} INFO - [2025-02-10T10:22:57.081+0000] {dag.py:4180} INFO - Setting next_dagrun for dataset_consumes_1 to None, run_after=None
[2025-02-10T10:22:57.087+0000] {logging_mixin.py:190} INFO - [2025-02-10T10:22:57.087+0000] {dag.py:4180} INFO - Setting next_dagrun for dataset_consumes_1_and_2 to None, run_after=None
[2025-02-10T10:22:57.091+0000] {logging_mixin.py:190} INFO - [2025-02-10T10:22:57.091+0000] {dag.py:4180} INFO - Setting next_dagrun for dataset_consumes_1_never_scheduled to None, run_after=None
[2025-02-10T10:22:57.095+0000] {logging_mixin.py:190} INFO - [2025-02-10T10:22:57.094+0000] {dag.py:4180} INFO - Setting next_dagrun for dataset_consumes_unknown_never_scheduled to None, run_after=None
[2025-02-10T10:22:57.102+0000] {logging_mixin.py:190} INFO - [2025-02-10T10:22:57.101+0000] {dag.py:4180} INFO - Setting next_dagrun for dataset_produces_1 to 2025-02-09 00:00:00+00:00, run_after=2025-02-10 00:00:00+00:00
[2025-02-10T10:22:57.105+0000] {logging_mixin.py:190} INFO - [2025-02-10T10:22:57.105+0000] {dag.py:4180} INFO - Setting next_dagrun for dataset_produces_2 to None, run_after=None
[2025-02-10T10:22:57.186+0000] {processor.py:208} INFO - Processing /home/airflow/.local/lib/python3.12/site-packages/airflow/example_dags/example_datasets.py took 1.885 seconds
[2025-02-10T10:23:27.850+0000] {processor.py:186} INFO - Started process (PID=268) to work on /home/airflow/.local/lib/python3.12/site-packages/airflow/example_dags/example_datasets.py
[2025-02-10T10:23:27.851+0000] {processor.py:914} INFO - Processing file /home/airflow/.local/lib/python3.12/site-packages/airflow/example_dags/example_datasets.py for tasks to queue
[2025-02-10T10:23:27.860+0000] {logging_mixin.py:190} INFO - [2025-02-10T10:23:27.859+0000] {dagbag.py:588} INFO - Filling up the DagBag from /home/airflow/.local/lib/python3.12/site-packages/airflow/example_dags/example_datasets.py
[2025-02-10T10:23:36.265+0000] {processor.py:925} INFO - DAG(s) 'dataset_consumes_1', 'consume_1_or_both_2_and_3_with_dataset_expressions', 'conditional_dataset_and_time_based_timetable', 'dataset_produces_1', 'dataset_produces_2', 'dataset_consumes_unknown_never_scheduled', 'consume_1_and_2_with_dataset_expressions', 'consume_1_or_2_with_dataset_expressions', 'dataset_consumes_1_never_scheduled', 'dataset_consumes_1_and_2' retrieved from /home/airflow/.local/lib/python3.12/site-packages/airflow/example_dags/example_datasets.py
[2025-02-10T10:23:36.611+0000] {logging_mixin.py:190} INFO - [2025-02-10T10:23:36.611+0000] {dag.py:3239} INFO - Sync 10 DAGs
[2025-02-10T10:23:36.704+0000] {logging_mixin.py:190} INFO - [2025-02-10T10:23:36.704+0000] {dag.py:4180} INFO - Setting next_dagrun for conditional_dataset_and_time_based_timetable to 2025-02-05 01:00:00+00:00, run_after=2025-02-05 01:00:00+00:00
[2025-02-10T10:23:36.715+0000] {logging_mixin.py:190} INFO - [2025-02-10T10:23:36.715+0000] {dag.py:4180} INFO - Setting next_dagrun for consume_1_and_2_with_dataset_expressions to None, run_after=None
[2025-02-10T10:23:36.720+0000] {logging_mixin.py:190} INFO - [2025-02-10T10:23:36.720+0000] {dag.py:4180} INFO - Setting next_dagrun for consume_1_or_2_with_dataset_expressions to None, run_after=None
[2025-02-10T10:23:36.725+0000] {logging_mixin.py:190} INFO - [2025-02-10T10:23:36.725+0000] {dag.py:4180} INFO - Setting next_dagrun for consume_1_or_both_2_and_3_with_dataset_expressions to None, run_after=None
[2025-02-10T10:23:36.741+0000] {logging_mixin.py:190} INFO - [2025-02-10T10:23:36.740+0000] {dag.py:4180} INFO - Setting next_dagrun for dataset_consumes_1 to None, run_after=None
[2025-02-10T10:23:36.745+0000] {logging_mixin.py:190} INFO - [2025-02-10T10:23:36.744+0000] {dag.py:4180} INFO - Setting next_dagrun for dataset_consumes_1_and_2 to None, run_after=None
[2025-02-10T10:23:36.776+0000] {logging_mixin.py:190} INFO - [2025-02-10T10:23:36.775+0000] {dag.py:4180} INFO - Setting next_dagrun for dataset_consumes_1_never_scheduled to None, run_after=None
[2025-02-10T10:23:36.798+0000] {logging_mixin.py:190} INFO - [2025-02-10T10:23:36.797+0000] {dag.py:4180} INFO - Setting next_dagrun for dataset_consumes_unknown_never_scheduled to None, run_after=None
[2025-02-10T10:23:36.856+0000] {logging_mixin.py:190} INFO - [2025-02-10T10:23:36.847+0000] {dag.py:4180} INFO - Setting next_dagrun for dataset_produces_1 to 2025-02-09 00:00:00+00:00, run_after=2025-02-10 00:00:00+00:00
[2025-02-10T10:23:36.896+0000] {logging_mixin.py:190} INFO - [2025-02-10T10:23:36.896+0000] {dag.py:4180} INFO - Setting next_dagrun for dataset_produces_2 to None, run_after=None
[2025-02-10T10:23:37.163+0000] {processor.py:208} INFO - Processing /home/airflow/.local/lib/python3.12/site-packages/airflow/example_dags/example_datasets.py took 9.361 seconds
[2025-02-10T10:24:07.557+0000] {processor.py:186} INFO - Started process (PID=331) to work on /home/airflow/.local/lib/python3.12/site-packages/airflow/example_dags/example_datasets.py
[2025-02-10T10:24:07.559+0000] {processor.py:914} INFO - Processing file /home/airflow/.local/lib/python3.12/site-packages/airflow/example_dags/example_datasets.py for tasks to queue
[2025-02-10T10:24:07.575+0000] {logging_mixin.py:190} INFO - [2025-02-10T10:24:07.574+0000] {dagbag.py:588} INFO - Filling up the DagBag from /home/airflow/.local/lib/python3.12/site-packages/airflow/example_dags/example_datasets.py
[2025-02-10T10:24:09.860+0000] {processor.py:925} INFO - DAG(s) 'dataset_consumes_unknown_never_scheduled', 'consume_1_or_2_with_dataset_expressions', 'conditional_dataset_and_time_based_timetable', 'consume_1_or_both_2_and_3_with_dataset_expressions', 'dataset_consumes_1_and_2', 'dataset_produces_1', 'consume_1_and_2_with_dataset_expressions', 'dataset_produces_2', 'dataset_consumes_1_never_scheduled', 'dataset_consumes_1' retrieved from /home/airflow/.local/lib/python3.12/site-packages/airflow/example_dags/example_datasets.py
[2025-02-10T10:24:10.007+0000] {logging_mixin.py:190} INFO - [2025-02-10T10:24:10.007+0000] {dag.py:3239} INFO - Sync 10 DAGs
[2025-02-10T10:24:10.092+0000] {logging_mixin.py:190} INFO - [2025-02-10T10:24:10.092+0000] {dag.py:4180} INFO - Setting next_dagrun for conditional_dataset_and_time_based_timetable to 2025-02-05 01:00:00+00:00, run_after=2025-02-05 01:00:00+00:00
[2025-02-10T10:24:10.104+0000] {logging_mixin.py:190} INFO - [2025-02-10T10:24:10.104+0000] {dag.py:4180} INFO - Setting next_dagrun for consume_1_and_2_with_dataset_expressions to None, run_after=None
[2025-02-10T10:24:10.118+0000] {logging_mixin.py:190} INFO - [2025-02-10T10:24:10.117+0000] {dag.py:4180} INFO - Setting next_dagrun for consume_1_or_2_with_dataset_expressions to None, run_after=None
[2025-02-10T10:24:10.122+0000] {logging_mixin.py:190} INFO - [2025-02-10T10:24:10.122+0000] {dag.py:4180} INFO - Setting next_dagrun for consume_1_or_both_2_and_3_with_dataset_expressions to None, run_after=None
[2025-02-10T10:24:10.125+0000] {logging_mixin.py:190} INFO - [2025-02-10T10:24:10.125+0000] {dag.py:4180} INFO - Setting next_dagrun for dataset_consumes_1 to None, run_after=None
[2025-02-10T10:24:10.131+0000] {logging_mixin.py:190} INFO - [2025-02-10T10:24:10.130+0000] {dag.py:4180} INFO - Setting next_dagrun for dataset_consumes_1_and_2 to None, run_after=None
[2025-02-10T10:24:10.134+0000] {logging_mixin.py:190} INFO - [2025-02-10T10:24:10.134+0000] {dag.py:4180} INFO - Setting next_dagrun for dataset_consumes_1_never_scheduled to None, run_after=None
[2025-02-10T10:24:10.138+0000] {logging_mixin.py:190} INFO - [2025-02-10T10:24:10.137+0000] {dag.py:4180} INFO - Setting next_dagrun for dataset_consumes_unknown_never_scheduled to None, run_after=None
[2025-02-10T10:24:10.146+0000] {logging_mixin.py:190} INFO - [2025-02-10T10:24:10.145+0000] {dag.py:4180} INFO - Setting next_dagrun for dataset_produces_1 to 2025-02-09 00:00:00+00:00, run_after=2025-02-10 00:00:00+00:00
[2025-02-10T10:24:10.149+0000] {logging_mixin.py:190} INFO - [2025-02-10T10:24:10.149+0000] {dag.py:4180} INFO - Setting next_dagrun for dataset_produces_2 to None, run_after=None
[2025-02-10T10:24:10.248+0000] {processor.py:208} INFO - Processing /home/airflow/.local/lib/python3.12/site-packages/airflow/example_dags/example_datasets.py took 2.704 seconds
[2025-02-10T10:24:41.406+0000] {processor.py:186} INFO - Started process (PID=404) to work on /home/airflow/.local/lib/python3.12/site-packages/airflow/example_dags/example_datasets.py
[2025-02-10T10:24:41.408+0000] {processor.py:914} INFO - Processing file /home/airflow/.local/lib/python3.12/site-packages/airflow/example_dags/example_datasets.py for tasks to queue
[2025-02-10T10:24:41.413+0000] {logging_mixin.py:190} INFO - [2025-02-10T10:24:41.413+0000] {dagbag.py:588} INFO - Filling up the DagBag from /home/airflow/.local/lib/python3.12/site-packages/airflow/example_dags/example_datasets.py
[2025-02-10T10:24:42.829+0000] {processor.py:925} INFO - DAG(s) 'conditional_dataset_and_time_based_timetable', 'dataset_produces_1', 'consume_1_and_2_with_dataset_expressions', 'dataset_produces_2', 'dataset_consumes_1', 'dataset_consumes_1_and_2', 'consume_1_or_2_with_dataset_expressions', 'consume_1_or_both_2_and_3_with_dataset_expressions', 'dataset_consumes_1_never_scheduled', 'dataset_consumes_unknown_never_scheduled' retrieved from /home/airflow/.local/lib/python3.12/site-packages/airflow/example_dags/example_datasets.py
[2025-02-10T10:24:42.936+0000] {logging_mixin.py:190} INFO - [2025-02-10T10:24:42.935+0000] {dag.py:3239} INFO - Sync 10 DAGs
[2025-02-10T10:24:43.037+0000] {logging_mixin.py:190} INFO - [2025-02-10T10:24:43.037+0000] {dag.py:4180} INFO - Setting next_dagrun for conditional_dataset_and_time_based_timetable to 2025-02-05 01:00:00+00:00, run_after=2025-02-05 01:00:00+00:00
[2025-02-10T10:24:43.044+0000] {logging_mixin.py:190} INFO - [2025-02-10T10:24:43.044+0000] {dag.py:4180} INFO - Setting next_dagrun for consume_1_and_2_with_dataset_expressions to None, run_after=None
[2025-02-10T10:24:43.047+0000] {logging_mixin.py:190} INFO - [2025-02-10T10:24:43.047+0000] {dag.py:4180} INFO - Setting next_dagrun for consume_1_or_2_with_dataset_expressions to None, run_after=None
[2025-02-10T10:24:43.051+0000] {logging_mixin.py:190} INFO - [2025-02-10T10:24:43.051+0000] {dag.py:4180} INFO - Setting next_dagrun for consume_1_or_both_2_and_3_with_dataset_expressions to None, run_after=None
[2025-02-10T10:24:43.054+0000] {logging_mixin.py:190} INFO - [2025-02-10T10:24:43.054+0000] {dag.py:4180} INFO - Setting next_dagrun for dataset_consumes_1 to None, run_after=None
[2025-02-10T10:24:43.058+0000] {logging_mixin.py:190} INFO - [2025-02-10T10:24:43.057+0000] {dag.py:4180} INFO - Setting next_dagrun for dataset_consumes_1_and_2 to None, run_after=None
[2025-02-10T10:24:43.061+0000] {logging_mixin.py:190} INFO - [2025-02-10T10:24:43.060+0000] {dag.py:4180} INFO - Setting next_dagrun for dataset_consumes_1_never_scheduled to None, run_after=None
[2025-02-10T10:24:43.063+0000] {logging_mixin.py:190} INFO - [2025-02-10T10:24:43.063+0000] {dag.py:4180} INFO - Setting next_dagrun for dataset_consumes_unknown_never_scheduled to None, run_after=None
[2025-02-10T10:24:43.073+0000] {logging_mixin.py:190} INFO - [2025-02-10T10:24:43.071+0000] {dag.py:4180} INFO - Setting next_dagrun for dataset_produces_1 to 2025-02-09 00:00:00+00:00, run_after=2025-02-10 00:00:00+00:00
[2025-02-10T10:24:43.077+0000] {logging_mixin.py:190} INFO - [2025-02-10T10:24:43.077+0000] {dag.py:4180} INFO - Setting next_dagrun for dataset_produces_2 to None, run_after=None
[2025-02-10T10:24:43.195+0000] {processor.py:208} INFO - Processing /home/airflow/.local/lib/python3.12/site-packages/airflow/example_dags/example_datasets.py took 1.805 seconds
[2025-02-10T10:25:14.178+0000] {processor.py:186} INFO - Started process (PID=469) to work on /home/airflow/.local/lib/python3.12/site-packages/airflow/example_dags/example_datasets.py
[2025-02-10T10:25:14.181+0000] {processor.py:914} INFO - Processing file /home/airflow/.local/lib/python3.12/site-packages/airflow/example_dags/example_datasets.py for tasks to queue
[2025-02-10T10:25:14.185+0000] {logging_mixin.py:190} INFO - [2025-02-10T10:25:14.184+0000] {dagbag.py:588} INFO - Filling up the DagBag from /home/airflow/.local/lib/python3.12/site-packages/airflow/example_dags/example_datasets.py
[2025-02-10T10:25:16.689+0000] {processor.py:925} INFO - DAG(s) 'consume_1_or_2_with_dataset_expressions', 'dataset_consumes_1_and_2', 'consume_1_and_2_with_dataset_expressions', 'dataset_consumes_1', 'conditional_dataset_and_time_based_timetable', 'dataset_consumes_unknown_never_scheduled', 'dataset_consumes_1_never_scheduled', 'dataset_produces_1', 'dataset_produces_2', 'consume_1_or_both_2_and_3_with_dataset_expressions' retrieved from /home/airflow/.local/lib/python3.12/site-packages/airflow/example_dags/example_datasets.py
[2025-02-10T10:25:16.947+0000] {logging_mixin.py:190} INFO - [2025-02-10T10:25:16.946+0000] {dag.py:3239} INFO - Sync 10 DAGs
[2025-02-10T10:25:17.014+0000] {logging_mixin.py:190} INFO - [2025-02-10T10:25:17.013+0000] {dag.py:4180} INFO - Setting next_dagrun for conditional_dataset_and_time_based_timetable to 2025-02-05 01:00:00+00:00, run_after=2025-02-05 01:00:00+00:00
[2025-02-10T10:25:17.023+0000] {logging_mixin.py:190} INFO - [2025-02-10T10:25:17.022+0000] {dag.py:4180} INFO - Setting next_dagrun for consume_1_and_2_with_dataset_expressions to None, run_after=None
[2025-02-10T10:25:17.027+0000] {logging_mixin.py:190} INFO - [2025-02-10T10:25:17.026+0000] {dag.py:4180} INFO - Setting next_dagrun for consume_1_or_2_with_dataset_expressions to None, run_after=None
[2025-02-10T10:25:17.030+0000] {logging_mixin.py:190} INFO - [2025-02-10T10:25:17.030+0000] {dag.py:4180} INFO - Setting next_dagrun for consume_1_or_both_2_and_3_with_dataset_expressions to None, run_after=None
[2025-02-10T10:25:17.034+0000] {logging_mixin.py:190} INFO - [2025-02-10T10:25:17.034+0000] {dag.py:4180} INFO - Setting next_dagrun for dataset_consumes_1 to None, run_after=None
[2025-02-10T10:25:17.038+0000] {logging_mixin.py:190} INFO - [2025-02-10T10:25:17.038+0000] {dag.py:4180} INFO - Setting next_dagrun for dataset_consumes_1_and_2 to None, run_after=None
[2025-02-10T10:25:17.043+0000] {logging_mixin.py:190} INFO - [2025-02-10T10:25:17.042+0000] {dag.py:4180} INFO - Setting next_dagrun for dataset_consumes_1_never_scheduled to None, run_after=None
[2025-02-10T10:25:17.046+0000] {logging_mixin.py:190} INFO - [2025-02-10T10:25:17.045+0000] {dag.py:4180} INFO - Setting next_dagrun for dataset_consumes_unknown_never_scheduled to None, run_after=None
[2025-02-10T10:25:17.053+0000] {logging_mixin.py:190} INFO - [2025-02-10T10:25:17.053+0000] {dag.py:4180} INFO - Setting next_dagrun for dataset_produces_1 to 2025-02-09 00:00:00+00:00, run_after=2025-02-10 00:00:00+00:00
[2025-02-10T10:25:17.057+0000] {logging_mixin.py:190} INFO - [2025-02-10T10:25:17.056+0000] {dag.py:4180} INFO - Setting next_dagrun for dataset_produces_2 to None, run_after=None
[2025-02-10T10:25:17.190+0000] {processor.py:208} INFO - Processing /home/airflow/.local/lib/python3.12/site-packages/airflow/example_dags/example_datasets.py took 3.026 seconds
[2025-02-10T10:25:47.405+0000] {processor.py:186} INFO - Started process (PID=531) to work on /home/airflow/.local/lib/python3.12/site-packages/airflow/example_dags/example_datasets.py
[2025-02-10T10:25:47.409+0000] {processor.py:914} INFO - Processing file /home/airflow/.local/lib/python3.12/site-packages/airflow/example_dags/example_datasets.py for tasks to queue
[2025-02-10T10:25:47.425+0000] {logging_mixin.py:190} INFO - [2025-02-10T10:25:47.417+0000] {dagbag.py:588} INFO - Filling up the DagBag from /home/airflow/.local/lib/python3.12/site-packages/airflow/example_dags/example_datasets.py
[2025-02-10T10:25:49.134+0000] {processor.py:925} INFO - DAG(s) 'dataset_produces_2', 'consume_1_or_2_with_dataset_expressions', 'dataset_consumes_1', 'dataset_produces_1', 'conditional_dataset_and_time_based_timetable', 'dataset_consumes_unknown_never_scheduled', 'consume_1_or_both_2_and_3_with_dataset_expressions', 'consume_1_and_2_with_dataset_expressions', 'dataset_consumes_1_never_scheduled', 'dataset_consumes_1_and_2' retrieved from /home/airflow/.local/lib/python3.12/site-packages/airflow/example_dags/example_datasets.py
[2025-02-10T10:25:49.246+0000] {logging_mixin.py:190} INFO - [2025-02-10T10:25:49.245+0000] {dag.py:3239} INFO - Sync 10 DAGs
[2025-02-10T10:25:49.303+0000] {logging_mixin.py:190} INFO - [2025-02-10T10:25:49.303+0000] {dag.py:4180} INFO - Setting next_dagrun for conditional_dataset_and_time_based_timetable to 2025-02-05 01:00:00+00:00, run_after=2025-02-05 01:00:00+00:00
[2025-02-10T10:25:49.314+0000] {logging_mixin.py:190} INFO - [2025-02-10T10:25:49.313+0000] {dag.py:4180} INFO - Setting next_dagrun for consume_1_and_2_with_dataset_expressions to None, run_after=None
[2025-02-10T10:25:49.321+0000] {logging_mixin.py:190} INFO - [2025-02-10T10:25:49.320+0000] {dag.py:4180} INFO - Setting next_dagrun for consume_1_or_2_with_dataset_expressions to None, run_after=None
[2025-02-10T10:25:49.325+0000] {logging_mixin.py:190} INFO - [2025-02-10T10:25:49.324+0000] {dag.py:4180} INFO - Setting next_dagrun for consume_1_or_both_2_and_3_with_dataset_expressions to None, run_after=None
[2025-02-10T10:25:49.328+0000] {logging_mixin.py:190} INFO - [2025-02-10T10:25:49.328+0000] {dag.py:4180} INFO - Setting next_dagrun for dataset_consumes_1 to None, run_after=None
[2025-02-10T10:25:49.332+0000] {logging_mixin.py:190} INFO - [2025-02-10T10:25:49.331+0000] {dag.py:4180} INFO - Setting next_dagrun for dataset_consumes_1_and_2 to None, run_after=None
[2025-02-10T10:25:49.335+0000] {logging_mixin.py:190} INFO - [2025-02-10T10:25:49.334+0000] {dag.py:4180} INFO - Setting next_dagrun for dataset_consumes_1_never_scheduled to None, run_after=None
[2025-02-10T10:25:49.340+0000] {logging_mixin.py:190} INFO - [2025-02-10T10:25:49.339+0000] {dag.py:4180} INFO - Setting next_dagrun for dataset_consumes_unknown_never_scheduled to None, run_after=None
[2025-02-10T10:25:49.347+0000] {logging_mixin.py:190} INFO - [2025-02-10T10:25:49.347+0000] {dag.py:4180} INFO - Setting next_dagrun for dataset_produces_1 to 2025-02-09 00:00:00+00:00, run_after=2025-02-10 00:00:00+00:00
[2025-02-10T10:25:49.351+0000] {logging_mixin.py:190} INFO - [2025-02-10T10:25:49.351+0000] {dag.py:4180} INFO - Setting next_dagrun for dataset_produces_2 to None, run_after=None
[2025-02-10T10:25:49.803+0000] {processor.py:208} INFO - Processing /home/airflow/.local/lib/python3.12/site-packages/airflow/example_dags/example_datasets.py took 2.434 seconds
