[2025-02-10T10:22:04.429+0000] {processor.py:186} INFO - Started process (PID=133) to work on /home/airflow/.local/lib/python3.12/site-packages/airflow/example_dags/example_latest_only_with_trigger.py
[2025-02-10T10:22:04.431+0000] {processor.py:914} INFO - Processing file /home/airflow/.local/lib/python3.12/site-packages/airflow/example_dags/example_latest_only_with_trigger.py for tasks to queue
[2025-02-10T10:22:04.438+0000] {logging_mixin.py:190} INFO - [2025-02-10T10:22:04.437+0000] {dagbag.py:588} INFO - Filling up the DagBag from /home/airflow/.local/lib/python3.12/site-packages/airflow/example_dags/example_latest_only_with_trigger.py
[2025-02-10T10:22:04.468+0000] {processor.py:925} INFO - DAG(s) 'latest_only_with_trigger' retrieved from /home/airflow/.local/lib/python3.12/site-packages/airflow/example_dags/example_latest_only_with_trigger.py
[2025-02-10T10:22:04.793+0000] {logging_mixin.py:190} INFO - [2025-02-10T10:22:04.792+0000] {override.py:1911} INFO - Created Permission View: can read on DAG:latest_only_with_trigger
[2025-02-10T10:22:04.849+0000] {logging_mixin.py:190} INFO - [2025-02-10T10:22:04.847+0000] {override.py:1911} INFO - Created Permission View: can delete on DAG:latest_only_with_trigger
[2025-02-10T10:22:04.883+0000] {logging_mixin.py:190} INFO - [2025-02-10T10:22:04.882+0000] {override.py:1911} INFO - Created Permission View: can edit on DAG:latest_only_with_trigger
[2025-02-10T10:22:04.912+0000] {logging_mixin.py:190} INFO - [2025-02-10T10:22:04.911+0000] {override.py:1911} INFO - Created Permission View: menu access on DAG Run:latest_only_with_trigger
[2025-02-10T10:22:04.955+0000] {logging_mixin.py:190} INFO - [2025-02-10T10:22:04.954+0000] {override.py:1911} INFO - Created Permission View: can read on DAG Run:latest_only_with_trigger
[2025-02-10T10:22:05.001+0000] {logging_mixin.py:190} INFO - [2025-02-10T10:22:05.000+0000] {override.py:1911} INFO - Created Permission View: can create on DAG Run:latest_only_with_trigger
[2025-02-10T10:22:05.035+0000] {logging_mixin.py:190} INFO - [2025-02-10T10:22:05.033+0000] {override.py:1911} INFO - Created Permission View: can delete on DAG Run:latest_only_with_trigger
[2025-02-10T10:22:05.038+0000] {logging_mixin.py:190} INFO - [2025-02-10T10:22:05.037+0000] {dag.py:3239} INFO - Sync 1 DAGs
[2025-02-10T10:22:05.092+0000] {logging_mixin.py:190} INFO - [2025-02-10T10:22:05.091+0000] {dag.py:3262} INFO - Creating ORM DAG for latest_only_with_trigger
[2025-02-10T10:22:05.148+0000] {logging_mixin.py:190} INFO - [2025-02-10T10:22:05.148+0000] {dag.py:4180} INFO - Setting next_dagrun for latest_only_with_trigger to 2025-02-10 04:00:00+00:00, run_after=2025-02-10 08:00:00+00:00
[2025-02-10T10:22:05.250+0000] {processor.py:208} INFO - Processing /home/airflow/.local/lib/python3.12/site-packages/airflow/example_dags/example_latest_only_with_trigger.py took 0.840 seconds
[2025-02-10T10:22:35.361+0000] {processor.py:186} INFO - Started process (PID=194) to work on /home/airflow/.local/lib/python3.12/site-packages/airflow/example_dags/example_latest_only_with_trigger.py
[2025-02-10T10:22:35.363+0000] {processor.py:914} INFO - Processing file /home/airflow/.local/lib/python3.12/site-packages/airflow/example_dags/example_latest_only_with_trigger.py for tasks to queue
[2025-02-10T10:22:35.367+0000] {logging_mixin.py:190} INFO - [2025-02-10T10:22:35.367+0000] {dagbag.py:588} INFO - Filling up the DagBag from /home/airflow/.local/lib/python3.12/site-packages/airflow/example_dags/example_latest_only_with_trigger.py
[2025-02-10T10:22:35.382+0000] {processor.py:925} INFO - DAG(s) 'latest_only_with_trigger' retrieved from /home/airflow/.local/lib/python3.12/site-packages/airflow/example_dags/example_latest_only_with_trigger.py
[2025-02-10T10:22:35.439+0000] {logging_mixin.py:190} INFO - [2025-02-10T10:22:35.435+0000] {dag.py:3239} INFO - Sync 1 DAGs
[2025-02-10T10:22:35.508+0000] {logging_mixin.py:190} INFO - [2025-02-10T10:22:35.507+0000] {dag.py:4180} INFO - Setting next_dagrun for latest_only_with_trigger to 2025-02-10 04:00:00+00:00, run_after=2025-02-10 08:00:00+00:00
[2025-02-10T10:22:35.543+0000] {processor.py:208} INFO - Processing /home/airflow/.local/lib/python3.12/site-packages/airflow/example_dags/example_latest_only_with_trigger.py took 0.192 seconds
[2025-02-10T10:23:06.230+0000] {processor.py:186} INFO - Started process (PID=257) to work on /home/airflow/.local/lib/python3.12/site-packages/airflow/example_dags/example_latest_only_with_trigger.py
[2025-02-10T10:23:06.232+0000] {processor.py:914} INFO - Processing file /home/airflow/.local/lib/python3.12/site-packages/airflow/example_dags/example_latest_only_with_trigger.py for tasks to queue
[2025-02-10T10:23:06.240+0000] {logging_mixin.py:190} INFO - [2025-02-10T10:23:06.238+0000] {dagbag.py:588} INFO - Filling up the DagBag from /home/airflow/.local/lib/python3.12/site-packages/airflow/example_dags/example_latest_only_with_trigger.py
[2025-02-10T10:23:06.261+0000] {processor.py:925} INFO - DAG(s) 'latest_only_with_trigger' retrieved from /home/airflow/.local/lib/python3.12/site-packages/airflow/example_dags/example_latest_only_with_trigger.py
[2025-02-10T10:23:06.302+0000] {logging_mixin.py:190} INFO - [2025-02-10T10:23:06.302+0000] {dag.py:3239} INFO - Sync 1 DAGs
[2025-02-10T10:23:06.350+0000] {logging_mixin.py:190} INFO - [2025-02-10T10:23:06.350+0000] {dag.py:4180} INFO - Setting next_dagrun for latest_only_with_trigger to 2025-02-10 04:00:00+00:00, run_after=2025-02-10 08:00:00+00:00
[2025-02-10T10:23:06.390+0000] {processor.py:208} INFO - Processing /home/airflow/.local/lib/python3.12/site-packages/airflow/example_dags/example_latest_only_with_trigger.py took 0.177 seconds
[2025-02-10T10:23:44.245+0000] {processor.py:186} INFO - Started process (PID=312) to work on /home/airflow/.local/lib/python3.12/site-packages/airflow/example_dags/example_latest_only_with_trigger.py
[2025-02-10T10:23:44.246+0000] {processor.py:914} INFO - Processing file /home/airflow/.local/lib/python3.12/site-packages/airflow/example_dags/example_latest_only_with_trigger.py for tasks to queue
[2025-02-10T10:23:44.251+0000] {logging_mixin.py:190} INFO - [2025-02-10T10:23:44.250+0000] {dagbag.py:588} INFO - Filling up the DagBag from /home/airflow/.local/lib/python3.12/site-packages/airflow/example_dags/example_latest_only_with_trigger.py
[2025-02-10T10:23:44.263+0000] {processor.py:925} INFO - DAG(s) 'latest_only_with_trigger' retrieved from /home/airflow/.local/lib/python3.12/site-packages/airflow/example_dags/example_latest_only_with_trigger.py
[2025-02-10T10:23:44.298+0000] {logging_mixin.py:190} INFO - [2025-02-10T10:23:44.298+0000] {dag.py:3239} INFO - Sync 1 DAGs
[2025-02-10T10:23:44.340+0000] {logging_mixin.py:190} INFO - [2025-02-10T10:23:44.339+0000] {dag.py:4180} INFO - Setting next_dagrun for latest_only_with_trigger to 2025-02-10 04:00:00+00:00, run_after=2025-02-10 08:00:00+00:00
[2025-02-10T10:23:44.386+0000] {processor.py:208} INFO - Processing /home/airflow/.local/lib/python3.12/site-packages/airflow/example_dags/example_latest_only_with_trigger.py took 0.151 seconds
[2025-02-10T10:24:18.980+0000] {processor.py:186} INFO - Started process (PID=376) to work on /home/airflow/.local/lib/python3.12/site-packages/airflow/example_dags/example_latest_only_with_trigger.py
[2025-02-10T10:24:18.982+0000] {processor.py:914} INFO - Processing file /home/airflow/.local/lib/python3.12/site-packages/airflow/example_dags/example_latest_only_with_trigger.py for tasks to queue
[2025-02-10T10:24:18.987+0000] {logging_mixin.py:190} INFO - [2025-02-10T10:24:18.986+0000] {dagbag.py:588} INFO - Filling up the DagBag from /home/airflow/.local/lib/python3.12/site-packages/airflow/example_dags/example_latest_only_with_trigger.py
[2025-02-10T10:24:19.006+0000] {processor.py:925} INFO - DAG(s) 'latest_only_with_trigger' retrieved from /home/airflow/.local/lib/python3.12/site-packages/airflow/example_dags/example_latest_only_with_trigger.py
[2025-02-10T10:24:19.060+0000] {logging_mixin.py:190} INFO - [2025-02-10T10:24:19.059+0000] {dag.py:3239} INFO - Sync 1 DAGs
[2025-02-10T10:24:19.152+0000] {logging_mixin.py:190} INFO - [2025-02-10T10:24:19.152+0000] {dag.py:4180} INFO - Setting next_dagrun for latest_only_with_trigger to 2025-02-10 04:00:00+00:00, run_after=2025-02-10 08:00:00+00:00
[2025-02-10T10:24:19.232+0000] {processor.py:208} INFO - Processing /home/airflow/.local/lib/python3.12/site-packages/airflow/example_dags/example_latest_only_with_trigger.py took 0.265 seconds
[2025-02-10T10:24:49.729+0000] {processor.py:186} INFO - Started process (PID=439) to work on /home/airflow/.local/lib/python3.12/site-packages/airflow/example_dags/example_latest_only_with_trigger.py
[2025-02-10T10:24:49.731+0000] {processor.py:914} INFO - Processing file /home/airflow/.local/lib/python3.12/site-packages/airflow/example_dags/example_latest_only_with_trigger.py for tasks to queue
[2025-02-10T10:24:49.736+0000] {logging_mixin.py:190} INFO - [2025-02-10T10:24:49.736+0000] {dagbag.py:588} INFO - Filling up the DagBag from /home/airflow/.local/lib/python3.12/site-packages/airflow/example_dags/example_latest_only_with_trigger.py
[2025-02-10T10:24:49.757+0000] {processor.py:925} INFO - DAG(s) 'latest_only_with_trigger' retrieved from /home/airflow/.local/lib/python3.12/site-packages/airflow/example_dags/example_latest_only_with_trigger.py
[2025-02-10T10:24:49.812+0000] {logging_mixin.py:190} INFO - [2025-02-10T10:24:49.812+0000] {dag.py:3239} INFO - Sync 1 DAGs
[2025-02-10T10:24:49.895+0000] {logging_mixin.py:190} INFO - [2025-02-10T10:24:49.895+0000] {dag.py:4180} INFO - Setting next_dagrun for latest_only_with_trigger to 2025-02-10 04:00:00+00:00, run_after=2025-02-10 08:00:00+00:00
[2025-02-10T10:24:49.941+0000] {processor.py:208} INFO - Processing /home/airflow/.local/lib/python3.12/site-packages/airflow/example_dags/example_latest_only_with_trigger.py took 0.227 seconds
[2025-02-10T10:25:24.849+0000] {processor.py:186} INFO - Started process (PID=502) to work on /home/airflow/.local/lib/python3.12/site-packages/airflow/example_dags/example_latest_only_with_trigger.py
[2025-02-10T10:25:24.851+0000] {processor.py:914} INFO - Processing file /home/airflow/.local/lib/python3.12/site-packages/airflow/example_dags/example_latest_only_with_trigger.py for tasks to queue
[2025-02-10T10:25:24.857+0000] {logging_mixin.py:190} INFO - [2025-02-10T10:25:24.856+0000] {dagbag.py:588} INFO - Filling up the DagBag from /home/airflow/.local/lib/python3.12/site-packages/airflow/example_dags/example_latest_only_with_trigger.py
[2025-02-10T10:25:24.921+0000] {processor.py:925} INFO - DAG(s) 'latest_only_with_trigger' retrieved from /home/airflow/.local/lib/python3.12/site-packages/airflow/example_dags/example_latest_only_with_trigger.py
[2025-02-10T10:25:25.086+0000] {logging_mixin.py:190} INFO - [2025-02-10T10:25:25.085+0000] {dag.py:3239} INFO - Sync 1 DAGs
[2025-02-10T10:25:25.281+0000] {logging_mixin.py:190} INFO - [2025-02-10T10:25:25.281+0000] {dag.py:4180} INFO - Setting next_dagrun for latest_only_with_trigger to 2025-02-10 04:00:00+00:00, run_after=2025-02-10 08:00:00+00:00
[2025-02-10T10:25:25.451+0000] {processor.py:208} INFO - Processing /home/airflow/.local/lib/python3.12/site-packages/airflow/example_dags/example_latest_only_with_trigger.py took 0.625 seconds
[2025-02-10T10:25:56.255+0000] {processor.py:186} INFO - Started process (PID=564) to work on /home/airflow/.local/lib/python3.12/site-packages/airflow/example_dags/example_latest_only_with_trigger.py
[2025-02-10T10:25:56.256+0000] {processor.py:914} INFO - Processing file /home/airflow/.local/lib/python3.12/site-packages/airflow/example_dags/example_latest_only_with_trigger.py for tasks to queue
[2025-02-10T10:25:56.260+0000] {logging_mixin.py:190} INFO - [2025-02-10T10:25:56.259+0000] {dagbag.py:588} INFO - Filling up the DagBag from /home/airflow/.local/lib/python3.12/site-packages/airflow/example_dags/example_latest_only_with_trigger.py
[2025-02-10T10:25:56.272+0000] {processor.py:925} INFO - DAG(s) 'latest_only_with_trigger' retrieved from /home/airflow/.local/lib/python3.12/site-packages/airflow/example_dags/example_latest_only_with_trigger.py
[2025-02-10T10:25:56.304+0000] {logging_mixin.py:190} INFO - [2025-02-10T10:25:56.304+0000] {dag.py:3239} INFO - Sync 1 DAGs
[2025-02-10T10:25:56.342+0000] {logging_mixin.py:190} INFO - [2025-02-10T10:25:56.342+0000] {dag.py:4180} INFO - Setting next_dagrun for latest_only_with_trigger to 2025-02-10 04:00:00+00:00, run_after=2025-02-10 08:00:00+00:00
[2025-02-10T10:25:56.384+0000] {processor.py:208} INFO - Processing /home/airflow/.local/lib/python3.12/site-packages/airflow/example_dags/example_latest_only_with_trigger.py took 0.140 seconds
