[2025-02-10T10:21:51.688+0000] {processor.py:186} INFO - Started process (PID=119) to work on /home/airflow/.local/lib/python3.12/site-packages/airflow/example_dags/example_xcomargs.py
[2025-02-10T10:21:51.692+0000] {processor.py:914} INFO - Processing file /home/airflow/.local/lib/python3.12/site-packages/airflow/example_dags/example_xcomargs.py for tasks to queue
[2025-02-10T10:21:51.710+0000] {logging_mixin.py:190} INFO - [2025-02-10T10:21:51.704+0000] {dagbag.py:588} INFO - Filling up the DagBag from /home/airflow/.local/lib/python3.12/site-packages/airflow/example_dags/example_xcomargs.py
[2025-02-10T10:21:51.806+0000] {processor.py:925} INFO - DAG(s) 'example_xcom_args_with_operators', 'example_xcom_args' retrieved from /home/airflow/.local/lib/python3.12/site-packages/airflow/example_dags/example_xcomargs.py
[2025-02-10T10:21:52.193+0000] {logging_mixin.py:190} INFO - [2025-02-10T10:21:52.191+0000] {override.py:1911} INFO - Created Permission View: can read on DAG:example_xcom_args_with_operators
[2025-02-10T10:21:52.227+0000] {logging_mixin.py:190} INFO - [2025-02-10T10:21:52.226+0000] {override.py:1911} INFO - Created Permission View: can delete on DAG:example_xcom_args_with_operators
[2025-02-10T10:21:52.249+0000] {logging_mixin.py:190} INFO - [2025-02-10T10:21:52.248+0000] {override.py:1911} INFO - Created Permission View: can edit on DAG:example_xcom_args_with_operators
[2025-02-10T10:21:52.281+0000] {logging_mixin.py:190} INFO - [2025-02-10T10:21:52.280+0000] {override.py:1911} INFO - Created Permission View: menu access on DAG Run:example_xcom_args_with_operators
[2025-02-10T10:21:52.308+0000] {logging_mixin.py:190} INFO - [2025-02-10T10:21:52.307+0000] {override.py:1911} INFO - Created Permission View: can read on DAG Run:example_xcom_args_with_operators
[2025-02-10T10:21:52.342+0000] {logging_mixin.py:190} INFO - [2025-02-10T10:21:52.341+0000] {override.py:1911} INFO - Created Permission View: can create on DAG Run:example_xcom_args_with_operators
[2025-02-10T10:21:52.387+0000] {logging_mixin.py:190} INFO - [2025-02-10T10:21:52.386+0000] {override.py:1911} INFO - Created Permission View: can delete on DAG Run:example_xcom_args_with_operators
[2025-02-10T10:21:52.472+0000] {logging_mixin.py:190} INFO - [2025-02-10T10:21:52.471+0000] {override.py:1911} INFO - Created Permission View: can read on DAG:example_xcom_args
[2025-02-10T10:21:52.518+0000] {logging_mixin.py:190} INFO - [2025-02-10T10:21:52.516+0000] {override.py:1911} INFO - Created Permission View: can delete on DAG:example_xcom_args
[2025-02-10T10:21:52.586+0000] {logging_mixin.py:190} INFO - [2025-02-10T10:21:52.584+0000] {override.py:1911} INFO - Created Permission View: can edit on DAG:example_xcom_args
[2025-02-10T10:21:52.652+0000] {logging_mixin.py:190} INFO - [2025-02-10T10:21:52.651+0000] {override.py:1911} INFO - Created Permission View: menu access on DAG Run:example_xcom_args
[2025-02-10T10:21:52.676+0000] {logging_mixin.py:190} INFO - [2025-02-10T10:21:52.675+0000] {override.py:1911} INFO - Created Permission View: can read on DAG Run:example_xcom_args
[2025-02-10T10:21:52.706+0000] {logging_mixin.py:190} INFO - [2025-02-10T10:21:52.705+0000] {override.py:1911} INFO - Created Permission View: can create on DAG Run:example_xcom_args
[2025-02-10T10:21:52.730+0000] {logging_mixin.py:190} INFO - [2025-02-10T10:21:52.730+0000] {override.py:1911} INFO - Created Permission View: can delete on DAG Run:example_xcom_args
[2025-02-10T10:21:52.731+0000] {logging_mixin.py:190} INFO - [2025-02-10T10:21:52.731+0000] {dag.py:3239} INFO - Sync 2 DAGs
[2025-02-10T10:21:52.799+0000] {logging_mixin.py:190} INFO - [2025-02-10T10:21:52.799+0000] {dag.py:3262} INFO - Creating ORM DAG for example_xcom_args_with_operators
[2025-02-10T10:21:52.802+0000] {logging_mixin.py:190} INFO - [2025-02-10T10:21:52.801+0000] {dag.py:3262} INFO - Creating ORM DAG for example_xcom_args
[2025-02-10T10:21:52.803+0000] {logging_mixin.py:190} INFO - [2025-02-10T10:21:52.803+0000] {dag.py:4180} INFO - Setting next_dagrun for example_xcom_args to None, run_after=None
[2025-02-10T10:21:52.805+0000] {logging_mixin.py:190} INFO - [2025-02-10T10:21:52.804+0000] {dag.py:4180} INFO - Setting next_dagrun for example_xcom_args_with_operators to None, run_after=None
[2025-02-10T10:21:52.941+0000] {processor.py:208} INFO - Processing /home/airflow/.local/lib/python3.12/site-packages/airflow/example_dags/example_xcomargs.py took 1.273 seconds
[2025-02-10T10:22:33.782+0000] {processor.py:186} INFO - Started process (PID=185) to work on /home/airflow/.local/lib/python3.12/site-packages/airflow/example_dags/example_xcomargs.py
[2025-02-10T10:22:33.785+0000] {processor.py:914} INFO - Processing file /home/airflow/.local/lib/python3.12/site-packages/airflow/example_dags/example_xcomargs.py for tasks to queue
[2025-02-10T10:22:33.792+0000] {logging_mixin.py:190} INFO - [2025-02-10T10:22:33.791+0000] {dagbag.py:588} INFO - Filling up the DagBag from /home/airflow/.local/lib/python3.12/site-packages/airflow/example_dags/example_xcomargs.py
[2025-02-10T10:22:33.815+0000] {processor.py:925} INFO - DAG(s) 'example_xcom_args', 'example_xcom_args_with_operators' retrieved from /home/airflow/.local/lib/python3.12/site-packages/airflow/example_dags/example_xcomargs.py
[2025-02-10T10:22:33.872+0000] {logging_mixin.py:190} INFO - [2025-02-10T10:22:33.872+0000] {dag.py:3239} INFO - Sync 2 DAGs
[2025-02-10T10:22:33.915+0000] {logging_mixin.py:190} INFO - [2025-02-10T10:22:33.914+0000] {dag.py:4180} INFO - Setting next_dagrun for example_xcom_args to None, run_after=None
[2025-02-10T10:22:33.924+0000] {logging_mixin.py:190} INFO - [2025-02-10T10:22:33.924+0000] {dag.py:4180} INFO - Setting next_dagrun for example_xcom_args_with_operators to None, run_after=None
[2025-02-10T10:22:33.963+0000] {processor.py:208} INFO - Processing /home/airflow/.local/lib/python3.12/site-packages/airflow/example_dags/example_xcomargs.py took 0.194 seconds
[2025-02-10T10:23:04.868+0000] {processor.py:186} INFO - Started process (PID=248) to work on /home/airflow/.local/lib/python3.12/site-packages/airflow/example_dags/example_xcomargs.py
[2025-02-10T10:23:04.869+0000] {processor.py:914} INFO - Processing file /home/airflow/.local/lib/python3.12/site-packages/airflow/example_dags/example_xcomargs.py for tasks to queue
[2025-02-10T10:23:04.877+0000] {logging_mixin.py:190} INFO - [2025-02-10T10:23:04.876+0000] {dagbag.py:588} INFO - Filling up the DagBag from /home/airflow/.local/lib/python3.12/site-packages/airflow/example_dags/example_xcomargs.py
[2025-02-10T10:23:04.899+0000] {processor.py:925} INFO - DAG(s) 'example_xcom_args', 'example_xcom_args_with_operators' retrieved from /home/airflow/.local/lib/python3.12/site-packages/airflow/example_dags/example_xcomargs.py
[2025-02-10T10:23:04.975+0000] {logging_mixin.py:190} INFO - [2025-02-10T10:23:04.975+0000] {dag.py:3239} INFO - Sync 2 DAGs
[2025-02-10T10:23:05.014+0000] {logging_mixin.py:190} INFO - [2025-02-10T10:23:05.014+0000] {dag.py:4180} INFO - Setting next_dagrun for example_xcom_args to None, run_after=None
[2025-02-10T10:23:05.026+0000] {logging_mixin.py:190} INFO - [2025-02-10T10:23:05.026+0000] {dag.py:4180} INFO - Setting next_dagrun for example_xcom_args_with_operators to None, run_after=None
[2025-02-10T10:23:05.065+0000] {processor.py:208} INFO - Processing /home/airflow/.local/lib/python3.12/site-packages/airflow/example_dags/example_xcomargs.py took 0.212 seconds
[2025-02-10T10:23:43.213+0000] {processor.py:186} INFO - Started process (PID=303) to work on /home/airflow/.local/lib/python3.12/site-packages/airflow/example_dags/example_xcomargs.py
[2025-02-10T10:23:43.215+0000] {processor.py:914} INFO - Processing file /home/airflow/.local/lib/python3.12/site-packages/airflow/example_dags/example_xcomargs.py for tasks to queue
[2025-02-10T10:23:43.220+0000] {logging_mixin.py:190} INFO - [2025-02-10T10:23:43.219+0000] {dagbag.py:588} INFO - Filling up the DagBag from /home/airflow/.local/lib/python3.12/site-packages/airflow/example_dags/example_xcomargs.py
[2025-02-10T10:23:43.242+0000] {processor.py:925} INFO - DAG(s) 'example_xcom_args', 'example_xcom_args_with_operators' retrieved from /home/airflow/.local/lib/python3.12/site-packages/airflow/example_dags/example_xcomargs.py
[2025-02-10T10:23:43.285+0000] {logging_mixin.py:190} INFO - [2025-02-10T10:23:43.284+0000] {dag.py:3239} INFO - Sync 2 DAGs
[2025-02-10T10:23:43.321+0000] {logging_mixin.py:190} INFO - [2025-02-10T10:23:43.320+0000] {dag.py:4180} INFO - Setting next_dagrun for example_xcom_args to None, run_after=None
[2025-02-10T10:23:43.329+0000] {logging_mixin.py:190} INFO - [2025-02-10T10:23:43.328+0000] {dag.py:4180} INFO - Setting next_dagrun for example_xcom_args_with_operators to None, run_after=None
[2025-02-10T10:23:43.360+0000] {processor.py:208} INFO - Processing /home/airflow/.local/lib/python3.12/site-packages/airflow/example_dags/example_xcomargs.py took 0.159 seconds
[2025-02-10T10:24:17.430+0000] {processor.py:186} INFO - Started process (PID=367) to work on /home/airflow/.local/lib/python3.12/site-packages/airflow/example_dags/example_xcomargs.py
[2025-02-10T10:24:17.431+0000] {processor.py:914} INFO - Processing file /home/airflow/.local/lib/python3.12/site-packages/airflow/example_dags/example_xcomargs.py for tasks to queue
[2025-02-10T10:24:17.443+0000] {logging_mixin.py:190} INFO - [2025-02-10T10:24:17.443+0000] {dagbag.py:588} INFO - Filling up the DagBag from /home/airflow/.local/lib/python3.12/site-packages/airflow/example_dags/example_xcomargs.py
[2025-02-10T10:24:17.471+0000] {processor.py:925} INFO - DAG(s) 'example_xcom_args_with_operators', 'example_xcom_args' retrieved from /home/airflow/.local/lib/python3.12/site-packages/airflow/example_dags/example_xcomargs.py
[2025-02-10T10:24:17.543+0000] {logging_mixin.py:190} INFO - [2025-02-10T10:24:17.543+0000] {dag.py:3239} INFO - Sync 2 DAGs
[2025-02-10T10:24:17.588+0000] {logging_mixin.py:190} INFO - [2025-02-10T10:24:17.587+0000] {dag.py:4180} INFO - Setting next_dagrun for example_xcom_args to None, run_after=None
[2025-02-10T10:24:17.603+0000] {logging_mixin.py:190} INFO - [2025-02-10T10:24:17.602+0000] {dag.py:4180} INFO - Setting next_dagrun for example_xcom_args_with_operators to None, run_after=None
[2025-02-10T10:24:17.655+0000] {processor.py:208} INFO - Processing /home/airflow/.local/lib/python3.12/site-packages/airflow/example_dags/example_xcomargs.py took 0.245 seconds
[2025-02-10T10:24:48.008+0000] {processor.py:186} INFO - Started process (PID=430) to work on /home/airflow/.local/lib/python3.12/site-packages/airflow/example_dags/example_xcomargs.py
[2025-02-10T10:24:48.013+0000] {processor.py:914} INFO - Processing file /home/airflow/.local/lib/python3.12/site-packages/airflow/example_dags/example_xcomargs.py for tasks to queue
[2025-02-10T10:24:48.020+0000] {logging_mixin.py:190} INFO - [2025-02-10T10:24:48.019+0000] {dagbag.py:588} INFO - Filling up the DagBag from /home/airflow/.local/lib/python3.12/site-packages/airflow/example_dags/example_xcomargs.py
[2025-02-10T10:24:48.041+0000] {processor.py:925} INFO - DAG(s) 'example_xcom_args', 'example_xcom_args_with_operators' retrieved from /home/airflow/.local/lib/python3.12/site-packages/airflow/example_dags/example_xcomargs.py
[2025-02-10T10:24:48.087+0000] {logging_mixin.py:190} INFO - [2025-02-10T10:24:48.086+0000] {dag.py:3239} INFO - Sync 2 DAGs
[2025-02-10T10:24:48.116+0000] {logging_mixin.py:190} INFO - [2025-02-10T10:24:48.115+0000] {dag.py:4180} INFO - Setting next_dagrun for example_xcom_args to None, run_after=None
[2025-02-10T10:24:48.124+0000] {logging_mixin.py:190} INFO - [2025-02-10T10:24:48.124+0000] {dag.py:4180} INFO - Setting next_dagrun for example_xcom_args_with_operators to None, run_after=None
[2025-02-10T10:24:48.162+0000] {processor.py:208} INFO - Processing /home/airflow/.local/lib/python3.12/site-packages/airflow/example_dags/example_xcomargs.py took 0.169 seconds
[2025-02-10T10:25:22.605+0000] {processor.py:186} INFO - Started process (PID=493) to work on /home/airflow/.local/lib/python3.12/site-packages/airflow/example_dags/example_xcomargs.py
[2025-02-10T10:25:22.607+0000] {processor.py:914} INFO - Processing file /home/airflow/.local/lib/python3.12/site-packages/airflow/example_dags/example_xcomargs.py for tasks to queue
[2025-02-10T10:25:22.614+0000] {logging_mixin.py:190} INFO - [2025-02-10T10:25:22.613+0000] {dagbag.py:588} INFO - Filling up the DagBag from /home/airflow/.local/lib/python3.12/site-packages/airflow/example_dags/example_xcomargs.py
[2025-02-10T10:25:22.646+0000] {processor.py:925} INFO - DAG(s) 'example_xcom_args_with_operators', 'example_xcom_args' retrieved from /home/airflow/.local/lib/python3.12/site-packages/airflow/example_dags/example_xcomargs.py
[2025-02-10T10:25:22.719+0000] {logging_mixin.py:190} INFO - [2025-02-10T10:25:22.719+0000] {dag.py:3239} INFO - Sync 2 DAGs
[2025-02-10T10:25:22.772+0000] {logging_mixin.py:190} INFO - [2025-02-10T10:25:22.771+0000] {dag.py:4180} INFO - Setting next_dagrun for example_xcom_args to None, run_after=None
[2025-02-10T10:25:22.785+0000] {logging_mixin.py:190} INFO - [2025-02-10T10:25:22.785+0000] {dag.py:4180} INFO - Setting next_dagrun for example_xcom_args_with_operators to None, run_after=None
[2025-02-10T10:25:22.843+0000] {processor.py:208} INFO - Processing /home/airflow/.local/lib/python3.12/site-packages/airflow/example_dags/example_xcomargs.py took 0.253 seconds
[2025-02-10T10:25:54.133+0000] {processor.py:186} INFO - Started process (PID=555) to work on /home/airflow/.local/lib/python3.12/site-packages/airflow/example_dags/example_xcomargs.py
[2025-02-10T10:25:54.137+0000] {processor.py:914} INFO - Processing file /home/airflow/.local/lib/python3.12/site-packages/airflow/example_dags/example_xcomargs.py for tasks to queue
[2025-02-10T10:25:54.147+0000] {logging_mixin.py:190} INFO - [2025-02-10T10:25:54.146+0000] {dagbag.py:588} INFO - Filling up the DagBag from /home/airflow/.local/lib/python3.12/site-packages/airflow/example_dags/example_xcomargs.py
[2025-02-10T10:25:54.225+0000] {processor.py:925} INFO - DAG(s) 'example_xcom_args', 'example_xcom_args_with_operators' retrieved from /home/airflow/.local/lib/python3.12/site-packages/airflow/example_dags/example_xcomargs.py
[2025-02-10T10:25:54.362+0000] {logging_mixin.py:190} INFO - [2025-02-10T10:25:54.361+0000] {dag.py:3239} INFO - Sync 2 DAGs
[2025-02-10T10:25:54.399+0000] {logging_mixin.py:190} INFO - [2025-02-10T10:25:54.399+0000] {dag.py:4180} INFO - Setting next_dagrun for example_xcom_args to None, run_after=None
[2025-02-10T10:25:54.415+0000] {logging_mixin.py:190} INFO - [2025-02-10T10:25:54.414+0000] {dag.py:4180} INFO - Setting next_dagrun for example_xcom_args_with_operators to None, run_after=None
[2025-02-10T10:25:54.460+0000] {processor.py:208} INFO - Processing /home/airflow/.local/lib/python3.12/site-packages/airflow/example_dags/example_xcomargs.py took 0.347 seconds
