[2025-02-10T10:22:05.361+0000] {processor.py:186} INFO - Started process (PID=134) to work on /home/airflow/.local/lib/python3.12/site-packages/airflow/example_dags/example_branch_datetime_operator.py
[2025-02-10T10:22:05.365+0000] {processor.py:914} INFO - Processing file /home/airflow/.local/lib/python3.12/site-packages/airflow/example_dags/example_branch_datetime_operator.py for tasks to queue
[2025-02-10T10:22:05.371+0000] {logging_mixin.py:190} INFO - [2025-02-10T10:22:05.370+0000] {dagbag.py:588} INFO - Filling up the DagBag from /home/airflow/.local/lib/python3.12/site-packages/airflow/example_dags/example_branch_datetime_operator.py
[2025-02-10T10:22:05.450+0000] {processor.py:925} INFO - DAG(s) 'example_branch_datetime_operator_3', 'example_branch_datetime_operator_2', 'example_branch_datetime_operator' retrieved from /home/airflow/.local/lib/python3.12/site-packages/airflow/example_dags/example_branch_datetime_operator.py
[2025-02-10T10:22:06.052+0000] {logging_mixin.py:190} INFO - [2025-02-10T10:22:06.050+0000] {override.py:1911} INFO - Created Permission View: can read on DAG:example_branch_datetime_operator_3
[2025-02-10T10:22:06.096+0000] {logging_mixin.py:190} INFO - [2025-02-10T10:22:06.095+0000] {override.py:1911} INFO - Created Permission View: can delete on DAG:example_branch_datetime_operator_3
[2025-02-10T10:22:06.121+0000] {logging_mixin.py:190} INFO - [2025-02-10T10:22:06.120+0000] {override.py:1911} INFO - Created Permission View: can edit on DAG:example_branch_datetime_operator_3
[2025-02-10T10:22:06.153+0000] {logging_mixin.py:190} INFO - [2025-02-10T10:22:06.151+0000] {override.py:1911} INFO - Created Permission View: menu access on DAG Run:example_branch_datetime_operator_3
[2025-02-10T10:22:06.188+0000] {logging_mixin.py:190} INFO - [2025-02-10T10:22:06.187+0000] {override.py:1911} INFO - Created Permission View: can read on DAG Run:example_branch_datetime_operator_3
[2025-02-10T10:22:06.232+0000] {logging_mixin.py:190} INFO - [2025-02-10T10:22:06.231+0000] {override.py:1911} INFO - Created Permission View: can create on DAG Run:example_branch_datetime_operator_3
[2025-02-10T10:22:06.257+0000] {logging_mixin.py:190} INFO - [2025-02-10T10:22:06.256+0000] {override.py:1911} INFO - Created Permission View: can delete on DAG Run:example_branch_datetime_operator_3
[2025-02-10T10:22:06.303+0000] {logging_mixin.py:190} INFO - [2025-02-10T10:22:06.302+0000] {override.py:1911} INFO - Created Permission View: can read on DAG:example_branch_datetime_operator_2
[2025-02-10T10:22:06.325+0000] {logging_mixin.py:190} INFO - [2025-02-10T10:22:06.324+0000] {override.py:1911} INFO - Created Permission View: can delete on DAG:example_branch_datetime_operator_2
[2025-02-10T10:22:06.354+0000] {logging_mixin.py:190} INFO - [2025-02-10T10:22:06.351+0000] {override.py:1911} INFO - Created Permission View: can edit on DAG:example_branch_datetime_operator_2
[2025-02-10T10:22:06.397+0000] {logging_mixin.py:190} INFO - [2025-02-10T10:22:06.396+0000] {override.py:1911} INFO - Created Permission View: menu access on DAG Run:example_branch_datetime_operator_2
[2025-02-10T10:22:06.419+0000] {logging_mixin.py:190} INFO - [2025-02-10T10:22:06.418+0000] {override.py:1911} INFO - Created Permission View: can read on DAG Run:example_branch_datetime_operator_2
[2025-02-10T10:22:06.447+0000] {logging_mixin.py:190} INFO - [2025-02-10T10:22:06.447+0000] {override.py:1911} INFO - Created Permission View: can create on DAG Run:example_branch_datetime_operator_2
[2025-02-10T10:22:06.468+0000] {logging_mixin.py:190} INFO - [2025-02-10T10:22:06.467+0000] {override.py:1911} INFO - Created Permission View: can delete on DAG Run:example_branch_datetime_operator_2
[2025-02-10T10:22:06.529+0000] {logging_mixin.py:190} INFO - [2025-02-10T10:22:06.528+0000] {override.py:1911} INFO - Created Permission View: can read on DAG:example_branch_datetime_operator
[2025-02-10T10:22:06.549+0000] {logging_mixin.py:190} INFO - [2025-02-10T10:22:06.549+0000] {override.py:1911} INFO - Created Permission View: can delete on DAG:example_branch_datetime_operator
[2025-02-10T10:22:06.573+0000] {logging_mixin.py:190} INFO - [2025-02-10T10:22:06.572+0000] {override.py:1911} INFO - Created Permission View: can edit on DAG:example_branch_datetime_operator
[2025-02-10T10:22:06.664+0000] {logging_mixin.py:190} INFO - [2025-02-10T10:22:06.662+0000] {override.py:1911} INFO - Created Permission View: menu access on DAG Run:example_branch_datetime_operator
[2025-02-10T10:22:06.691+0000] {logging_mixin.py:190} INFO - [2025-02-10T10:22:06.690+0000] {override.py:1911} INFO - Created Permission View: can read on DAG Run:example_branch_datetime_operator
[2025-02-10T10:22:06.710+0000] {logging_mixin.py:190} INFO - [2025-02-10T10:22:06.710+0000] {override.py:1911} INFO - Created Permission View: can create on DAG Run:example_branch_datetime_operator
[2025-02-10T10:22:06.733+0000] {logging_mixin.py:190} INFO - [2025-02-10T10:22:06.732+0000] {override.py:1911} INFO - Created Permission View: can delete on DAG Run:example_branch_datetime_operator
[2025-02-10T10:22:06.738+0000] {logging_mixin.py:190} INFO - [2025-02-10T10:22:06.737+0000] {dag.py:3239} INFO - Sync 3 DAGs
[2025-02-10T10:22:06.789+0000] {logging_mixin.py:190} INFO - [2025-02-10T10:22:06.789+0000] {dag.py:3262} INFO - Creating ORM DAG for example_branch_datetime_operator
[2025-02-10T10:22:06.792+0000] {logging_mixin.py:190} INFO - [2025-02-10T10:22:06.791+0000] {dag.py:3262} INFO - Creating ORM DAG for example_branch_datetime_operator_2
[2025-02-10T10:22:06.804+0000] {logging_mixin.py:190} INFO - [2025-02-10T10:22:06.803+0000] {dag.py:3262} INFO - Creating ORM DAG for example_branch_datetime_operator_3
[2025-02-10T10:22:07.023+0000] {logging_mixin.py:190} INFO - [2025-02-10T10:22:07.022+0000] {dag.py:4180} INFO - Setting next_dagrun for example_branch_datetime_operator to 2025-02-09 00:00:00+00:00, run_after=2025-02-10 00:00:00+00:00
[2025-02-10T10:22:07.049+0000] {logging_mixin.py:190} INFO - [2025-02-10T10:22:07.048+0000] {dag.py:4180} INFO - Setting next_dagrun for example_branch_datetime_operator_2 to 2025-02-09 00:00:00+00:00, run_after=2025-02-10 00:00:00+00:00
[2025-02-10T10:22:07.063+0000] {logging_mixin.py:190} INFO - [2025-02-10T10:22:07.054+0000] {dag.py:4180} INFO - Setting next_dagrun for example_branch_datetime_operator_3 to 2025-02-09 00:00:00+00:00, run_after=2025-02-10 00:00:00+00:00
[2025-02-10T10:22:07.190+0000] {processor.py:208} INFO - Processing /home/airflow/.local/lib/python3.12/site-packages/airflow/example_dags/example_branch_datetime_operator.py took 1.847 seconds
[2025-02-10T10:22:37.394+0000] {processor.py:186} INFO - Started process (PID=195) to work on /home/airflow/.local/lib/python3.12/site-packages/airflow/example_dags/example_branch_datetime_operator.py
[2025-02-10T10:22:37.397+0000] {processor.py:914} INFO - Processing file /home/airflow/.local/lib/python3.12/site-packages/airflow/example_dags/example_branch_datetime_operator.py for tasks to queue
[2025-02-10T10:22:37.402+0000] {logging_mixin.py:190} INFO - [2025-02-10T10:22:37.401+0000] {dagbag.py:588} INFO - Filling up the DagBag from /home/airflow/.local/lib/python3.12/site-packages/airflow/example_dags/example_branch_datetime_operator.py
[2025-02-10T10:22:37.446+0000] {processor.py:925} INFO - DAG(s) 'example_branch_datetime_operator_3', 'example_branch_datetime_operator_2', 'example_branch_datetime_operator' retrieved from /home/airflow/.local/lib/python3.12/site-packages/airflow/example_dags/example_branch_datetime_operator.py
[2025-02-10T10:22:37.516+0000] {logging_mixin.py:190} INFO - [2025-02-10T10:22:37.515+0000] {dag.py:3239} INFO - Sync 3 DAGs
[2025-02-10T10:22:37.580+0000] {logging_mixin.py:190} INFO - [2025-02-10T10:22:37.579+0000] {dag.py:4180} INFO - Setting next_dagrun for example_branch_datetime_operator to 2025-02-09 00:00:00+00:00, run_after=2025-02-10 00:00:00+00:00
[2025-02-10T10:22:37.594+0000] {logging_mixin.py:190} INFO - [2025-02-10T10:22:37.594+0000] {dag.py:4180} INFO - Setting next_dagrun for example_branch_datetime_operator_2 to 2025-02-09 00:00:00+00:00, run_after=2025-02-10 00:00:00+00:00
[2025-02-10T10:22:37.601+0000] {logging_mixin.py:190} INFO - [2025-02-10T10:22:37.600+0000] {dag.py:4180} INFO - Setting next_dagrun for example_branch_datetime_operator_3 to 2025-02-09 00:00:00+00:00, run_after=2025-02-10 00:00:00+00:00
[2025-02-10T10:22:37.643+0000] {processor.py:208} INFO - Processing /home/airflow/.local/lib/python3.12/site-packages/airflow/example_dags/example_branch_datetime_operator.py took 0.259 seconds
[2025-02-10T10:23:08.330+0000] {processor.py:186} INFO - Started process (PID=258) to work on /home/airflow/.local/lib/python3.12/site-packages/airflow/example_dags/example_branch_datetime_operator.py
[2025-02-10T10:23:08.332+0000] {processor.py:914} INFO - Processing file /home/airflow/.local/lib/python3.12/site-packages/airflow/example_dags/example_branch_datetime_operator.py for tasks to queue
[2025-02-10T10:23:08.336+0000] {logging_mixin.py:190} INFO - [2025-02-10T10:23:08.335+0000] {dagbag.py:588} INFO - Filling up the DagBag from /home/airflow/.local/lib/python3.12/site-packages/airflow/example_dags/example_branch_datetime_operator.py
[2025-02-10T10:23:08.360+0000] {processor.py:925} INFO - DAG(s) 'example_branch_datetime_operator_3', 'example_branch_datetime_operator_2', 'example_branch_datetime_operator' retrieved from /home/airflow/.local/lib/python3.12/site-packages/airflow/example_dags/example_branch_datetime_operator.py
[2025-02-10T10:23:08.412+0000] {logging_mixin.py:190} INFO - [2025-02-10T10:23:08.412+0000] {dag.py:3239} INFO - Sync 3 DAGs
[2025-02-10T10:23:08.457+0000] {logging_mixin.py:190} INFO - [2025-02-10T10:23:08.456+0000] {dag.py:4180} INFO - Setting next_dagrun for example_branch_datetime_operator to 2025-02-09 00:00:00+00:00, run_after=2025-02-10 00:00:00+00:00
[2025-02-10T10:23:08.465+0000] {logging_mixin.py:190} INFO - [2025-02-10T10:23:08.464+0000] {dag.py:4180} INFO - Setting next_dagrun for example_branch_datetime_operator_2 to 2025-02-09 00:00:00+00:00, run_after=2025-02-10 00:00:00+00:00
[2025-02-10T10:23:08.469+0000] {logging_mixin.py:190} INFO - [2025-02-10T10:23:08.468+0000] {dag.py:4180} INFO - Setting next_dagrun for example_branch_datetime_operator_3 to 2025-02-09 00:00:00+00:00, run_after=2025-02-10 00:00:00+00:00
[2025-02-10T10:23:08.496+0000] {processor.py:208} INFO - Processing /home/airflow/.local/lib/python3.12/site-packages/airflow/example_dags/example_branch_datetime_operator.py took 0.182 seconds
[2025-02-10T10:23:45.815+0000] {processor.py:186} INFO - Started process (PID=321) to work on /home/airflow/.local/lib/python3.12/site-packages/airflow/example_dags/example_branch_datetime_operator.py
[2025-02-10T10:23:45.817+0000] {processor.py:914} INFO - Processing file /home/airflow/.local/lib/python3.12/site-packages/airflow/example_dags/example_branch_datetime_operator.py for tasks to queue
[2025-02-10T10:23:45.822+0000] {logging_mixin.py:190} INFO - [2025-02-10T10:23:45.822+0000] {dagbag.py:588} INFO - Filling up the DagBag from /home/airflow/.local/lib/python3.12/site-packages/airflow/example_dags/example_branch_datetime_operator.py
[2025-02-10T10:23:45.848+0000] {processor.py:925} INFO - DAG(s) 'example_branch_datetime_operator', 'example_branch_datetime_operator_3', 'example_branch_datetime_operator_2' retrieved from /home/airflow/.local/lib/python3.12/site-packages/airflow/example_dags/example_branch_datetime_operator.py
[2025-02-10T10:23:45.892+0000] {logging_mixin.py:190} INFO - [2025-02-10T10:23:45.891+0000] {dag.py:3239} INFO - Sync 3 DAGs
[2025-02-10T10:23:45.941+0000] {logging_mixin.py:190} INFO - [2025-02-10T10:23:45.941+0000] {dag.py:4180} INFO - Setting next_dagrun for example_branch_datetime_operator to 2025-02-09 00:00:00+00:00, run_after=2025-02-10 00:00:00+00:00
[2025-02-10T10:23:45.949+0000] {logging_mixin.py:190} INFO - [2025-02-10T10:23:45.949+0000] {dag.py:4180} INFO - Setting next_dagrun for example_branch_datetime_operator_2 to 2025-02-09 00:00:00+00:00, run_after=2025-02-10 00:00:00+00:00
[2025-02-10T10:23:45.953+0000] {logging_mixin.py:190} INFO - [2025-02-10T10:23:45.953+0000] {dag.py:4180} INFO - Setting next_dagrun for example_branch_datetime_operator_3 to 2025-02-09 00:00:00+00:00, run_after=2025-02-10 00:00:00+00:00
[2025-02-10T10:23:45.987+0000] {processor.py:208} INFO - Processing /home/airflow/.local/lib/python3.12/site-packages/airflow/example_dags/example_branch_datetime_operator.py took 0.181 seconds
[2025-02-10T10:24:19.315+0000] {processor.py:186} INFO - Started process (PID=378) to work on /home/airflow/.local/lib/python3.12/site-packages/airflow/example_dags/example_branch_datetime_operator.py
[2025-02-10T10:24:19.317+0000] {processor.py:914} INFO - Processing file /home/airflow/.local/lib/python3.12/site-packages/airflow/example_dags/example_branch_datetime_operator.py for tasks to queue
[2025-02-10T10:24:19.322+0000] {logging_mixin.py:190} INFO - [2025-02-10T10:24:19.322+0000] {dagbag.py:588} INFO - Filling up the DagBag from /home/airflow/.local/lib/python3.12/site-packages/airflow/example_dags/example_branch_datetime_operator.py
[2025-02-10T10:24:19.357+0000] {processor.py:925} INFO - DAG(s) 'example_branch_datetime_operator_3', 'example_branch_datetime_operator', 'example_branch_datetime_operator_2' retrieved from /home/airflow/.local/lib/python3.12/site-packages/airflow/example_dags/example_branch_datetime_operator.py
[2025-02-10T10:24:19.426+0000] {logging_mixin.py:190} INFO - [2025-02-10T10:24:19.425+0000] {dag.py:3239} INFO - Sync 3 DAGs
[2025-02-10T10:24:19.484+0000] {logging_mixin.py:190} INFO - [2025-02-10T10:24:19.483+0000] {dag.py:4180} INFO - Setting next_dagrun for example_branch_datetime_operator to 2025-02-09 00:00:00+00:00, run_after=2025-02-10 00:00:00+00:00
[2025-02-10T10:24:19.494+0000] {logging_mixin.py:190} INFO - [2025-02-10T10:24:19.493+0000] {dag.py:4180} INFO - Setting next_dagrun for example_branch_datetime_operator_2 to 2025-02-09 00:00:00+00:00, run_after=2025-02-10 00:00:00+00:00
[2025-02-10T10:24:19.498+0000] {logging_mixin.py:190} INFO - [2025-02-10T10:24:19.498+0000] {dag.py:4180} INFO - Setting next_dagrun for example_branch_datetime_operator_3 to 2025-02-09 00:00:00+00:00, run_after=2025-02-10 00:00:00+00:00
[2025-02-10T10:24:19.547+0000] {processor.py:208} INFO - Processing /home/airflow/.local/lib/python3.12/site-packages/airflow/example_dags/example_branch_datetime_operator.py took 0.246 seconds
[2025-02-10T10:24:49.729+0000] {processor.py:186} INFO - Started process (PID=440) to work on /home/airflow/.local/lib/python3.12/site-packages/airflow/example_dags/example_branch_datetime_operator.py
[2025-02-10T10:24:49.732+0000] {processor.py:914} INFO - Processing file /home/airflow/.local/lib/python3.12/site-packages/airflow/example_dags/example_branch_datetime_operator.py for tasks to queue
[2025-02-10T10:24:49.741+0000] {logging_mixin.py:190} INFO - [2025-02-10T10:24:49.738+0000] {dagbag.py:588} INFO - Filling up the DagBag from /home/airflow/.local/lib/python3.12/site-packages/airflow/example_dags/example_branch_datetime_operator.py
[2025-02-10T10:24:49.773+0000] {processor.py:925} INFO - DAG(s) 'example_branch_datetime_operator', 'example_branch_datetime_operator_2', 'example_branch_datetime_operator_3' retrieved from /home/airflow/.local/lib/python3.12/site-packages/airflow/example_dags/example_branch_datetime_operator.py
[2025-02-10T10:24:49.847+0000] {logging_mixin.py:190} INFO - [2025-02-10T10:24:49.847+0000] {dag.py:3239} INFO - Sync 3 DAGs
[2025-02-10T10:24:49.925+0000] {logging_mixin.py:190} INFO - [2025-02-10T10:24:49.924+0000] {dag.py:4180} INFO - Setting next_dagrun for example_branch_datetime_operator to 2025-02-09 00:00:00+00:00, run_after=2025-02-10 00:00:00+00:00
[2025-02-10T10:24:49.939+0000] {logging_mixin.py:190} INFO - [2025-02-10T10:24:49.939+0000] {dag.py:4180} INFO - Setting next_dagrun for example_branch_datetime_operator_2 to 2025-02-09 00:00:00+00:00, run_after=2025-02-10 00:00:00+00:00
[2025-02-10T10:24:49.946+0000] {logging_mixin.py:190} INFO - [2025-02-10T10:24:49.946+0000] {dag.py:4180} INFO - Setting next_dagrun for example_branch_datetime_operator_3 to 2025-02-09 00:00:00+00:00, run_after=2025-02-10 00:00:00+00:00
[2025-02-10T10:24:49.995+0000] {processor.py:208} INFO - Processing /home/airflow/.local/lib/python3.12/site-packages/airflow/example_dags/example_branch_datetime_operator.py took 0.281 seconds
[2025-02-10T10:25:24.858+0000] {processor.py:186} INFO - Started process (PID=503) to work on /home/airflow/.local/lib/python3.12/site-packages/airflow/example_dags/example_branch_datetime_operator.py
[2025-02-10T10:25:24.865+0000] {processor.py:914} INFO - Processing file /home/airflow/.local/lib/python3.12/site-packages/airflow/example_dags/example_branch_datetime_operator.py for tasks to queue
[2025-02-10T10:25:24.875+0000] {logging_mixin.py:190} INFO - [2025-02-10T10:25:24.874+0000] {dagbag.py:588} INFO - Filling up the DagBag from /home/airflow/.local/lib/python3.12/site-packages/airflow/example_dags/example_branch_datetime_operator.py
[2025-02-10T10:25:24.989+0000] {processor.py:925} INFO - DAG(s) 'example_branch_datetime_operator_3', 'example_branch_datetime_operator_2', 'example_branch_datetime_operator' retrieved from /home/airflow/.local/lib/python3.12/site-packages/airflow/example_dags/example_branch_datetime_operator.py
[2025-02-10T10:25:25.242+0000] {logging_mixin.py:190} INFO - [2025-02-10T10:25:25.241+0000] {dag.py:3239} INFO - Sync 3 DAGs
[2025-02-10T10:25:25.452+0000] {logging_mixin.py:190} INFO - [2025-02-10T10:25:25.451+0000] {dag.py:4180} INFO - Setting next_dagrun for example_branch_datetime_operator to 2025-02-09 00:00:00+00:00, run_after=2025-02-10 00:00:00+00:00
[2025-02-10T10:25:26.004+0000] {logging_mixin.py:190} INFO - [2025-02-10T10:25:26.004+0000] {dag.py:4180} INFO - Setting next_dagrun for example_branch_datetime_operator_2 to 2025-02-09 00:00:00+00:00, run_after=2025-02-10 00:00:00+00:00
[2025-02-10T10:25:26.014+0000] {logging_mixin.py:190} INFO - [2025-02-10T10:25:26.013+0000] {dag.py:4180} INFO - Setting next_dagrun for example_branch_datetime_operator_3 to 2025-02-09 00:00:00+00:00, run_after=2025-02-10 00:00:00+00:00
[2025-02-10T10:25:26.092+0000] {processor.py:208} INFO - Processing /home/airflow/.local/lib/python3.12/site-packages/airflow/example_dags/example_branch_datetime_operator.py took 0.750 seconds
[2025-02-10T10:25:56.447+0000] {processor.py:186} INFO - Started process (PID=565) to work on /home/airflow/.local/lib/python3.12/site-packages/airflow/example_dags/example_branch_datetime_operator.py
[2025-02-10T10:25:56.448+0000] {processor.py:914} INFO - Processing file /home/airflow/.local/lib/python3.12/site-packages/airflow/example_dags/example_branch_datetime_operator.py for tasks to queue
[2025-02-10T10:25:56.452+0000] {logging_mixin.py:190} INFO - [2025-02-10T10:25:56.451+0000] {dagbag.py:588} INFO - Filling up the DagBag from /home/airflow/.local/lib/python3.12/site-packages/airflow/example_dags/example_branch_datetime_operator.py
[2025-02-10T10:25:56.475+0000] {processor.py:925} INFO - DAG(s) 'example_branch_datetime_operator_3', 'example_branch_datetime_operator', 'example_branch_datetime_operator_2' retrieved from /home/airflow/.local/lib/python3.12/site-packages/airflow/example_dags/example_branch_datetime_operator.py
[2025-02-10T10:25:56.527+0000] {logging_mixin.py:190} INFO - [2025-02-10T10:25:56.527+0000] {dag.py:3239} INFO - Sync 3 DAGs
[2025-02-10T10:25:56.567+0000] {logging_mixin.py:190} INFO - [2025-02-10T10:25:56.567+0000] {dag.py:4180} INFO - Setting next_dagrun for example_branch_datetime_operator to 2025-02-09 00:00:00+00:00, run_after=2025-02-10 00:00:00+00:00
[2025-02-10T10:25:56.576+0000] {logging_mixin.py:190} INFO - [2025-02-10T10:25:56.576+0000] {dag.py:4180} INFO - Setting next_dagrun for example_branch_datetime_operator_2 to 2025-02-09 00:00:00+00:00, run_after=2025-02-10 00:00:00+00:00
[2025-02-10T10:25:56.580+0000] {logging_mixin.py:190} INFO - [2025-02-10T10:25:56.580+0000] {dag.py:4180} INFO - Setting next_dagrun for example_branch_datetime_operator_3 to 2025-02-09 00:00:00+00:00, run_after=2025-02-10 00:00:00+00:00
[2025-02-10T10:25:56.608+0000] {processor.py:208} INFO - Processing /home/airflow/.local/lib/python3.12/site-packages/airflow/example_dags/example_branch_datetime_operator.py took 0.172 seconds
