[2025-02-10T10:21:36.195+0000] {processor.py:186} INFO - Started process (PID=111) to work on /home/airflow/.local/lib/python3.12/site-packages/airflow/example_dags/example_kubernetes_executor.py
[2025-02-10T10:21:36.197+0000] {processor.py:914} INFO - Processing file /home/airflow/.local/lib/python3.12/site-packages/airflow/example_dags/example_kubernetes_executor.py for tasks to queue
[2025-02-10T10:21:36.205+0000] {logging_mixin.py:190} INFO - [2025-02-10T10:21:36.204+0000] {dagbag.py:588} INFO - Filling up the DagBag from /home/airflow/.local/lib/python3.12/site-packages/airflow/example_dags/example_kubernetes_executor.py
[2025-02-10T10:21:36.689+0000] {processor.py:925} INFO - DAG(s) 'example_kubernetes_executor' retrieved from /home/airflow/.local/lib/python3.12/site-packages/airflow/example_dags/example_kubernetes_executor.py
[2025-02-10T10:21:37.595+0000] {logging_mixin.py:190} INFO - [2025-02-10T10:21:37.593+0000] {override.py:1911} INFO - Created Permission View: can read on DAG:example_kubernetes_executor
[2025-02-10T10:21:37.722+0000] {logging_mixin.py:190} INFO - [2025-02-10T10:21:37.721+0000] {override.py:1911} INFO - Created Permission View: can delete on DAG:example_kubernetes_executor
[2025-02-10T10:21:37.801+0000] {logging_mixin.py:190} INFO - [2025-02-10T10:21:37.801+0000] {override.py:1911} INFO - Created Permission View: can edit on DAG:example_kubernetes_executor
[2025-02-10T10:21:37.846+0000] {logging_mixin.py:190} INFO - [2025-02-10T10:21:37.843+0000] {override.py:1911} INFO - Created Permission View: menu access on DAG Run:example_kubernetes_executor
[2025-02-10T10:21:37.886+0000] {logging_mixin.py:190} INFO - [2025-02-10T10:21:37.885+0000] {override.py:1911} INFO - Created Permission View: can read on DAG Run:example_kubernetes_executor
[2025-02-10T10:21:37.917+0000] {logging_mixin.py:190} INFO - [2025-02-10T10:21:37.910+0000] {override.py:1911} INFO - Created Permission View: can create on DAG Run:example_kubernetes_executor
[2025-02-10T10:21:37.996+0000] {logging_mixin.py:190} INFO - [2025-02-10T10:21:37.996+0000] {override.py:1911} INFO - Created Permission View: can delete on DAG Run:example_kubernetes_executor
[2025-02-10T10:21:38.004+0000] {logging_mixin.py:190} INFO - [2025-02-10T10:21:38.004+0000] {dag.py:3239} INFO - Sync 1 DAGs
[2025-02-10T10:21:38.206+0000] {logging_mixin.py:190} INFO - [2025-02-10T10:21:38.206+0000] {dag.py:3262} INFO - Creating ORM DAG for example_kubernetes_executor
[2025-02-10T10:21:38.213+0000] {logging_mixin.py:190} INFO - [2025-02-10T10:21:38.212+0000] {dag.py:4180} INFO - Setting next_dagrun for example_kubernetes_executor to None, run_after=None
[2025-02-10T10:21:38.437+0000] {processor.py:208} INFO - Processing /home/airflow/.local/lib/python3.12/site-packages/airflow/example_dags/example_kubernetes_executor.py took 2.259 seconds
[2025-02-10T10:22:32.697+0000] {processor.py:186} INFO - Started process (PID=177) to work on /home/airflow/.local/lib/python3.12/site-packages/airflow/example_dags/example_kubernetes_executor.py
[2025-02-10T10:22:32.701+0000] {processor.py:914} INFO - Processing file /home/airflow/.local/lib/python3.12/site-packages/airflow/example_dags/example_kubernetes_executor.py for tasks to queue
[2025-02-10T10:22:32.709+0000] {logging_mixin.py:190} INFO - [2025-02-10T10:22:32.707+0000] {dagbag.py:588} INFO - Filling up the DagBag from /home/airflow/.local/lib/python3.12/site-packages/airflow/example_dags/example_kubernetes_executor.py
[2025-02-10T10:22:32.774+0000] {processor.py:925} INFO - DAG(s) 'example_kubernetes_executor' retrieved from /home/airflow/.local/lib/python3.12/site-packages/airflow/example_dags/example_kubernetes_executor.py
[2025-02-10T10:22:32.873+0000] {logging_mixin.py:190} INFO - [2025-02-10T10:22:32.872+0000] {dag.py:3239} INFO - Sync 1 DAGs
[2025-02-10T10:22:32.950+0000] {logging_mixin.py:190} INFO - [2025-02-10T10:22:32.948+0000] {dag.py:4180} INFO - Setting next_dagrun for example_kubernetes_executor to None, run_after=None
[2025-02-10T10:22:33.002+0000] {processor.py:208} INFO - Processing /home/airflow/.local/lib/python3.12/site-packages/airflow/example_dags/example_kubernetes_executor.py took 0.337 seconds
[2025-02-10T10:23:03.838+0000] {processor.py:186} INFO - Started process (PID=240) to work on /home/airflow/.local/lib/python3.12/site-packages/airflow/example_dags/example_kubernetes_executor.py
[2025-02-10T10:23:03.841+0000] {processor.py:914} INFO - Processing file /home/airflow/.local/lib/python3.12/site-packages/airflow/example_dags/example_kubernetes_executor.py for tasks to queue
[2025-02-10T10:23:03.846+0000] {logging_mixin.py:190} INFO - [2025-02-10T10:23:03.845+0000] {dagbag.py:588} INFO - Filling up the DagBag from /home/airflow/.local/lib/python3.12/site-packages/airflow/example_dags/example_kubernetes_executor.py
[2025-02-10T10:23:03.885+0000] {processor.py:925} INFO - DAG(s) 'example_kubernetes_executor' retrieved from /home/airflow/.local/lib/python3.12/site-packages/airflow/example_dags/example_kubernetes_executor.py
[2025-02-10T10:23:03.941+0000] {logging_mixin.py:190} INFO - [2025-02-10T10:23:03.940+0000] {dag.py:3239} INFO - Sync 1 DAGs
[2025-02-10T10:23:03.983+0000] {logging_mixin.py:190} INFO - [2025-02-10T10:23:03.982+0000] {dag.py:4180} INFO - Setting next_dagrun for example_kubernetes_executor to None, run_after=None
[2025-02-10T10:23:04.031+0000] {processor.py:208} INFO - Processing /home/airflow/.local/lib/python3.12/site-packages/airflow/example_dags/example_kubernetes_executor.py took 0.209 seconds
[2025-02-10T10:23:42.310+0000] {processor.py:186} INFO - Started process (PID=295) to work on /home/airflow/.local/lib/python3.12/site-packages/airflow/example_dags/example_kubernetes_executor.py
[2025-02-10T10:23:42.312+0000] {processor.py:914} INFO - Processing file /home/airflow/.local/lib/python3.12/site-packages/airflow/example_dags/example_kubernetes_executor.py for tasks to queue
[2025-02-10T10:23:42.317+0000] {logging_mixin.py:190} INFO - [2025-02-10T10:23:42.316+0000] {dagbag.py:588} INFO - Filling up the DagBag from /home/airflow/.local/lib/python3.12/site-packages/airflow/example_dags/example_kubernetes_executor.py
[2025-02-10T10:23:42.351+0000] {processor.py:925} INFO - DAG(s) 'example_kubernetes_executor' retrieved from /home/airflow/.local/lib/python3.12/site-packages/airflow/example_dags/example_kubernetes_executor.py
[2025-02-10T10:23:42.425+0000] {logging_mixin.py:190} INFO - [2025-02-10T10:23:42.424+0000] {dag.py:3239} INFO - Sync 1 DAGs
[2025-02-10T10:23:42.453+0000] {logging_mixin.py:190} INFO - [2025-02-10T10:23:42.453+0000] {dag.py:4180} INFO - Setting next_dagrun for example_kubernetes_executor to None, run_after=None
[2025-02-10T10:23:42.496+0000] {processor.py:208} INFO - Processing /home/airflow/.local/lib/python3.12/site-packages/airflow/example_dags/example_kubernetes_executor.py took 0.199 seconds
[2025-02-10T10:24:14.086+0000] {processor.py:186} INFO - Started process (PID=359) to work on /home/airflow/.local/lib/python3.12/site-packages/airflow/example_dags/example_kubernetes_executor.py
[2025-02-10T10:24:14.088+0000] {processor.py:914} INFO - Processing file /home/airflow/.local/lib/python3.12/site-packages/airflow/example_dags/example_kubernetes_executor.py for tasks to queue
[2025-02-10T10:24:14.091+0000] {logging_mixin.py:190} INFO - [2025-02-10T10:24:14.091+0000] {dagbag.py:588} INFO - Filling up the DagBag from /home/airflow/.local/lib/python3.12/site-packages/airflow/example_dags/example_kubernetes_executor.py
[2025-02-10T10:24:14.128+0000] {processor.py:925} INFO - DAG(s) 'example_kubernetes_executor' retrieved from /home/airflow/.local/lib/python3.12/site-packages/airflow/example_dags/example_kubernetes_executor.py
[2025-02-10T10:24:14.387+0000] {logging_mixin.py:190} INFO - [2025-02-10T10:24:14.386+0000] {dag.py:3239} INFO - Sync 1 DAGs
[2025-02-10T10:24:14.578+0000] {logging_mixin.py:190} INFO - [2025-02-10T10:24:14.577+0000] {dag.py:4180} INFO - Setting next_dagrun for example_kubernetes_executor to None, run_after=None
[2025-02-10T10:24:14.762+0000] {processor.py:208} INFO - Processing /home/airflow/.local/lib/python3.12/site-packages/airflow/example_dags/example_kubernetes_executor.py took 0.692 seconds
[2025-02-10T10:24:46.061+0000] {processor.py:186} INFO - Started process (PID=422) to work on /home/airflow/.local/lib/python3.12/site-packages/airflow/example_dags/example_kubernetes_executor.py
[2025-02-10T10:24:46.063+0000] {processor.py:914} INFO - Processing file /home/airflow/.local/lib/python3.12/site-packages/airflow/example_dags/example_kubernetes_executor.py for tasks to queue
[2025-02-10T10:24:46.068+0000] {logging_mixin.py:190} INFO - [2025-02-10T10:24:46.067+0000] {dagbag.py:588} INFO - Filling up the DagBag from /home/airflow/.local/lib/python3.12/site-packages/airflow/example_dags/example_kubernetes_executor.py
[2025-02-10T10:24:46.104+0000] {processor.py:925} INFO - DAG(s) 'example_kubernetes_executor' retrieved from /home/airflow/.local/lib/python3.12/site-packages/airflow/example_dags/example_kubernetes_executor.py
[2025-02-10T10:24:46.165+0000] {logging_mixin.py:190} INFO - [2025-02-10T10:24:46.165+0000] {dag.py:3239} INFO - Sync 1 DAGs
[2025-02-10T10:24:46.205+0000] {logging_mixin.py:190} INFO - [2025-02-10T10:24:46.204+0000] {dag.py:4180} INFO - Setting next_dagrun for example_kubernetes_executor to None, run_after=None
[2025-02-10T10:24:46.245+0000] {processor.py:208} INFO - Processing /home/airflow/.local/lib/python3.12/site-packages/airflow/example_dags/example_kubernetes_executor.py took 0.195 seconds
[2025-02-10T10:25:20.626+0000] {processor.py:186} INFO - Started process (PID=483) to work on /home/airflow/.local/lib/python3.12/site-packages/airflow/example_dags/example_kubernetes_executor.py
[2025-02-10T10:25:20.629+0000] {processor.py:914} INFO - Processing file /home/airflow/.local/lib/python3.12/site-packages/airflow/example_dags/example_kubernetes_executor.py for tasks to queue
[2025-02-10T10:25:20.637+0000] {logging_mixin.py:190} INFO - [2025-02-10T10:25:20.636+0000] {dagbag.py:588} INFO - Filling up the DagBag from /home/airflow/.local/lib/python3.12/site-packages/airflow/example_dags/example_kubernetes_executor.py
[2025-02-10T10:25:20.695+0000] {processor.py:925} INFO - DAG(s) 'example_kubernetes_executor' retrieved from /home/airflow/.local/lib/python3.12/site-packages/airflow/example_dags/example_kubernetes_executor.py
[2025-02-10T10:25:20.799+0000] {logging_mixin.py:190} INFO - [2025-02-10T10:25:20.798+0000] {dag.py:3239} INFO - Sync 1 DAGs
[2025-02-10T10:25:20.939+0000] {logging_mixin.py:190} INFO - [2025-02-10T10:25:20.938+0000] {dag.py:4180} INFO - Setting next_dagrun for example_kubernetes_executor to None, run_after=None
[2025-02-10T10:25:21.097+0000] {processor.py:208} INFO - Processing /home/airflow/.local/lib/python3.12/site-packages/airflow/example_dags/example_kubernetes_executor.py took 0.487 seconds
[2025-02-10T10:25:52.505+0000] {processor.py:186} INFO - Started process (PID=545) to work on /home/airflow/.local/lib/python3.12/site-packages/airflow/example_dags/example_kubernetes_executor.py
[2025-02-10T10:25:52.507+0000] {processor.py:914} INFO - Processing file /home/airflow/.local/lib/python3.12/site-packages/airflow/example_dags/example_kubernetes_executor.py for tasks to queue
[2025-02-10T10:25:52.516+0000] {logging_mixin.py:190} INFO - [2025-02-10T10:25:52.515+0000] {dagbag.py:588} INFO - Filling up the DagBag from /home/airflow/.local/lib/python3.12/site-packages/airflow/example_dags/example_kubernetes_executor.py
[2025-02-10T10:25:52.564+0000] {processor.py:925} INFO - DAG(s) 'example_kubernetes_executor' retrieved from /home/airflow/.local/lib/python3.12/site-packages/airflow/example_dags/example_kubernetes_executor.py
[2025-02-10T10:25:52.631+0000] {logging_mixin.py:190} INFO - [2025-02-10T10:25:52.631+0000] {dag.py:3239} INFO - Sync 1 DAGs
[2025-02-10T10:25:52.665+0000] {logging_mixin.py:190} INFO - [2025-02-10T10:25:52.665+0000] {dag.py:4180} INFO - Setting next_dagrun for example_kubernetes_executor to None, run_after=None
[2025-02-10T10:25:52.711+0000] {processor.py:208} INFO - Processing /home/airflow/.local/lib/python3.12/site-packages/airflow/example_dags/example_kubernetes_executor.py took 0.222 seconds
