[2025-02-10T10:22:01.143+0000] {processor.py:186} INFO - Started process (PID=130) to work on /home/airflow/.local/lib/python3.12/site-packages/airflow/example_dags/example_nested_branch_dag.py
[2025-02-10T10:22:01.147+0000] {processor.py:914} INFO - Processing file /home/airflow/.local/lib/python3.12/site-packages/airflow/example_dags/example_nested_branch_dag.py for tasks to queue
[2025-02-10T10:22:01.155+0000] {logging_mixin.py:190} INFO - [2025-02-10T10:22:01.152+0000] {dagbag.py:588} INFO - Filling up the DagBag from /home/airflow/.local/lib/python3.12/site-packages/airflow/example_dags/example_nested_branch_dag.py
[2025-02-10T10:22:01.190+0000] {processor.py:925} INFO - DAG(s) 'example_nested_branch_dag' retrieved from /home/airflow/.local/lib/python3.12/site-packages/airflow/example_dags/example_nested_branch_dag.py
[2025-02-10T10:22:01.504+0000] {logging_mixin.py:190} INFO - [2025-02-10T10:22:01.502+0000] {override.py:1911} INFO - Created Permission View: can read on DAG:example_nested_branch_dag
[2025-02-10T10:22:01.531+0000] {logging_mixin.py:190} INFO - [2025-02-10T10:22:01.530+0000] {override.py:1911} INFO - Created Permission View: can delete on DAG:example_nested_branch_dag
[2025-02-10T10:22:01.558+0000] {logging_mixin.py:190} INFO - [2025-02-10T10:22:01.558+0000] {override.py:1911} INFO - Created Permission View: can edit on DAG:example_nested_branch_dag
[2025-02-10T10:22:01.592+0000] {logging_mixin.py:190} INFO - [2025-02-10T10:22:01.592+0000] {override.py:1911} INFO - Created Permission View: menu access on DAG Run:example_nested_branch_dag
[2025-02-10T10:22:01.612+0000] {logging_mixin.py:190} INFO - [2025-02-10T10:22:01.612+0000] {override.py:1911} INFO - Created Permission View: can read on DAG Run:example_nested_branch_dag
[2025-02-10T10:22:01.637+0000] {logging_mixin.py:190} INFO - [2025-02-10T10:22:01.637+0000] {override.py:1911} INFO - Created Permission View: can create on DAG Run:example_nested_branch_dag
[2025-02-10T10:22:01.664+0000] {logging_mixin.py:190} INFO - [2025-02-10T10:22:01.663+0000] {override.py:1911} INFO - Created Permission View: can delete on DAG Run:example_nested_branch_dag
[2025-02-10T10:22:01.665+0000] {logging_mixin.py:190} INFO - [2025-02-10T10:22:01.664+0000] {dag.py:3239} INFO - Sync 1 DAGs
[2025-02-10T10:22:01.700+0000] {logging_mixin.py:190} INFO - [2025-02-10T10:22:01.699+0000] {dag.py:3262} INFO - Creating ORM DAG for example_nested_branch_dag
[2025-02-10T10:22:01.740+0000] {logging_mixin.py:190} INFO - [2025-02-10T10:22:01.739+0000] {dag.py:4180} INFO - Setting next_dagrun for example_nested_branch_dag to 2025-02-09 00:00:00+00:00, run_after=2025-02-10 00:00:00+00:00
[2025-02-10T10:22:01.800+0000] {processor.py:208} INFO - Processing /home/airflow/.local/lib/python3.12/site-packages/airflow/example_dags/example_nested_branch_dag.py took 0.677 seconds
[2025-02-10T10:22:34.621+0000] {processor.py:186} INFO - Started process (PID=191) to work on /home/airflow/.local/lib/python3.12/site-packages/airflow/example_dags/example_nested_branch_dag.py
[2025-02-10T10:22:34.623+0000] {processor.py:914} INFO - Processing file /home/airflow/.local/lib/python3.12/site-packages/airflow/example_dags/example_nested_branch_dag.py for tasks to queue
[2025-02-10T10:22:34.628+0000] {logging_mixin.py:190} INFO - [2025-02-10T10:22:34.627+0000] {dagbag.py:588} INFO - Filling up the DagBag from /home/airflow/.local/lib/python3.12/site-packages/airflow/example_dags/example_nested_branch_dag.py
[2025-02-10T10:22:34.654+0000] {processor.py:925} INFO - DAG(s) 'example_nested_branch_dag' retrieved from /home/airflow/.local/lib/python3.12/site-packages/airflow/example_dags/example_nested_branch_dag.py
[2025-02-10T10:22:34.695+0000] {logging_mixin.py:190} INFO - [2025-02-10T10:22:34.695+0000] {dag.py:3239} INFO - Sync 1 DAGs
[2025-02-10T10:22:34.755+0000] {logging_mixin.py:190} INFO - [2025-02-10T10:22:34.755+0000] {dag.py:4180} INFO - Setting next_dagrun for example_nested_branch_dag to 2025-02-09 00:00:00+00:00, run_after=2025-02-10 00:00:00+00:00
[2025-02-10T10:22:34.798+0000] {processor.py:208} INFO - Processing /home/airflow/.local/lib/python3.12/site-packages/airflow/example_dags/example_nested_branch_dag.py took 0.191 seconds
[2025-02-10T10:23:05.766+0000] {processor.py:186} INFO - Started process (PID=254) to work on /home/airflow/.local/lib/python3.12/site-packages/airflow/example_dags/example_nested_branch_dag.py
[2025-02-10T10:23:05.768+0000] {processor.py:914} INFO - Processing file /home/airflow/.local/lib/python3.12/site-packages/airflow/example_dags/example_nested_branch_dag.py for tasks to queue
[2025-02-10T10:23:05.773+0000] {logging_mixin.py:190} INFO - [2025-02-10T10:23:05.773+0000] {dagbag.py:588} INFO - Filling up the DagBag from /home/airflow/.local/lib/python3.12/site-packages/airflow/example_dags/example_nested_branch_dag.py
[2025-02-10T10:23:05.803+0000] {processor.py:925} INFO - DAG(s) 'example_nested_branch_dag' retrieved from /home/airflow/.local/lib/python3.12/site-packages/airflow/example_dags/example_nested_branch_dag.py
[2025-02-10T10:23:05.862+0000] {logging_mixin.py:190} INFO - [2025-02-10T10:23:05.861+0000] {dag.py:3239} INFO - Sync 1 DAGs
[2025-02-10T10:23:05.925+0000] {logging_mixin.py:190} INFO - [2025-02-10T10:23:05.925+0000] {dag.py:4180} INFO - Setting next_dagrun for example_nested_branch_dag to 2025-02-09 00:00:00+00:00, run_after=2025-02-10 00:00:00+00:00
[2025-02-10T10:23:05.972+0000] {processor.py:208} INFO - Processing /home/airflow/.local/lib/python3.12/site-packages/airflow/example_dags/example_nested_branch_dag.py took 0.222 seconds
[2025-02-10T10:23:43.819+0000] {processor.py:186} INFO - Started process (PID=309) to work on /home/airflow/.local/lib/python3.12/site-packages/airflow/example_dags/example_nested_branch_dag.py
[2025-02-10T10:23:43.821+0000] {processor.py:914} INFO - Processing file /home/airflow/.local/lib/python3.12/site-packages/airflow/example_dags/example_nested_branch_dag.py for tasks to queue
[2025-02-10T10:23:43.825+0000] {logging_mixin.py:190} INFO - [2025-02-10T10:23:43.825+0000] {dagbag.py:588} INFO - Filling up the DagBag from /home/airflow/.local/lib/python3.12/site-packages/airflow/example_dags/example_nested_branch_dag.py
[2025-02-10T10:23:43.846+0000] {processor.py:925} INFO - DAG(s) 'example_nested_branch_dag' retrieved from /home/airflow/.local/lib/python3.12/site-packages/airflow/example_dags/example_nested_branch_dag.py
[2025-02-10T10:23:43.905+0000] {logging_mixin.py:190} INFO - [2025-02-10T10:23:43.904+0000] {dag.py:3239} INFO - Sync 1 DAGs
[2025-02-10T10:23:43.954+0000] {logging_mixin.py:190} INFO - [2025-02-10T10:23:43.953+0000] {dag.py:4180} INFO - Setting next_dagrun for example_nested_branch_dag to 2025-02-09 00:00:00+00:00, run_after=2025-02-10 00:00:00+00:00
[2025-02-10T10:23:43.991+0000] {processor.py:208} INFO - Processing /home/airflow/.local/lib/python3.12/site-packages/airflow/example_dags/example_nested_branch_dag.py took 0.186 seconds
[2025-02-10T10:24:18.419+0000] {processor.py:186} INFO - Started process (PID=373) to work on /home/airflow/.local/lib/python3.12/site-packages/airflow/example_dags/example_nested_branch_dag.py
[2025-02-10T10:24:18.421+0000] {processor.py:914} INFO - Processing file /home/airflow/.local/lib/python3.12/site-packages/airflow/example_dags/example_nested_branch_dag.py for tasks to queue
[2025-02-10T10:24:18.426+0000] {logging_mixin.py:190} INFO - [2025-02-10T10:24:18.425+0000] {dagbag.py:588} INFO - Filling up the DagBag from /home/airflow/.local/lib/python3.12/site-packages/airflow/example_dags/example_nested_branch_dag.py
[2025-02-10T10:24:18.456+0000] {processor.py:925} INFO - DAG(s) 'example_nested_branch_dag' retrieved from /home/airflow/.local/lib/python3.12/site-packages/airflow/example_dags/example_nested_branch_dag.py
[2025-02-10T10:24:18.511+0000] {logging_mixin.py:190} INFO - [2025-02-10T10:24:18.510+0000] {dag.py:3239} INFO - Sync 1 DAGs
[2025-02-10T10:24:18.573+0000] {logging_mixin.py:190} INFO - [2025-02-10T10:24:18.573+0000] {dag.py:4180} INFO - Setting next_dagrun for example_nested_branch_dag to 2025-02-09 00:00:00+00:00, run_after=2025-02-10 00:00:00+00:00
[2025-02-10T10:24:18.629+0000] {processor.py:208} INFO - Processing /home/airflow/.local/lib/python3.12/site-packages/airflow/example_dags/example_nested_branch_dag.py took 0.228 seconds
[2025-02-10T10:24:48.796+0000] {processor.py:186} INFO - Started process (PID=436) to work on /home/airflow/.local/lib/python3.12/site-packages/airflow/example_dags/example_nested_branch_dag.py
[2025-02-10T10:24:48.797+0000] {processor.py:914} INFO - Processing file /home/airflow/.local/lib/python3.12/site-packages/airflow/example_dags/example_nested_branch_dag.py for tasks to queue
[2025-02-10T10:24:48.803+0000] {logging_mixin.py:190} INFO - [2025-02-10T10:24:48.802+0000] {dagbag.py:588} INFO - Filling up the DagBag from /home/airflow/.local/lib/python3.12/site-packages/airflow/example_dags/example_nested_branch_dag.py
[2025-02-10T10:24:48.835+0000] {processor.py:925} INFO - DAG(s) 'example_nested_branch_dag' retrieved from /home/airflow/.local/lib/python3.12/site-packages/airflow/example_dags/example_nested_branch_dag.py
[2025-02-10T10:24:48.915+0000] {logging_mixin.py:190} INFO - [2025-02-10T10:24:48.915+0000] {dag.py:3239} INFO - Sync 1 DAGs
[2025-02-10T10:24:49.004+0000] {logging_mixin.py:190} INFO - [2025-02-10T10:24:49.004+0000] {dag.py:4180} INFO - Setting next_dagrun for example_nested_branch_dag to 2025-02-09 00:00:00+00:00, run_after=2025-02-10 00:00:00+00:00
[2025-02-10T10:24:49.062+0000] {processor.py:208} INFO - Processing /home/airflow/.local/lib/python3.12/site-packages/airflow/example_dags/example_nested_branch_dag.py took 0.280 seconds
[2025-02-10T10:25:23.921+0000] {processor.py:186} INFO - Started process (PID=499) to work on /home/airflow/.local/lib/python3.12/site-packages/airflow/example_dags/example_nested_branch_dag.py
[2025-02-10T10:25:23.932+0000] {processor.py:914} INFO - Processing file /home/airflow/.local/lib/python3.12/site-packages/airflow/example_dags/example_nested_branch_dag.py for tasks to queue
[2025-02-10T10:25:23.939+0000] {logging_mixin.py:190} INFO - [2025-02-10T10:25:23.939+0000] {dagbag.py:588} INFO - Filling up the DagBag from /home/airflow/.local/lib/python3.12/site-packages/airflow/example_dags/example_nested_branch_dag.py
[2025-02-10T10:25:23.970+0000] {processor.py:925} INFO - DAG(s) 'example_nested_branch_dag' retrieved from /home/airflow/.local/lib/python3.12/site-packages/airflow/example_dags/example_nested_branch_dag.py
[2025-02-10T10:25:24.032+0000] {logging_mixin.py:190} INFO - [2025-02-10T10:25:24.032+0000] {dag.py:3239} INFO - Sync 1 DAGs
[2025-02-10T10:25:24.090+0000] {logging_mixin.py:190} INFO - [2025-02-10T10:25:24.089+0000] {dag.py:4180} INFO - Setting next_dagrun for example_nested_branch_dag to 2025-02-09 00:00:00+00:00, run_after=2025-02-10 00:00:00+00:00
[2025-02-10T10:25:24.155+0000] {processor.py:208} INFO - Processing /home/airflow/.local/lib/python3.12/site-packages/airflow/example_dags/example_nested_branch_dag.py took 0.250 seconds
[2025-02-10T10:25:55.773+0000] {processor.py:186} INFO - Started process (PID=561) to work on /home/airflow/.local/lib/python3.12/site-packages/airflow/example_dags/example_nested_branch_dag.py
[2025-02-10T10:25:55.775+0000] {processor.py:914} INFO - Processing file /home/airflow/.local/lib/python3.12/site-packages/airflow/example_dags/example_nested_branch_dag.py for tasks to queue
[2025-02-10T10:25:55.779+0000] {logging_mixin.py:190} INFO - [2025-02-10T10:25:55.778+0000] {dagbag.py:588} INFO - Filling up the DagBag from /home/airflow/.local/lib/python3.12/site-packages/airflow/example_dags/example_nested_branch_dag.py
[2025-02-10T10:25:55.805+0000] {processor.py:925} INFO - DAG(s) 'example_nested_branch_dag' retrieved from /home/airflow/.local/lib/python3.12/site-packages/airflow/example_dags/example_nested_branch_dag.py
[2025-02-10T10:25:55.852+0000] {logging_mixin.py:190} INFO - [2025-02-10T10:25:55.851+0000] {dag.py:3239} INFO - Sync 1 DAGs
[2025-02-10T10:25:55.899+0000] {logging_mixin.py:190} INFO - [2025-02-10T10:25:55.898+0000] {dag.py:4180} INFO - Setting next_dagrun for example_nested_branch_dag to 2025-02-09 00:00:00+00:00, run_after=2025-02-10 00:00:00+00:00
[2025-02-10T10:25:55.932+0000] {processor.py:208} INFO - Processing /home/airflow/.local/lib/python3.12/site-packages/airflow/example_dags/example_nested_branch_dag.py took 0.171 seconds
