[2025-02-10T10:20:27.468+0000] {processor.py:186} INFO - Started process (PID=87) to work on /home/airflow/.local/lib/python3.12/site-packages/airflow/example_dags/example_inlet_event_extra.py
[2025-02-10T10:20:27.579+0000] {processor.py:914} INFO - Processing file /home/airflow/.local/lib/python3.12/site-packages/airflow/example_dags/example_inlet_event_extra.py for tasks to queue
[2025-02-10T10:20:27.630+0000] {logging_mixin.py:190} INFO - [2025-02-10T10:20:27.626+0000] {dagbag.py:588} INFO - Filling up the DagBag from /home/airflow/.local/lib/python3.12/site-packages/airflow/example_dags/example_inlet_event_extra.py
[2025-02-10T10:20:59.377+0000] {logging_mixin.py:190} INFO - [2025-02-10T10:20:59.373+0000] {timeout.py:68} ERROR - Process timed out, PID: 87
[2025-02-10T10:21:00.645+0000] {logging_mixin.py:190} INFO - [2025-02-10T10:20:59.583+0000] {dagbag.py:387} ERROR - Failed to import: /home/airflow/.local/lib/python3.12/site-packages/airflow/example_dags/example_inlet_event_extra.py
Traceback (most recent call last):
  File "/home/airflow/.local/lib/python3.12/site-packages/airflow/models/dagbag.py", line 383, in parse
    loader.exec_module(new_module)
  File "<frozen importlib._bootstrap_external>", line 999, in exec_module
  File "<frozen importlib._bootstrap>", line 488, in _call_with_frames_removed
  File "/home/airflow/.local/lib/python3.12/site-packages/airflow/example_dags/example_inlet_event_extra.py", line 33, in <module>
    ds = Dataset("s3://output/1.txt")
         ^^^^^^^^^^^^^^^^^^^^^^^^^^^^
  File "<attrs generated init airflow.datasets.Dataset>", line 3, in __init__
    _setattr('uri', __attr_converter_uri(uri))
                    ^^^^^^^^^^^^^^^^^^^^^^^^^
  File "/home/airflow/.local/lib/python3.12/site-packages/airflow/datasets/__init__.py", line 108, in _sanitize_uri
    if (normalizer := _get_uri_normalizer(normalized_scheme)) is not None:
                      ^^^^^^^^^^^^^^^^^^^^^^^^^^^^^^^^^^^^^^
  File "/home/airflow/.local/lib/python3.12/site-packages/airflow/datasets/__init__.py", line 58, in _get_uri_normalizer
    return ProvidersManager().dataset_uri_handlers.get(scheme)
           ^^^^^^^^^^^^^^^^^^^^^^^^^^^^^^^^^^^^^^^
  File "/home/airflow/.local/lib/python3.12/site-packages/airflow/providers_manager.py", line 1334, in dataset_uri_handlers
    self.initialize_providers_dataset_uri_resources()
  File "/home/airflow/.local/lib/python3.12/site-packages/airflow/providers_manager.py", line 384, in wrapped_function
    func(*args, **kwargs)
  File "/home/airflow/.local/lib/python3.12/site-packages/airflow/providers_manager.py", line 532, in initialize_providers_dataset_uri_resources
    self._discover_dataset_uri_resources()
  File "/home/airflow/.local/lib/python3.12/site-packages/airflow/providers_manager.py", line 915, in _discover_dataset_uri_resources
    _safe_register_resource(
  File "/home/airflow/.local/lib/python3.12/site-packages/airflow/providers_manager.py", line 903, in _safe_register_resource
    _correctness_check(provider_package_name, resource_path, provider)
  File "/home/airflow/.local/lib/python3.12/site-packages/airflow/providers_manager.py", line 327, in _correctness_check
    imported_class = import_string(class_name)
                     ^^^^^^^^^^^^^^^^^^^^^^^^^
  File "/home/airflow/.local/lib/python3.12/site-packages/airflow/utils/module_loading.py", line 39, in import_string
    module = import_module(module_path)
             ^^^^^^^^^^^^^^^^^^^^^^^^^^
  File "/usr/local/lib/python3.12/importlib/__init__.py", line 90, in import_module
    return _bootstrap._gcd_import(name[level:], package, level)
           ^^^^^^^^^^^^^^^^^^^^^^^^^^^^^^^^^^^^^^^^^^^^^^^^^^^^
  File "<frozen importlib._bootstrap>", line 1387, in _gcd_import
  File "<frozen importlib._bootstrap>", line 1360, in _find_and_load
  File "<frozen importlib._bootstrap>", line 1331, in _find_and_load_unlocked
  File "<frozen importlib._bootstrap>", line 935, in _load_unlocked
  File "<frozen importlib._bootstrap_external>", line 999, in exec_module
  File "<frozen importlib._bootstrap>", line 488, in _call_with_frames_removed
  File "/home/airflow/.local/lib/python3.12/site-packages/airflow/providers/google/assets/gcs.py", line 21, in <module>
    from airflow.providers.google.cloud.hooks.gcs import _parse_gcs_url
  File "/home/airflow/.local/lib/python3.12/site-packages/airflow/providers/google/cloud/hooks/gcs.py", line 37, in <module>
    from gcloud.aio.storage import Storage
  File "/home/airflow/.local/lib/python3.12/site-packages/gcloud/aio/storage/__init__.py", line 158, in <module>
    from .storage import SCOPES
  File "/home/airflow/.local/lib/python3.12/site-packages/gcloud/aio/storage/storage.py", line 35, in <module>
    from aiofiles import open as file_open  # type: ignore[no-redef]
    ^^^^^^^^^^^^^^^^^^^^^^^^^^^^^^^^^^^^^^
  File "/home/airflow/.local/lib/python3.12/site-packages/aiofiles/__init__.py", line 11, in <module>
    from . import tempfile
  File "<frozen importlib._bootstrap>", line 1360, in _find_and_load
  File "<frozen importlib._bootstrap>", line 1331, in _find_and_load_unlocked
  File "<frozen importlib._bootstrap>", line 935, in _load_unlocked
  File "<frozen importlib._bootstrap_external>", line 995, in exec_module
  File "<frozen importlib._bootstrap_external>", line 1146, in get_code
  File "<frozen importlib._bootstrap_external>", line 1214, in _cache_bytecode
  File "<frozen importlib._bootstrap_external>", line 1228, in set_data
  File "/home/airflow/.local/lib/python3.12/site-packages/airflow/utils/timeout.py", line 69, in handle_timeout
    raise AirflowTaskTimeout(self.error_message)
airflow.exceptions.AirflowTaskTimeout: DagBag import timeout for /home/airflow/.local/lib/python3.12/site-packages/airflow/example_dags/example_inlet_event_extra.py after 30.0s.
Please take a look at these docs to improve your DAG import time:
* https://airflow.apache.org/docs/apache-airflow/2.10.4/best-practices.html#top-level-python-code
* https://airflow.apache.org/docs/apache-airflow/2.10.4/best-practices.html#reducing-dag-complexity, PID: 87
[2025-02-10T10:21:00.673+0000] {processor.py:927} WARNING - No viable dags retrieved from /home/airflow/.local/lib/python3.12/site-packages/airflow/example_dags/example_inlet_event_extra.py
[2025-02-10T10:21:01.898+0000] {processor.py:208} INFO - Processing /home/airflow/.local/lib/python3.12/site-packages/airflow/example_dags/example_inlet_event_extra.py took 33.494 seconds
[2025-02-10T10:22:28.634+0000] {processor.py:186} INFO - Started process (PID=160) to work on /home/airflow/.local/lib/python3.12/site-packages/airflow/example_dags/example_inlet_event_extra.py
[2025-02-10T10:22:28.636+0000] {processor.py:914} INFO - Processing file /home/airflow/.local/lib/python3.12/site-packages/airflow/example_dags/example_inlet_event_extra.py for tasks to queue
[2025-02-10T10:22:28.641+0000] {logging_mixin.py:190} INFO - [2025-02-10T10:22:28.641+0000] {dagbag.py:588} INFO - Filling up the DagBag from /home/airflow/.local/lib/python3.12/site-packages/airflow/example_dags/example_inlet_event_extra.py
[2025-02-10T10:22:30.289+0000] {processor.py:925} INFO - DAG(s) 'read_dataset_event_from_classic', 'read_dataset_event' retrieved from /home/airflow/.local/lib/python3.12/site-packages/airflow/example_dags/example_inlet_event_extra.py
[2025-02-10T10:22:30.774+0000] {logging_mixin.py:190} INFO - [2025-02-10T10:22:30.772+0000] {override.py:1911} INFO - Created Permission View: can read on DAG:read_dataset_event_from_classic
[2025-02-10T10:22:30.813+0000] {logging_mixin.py:190} INFO - [2025-02-10T10:22:30.813+0000] {override.py:1911} INFO - Created Permission View: can delete on DAG:read_dataset_event_from_classic
[2025-02-10T10:22:30.851+0000] {logging_mixin.py:190} INFO - [2025-02-10T10:22:30.850+0000] {override.py:1911} INFO - Created Permission View: can edit on DAG:read_dataset_event_from_classic
[2025-02-10T10:22:30.920+0000] {logging_mixin.py:190} INFO - [2025-02-10T10:22:30.916+0000] {override.py:1911} INFO - Created Permission View: menu access on DAG Run:read_dataset_event_from_classic
[2025-02-10T10:22:30.970+0000] {logging_mixin.py:190} INFO - [2025-02-10T10:22:30.970+0000] {override.py:1911} INFO - Created Permission View: can read on DAG Run:read_dataset_event_from_classic
[2025-02-10T10:22:31.002+0000] {logging_mixin.py:190} INFO - [2025-02-10T10:22:31.000+0000] {override.py:1911} INFO - Created Permission View: can create on DAG Run:read_dataset_event_from_classic
[2025-02-10T10:22:31.026+0000] {logging_mixin.py:190} INFO - [2025-02-10T10:22:31.026+0000] {override.py:1911} INFO - Created Permission View: can delete on DAG Run:read_dataset_event_from_classic
[2025-02-10T10:22:31.098+0000] {logging_mixin.py:190} INFO - [2025-02-10T10:22:31.097+0000] {override.py:1911} INFO - Created Permission View: can read on DAG:read_dataset_event
[2025-02-10T10:22:31.125+0000] {logging_mixin.py:190} INFO - [2025-02-10T10:22:31.124+0000] {override.py:1911} INFO - Created Permission View: can delete on DAG:read_dataset_event
[2025-02-10T10:22:31.168+0000] {logging_mixin.py:190} INFO - [2025-02-10T10:22:31.166+0000] {override.py:1911} INFO - Created Permission View: can edit on DAG:read_dataset_event
[2025-02-10T10:22:31.211+0000] {logging_mixin.py:190} INFO - [2025-02-10T10:22:31.210+0000] {override.py:1911} INFO - Created Permission View: menu access on DAG Run:read_dataset_event
[2025-02-10T10:22:31.234+0000] {logging_mixin.py:190} INFO - [2025-02-10T10:22:31.233+0000] {override.py:1911} INFO - Created Permission View: can read on DAG Run:read_dataset_event
[2025-02-10T10:22:31.263+0000] {logging_mixin.py:190} INFO - [2025-02-10T10:22:31.262+0000] {override.py:1911} INFO - Created Permission View: can create on DAG Run:read_dataset_event
[2025-02-10T10:22:31.282+0000] {logging_mixin.py:190} INFO - [2025-02-10T10:22:31.281+0000] {override.py:1911} INFO - Created Permission View: can delete on DAG Run:read_dataset_event
[2025-02-10T10:22:31.284+0000] {logging_mixin.py:190} INFO - [2025-02-10T10:22:31.283+0000] {dag.py:3239} INFO - Sync 2 DAGs
[2025-02-10T10:22:31.317+0000] {logging_mixin.py:190} INFO - [2025-02-10T10:22:31.315+0000] {dag.py:3262} INFO - Creating ORM DAG for read_dataset_event_from_classic
[2025-02-10T10:22:31.319+0000] {logging_mixin.py:190} INFO - [2025-02-10T10:22:31.318+0000] {dag.py:3262} INFO - Creating ORM DAG for read_dataset_event
[2025-02-10T10:22:31.370+0000] {logging_mixin.py:190} INFO - [2025-02-10T10:22:31.369+0000] {dag.py:4180} INFO - Setting next_dagrun for read_dataset_event to 2025-02-09 00:00:00+00:00, run_after=2025-02-10 00:00:00+00:00
[2025-02-10T10:22:31.375+0000] {logging_mixin.py:190} INFO - [2025-02-10T10:22:31.375+0000] {dag.py:4180} INFO - Setting next_dagrun for read_dataset_event_from_classic to 2025-02-09 00:00:00+00:00, run_after=2025-02-10 00:00:00+00:00
[2025-02-10T10:22:31.454+0000] {processor.py:208} INFO - Processing /home/airflow/.local/lib/python3.12/site-packages/airflow/example_dags/example_inlet_event_extra.py took 2.832 seconds
[2025-02-10T10:23:02.204+0000] {processor.py:186} INFO - Started process (PID=227) to work on /home/airflow/.local/lib/python3.12/site-packages/airflow/example_dags/example_inlet_event_extra.py
[2025-02-10T10:23:02.206+0000] {processor.py:914} INFO - Processing file /home/airflow/.local/lib/python3.12/site-packages/airflow/example_dags/example_inlet_event_extra.py for tasks to queue
[2025-02-10T10:23:02.211+0000] {logging_mixin.py:190} INFO - [2025-02-10T10:23:02.210+0000] {dagbag.py:588} INFO - Filling up the DagBag from /home/airflow/.local/lib/python3.12/site-packages/airflow/example_dags/example_inlet_event_extra.py
[2025-02-10T10:23:03.619+0000] {processor.py:925} INFO - DAG(s) 'read_dataset_event', 'read_dataset_event_from_classic' retrieved from /home/airflow/.local/lib/python3.12/site-packages/airflow/example_dags/example_inlet_event_extra.py
[2025-02-10T10:23:03.671+0000] {logging_mixin.py:190} INFO - [2025-02-10T10:23:03.670+0000] {dag.py:3239} INFO - Sync 2 DAGs
[2025-02-10T10:23:03.735+0000] {logging_mixin.py:190} INFO - [2025-02-10T10:23:03.734+0000] {dag.py:4180} INFO - Setting next_dagrun for read_dataset_event to 2025-02-09 00:00:00+00:00, run_after=2025-02-10 00:00:00+00:00
[2025-02-10T10:23:03.744+0000] {logging_mixin.py:190} INFO - [2025-02-10T10:23:03.744+0000] {dag.py:4180} INFO - Setting next_dagrun for read_dataset_event_from_classic to 2025-02-09 00:00:00+00:00, run_after=2025-02-10 00:00:00+00:00
[2025-02-10T10:23:03.787+0000] {processor.py:208} INFO - Processing /home/airflow/.local/lib/python3.12/site-packages/airflow/example_dags/example_inlet_event_extra.py took 1.601 seconds
[2025-02-10T10:23:38.931+0000] {processor.py:186} INFO - Started process (PID=283) to work on /home/airflow/.local/lib/python3.12/site-packages/airflow/example_dags/example_inlet_event_extra.py
[2025-02-10T10:23:38.933+0000] {processor.py:914} INFO - Processing file /home/airflow/.local/lib/python3.12/site-packages/airflow/example_dags/example_inlet_event_extra.py for tasks to queue
[2025-02-10T10:23:38.939+0000] {logging_mixin.py:190} INFO - [2025-02-10T10:23:38.938+0000] {dagbag.py:588} INFO - Filling up the DagBag from /home/airflow/.local/lib/python3.12/site-packages/airflow/example_dags/example_inlet_event_extra.py
[2025-02-10T10:23:41.179+0000] {processor.py:925} INFO - DAG(s) 'read_dataset_event', 'read_dataset_event_from_classic' retrieved from /home/airflow/.local/lib/python3.12/site-packages/airflow/example_dags/example_inlet_event_extra.py
[2025-02-10T10:23:41.246+0000] {logging_mixin.py:190} INFO - [2025-02-10T10:23:41.245+0000] {dag.py:3239} INFO - Sync 2 DAGs
[2025-02-10T10:23:41.353+0000] {logging_mixin.py:190} INFO - [2025-02-10T10:23:41.353+0000] {dag.py:4180} INFO - Setting next_dagrun for read_dataset_event to 2025-02-09 00:00:00+00:00, run_after=2025-02-10 00:00:00+00:00
[2025-02-10T10:23:41.368+0000] {logging_mixin.py:190} INFO - [2025-02-10T10:23:41.368+0000] {dag.py:4180} INFO - Setting next_dagrun for read_dataset_event_from_classic to 2025-02-09 00:00:00+00:00, run_after=2025-02-10 00:00:00+00:00
[2025-02-10T10:23:41.420+0000] {processor.py:208} INFO - Processing /home/airflow/.local/lib/python3.12/site-packages/airflow/example_dags/example_inlet_event_extra.py took 2.503 seconds
[2025-02-10T10:24:11.614+0000] {processor.py:186} INFO - Started process (PID=349) to work on /home/airflow/.local/lib/python3.12/site-packages/airflow/example_dags/example_inlet_event_extra.py
[2025-02-10T10:24:11.616+0000] {processor.py:914} INFO - Processing file /home/airflow/.local/lib/python3.12/site-packages/airflow/example_dags/example_inlet_event_extra.py for tasks to queue
[2025-02-10T10:24:11.621+0000] {logging_mixin.py:190} INFO - [2025-02-10T10:24:11.620+0000] {dagbag.py:588} INFO - Filling up the DagBag from /home/airflow/.local/lib/python3.12/site-packages/airflow/example_dags/example_inlet_event_extra.py
[2025-02-10T10:24:13.391+0000] {processor.py:925} INFO - DAG(s) 'read_dataset_event_from_classic', 'read_dataset_event' retrieved from /home/airflow/.local/lib/python3.12/site-packages/airflow/example_dags/example_inlet_event_extra.py
[2025-02-10T10:24:13.438+0000] {logging_mixin.py:190} INFO - [2025-02-10T10:24:13.438+0000] {dag.py:3239} INFO - Sync 2 DAGs
[2025-02-10T10:24:13.520+0000] {logging_mixin.py:190} INFO - [2025-02-10T10:24:13.520+0000] {dag.py:4180} INFO - Setting next_dagrun for read_dataset_event to 2025-02-09 00:00:00+00:00, run_after=2025-02-10 00:00:00+00:00
[2025-02-10T10:24:13.532+0000] {logging_mixin.py:190} INFO - [2025-02-10T10:24:13.532+0000] {dag.py:4180} INFO - Setting next_dagrun for read_dataset_event_from_classic to 2025-02-09 00:00:00+00:00, run_after=2025-02-10 00:00:00+00:00
[2025-02-10T10:24:13.570+0000] {processor.py:208} INFO - Processing /home/airflow/.local/lib/python3.12/site-packages/airflow/example_dags/example_inlet_event_extra.py took 1.968 seconds
[2025-02-10T10:24:44.558+0000] {processor.py:186} INFO - Started process (PID=416) to work on /home/airflow/.local/lib/python3.12/site-packages/airflow/example_dags/example_inlet_event_extra.py
[2025-02-10T10:24:44.560+0000] {processor.py:914} INFO - Processing file /home/airflow/.local/lib/python3.12/site-packages/airflow/example_dags/example_inlet_event_extra.py for tasks to queue
[2025-02-10T10:24:44.563+0000] {logging_mixin.py:190} INFO - [2025-02-10T10:24:44.563+0000] {dagbag.py:588} INFO - Filling up the DagBag from /home/airflow/.local/lib/python3.12/site-packages/airflow/example_dags/example_inlet_event_extra.py
[2025-02-10T10:24:45.987+0000] {processor.py:925} INFO - DAG(s) 'read_dataset_event_from_classic', 'read_dataset_event' retrieved from /home/airflow/.local/lib/python3.12/site-packages/airflow/example_dags/example_inlet_event_extra.py
[2025-02-10T10:24:46.029+0000] {logging_mixin.py:190} INFO - [2025-02-10T10:24:46.028+0000] {dag.py:3239} INFO - Sync 2 DAGs
[2025-02-10T10:24:46.083+0000] {logging_mixin.py:190} INFO - [2025-02-10T10:24:46.083+0000] {dag.py:4180} INFO - Setting next_dagrun for read_dataset_event to 2025-02-09 00:00:00+00:00, run_after=2025-02-10 00:00:00+00:00
[2025-02-10T10:24:46.097+0000] {logging_mixin.py:190} INFO - [2025-02-10T10:24:46.096+0000] {dag.py:4180} INFO - Setting next_dagrun for read_dataset_event_from_classic to 2025-02-09 00:00:00+00:00, run_after=2025-02-10 00:00:00+00:00
[2025-02-10T10:24:46.129+0000] {processor.py:208} INFO - Processing /home/airflow/.local/lib/python3.12/site-packages/airflow/example_dags/example_inlet_event_extra.py took 1.581 seconds
[2025-02-10T10:25:17.598+0000] {processor.py:186} INFO - Started process (PID=471) to work on /home/airflow/.local/lib/python3.12/site-packages/airflow/example_dags/example_inlet_event_extra.py
[2025-02-10T10:25:17.600+0000] {processor.py:914} INFO - Processing file /home/airflow/.local/lib/python3.12/site-packages/airflow/example_dags/example_inlet_event_extra.py for tasks to queue
[2025-02-10T10:25:17.605+0000] {logging_mixin.py:190} INFO - [2025-02-10T10:25:17.604+0000] {dagbag.py:588} INFO - Filling up the DagBag from /home/airflow/.local/lib/python3.12/site-packages/airflow/example_dags/example_inlet_event_extra.py
[2025-02-10T10:25:19.354+0000] {processor.py:925} INFO - DAG(s) 'read_dataset_event_from_classic', 'read_dataset_event' retrieved from /home/airflow/.local/lib/python3.12/site-packages/airflow/example_dags/example_inlet_event_extra.py
[2025-02-10T10:25:19.463+0000] {logging_mixin.py:190} INFO - [2025-02-10T10:25:19.462+0000] {dag.py:3239} INFO - Sync 2 DAGs
[2025-02-10T10:25:19.553+0000] {logging_mixin.py:190} INFO - [2025-02-10T10:25:19.552+0000] {dag.py:4180} INFO - Setting next_dagrun for read_dataset_event to 2025-02-09 00:00:00+00:00, run_after=2025-02-10 00:00:00+00:00
[2025-02-10T10:25:19.569+0000] {logging_mixin.py:190} INFO - [2025-02-10T10:25:19.568+0000] {dag.py:4180} INFO - Setting next_dagrun for read_dataset_event_from_classic to 2025-02-09 00:00:00+00:00, run_after=2025-02-10 00:00:00+00:00
[2025-02-10T10:25:19.608+0000] {processor.py:208} INFO - Processing /home/airflow/.local/lib/python3.12/site-packages/airflow/example_dags/example_inlet_event_extra.py took 2.027 seconds
[2025-02-10T10:25:50.294+0000] {processor.py:186} INFO - Started process (PID=534) to work on /home/airflow/.local/lib/python3.12/site-packages/airflow/example_dags/example_inlet_event_extra.py
[2025-02-10T10:25:50.296+0000] {processor.py:914} INFO - Processing file /home/airflow/.local/lib/python3.12/site-packages/airflow/example_dags/example_inlet_event_extra.py for tasks to queue
[2025-02-10T10:25:50.304+0000] {logging_mixin.py:190} INFO - [2025-02-10T10:25:50.303+0000] {dagbag.py:588} INFO - Filling up the DagBag from /home/airflow/.local/lib/python3.12/site-packages/airflow/example_dags/example_inlet_event_extra.py
[2025-02-10T10:25:51.841+0000] {processor.py:925} INFO - DAG(s) 'read_dataset_event', 'read_dataset_event_from_classic' retrieved from /home/airflow/.local/lib/python3.12/site-packages/airflow/example_dags/example_inlet_event_extra.py
[2025-02-10T10:25:51.894+0000] {logging_mixin.py:190} INFO - [2025-02-10T10:25:51.894+0000] {dag.py:3239} INFO - Sync 2 DAGs
[2025-02-10T10:25:51.994+0000] {logging_mixin.py:190} INFO - [2025-02-10T10:25:51.993+0000] {dag.py:4180} INFO - Setting next_dagrun for read_dataset_event to 2025-02-09 00:00:00+00:00, run_after=2025-02-10 00:00:00+00:00
[2025-02-10T10:25:52.008+0000] {logging_mixin.py:190} INFO - [2025-02-10T10:25:52.008+0000] {dag.py:4180} INFO - Setting next_dagrun for read_dataset_event_from_classic to 2025-02-09 00:00:00+00:00, run_after=2025-02-10 00:00:00+00:00
[2025-02-10T10:25:52.053+0000] {processor.py:208} INFO - Processing /home/airflow/.local/lib/python3.12/site-packages/airflow/example_dags/example_inlet_event_extra.py took 1.778 seconds
