[2025-02-10T10:20:17.045+0000] {processor.py:186} INFO - Started process (PID=76) to work on /home/airflow/.local/lib/python3.12/site-packages/airflow/example_dags/example_time_delta_sensor_async.py
[2025-02-10T10:20:17.054+0000] {processor.py:914} INFO - Processing file /home/airflow/.local/lib/python3.12/site-packages/airflow/example_dags/example_time_delta_sensor_async.py for tasks to queue
[2025-02-10T10:20:17.078+0000] {logging_mixin.py:190} INFO - [2025-02-10T10:20:17.075+0000] {dagbag.py:588} INFO - Filling up the DagBag from /home/airflow/.local/lib/python3.12/site-packages/airflow/example_dags/example_time_delta_sensor_async.py
[2025-02-10T10:20:17.216+0000] {processor.py:925} INFO - DAG(s) 'example_time_delta_sensor_async' retrieved from /home/airflow/.local/lib/python3.12/site-packages/airflow/example_dags/example_time_delta_sensor_async.py
[2025-02-10T10:20:22.129+0000] {logging_mixin.py:190} INFO - [2025-02-10T10:20:22.119+0000] {override.py:1911} INFO - Created Permission View: can read on DAG:example_time_delta_sensor_async
[2025-02-10T10:20:22.280+0000] {logging_mixin.py:190} INFO - [2025-02-10T10:20:22.279+0000] {override.py:1911} INFO - Created Permission View: can delete on DAG:example_time_delta_sensor_async
[2025-02-10T10:20:22.346+0000] {logging_mixin.py:190} INFO - [2025-02-10T10:20:22.345+0000] {override.py:1911} INFO - Created Permission View: can edit on DAG:example_time_delta_sensor_async
[2025-02-10T10:20:22.396+0000] {logging_mixin.py:190} INFO - [2025-02-10T10:20:22.395+0000] {override.py:1911} INFO - Created Permission View: menu access on DAG Run:example_time_delta_sensor_async
[2025-02-10T10:20:22.451+0000] {logging_mixin.py:190} INFO - [2025-02-10T10:20:22.450+0000] {override.py:1911} INFO - Created Permission View: can read on DAG Run:example_time_delta_sensor_async
[2025-02-10T10:20:22.497+0000] {logging_mixin.py:190} INFO - [2025-02-10T10:20:22.496+0000] {override.py:1911} INFO - Created Permission View: can create on DAG Run:example_time_delta_sensor_async
[2025-02-10T10:20:22.567+0000] {logging_mixin.py:190} INFO - [2025-02-10T10:20:22.567+0000] {override.py:1911} INFO - Created Permission View: can delete on DAG Run:example_time_delta_sensor_async
[2025-02-10T10:20:22.581+0000] {logging_mixin.py:190} INFO - [2025-02-10T10:20:22.580+0000] {dag.py:3239} INFO - Sync 1 DAGs
[2025-02-10T10:20:22.690+0000] {logging_mixin.py:190} INFO - [2025-02-10T10:20:22.690+0000] {dag.py:3262} INFO - Creating ORM DAG for example_time_delta_sensor_async
[2025-02-10T10:20:22.696+0000] {logging_mixin.py:190} INFO - [2025-02-10T10:20:22.696+0000] {dag.py:4180} INFO - Setting next_dagrun for example_time_delta_sensor_async to None, run_after=None
[2025-02-10T10:20:22.848+0000] {processor.py:208} INFO - Processing /home/airflow/.local/lib/python3.12/site-packages/airflow/example_dags/example_time_delta_sensor_async.py took 5.896 seconds
[2025-02-10T10:22:27.898+0000] {processor.py:186} INFO - Started process (PID=155) to work on /home/airflow/.local/lib/python3.12/site-packages/airflow/example_dags/example_time_delta_sensor_async.py
[2025-02-10T10:22:27.901+0000] {processor.py:914} INFO - Processing file /home/airflow/.local/lib/python3.12/site-packages/airflow/example_dags/example_time_delta_sensor_async.py for tasks to queue
[2025-02-10T10:22:27.910+0000] {logging_mixin.py:190} INFO - [2025-02-10T10:22:27.910+0000] {dagbag.py:588} INFO - Filling up the DagBag from /home/airflow/.local/lib/python3.12/site-packages/airflow/example_dags/example_time_delta_sensor_async.py
[2025-02-10T10:22:27.931+0000] {processor.py:925} INFO - DAG(s) 'example_time_delta_sensor_async' retrieved from /home/airflow/.local/lib/python3.12/site-packages/airflow/example_dags/example_time_delta_sensor_async.py
[2025-02-10T10:22:27.974+0000] {logging_mixin.py:190} INFO - [2025-02-10T10:22:27.973+0000] {dag.py:3239} INFO - Sync 1 DAGs
[2025-02-10T10:22:28.008+0000] {logging_mixin.py:190} INFO - [2025-02-10T10:22:28.008+0000] {dag.py:4180} INFO - Setting next_dagrun for example_time_delta_sensor_async to None, run_after=None
[2025-02-10T10:22:28.066+0000] {processor.py:208} INFO - Processing /home/airflow/.local/lib/python3.12/site-packages/airflow/example_dags/example_time_delta_sensor_async.py took 0.184 seconds
[2025-02-10T10:22:58.284+0000] {processor.py:186} INFO - Started process (PID=214) to work on /home/airflow/.local/lib/python3.12/site-packages/airflow/example_dags/example_time_delta_sensor_async.py
[2025-02-10T10:22:58.286+0000] {processor.py:914} INFO - Processing file /home/airflow/.local/lib/python3.12/site-packages/airflow/example_dags/example_time_delta_sensor_async.py for tasks to queue
[2025-02-10T10:22:58.291+0000] {logging_mixin.py:190} INFO - [2025-02-10T10:22:58.290+0000] {dagbag.py:588} INFO - Filling up the DagBag from /home/airflow/.local/lib/python3.12/site-packages/airflow/example_dags/example_time_delta_sensor_async.py
[2025-02-10T10:22:58.308+0000] {processor.py:925} INFO - DAG(s) 'example_time_delta_sensor_async' retrieved from /home/airflow/.local/lib/python3.12/site-packages/airflow/example_dags/example_time_delta_sensor_async.py
[2025-02-10T10:22:58.353+0000] {logging_mixin.py:190} INFO - [2025-02-10T10:22:58.353+0000] {dag.py:3239} INFO - Sync 1 DAGs
[2025-02-10T10:22:58.386+0000] {logging_mixin.py:190} INFO - [2025-02-10T10:22:58.385+0000] {dag.py:4180} INFO - Setting next_dagrun for example_time_delta_sensor_async to None, run_after=None
[2025-02-10T10:22:58.422+0000] {processor.py:208} INFO - Processing /home/airflow/.local/lib/python3.12/site-packages/airflow/example_dags/example_time_delta_sensor_async.py took 0.149 seconds
[2025-02-10T10:23:37.806+0000] {processor.py:186} INFO - Started process (PID=278) to work on /home/airflow/.local/lib/python3.12/site-packages/airflow/example_dags/example_time_delta_sensor_async.py
[2025-02-10T10:23:37.815+0000] {processor.py:914} INFO - Processing file /home/airflow/.local/lib/python3.12/site-packages/airflow/example_dags/example_time_delta_sensor_async.py for tasks to queue
[2025-02-10T10:23:37.828+0000] {logging_mixin.py:190} INFO - [2025-02-10T10:23:37.822+0000] {dagbag.py:588} INFO - Filling up the DagBag from /home/airflow/.local/lib/python3.12/site-packages/airflow/example_dags/example_time_delta_sensor_async.py
[2025-02-10T10:23:37.860+0000] {processor.py:925} INFO - DAG(s) 'example_time_delta_sensor_async' retrieved from /home/airflow/.local/lib/python3.12/site-packages/airflow/example_dags/example_time_delta_sensor_async.py
[2025-02-10T10:23:37.916+0000] {logging_mixin.py:190} INFO - [2025-02-10T10:23:37.915+0000] {dag.py:3239} INFO - Sync 1 DAGs
[2025-02-10T10:23:37.960+0000] {logging_mixin.py:190} INFO - [2025-02-10T10:23:37.959+0000] {dag.py:4180} INFO - Setting next_dagrun for example_time_delta_sensor_async to None, run_after=None
[2025-02-10T10:23:38.068+0000] {processor.py:208} INFO - Processing /home/airflow/.local/lib/python3.12/site-packages/airflow/example_dags/example_time_delta_sensor_async.py took 0.295 seconds
[2025-02-10T10:24:10.463+0000] {processor.py:186} INFO - Started process (PID=340) to work on /home/airflow/.local/lib/python3.12/site-packages/airflow/example_dags/example_time_delta_sensor_async.py
[2025-02-10T10:24:10.465+0000] {processor.py:914} INFO - Processing file /home/airflow/.local/lib/python3.12/site-packages/airflow/example_dags/example_time_delta_sensor_async.py for tasks to queue
[2025-02-10T10:24:10.470+0000] {logging_mixin.py:190} INFO - [2025-02-10T10:24:10.469+0000] {dagbag.py:588} INFO - Filling up the DagBag from /home/airflow/.local/lib/python3.12/site-packages/airflow/example_dags/example_time_delta_sensor_async.py
[2025-02-10T10:24:10.485+0000] {processor.py:925} INFO - DAG(s) 'example_time_delta_sensor_async' retrieved from /home/airflow/.local/lib/python3.12/site-packages/airflow/example_dags/example_time_delta_sensor_async.py
[2025-02-10T10:24:10.527+0000] {logging_mixin.py:190} INFO - [2025-02-10T10:24:10.526+0000] {dag.py:3239} INFO - Sync 1 DAGs
[2025-02-10T10:24:10.570+0000] {logging_mixin.py:190} INFO - [2025-02-10T10:24:10.569+0000] {dag.py:4180} INFO - Setting next_dagrun for example_time_delta_sensor_async to None, run_after=None
[2025-02-10T10:24:10.619+0000] {processor.py:208} INFO - Processing /home/airflow/.local/lib/python3.12/site-packages/airflow/example_dags/example_time_delta_sensor_async.py took 0.168 seconds
[2025-02-10T10:24:40.972+0000] {processor.py:186} INFO - Started process (PID=400) to work on /home/airflow/.local/lib/python3.12/site-packages/airflow/example_dags/example_time_delta_sensor_async.py
[2025-02-10T10:24:40.974+0000] {processor.py:914} INFO - Processing file /home/airflow/.local/lib/python3.12/site-packages/airflow/example_dags/example_time_delta_sensor_async.py for tasks to queue
[2025-02-10T10:24:40.978+0000] {logging_mixin.py:190} INFO - [2025-02-10T10:24:40.978+0000] {dagbag.py:588} INFO - Filling up the DagBag from /home/airflow/.local/lib/python3.12/site-packages/airflow/example_dags/example_time_delta_sensor_async.py
[2025-02-10T10:24:40.996+0000] {processor.py:925} INFO - DAG(s) 'example_time_delta_sensor_async' retrieved from /home/airflow/.local/lib/python3.12/site-packages/airflow/example_dags/example_time_delta_sensor_async.py
[2025-02-10T10:24:41.029+0000] {logging_mixin.py:190} INFO - [2025-02-10T10:24:41.028+0000] {dag.py:3239} INFO - Sync 1 DAGs
[2025-02-10T10:24:41.055+0000] {logging_mixin.py:190} INFO - [2025-02-10T10:24:41.055+0000] {dag.py:4180} INFO - Setting next_dagrun for example_time_delta_sensor_async to None, run_after=None
[2025-02-10T10:24:41.083+0000] {processor.py:208} INFO - Processing /home/airflow/.local/lib/python3.12/site-packages/airflow/example_dags/example_time_delta_sensor_async.py took 0.132 seconds
[2025-02-10T10:25:11.376+0000] {processor.py:186} INFO - Started process (PID=463) to work on /home/airflow/.local/lib/python3.12/site-packages/airflow/example_dags/example_time_delta_sensor_async.py
[2025-02-10T10:25:11.378+0000] {processor.py:914} INFO - Processing file /home/airflow/.local/lib/python3.12/site-packages/airflow/example_dags/example_time_delta_sensor_async.py for tasks to queue
[2025-02-10T10:25:11.383+0000] {logging_mixin.py:190} INFO - [2025-02-10T10:25:11.383+0000] {dagbag.py:588} INFO - Filling up the DagBag from /home/airflow/.local/lib/python3.12/site-packages/airflow/example_dags/example_time_delta_sensor_async.py
[2025-02-10T10:25:11.399+0000] {processor.py:925} INFO - DAG(s) 'example_time_delta_sensor_async' retrieved from /home/airflow/.local/lib/python3.12/site-packages/airflow/example_dags/example_time_delta_sensor_async.py
[2025-02-10T10:25:11.458+0000] {logging_mixin.py:190} INFO - [2025-02-10T10:25:11.458+0000] {dag.py:3239} INFO - Sync 1 DAGs
[2025-02-10T10:25:11.494+0000] {logging_mixin.py:190} INFO - [2025-02-10T10:25:11.493+0000] {dag.py:4180} INFO - Setting next_dagrun for example_time_delta_sensor_async to None, run_after=None
[2025-02-10T10:25:11.535+0000] {processor.py:208} INFO - Processing /home/airflow/.local/lib/python3.12/site-packages/airflow/example_dags/example_time_delta_sensor_async.py took 0.173 seconds
[2025-02-10T10:25:41.888+0000] {processor.py:186} INFO - Started process (PID=520) to work on /home/airflow/.local/lib/python3.12/site-packages/airflow/example_dags/example_time_delta_sensor_async.py
[2025-02-10T10:25:41.891+0000] {processor.py:914} INFO - Processing file /home/airflow/.local/lib/python3.12/site-packages/airflow/example_dags/example_time_delta_sensor_async.py for tasks to queue
[2025-02-10T10:25:41.898+0000] {logging_mixin.py:190} INFO - [2025-02-10T10:25:41.898+0000] {dagbag.py:588} INFO - Filling up the DagBag from /home/airflow/.local/lib/python3.12/site-packages/airflow/example_dags/example_time_delta_sensor_async.py
[2025-02-10T10:25:41.927+0000] {processor.py:925} INFO - DAG(s) 'example_time_delta_sensor_async' retrieved from /home/airflow/.local/lib/python3.12/site-packages/airflow/example_dags/example_time_delta_sensor_async.py
[2025-02-10T10:25:42.050+0000] {logging_mixin.py:190} INFO - [2025-02-10T10:25:42.050+0000] {dag.py:3239} INFO - Sync 1 DAGs
[2025-02-10T10:25:42.181+0000] {logging_mixin.py:190} INFO - [2025-02-10T10:25:42.181+0000] {dag.py:4180} INFO - Setting next_dagrun for example_time_delta_sensor_async to None, run_after=None
[2025-02-10T10:25:42.483+0000] {processor.py:208} INFO - Processing /home/airflow/.local/lib/python3.12/site-packages/airflow/example_dags/example_time_delta_sensor_async.py took 0.618 seconds
