[2025-02-10T10:21:55.026+0000] {processor.py:186} INFO - Started process (PID=122) to work on /home/airflow/.local/lib/python3.12/site-packages/airflow/example_dags/example_latest_only.py
[2025-02-10T10:21:55.028+0000] {processor.py:914} INFO - Processing file /home/airflow/.local/lib/python3.12/site-packages/airflow/example_dags/example_latest_only.py for tasks to queue
[2025-02-10T10:21:55.036+0000] {logging_mixin.py:190} INFO - [2025-02-10T10:21:55.035+0000] {dagbag.py:588} INFO - Filling up the DagBag from /home/airflow/.local/lib/python3.12/site-packages/airflow/example_dags/example_latest_only.py
[2025-02-10T10:21:55.062+0000] {processor.py:925} INFO - DAG(s) 'latest_only' retrieved from /home/airflow/.local/lib/python3.12/site-packages/airflow/example_dags/example_latest_only.py
[2025-02-10T10:21:57.246+0000] {logging_mixin.py:190} INFO - [2025-02-10T10:21:57.244+0000] {override.py:1911} INFO - Created Permission View: can read on DAG:latest_only
[2025-02-10T10:21:57.331+0000] {logging_mixin.py:190} INFO - [2025-02-10T10:21:57.331+0000] {override.py:1911} INFO - Created Permission View: can delete on DAG:latest_only
[2025-02-10T10:21:57.494+0000] {logging_mixin.py:190} INFO - [2025-02-10T10:21:57.493+0000] {override.py:1911} INFO - Created Permission View: can edit on DAG:latest_only
[2025-02-10T10:21:57.739+0000] {logging_mixin.py:190} INFO - [2025-02-10T10:21:57.738+0000] {override.py:1911} INFO - Created Permission View: menu access on DAG Run:latest_only
[2025-02-10T10:21:57.865+0000] {logging_mixin.py:190} INFO - [2025-02-10T10:21:57.864+0000] {override.py:1911} INFO - Created Permission View: can read on DAG Run:latest_only
[2025-02-10T10:21:57.988+0000] {logging_mixin.py:190} INFO - [2025-02-10T10:21:57.987+0000] {override.py:1911} INFO - Created Permission View: can create on DAG Run:latest_only
[2025-02-10T10:21:58.347+0000] {logging_mixin.py:190} INFO - [2025-02-10T10:21:58.347+0000] {override.py:1911} INFO - Created Permission View: can delete on DAG Run:latest_only
[2025-02-10T10:21:58.349+0000] {logging_mixin.py:190} INFO - [2025-02-10T10:21:58.348+0000] {dag.py:3239} INFO - Sync 1 DAGs
[2025-02-10T10:21:58.388+0000] {logging_mixin.py:190} INFO - [2025-02-10T10:21:58.387+0000] {dag.py:3262} INFO - Creating ORM DAG for latest_only
[2025-02-10T10:21:58.476+0000] {logging_mixin.py:190} INFO - [2025-02-10T10:21:58.475+0000] {dag.py:4180} INFO - Setting next_dagrun for latest_only to 2025-02-10 04:00:00+00:00, run_after=2025-02-10 08:00:00+00:00
[2025-02-10T10:21:58.593+0000] {processor.py:208} INFO - Processing /home/airflow/.local/lib/python3.12/site-packages/airflow/example_dags/example_latest_only.py took 3.583 seconds
[2025-02-10T10:22:34.268+0000] {processor.py:186} INFO - Started process (PID=188) to work on /home/airflow/.local/lib/python3.12/site-packages/airflow/example_dags/example_latest_only.py
[2025-02-10T10:22:34.270+0000] {processor.py:914} INFO - Processing file /home/airflow/.local/lib/python3.12/site-packages/airflow/example_dags/example_latest_only.py for tasks to queue
[2025-02-10T10:22:34.277+0000] {logging_mixin.py:190} INFO - [2025-02-10T10:22:34.276+0000] {dagbag.py:588} INFO - Filling up the DagBag from /home/airflow/.local/lib/python3.12/site-packages/airflow/example_dags/example_latest_only.py
[2025-02-10T10:22:34.303+0000] {processor.py:925} INFO - DAG(s) 'latest_only' retrieved from /home/airflow/.local/lib/python3.12/site-packages/airflow/example_dags/example_latest_only.py
[2025-02-10T10:22:34.354+0000] {logging_mixin.py:190} INFO - [2025-02-10T10:22:34.353+0000] {dag.py:3239} INFO - Sync 1 DAGs
[2025-02-10T10:22:34.437+0000] {logging_mixin.py:190} INFO - [2025-02-10T10:22:34.436+0000] {dag.py:4180} INFO - Setting next_dagrun for latest_only to 2025-02-10 04:00:00+00:00, run_after=2025-02-10 08:00:00+00:00
[2025-02-10T10:22:34.481+0000] {processor.py:208} INFO - Processing /home/airflow/.local/lib/python3.12/site-packages/airflow/example_dags/example_latest_only.py took 0.226 seconds
[2025-02-10T10:23:05.274+0000] {processor.py:186} INFO - Started process (PID=251) to work on /home/airflow/.local/lib/python3.12/site-packages/airflow/example_dags/example_latest_only.py
[2025-02-10T10:23:05.276+0000] {processor.py:914} INFO - Processing file /home/airflow/.local/lib/python3.12/site-packages/airflow/example_dags/example_latest_only.py for tasks to queue
[2025-02-10T10:23:05.281+0000] {logging_mixin.py:190} INFO - [2025-02-10T10:23:05.280+0000] {dagbag.py:588} INFO - Filling up the DagBag from /home/airflow/.local/lib/python3.12/site-packages/airflow/example_dags/example_latest_only.py
[2025-02-10T10:23:05.305+0000] {processor.py:925} INFO - DAG(s) 'latest_only' retrieved from /home/airflow/.local/lib/python3.12/site-packages/airflow/example_dags/example_latest_only.py
[2025-02-10T10:23:05.344+0000] {logging_mixin.py:190} INFO - [2025-02-10T10:23:05.344+0000] {dag.py:3239} INFO - Sync 1 DAGs
[2025-02-10T10:23:05.404+0000] {logging_mixin.py:190} INFO - [2025-02-10T10:23:05.403+0000] {dag.py:4180} INFO - Setting next_dagrun for latest_only to 2025-02-10 04:00:00+00:00, run_after=2025-02-10 08:00:00+00:00
[2025-02-10T10:23:05.462+0000] {processor.py:208} INFO - Processing /home/airflow/.local/lib/python3.12/site-packages/airflow/example_dags/example_latest_only.py took 0.202 seconds
[2025-02-10T10:23:43.541+0000] {processor.py:186} INFO - Started process (PID=306) to work on /home/airflow/.local/lib/python3.12/site-packages/airflow/example_dags/example_latest_only.py
[2025-02-10T10:23:43.543+0000] {processor.py:914} INFO - Processing file /home/airflow/.local/lib/python3.12/site-packages/airflow/example_dags/example_latest_only.py for tasks to queue
[2025-02-10T10:23:43.547+0000] {logging_mixin.py:190} INFO - [2025-02-10T10:23:43.547+0000] {dagbag.py:588} INFO - Filling up the DagBag from /home/airflow/.local/lib/python3.12/site-packages/airflow/example_dags/example_latest_only.py
[2025-02-10T10:23:43.559+0000] {processor.py:925} INFO - DAG(s) 'latest_only' retrieved from /home/airflow/.local/lib/python3.12/site-packages/airflow/example_dags/example_latest_only.py
[2025-02-10T10:23:43.594+0000] {logging_mixin.py:190} INFO - [2025-02-10T10:23:43.594+0000] {dag.py:3239} INFO - Sync 1 DAGs
[2025-02-10T10:23:43.637+0000] {logging_mixin.py:190} INFO - [2025-02-10T10:23:43.637+0000] {dag.py:4180} INFO - Setting next_dagrun for latest_only to 2025-02-10 04:00:00+00:00, run_after=2025-02-10 08:00:00+00:00
[2025-02-10T10:23:43.671+0000] {processor.py:208} INFO - Processing /home/airflow/.local/lib/python3.12/site-packages/airflow/example_dags/example_latest_only.py took 0.139 seconds
[2025-02-10T10:24:17.928+0000] {processor.py:186} INFO - Started process (PID=370) to work on /home/airflow/.local/lib/python3.12/site-packages/airflow/example_dags/example_latest_only.py
[2025-02-10T10:24:17.930+0000] {processor.py:914} INFO - Processing file /home/airflow/.local/lib/python3.12/site-packages/airflow/example_dags/example_latest_only.py for tasks to queue
[2025-02-10T10:24:17.936+0000] {logging_mixin.py:190} INFO - [2025-02-10T10:24:17.935+0000] {dagbag.py:588} INFO - Filling up the DagBag from /home/airflow/.local/lib/python3.12/site-packages/airflow/example_dags/example_latest_only.py
[2025-02-10T10:24:17.962+0000] {processor.py:925} INFO - DAG(s) 'latest_only' retrieved from /home/airflow/.local/lib/python3.12/site-packages/airflow/example_dags/example_latest_only.py
[2025-02-10T10:24:18.029+0000] {logging_mixin.py:190} INFO - [2025-02-10T10:24:18.028+0000] {dag.py:3239} INFO - Sync 1 DAGs
[2025-02-10T10:24:18.146+0000] {logging_mixin.py:190} INFO - [2025-02-10T10:24:18.146+0000] {dag.py:4180} INFO - Setting next_dagrun for latest_only to 2025-02-10 04:00:00+00:00, run_after=2025-02-10 08:00:00+00:00
[2025-02-10T10:24:18.220+0000] {processor.py:208} INFO - Processing /home/airflow/.local/lib/python3.12/site-packages/airflow/example_dags/example_latest_only.py took 0.305 seconds
[2025-02-10T10:24:48.426+0000] {processor.py:186} INFO - Started process (PID=433) to work on /home/airflow/.local/lib/python3.12/site-packages/airflow/example_dags/example_latest_only.py
[2025-02-10T10:24:48.428+0000] {processor.py:914} INFO - Processing file /home/airflow/.local/lib/python3.12/site-packages/airflow/example_dags/example_latest_only.py for tasks to queue
[2025-02-10T10:24:48.434+0000] {logging_mixin.py:190} INFO - [2025-02-10T10:24:48.433+0000] {dagbag.py:588} INFO - Filling up the DagBag from /home/airflow/.local/lib/python3.12/site-packages/airflow/example_dags/example_latest_only.py
[2025-02-10T10:24:48.451+0000] {processor.py:925} INFO - DAG(s) 'latest_only' retrieved from /home/airflow/.local/lib/python3.12/site-packages/airflow/example_dags/example_latest_only.py
[2025-02-10T10:24:48.495+0000] {logging_mixin.py:190} INFO - [2025-02-10T10:24:48.495+0000] {dag.py:3239} INFO - Sync 1 DAGs
[2025-02-10T10:24:48.560+0000] {logging_mixin.py:190} INFO - [2025-02-10T10:24:48.560+0000] {dag.py:4180} INFO - Setting next_dagrun for latest_only to 2025-02-10 04:00:00+00:00, run_after=2025-02-10 08:00:00+00:00
[2025-02-10T10:24:48.625+0000] {processor.py:208} INFO - Processing /home/airflow/.local/lib/python3.12/site-packages/airflow/example_dags/example_latest_only.py took 0.212 seconds
[2025-02-10T10:25:23.137+0000] {processor.py:186} INFO - Started process (PID=496) to work on /home/airflow/.local/lib/python3.12/site-packages/airflow/example_dags/example_latest_only.py
[2025-02-10T10:25:23.143+0000] {processor.py:914} INFO - Processing file /home/airflow/.local/lib/python3.12/site-packages/airflow/example_dags/example_latest_only.py for tasks to queue
[2025-02-10T10:25:23.149+0000] {logging_mixin.py:190} INFO - [2025-02-10T10:25:23.148+0000] {dagbag.py:588} INFO - Filling up the DagBag from /home/airflow/.local/lib/python3.12/site-packages/airflow/example_dags/example_latest_only.py
[2025-02-10T10:25:23.167+0000] {processor.py:925} INFO - DAG(s) 'latest_only' retrieved from /home/airflow/.local/lib/python3.12/site-packages/airflow/example_dags/example_latest_only.py
[2025-02-10T10:25:23.239+0000] {logging_mixin.py:190} INFO - [2025-02-10T10:25:23.238+0000] {dag.py:3239} INFO - Sync 1 DAGs
[2025-02-10T10:25:23.312+0000] {logging_mixin.py:190} INFO - [2025-02-10T10:25:23.312+0000] {dag.py:4180} INFO - Setting next_dagrun for latest_only to 2025-02-10 04:00:00+00:00, run_after=2025-02-10 08:00:00+00:00
[2025-02-10T10:25:23.382+0000] {processor.py:208} INFO - Processing /home/airflow/.local/lib/python3.12/site-packages/airflow/example_dags/example_latest_only.py took 0.261 seconds
[2025-02-10T10:25:54.737+0000] {processor.py:186} INFO - Started process (PID=558) to work on /home/airflow/.local/lib/python3.12/site-packages/airflow/example_dags/example_latest_only.py
[2025-02-10T10:25:54.740+0000] {processor.py:914} INFO - Processing file /home/airflow/.local/lib/python3.12/site-packages/airflow/example_dags/example_latest_only.py for tasks to queue
[2025-02-10T10:25:54.746+0000] {logging_mixin.py:190} INFO - [2025-02-10T10:25:54.745+0000] {dagbag.py:588} INFO - Filling up the DagBag from /home/airflow/.local/lib/python3.12/site-packages/airflow/example_dags/example_latest_only.py
[2025-02-10T10:25:54.765+0000] {processor.py:925} INFO - DAG(s) 'latest_only' retrieved from /home/airflow/.local/lib/python3.12/site-packages/airflow/example_dags/example_latest_only.py
[2025-02-10T10:25:54.854+0000] {logging_mixin.py:190} INFO - [2025-02-10T10:25:54.853+0000] {dag.py:3239} INFO - Sync 1 DAGs
[2025-02-10T10:25:55.046+0000] {logging_mixin.py:190} INFO - [2025-02-10T10:25:55.035+0000] {dag.py:4180} INFO - Setting next_dagrun for latest_only to 2025-02-10 04:00:00+00:00, run_after=2025-02-10 08:00:00+00:00
[2025-02-10T10:25:55.298+0000] {processor.py:208} INFO - Processing /home/airflow/.local/lib/python3.12/site-packages/airflow/example_dags/example_latest_only.py took 0.578 seconds
