[2025-02-10T10:20:35.809+0000] {processor.py:186} INFO - Started process (PID=88) to work on /home/airflow/.local/lib/python3.12/site-packages/airflow/example_dags/example_branch_labels.py
[2025-02-10T10:20:35.899+0000] {processor.py:914} INFO - Processing file /home/airflow/.local/lib/python3.12/site-packages/airflow/example_dags/example_branch_labels.py for tasks to queue
[2025-02-10T10:20:36.133+0000] {logging_mixin.py:190} INFO - [2025-02-10T10:20:36.121+0000] {dagbag.py:588} INFO - Filling up the DagBag from /home/airflow/.local/lib/python3.12/site-packages/airflow/example_dags/example_branch_labels.py
[2025-02-10T10:20:37.153+0000] {processor.py:925} INFO - DAG(s) 'example_branch_labels' retrieved from /home/airflow/.local/lib/python3.12/site-packages/airflow/example_dags/example_branch_labels.py
[2025-02-10T10:20:47.415+0000] {logging_mixin.py:190} INFO - [2025-02-10T10:20:47.413+0000] {override.py:1911} INFO - Created Permission View: can read on DAG:example_branch_labels
[2025-02-10T10:20:47.596+0000] {logging_mixin.py:190} INFO - [2025-02-10T10:20:47.595+0000] {override.py:1911} INFO - Created Permission View: can delete on DAG:example_branch_labels
[2025-02-10T10:20:47.673+0000] {logging_mixin.py:190} INFO - [2025-02-10T10:20:47.668+0000] {override.py:1911} INFO - Created Permission View: can edit on DAG:example_branch_labels
[2025-02-10T10:20:47.718+0000] {logging_mixin.py:190} INFO - [2025-02-10T10:20:47.717+0000] {override.py:1911} INFO - Created Permission View: menu access on DAG Run:example_branch_labels
[2025-02-10T10:20:47.779+0000] {logging_mixin.py:190} INFO - [2025-02-10T10:20:47.778+0000] {override.py:1911} INFO - Created Permission View: can read on DAG Run:example_branch_labels
[2025-02-10T10:20:47.840+0000] {logging_mixin.py:190} INFO - [2025-02-10T10:20:47.839+0000] {override.py:1911} INFO - Created Permission View: can create on DAG Run:example_branch_labels
[2025-02-10T10:20:48.237+0000] {logging_mixin.py:190} INFO - [2025-02-10T10:20:48.237+0000] {override.py:1911} INFO - Created Permission View: can delete on DAG Run:example_branch_labels
[2025-02-10T10:20:48.239+0000] {logging_mixin.py:190} INFO - [2025-02-10T10:20:48.238+0000] {dag.py:3239} INFO - Sync 1 DAGs
[2025-02-10T10:20:48.927+0000] {logging_mixin.py:190} INFO - [2025-02-10T10:20:48.926+0000] {dag.py:3262} INFO - Creating ORM DAG for example_branch_labels
[2025-02-10T10:20:50.027+0000] {logging_mixin.py:190} INFO - [2025-02-10T10:20:50.027+0000] {dag.py:4180} INFO - Setting next_dagrun for example_branch_labels to 2025-02-09 00:00:00+00:00, run_after=2025-02-10 00:00:00+00:00
[2025-02-10T10:20:50.729+0000] {processor.py:208} INFO - Processing /home/airflow/.local/lib/python3.12/site-packages/airflow/example_dags/example_branch_labels.py took 13.931 seconds
[2025-02-10T10:22:28.826+0000] {processor.py:186} INFO - Started process (PID=161) to work on /home/airflow/.local/lib/python3.12/site-packages/airflow/example_dags/example_branch_labels.py
[2025-02-10T10:22:28.829+0000] {processor.py:914} INFO - Processing file /home/airflow/.local/lib/python3.12/site-packages/airflow/example_dags/example_branch_labels.py for tasks to queue
[2025-02-10T10:22:28.836+0000] {logging_mixin.py:190} INFO - [2025-02-10T10:22:28.836+0000] {dagbag.py:588} INFO - Filling up the DagBag from /home/airflow/.local/lib/python3.12/site-packages/airflow/example_dags/example_branch_labels.py
[2025-02-10T10:22:28.858+0000] {processor.py:925} INFO - DAG(s) 'example_branch_labels' retrieved from /home/airflow/.local/lib/python3.12/site-packages/airflow/example_dags/example_branch_labels.py
[2025-02-10T10:22:28.921+0000] {logging_mixin.py:190} INFO - [2025-02-10T10:22:28.921+0000] {dag.py:3239} INFO - Sync 1 DAGs
[2025-02-10T10:22:29.024+0000] {logging_mixin.py:190} INFO - [2025-02-10T10:22:29.024+0000] {dag.py:4180} INFO - Setting next_dagrun for example_branch_labels to 2025-02-09 00:00:00+00:00, run_after=2025-02-10 00:00:00+00:00
[2025-02-10T10:22:29.082+0000] {processor.py:208} INFO - Processing /home/airflow/.local/lib/python3.12/site-packages/airflow/example_dags/example_branch_labels.py took 0.272 seconds
[2025-02-10T10:22:59.350+0000] {processor.py:186} INFO - Started process (PID=222) to work on /home/airflow/.local/lib/python3.12/site-packages/airflow/example_dags/example_branch_labels.py
[2025-02-10T10:22:59.353+0000] {processor.py:914} INFO - Processing file /home/airflow/.local/lib/python3.12/site-packages/airflow/example_dags/example_branch_labels.py for tasks to queue
[2025-02-10T10:22:59.360+0000] {logging_mixin.py:190} INFO - [2025-02-10T10:22:59.359+0000] {dagbag.py:588} INFO - Filling up the DagBag from /home/airflow/.local/lib/python3.12/site-packages/airflow/example_dags/example_branch_labels.py
[2025-02-10T10:22:59.388+0000] {processor.py:925} INFO - DAG(s) 'example_branch_labels' retrieved from /home/airflow/.local/lib/python3.12/site-packages/airflow/example_dags/example_branch_labels.py
[2025-02-10T10:22:59.441+0000] {logging_mixin.py:190} INFO - [2025-02-10T10:22:59.441+0000] {dag.py:3239} INFO - Sync 1 DAGs
[2025-02-10T10:22:59.495+0000] {logging_mixin.py:190} INFO - [2025-02-10T10:22:59.494+0000] {dag.py:4180} INFO - Setting next_dagrun for example_branch_labels to 2025-02-09 00:00:00+00:00, run_after=2025-02-10 00:00:00+00:00
[2025-02-10T10:22:59.551+0000] {processor.py:208} INFO - Processing /home/airflow/.local/lib/python3.12/site-packages/airflow/example_dags/example_branch_labels.py took 0.216 seconds
[2025-02-10T10:23:39.347+0000] {processor.py:186} INFO - Started process (PID=284) to work on /home/airflow/.local/lib/python3.12/site-packages/airflow/example_dags/example_branch_labels.py
[2025-02-10T10:23:39.349+0000] {processor.py:914} INFO - Processing file /home/airflow/.local/lib/python3.12/site-packages/airflow/example_dags/example_branch_labels.py for tasks to queue
[2025-02-10T10:23:39.367+0000] {logging_mixin.py:190} INFO - [2025-02-10T10:23:39.367+0000] {dagbag.py:588} INFO - Filling up the DagBag from /home/airflow/.local/lib/python3.12/site-packages/airflow/example_dags/example_branch_labels.py
[2025-02-10T10:23:39.411+0000] {processor.py:925} INFO - DAG(s) 'example_branch_labels' retrieved from /home/airflow/.local/lib/python3.12/site-packages/airflow/example_dags/example_branch_labels.py
[2025-02-10T10:23:39.477+0000] {logging_mixin.py:190} INFO - [2025-02-10T10:23:39.477+0000] {dag.py:3239} INFO - Sync 1 DAGs
[2025-02-10T10:23:39.554+0000] {logging_mixin.py:190} INFO - [2025-02-10T10:23:39.553+0000] {dag.py:4180} INFO - Setting next_dagrun for example_branch_labels to 2025-02-09 00:00:00+00:00, run_after=2025-02-10 00:00:00+00:00
[2025-02-10T10:23:39.619+0000] {processor.py:208} INFO - Processing /home/airflow/.local/lib/python3.12/site-packages/airflow/example_dags/example_branch_labels.py took 0.287 seconds
[2025-02-10T10:24:11.111+0000] {processor.py:186} INFO - Started process (PID=345) to work on /home/airflow/.local/lib/python3.12/site-packages/airflow/example_dags/example_branch_labels.py
[2025-02-10T10:24:11.114+0000] {processor.py:914} INFO - Processing file /home/airflow/.local/lib/python3.12/site-packages/airflow/example_dags/example_branch_labels.py for tasks to queue
[2025-02-10T10:24:11.119+0000] {logging_mixin.py:190} INFO - [2025-02-10T10:24:11.118+0000] {dagbag.py:588} INFO - Filling up the DagBag from /home/airflow/.local/lib/python3.12/site-packages/airflow/example_dags/example_branch_labels.py
[2025-02-10T10:24:11.142+0000] {processor.py:925} INFO - DAG(s) 'example_branch_labels' retrieved from /home/airflow/.local/lib/python3.12/site-packages/airflow/example_dags/example_branch_labels.py
[2025-02-10T10:24:11.213+0000] {logging_mixin.py:190} INFO - [2025-02-10T10:24:11.213+0000] {dag.py:3239} INFO - Sync 1 DAGs
[2025-02-10T10:24:11.271+0000] {logging_mixin.py:190} INFO - [2025-02-10T10:24:11.270+0000] {dag.py:4180} INFO - Setting next_dagrun for example_branch_labels to 2025-02-09 00:00:00+00:00, run_after=2025-02-10 00:00:00+00:00
[2025-02-10T10:24:11.308+0000] {processor.py:208} INFO - Processing /home/airflow/.local/lib/python3.12/site-packages/airflow/example_dags/example_branch_labels.py took 0.208 seconds
[2025-02-10T10:24:43.568+0000] {processor.py:186} INFO - Started process (PID=408) to work on /home/airflow/.local/lib/python3.12/site-packages/airflow/example_dags/example_branch_labels.py
[2025-02-10T10:24:43.571+0000] {processor.py:914} INFO - Processing file /home/airflow/.local/lib/python3.12/site-packages/airflow/example_dags/example_branch_labels.py for tasks to queue
[2025-02-10T10:24:43.576+0000] {logging_mixin.py:190} INFO - [2025-02-10T10:24:43.575+0000] {dagbag.py:588} INFO - Filling up the DagBag from /home/airflow/.local/lib/python3.12/site-packages/airflow/example_dags/example_branch_labels.py
[2025-02-10T10:24:43.600+0000] {processor.py:925} INFO - DAG(s) 'example_branch_labels' retrieved from /home/airflow/.local/lib/python3.12/site-packages/airflow/example_dags/example_branch_labels.py
[2025-02-10T10:24:43.653+0000] {logging_mixin.py:190} INFO - [2025-02-10T10:24:43.653+0000] {dag.py:3239} INFO - Sync 1 DAGs
[2025-02-10T10:24:43.705+0000] {logging_mixin.py:190} INFO - [2025-02-10T10:24:43.704+0000] {dag.py:4180} INFO - Setting next_dagrun for example_branch_labels to 2025-02-09 00:00:00+00:00, run_after=2025-02-10 00:00:00+00:00
[2025-02-10T10:24:43.736+0000] {processor.py:208} INFO - Processing /home/airflow/.local/lib/python3.12/site-packages/airflow/example_dags/example_branch_labels.py took 0.182 seconds
[2025-02-10T10:25:17.603+0000] {processor.py:186} INFO - Started process (PID=472) to work on /home/airflow/.local/lib/python3.12/site-packages/airflow/example_dags/example_branch_labels.py
[2025-02-10T10:25:17.605+0000] {processor.py:914} INFO - Processing file /home/airflow/.local/lib/python3.12/site-packages/airflow/example_dags/example_branch_labels.py for tasks to queue
[2025-02-10T10:25:17.610+0000] {logging_mixin.py:190} INFO - [2025-02-10T10:25:17.609+0000] {dagbag.py:588} INFO - Filling up the DagBag from /home/airflow/.local/lib/python3.12/site-packages/airflow/example_dags/example_branch_labels.py
[2025-02-10T10:25:17.649+0000] {processor.py:925} INFO - DAG(s) 'example_branch_labels' retrieved from /home/airflow/.local/lib/python3.12/site-packages/airflow/example_dags/example_branch_labels.py
[2025-02-10T10:25:17.702+0000] {logging_mixin.py:190} INFO - [2025-02-10T10:25:17.701+0000] {dag.py:3239} INFO - Sync 1 DAGs
[2025-02-10T10:25:17.766+0000] {logging_mixin.py:190} INFO - [2025-02-10T10:25:17.766+0000] {dag.py:4180} INFO - Setting next_dagrun for example_branch_labels to 2025-02-09 00:00:00+00:00, run_after=2025-02-10 00:00:00+00:00
[2025-02-10T10:25:17.815+0000] {processor.py:208} INFO - Processing /home/airflow/.local/lib/python3.12/site-packages/airflow/example_dags/example_branch_labels.py took 0.229 seconds
[2025-02-10T10:25:49.890+0000] {processor.py:186} INFO - Started process (PID=532) to work on /home/airflow/.local/lib/python3.12/site-packages/airflow/example_dags/example_branch_labels.py
[2025-02-10T10:25:49.892+0000] {processor.py:914} INFO - Processing file /home/airflow/.local/lib/python3.12/site-packages/airflow/example_dags/example_branch_labels.py for tasks to queue
[2025-02-10T10:25:49.895+0000] {logging_mixin.py:190} INFO - [2025-02-10T10:25:49.895+0000] {dagbag.py:588} INFO - Filling up the DagBag from /home/airflow/.local/lib/python3.12/site-packages/airflow/example_dags/example_branch_labels.py
[2025-02-10T10:25:49.912+0000] {processor.py:925} INFO - DAG(s) 'example_branch_labels' retrieved from /home/airflow/.local/lib/python3.12/site-packages/airflow/example_dags/example_branch_labels.py
[2025-02-10T10:25:49.953+0000] {logging_mixin.py:190} INFO - [2025-02-10T10:25:49.953+0000] {dag.py:3239} INFO - Sync 1 DAGs
[2025-02-10T10:25:50.002+0000] {logging_mixin.py:190} INFO - [2025-02-10T10:25:50.002+0000] {dag.py:4180} INFO - Setting next_dagrun for example_branch_labels to 2025-02-09 00:00:00+00:00, run_after=2025-02-10 00:00:00+00:00
[2025-02-10T10:25:50.033+0000] {processor.py:208} INFO - Processing /home/airflow/.local/lib/python3.12/site-packages/airflow/example_dags/example_branch_labels.py took 0.153 seconds
