[2025-02-10T10:21:43.068+0000] {processor.py:186} INFO - Started process (PID=114) to work on /home/airflow/.local/lib/python3.12/site-packages/airflow/example_dags/example_branch_python_dop_operator_3.py
[2025-02-10T10:21:43.077+0000] {processor.py:914} INFO - Processing file /home/airflow/.local/lib/python3.12/site-packages/airflow/example_dags/example_branch_python_dop_operator_3.py for tasks to queue
[2025-02-10T10:21:43.083+0000] {logging_mixin.py:190} INFO - [2025-02-10T10:21:43.082+0000] {dagbag.py:588} INFO - Filling up the DagBag from /home/airflow/.local/lib/python3.12/site-packages/airflow/example_dags/example_branch_python_dop_operator_3.py
[2025-02-10T10:21:43.217+0000] {processor.py:925} INFO - DAG(s) 'example_branch_dop_operator_v3' retrieved from /home/airflow/.local/lib/python3.12/site-packages/airflow/example_dags/example_branch_python_dop_operator_3.py
[2025-02-10T10:21:43.893+0000] {logging_mixin.py:190} INFO - [2025-02-10T10:21:43.891+0000] {override.py:1911} INFO - Created Permission View: can read on DAG:example_branch_dop_operator_v3
[2025-02-10T10:21:43.990+0000] {logging_mixin.py:190} INFO - [2025-02-10T10:21:43.989+0000] {override.py:1911} INFO - Created Permission View: can delete on DAG:example_branch_dop_operator_v3
[2025-02-10T10:21:44.088+0000] {logging_mixin.py:190} INFO - [2025-02-10T10:21:44.087+0000] {override.py:1911} INFO - Created Permission View: can edit on DAG:example_branch_dop_operator_v3
[2025-02-10T10:21:44.342+0000] {logging_mixin.py:190} INFO - [2025-02-10T10:21:44.336+0000] {override.py:1911} INFO - Created Permission View: menu access on DAG Run:example_branch_dop_operator_v3
[2025-02-10T10:21:44.474+0000] {logging_mixin.py:190} INFO - [2025-02-10T10:21:44.474+0000] {override.py:1911} INFO - Created Permission View: can read on DAG Run:example_branch_dop_operator_v3
[2025-02-10T10:21:44.571+0000] {logging_mixin.py:190} INFO - [2025-02-10T10:21:44.570+0000] {override.py:1911} INFO - Created Permission View: can create on DAG Run:example_branch_dop_operator_v3
[2025-02-10T10:21:44.671+0000] {logging_mixin.py:190} INFO - [2025-02-10T10:21:44.639+0000] {override.py:1911} INFO - Created Permission View: can delete on DAG Run:example_branch_dop_operator_v3
[2025-02-10T10:21:44.676+0000] {logging_mixin.py:190} INFO - [2025-02-10T10:21:44.675+0000] {dag.py:3239} INFO - Sync 1 DAGs
[2025-02-10T10:21:44.814+0000] {logging_mixin.py:190} INFO - [2025-02-10T10:21:44.814+0000] {dag.py:3262} INFO - Creating ORM DAG for example_branch_dop_operator_v3
[2025-02-10T10:21:45.069+0000] {logging_mixin.py:190} INFO - [2025-02-10T10:21:45.069+0000] {dag.py:4180} INFO - Setting next_dagrun for example_branch_dop_operator_v3 to 2025-02-10 10:20:00+00:00, run_after=2025-02-10 10:21:00+00:00
[2025-02-10T10:21:45.499+0000] {processor.py:208} INFO - Processing /home/airflow/.local/lib/python3.12/site-packages/airflow/example_dags/example_branch_python_dop_operator_3.py took 2.442 seconds
[2025-02-10T10:22:33.193+0000] {processor.py:186} INFO - Started process (PID=180) to work on /home/airflow/.local/lib/python3.12/site-packages/airflow/example_dags/example_branch_python_dop_operator_3.py
[2025-02-10T10:22:33.195+0000] {processor.py:914} INFO - Processing file /home/airflow/.local/lib/python3.12/site-packages/airflow/example_dags/example_branch_python_dop_operator_3.py for tasks to queue
[2025-02-10T10:22:33.200+0000] {logging_mixin.py:190} INFO - [2025-02-10T10:22:33.199+0000] {dagbag.py:588} INFO - Filling up the DagBag from /home/airflow/.local/lib/python3.12/site-packages/airflow/example_dags/example_branch_python_dop_operator_3.py
[2025-02-10T10:22:33.226+0000] {processor.py:925} INFO - DAG(s) 'example_branch_dop_operator_v3' retrieved from /home/airflow/.local/lib/python3.12/site-packages/airflow/example_dags/example_branch_python_dop_operator_3.py
[2025-02-10T10:22:33.275+0000] {logging_mixin.py:190} INFO - [2025-02-10T10:22:33.274+0000] {dag.py:3239} INFO - Sync 1 DAGs
[2025-02-10T10:22:33.340+0000] {logging_mixin.py:190} INFO - [2025-02-10T10:22:33.340+0000] {dag.py:4180} INFO - Setting next_dagrun for example_branch_dop_operator_v3 to 2025-02-10 10:21:00+00:00, run_after=2025-02-10 10:22:00+00:00
[2025-02-10T10:22:33.382+0000] {processor.py:208} INFO - Processing /home/airflow/.local/lib/python3.12/site-packages/airflow/example_dags/example_branch_python_dop_operator_3.py took 0.202 seconds
[2025-02-10T10:23:04.168+0000] {processor.py:186} INFO - Started process (PID=243) to work on /home/airflow/.local/lib/python3.12/site-packages/airflow/example_dags/example_branch_python_dop_operator_3.py
[2025-02-10T10:23:04.170+0000] {processor.py:914} INFO - Processing file /home/airflow/.local/lib/python3.12/site-packages/airflow/example_dags/example_branch_python_dop_operator_3.py for tasks to queue
[2025-02-10T10:23:04.176+0000] {logging_mixin.py:190} INFO - [2025-02-10T10:23:04.176+0000] {dagbag.py:588} INFO - Filling up the DagBag from /home/airflow/.local/lib/python3.12/site-packages/airflow/example_dags/example_branch_python_dop_operator_3.py
[2025-02-10T10:23:04.198+0000] {processor.py:925} INFO - DAG(s) 'example_branch_dop_operator_v3' retrieved from /home/airflow/.local/lib/python3.12/site-packages/airflow/example_dags/example_branch_python_dop_operator_3.py
[2025-02-10T10:23:04.244+0000] {logging_mixin.py:190} INFO - [2025-02-10T10:23:04.244+0000] {dag.py:3239} INFO - Sync 1 DAGs
[2025-02-10T10:23:04.319+0000] {logging_mixin.py:190} INFO - [2025-02-10T10:23:04.318+0000] {dag.py:4180} INFO - Setting next_dagrun for example_branch_dop_operator_v3 to 2025-02-10 10:22:00+00:00, run_after=2025-02-10 10:23:00+00:00
[2025-02-10T10:23:04.369+0000] {processor.py:208} INFO - Processing /home/airflow/.local/lib/python3.12/site-packages/airflow/example_dags/example_branch_python_dop_operator_3.py took 0.215 seconds
[2025-02-10T10:23:42.683+0000] {processor.py:186} INFO - Started process (PID=298) to work on /home/airflow/.local/lib/python3.12/site-packages/airflow/example_dags/example_branch_python_dop_operator_3.py
[2025-02-10T10:23:42.686+0000] {processor.py:914} INFO - Processing file /home/airflow/.local/lib/python3.12/site-packages/airflow/example_dags/example_branch_python_dop_operator_3.py for tasks to queue
[2025-02-10T10:23:42.691+0000] {logging_mixin.py:190} INFO - [2025-02-10T10:23:42.690+0000] {dagbag.py:588} INFO - Filling up the DagBag from /home/airflow/.local/lib/python3.12/site-packages/airflow/example_dags/example_branch_python_dop_operator_3.py
[2025-02-10T10:23:42.713+0000] {processor.py:925} INFO - DAG(s) 'example_branch_dop_operator_v3' retrieved from /home/airflow/.local/lib/python3.12/site-packages/airflow/example_dags/example_branch_python_dop_operator_3.py
[2025-02-10T10:23:42.755+0000] {logging_mixin.py:190} INFO - [2025-02-10T10:23:42.754+0000] {dag.py:3239} INFO - Sync 1 DAGs
[2025-02-10T10:23:42.811+0000] {logging_mixin.py:190} INFO - [2025-02-10T10:23:42.810+0000] {dag.py:4180} INFO - Setting next_dagrun for example_branch_dop_operator_v3 to 2025-02-10 10:22:00+00:00, run_after=2025-02-10 10:23:00+00:00
[2025-02-10T10:23:42.859+0000] {processor.py:208} INFO - Processing /home/airflow/.local/lib/python3.12/site-packages/airflow/example_dags/example_branch_python_dop_operator_3.py took 0.190 seconds
[2025-02-10T10:24:16.291+0000] {processor.py:186} INFO - Started process (PID=362) to work on /home/airflow/.local/lib/python3.12/site-packages/airflow/example_dags/example_branch_python_dop_operator_3.py
[2025-02-10T10:24:16.300+0000] {processor.py:914} INFO - Processing file /home/airflow/.local/lib/python3.12/site-packages/airflow/example_dags/example_branch_python_dop_operator_3.py for tasks to queue
[2025-02-10T10:24:16.311+0000] {logging_mixin.py:190} INFO - [2025-02-10T10:24:16.310+0000] {dagbag.py:588} INFO - Filling up the DagBag from /home/airflow/.local/lib/python3.12/site-packages/airflow/example_dags/example_branch_python_dop_operator_3.py
[2025-02-10T10:24:16.353+0000] {processor.py:925} INFO - DAG(s) 'example_branch_dop_operator_v3' retrieved from /home/airflow/.local/lib/python3.12/site-packages/airflow/example_dags/example_branch_python_dop_operator_3.py
[2025-02-10T10:24:16.448+0000] {logging_mixin.py:190} INFO - [2025-02-10T10:24:16.448+0000] {dag.py:3239} INFO - Sync 1 DAGs
[2025-02-10T10:24:16.576+0000] {logging_mixin.py:190} INFO - [2025-02-10T10:24:16.576+0000] {dag.py:4180} INFO - Setting next_dagrun for example_branch_dop_operator_v3 to 2025-02-10 10:23:00+00:00, run_after=2025-02-10 10:24:00+00:00
[2025-02-10T10:24:16.707+0000] {processor.py:208} INFO - Processing /home/airflow/.local/lib/python3.12/site-packages/airflow/example_dags/example_branch_python_dop_operator_3.py took 0.451 seconds
[2025-02-10T10:24:47.490+0000] {processor.py:186} INFO - Started process (PID=425) to work on /home/airflow/.local/lib/python3.12/site-packages/airflow/example_dags/example_branch_python_dop_operator_3.py
[2025-02-10T10:24:47.498+0000] {processor.py:914} INFO - Processing file /home/airflow/.local/lib/python3.12/site-packages/airflow/example_dags/example_branch_python_dop_operator_3.py for tasks to queue
[2025-02-10T10:24:47.508+0000] {logging_mixin.py:190} INFO - [2025-02-10T10:24:47.506+0000] {dagbag.py:588} INFO - Filling up the DagBag from /home/airflow/.local/lib/python3.12/site-packages/airflow/example_dags/example_branch_python_dop_operator_3.py
[2025-02-10T10:24:47.545+0000] {processor.py:925} INFO - DAG(s) 'example_branch_dop_operator_v3' retrieved from /home/airflow/.local/lib/python3.12/site-packages/airflow/example_dags/example_branch_python_dop_operator_3.py
[2025-02-10T10:24:47.584+0000] {logging_mixin.py:190} INFO - [2025-02-10T10:24:47.584+0000] {dag.py:3239} INFO - Sync 1 DAGs
[2025-02-10T10:24:47.656+0000] {logging_mixin.py:190} INFO - [2025-02-10T10:24:47.656+0000] {dag.py:4180} INFO - Setting next_dagrun for example_branch_dop_operator_v3 to 2025-02-10 10:23:00+00:00, run_after=2025-02-10 10:24:00+00:00
[2025-02-10T10:24:47.695+0000] {processor.py:208} INFO - Processing /home/airflow/.local/lib/python3.12/site-packages/airflow/example_dags/example_branch_python_dop_operator_3.py took 0.230 seconds
[2025-02-10T10:25:21.682+0000] {processor.py:186} INFO - Started process (PID=488) to work on /home/airflow/.local/lib/python3.12/site-packages/airflow/example_dags/example_branch_python_dop_operator_3.py
[2025-02-10T10:25:21.684+0000] {processor.py:914} INFO - Processing file /home/airflow/.local/lib/python3.12/site-packages/airflow/example_dags/example_branch_python_dop_operator_3.py for tasks to queue
[2025-02-10T10:25:21.690+0000] {logging_mixin.py:190} INFO - [2025-02-10T10:25:21.689+0000] {dagbag.py:588} INFO - Filling up the DagBag from /home/airflow/.local/lib/python3.12/site-packages/airflow/example_dags/example_branch_python_dop_operator_3.py
[2025-02-10T10:25:21.725+0000] {processor.py:925} INFO - DAG(s) 'example_branch_dop_operator_v3' retrieved from /home/airflow/.local/lib/python3.12/site-packages/airflow/example_dags/example_branch_python_dop_operator_3.py
[2025-02-10T10:25:21.785+0000] {logging_mixin.py:190} INFO - [2025-02-10T10:25:21.784+0000] {dag.py:3239} INFO - Sync 1 DAGs
[2025-02-10T10:25:21.863+0000] {logging_mixin.py:190} INFO - [2025-02-10T10:25:21.863+0000] {dag.py:4180} INFO - Setting next_dagrun for example_branch_dop_operator_v3 to 2025-02-10 10:24:00+00:00, run_after=2025-02-10 10:25:00+00:00
[2025-02-10T10:25:21.921+0000] {processor.py:208} INFO - Processing /home/airflow/.local/lib/python3.12/site-packages/airflow/example_dags/example_branch_python_dop_operator_3.py took 0.253 seconds
[2025-02-10T10:25:52.915+0000] {processor.py:186} INFO - Started process (PID=548) to work on /home/airflow/.local/lib/python3.12/site-packages/airflow/example_dags/example_branch_python_dop_operator_3.py
[2025-02-10T10:25:52.916+0000] {processor.py:914} INFO - Processing file /home/airflow/.local/lib/python3.12/site-packages/airflow/example_dags/example_branch_python_dop_operator_3.py for tasks to queue
[2025-02-10T10:25:52.921+0000] {logging_mixin.py:190} INFO - [2025-02-10T10:25:52.920+0000] {dagbag.py:588} INFO - Filling up the DagBag from /home/airflow/.local/lib/python3.12/site-packages/airflow/example_dags/example_branch_python_dop_operator_3.py
[2025-02-10T10:25:52.941+0000] {processor.py:925} INFO - DAG(s) 'example_branch_dop_operator_v3' retrieved from /home/airflow/.local/lib/python3.12/site-packages/airflow/example_dags/example_branch_python_dop_operator_3.py
[2025-02-10T10:25:53.035+0000] {logging_mixin.py:190} INFO - [2025-02-10T10:25:53.034+0000] {dag.py:3239} INFO - Sync 1 DAGs
[2025-02-10T10:25:53.098+0000] {logging_mixin.py:190} INFO - [2025-02-10T10:25:53.098+0000] {dag.py:4180} INFO - Setting next_dagrun for example_branch_dop_operator_v3 to 2025-02-10 10:24:00+00:00, run_after=2025-02-10 10:25:00+00:00
[2025-02-10T10:25:53.142+0000] {processor.py:208} INFO - Processing /home/airflow/.local/lib/python3.12/site-packages/airflow/example_dags/example_branch_python_dop_operator_3.py took 0.239 seconds
