[2025-02-10T10:22:00.045+0000] {processor.py:186} INFO - Started process (PID=129) to work on /home/airflow/.local/lib/python3.12/site-packages/airflow/example_dags/example_subdag_operator.py
[2025-02-10T10:22:00.050+0000] {processor.py:914} INFO - Processing file /home/airflow/.local/lib/python3.12/site-packages/airflow/example_dags/example_subdag_operator.py for tasks to queue
[2025-02-10T10:22:00.056+0000] {logging_mixin.py:190} INFO - [2025-02-10T10:22:00.055+0000] {dagbag.py:588} INFO - Filling up the DagBag from /home/airflow/.local/lib/python3.12/site-packages/airflow/example_dags/example_subdag_operator.py
[2025-02-10T10:22:00.214+0000] {processor.py:925} INFO - DAG(s) 'example_subdag_operator.section-1', 'example_subdag_operator.section-2', 'example_subdag_operator' retrieved from /home/airflow/.local/lib/python3.12/site-packages/airflow/example_dags/example_subdag_operator.py
[2025-02-10T10:22:00.617+0000] {logging_mixin.py:190} INFO - [2025-02-10T10:22:00.616+0000] {override.py:1911} INFO - Created Permission View: can read on DAG:example_subdag_operator
[2025-02-10T10:22:00.649+0000] {logging_mixin.py:190} INFO - [2025-02-10T10:22:00.648+0000] {override.py:1911} INFO - Created Permission View: can delete on DAG:example_subdag_operator
[2025-02-10T10:22:00.678+0000] {logging_mixin.py:190} INFO - [2025-02-10T10:22:00.677+0000] {override.py:1911} INFO - Created Permission View: can edit on DAG:example_subdag_operator
[2025-02-10T10:22:00.707+0000] {logging_mixin.py:190} INFO - [2025-02-10T10:22:00.707+0000] {override.py:1911} INFO - Created Permission View: menu access on DAG Run:example_subdag_operator
[2025-02-10T10:22:00.735+0000] {logging_mixin.py:190} INFO - [2025-02-10T10:22:00.734+0000] {override.py:1911} INFO - Created Permission View: can read on DAG Run:example_subdag_operator
[2025-02-10T10:22:00.777+0000] {logging_mixin.py:190} INFO - [2025-02-10T10:22:00.776+0000] {override.py:1911} INFO - Created Permission View: can create on DAG Run:example_subdag_operator
[2025-02-10T10:22:00.809+0000] {logging_mixin.py:190} INFO - [2025-02-10T10:22:00.808+0000] {override.py:1911} INFO - Created Permission View: can delete on DAG Run:example_subdag_operator
[2025-02-10T10:22:00.810+0000] {logging_mixin.py:190} INFO - [2025-02-10T10:22:00.810+0000] {dag.py:3239} INFO - Sync 3 DAGs
[2025-02-10T10:22:00.876+0000] {logging_mixin.py:190} INFO - [2025-02-10T10:22:00.876+0000] {dag.py:3262} INFO - Creating ORM DAG for example_subdag_operator.section-1
[2025-02-10T10:22:00.879+0000] {logging_mixin.py:190} INFO - [2025-02-10T10:22:00.879+0000] {dag.py:3262} INFO - Creating ORM DAG for example_subdag_operator
[2025-02-10T10:22:00.882+0000] {logging_mixin.py:190} INFO - [2025-02-10T10:22:00.882+0000] {dag.py:3262} INFO - Creating ORM DAG for example_subdag_operator.section-2
[2025-02-10T10:22:00.913+0000] {logging_mixin.py:190} INFO - [2025-02-10T10:22:00.912+0000] {dag.py:4180} INFO - Setting next_dagrun for example_subdag_operator to 2022-01-01 00:00:00+00:00, run_after=2022-01-01 00:00:00+00:00
[2025-02-10T10:22:00.917+0000] {logging_mixin.py:190} INFO - [2025-02-10T10:22:00.916+0000] {dag.py:4180} INFO - Setting next_dagrun for example_subdag_operator.section-1 to None, run_after=None
[2025-02-10T10:22:00.919+0000] {logging_mixin.py:190} INFO - [2025-02-10T10:22:00.918+0000] {dag.py:4180} INFO - Setting next_dagrun for example_subdag_operator.section-2 to None, run_after=None
[2025-02-10T10:22:00.955+0000] {logging_mixin.py:190} INFO - [2025-02-10T10:22:00.954+0000] {dag.py:3239} INFO - Sync 2 DAGs
[2025-02-10T10:22:00.988+0000] {logging_mixin.py:190} INFO - [2025-02-10T10:22:00.988+0000] {dag.py:4180} INFO - Setting next_dagrun for example_subdag_operator.section-1 to None, run_after=None
[2025-02-10T10:22:01.002+0000] {logging_mixin.py:190} INFO - [2025-02-10T10:22:01.001+0000] {dag.py:4180} INFO - Setting next_dagrun for example_subdag_operator.section-2 to None, run_after=None
[2025-02-10T10:22:01.048+0000] {processor.py:208} INFO - Processing /home/airflow/.local/lib/python3.12/site-packages/airflow/example_dags/example_subdag_operator.py took 1.022 seconds
[2025-02-10T10:22:34.556+0000] {processor.py:186} INFO - Started process (PID=190) to work on /home/airflow/.local/lib/python3.12/site-packages/airflow/example_dags/example_subdag_operator.py
[2025-02-10T10:22:34.558+0000] {processor.py:914} INFO - Processing file /home/airflow/.local/lib/python3.12/site-packages/airflow/example_dags/example_subdag_operator.py for tasks to queue
[2025-02-10T10:22:34.562+0000] {logging_mixin.py:190} INFO - [2025-02-10T10:22:34.562+0000] {dagbag.py:588} INFO - Filling up the DagBag from /home/airflow/.local/lib/python3.12/site-packages/airflow/example_dags/example_subdag_operator.py
[2025-02-10T10:22:34.634+0000] {processor.py:925} INFO - DAG(s) 'example_subdag_operator.section-1', 'example_subdag_operator.section-2', 'example_subdag_operator' retrieved from /home/airflow/.local/lib/python3.12/site-packages/airflow/example_dags/example_subdag_operator.py
[2025-02-10T10:22:34.669+0000] {logging_mixin.py:190} INFO - [2025-02-10T10:22:34.669+0000] {dag.py:3239} INFO - Sync 3 DAGs
[2025-02-10T10:22:34.730+0000] {logging_mixin.py:190} INFO - [2025-02-10T10:22:34.728+0000] {dag.py:4180} INFO - Setting next_dagrun for example_subdag_operator to 2022-01-01 00:00:00+00:00, run_after=2022-01-01 00:00:00+00:00
[2025-02-10T10:22:34.738+0000] {logging_mixin.py:190} INFO - [2025-02-10T10:22:34.738+0000] {dag.py:4180} INFO - Setting next_dagrun for example_subdag_operator.section-1 to None, run_after=None
[2025-02-10T10:22:34.741+0000] {logging_mixin.py:190} INFO - [2025-02-10T10:22:34.741+0000] {dag.py:4180} INFO - Setting next_dagrun for example_subdag_operator.section-2 to None, run_after=None
[2025-02-10T10:22:34.757+0000] {logging_mixin.py:190} INFO - [2025-02-10T10:22:34.756+0000] {dag.py:3239} INFO - Sync 2 DAGs
[2025-02-10T10:22:34.769+0000] {logging_mixin.py:190} INFO - [2025-02-10T10:22:34.768+0000] {dag.py:4180} INFO - Setting next_dagrun for example_subdag_operator.section-1 to None, run_after=None
[2025-02-10T10:22:34.770+0000] {logging_mixin.py:190} INFO - [2025-02-10T10:22:34.770+0000] {dag.py:4180} INFO - Setting next_dagrun for example_subdag_operator.section-2 to None, run_after=None
[2025-02-10T10:22:34.799+0000] {processor.py:208} INFO - Processing /home/airflow/.local/lib/python3.12/site-packages/airflow/example_dags/example_subdag_operator.py took 0.257 seconds
[2025-02-10T10:23:05.560+0000] {processor.py:186} INFO - Started process (PID=253) to work on /home/airflow/.local/lib/python3.12/site-packages/airflow/example_dags/example_subdag_operator.py
[2025-02-10T10:23:05.562+0000] {processor.py:914} INFO - Processing file /home/airflow/.local/lib/python3.12/site-packages/airflow/example_dags/example_subdag_operator.py for tasks to queue
[2025-02-10T10:23:05.567+0000] {logging_mixin.py:190} INFO - [2025-02-10T10:23:05.567+0000] {dagbag.py:588} INFO - Filling up the DagBag from /home/airflow/.local/lib/python3.12/site-packages/airflow/example_dags/example_subdag_operator.py
[2025-02-10T10:23:05.631+0000] {processor.py:925} INFO - DAG(s) 'example_subdag_operator.section-1', 'example_subdag_operator.section-2', 'example_subdag_operator' retrieved from /home/airflow/.local/lib/python3.12/site-packages/airflow/example_dags/example_subdag_operator.py
[2025-02-10T10:23:05.670+0000] {logging_mixin.py:190} INFO - [2025-02-10T10:23:05.670+0000] {dag.py:3239} INFO - Sync 3 DAGs
[2025-02-10T10:23:05.752+0000] {logging_mixin.py:190} INFO - [2025-02-10T10:23:05.751+0000] {dag.py:4180} INFO - Setting next_dagrun for example_subdag_operator to 2022-01-01 00:00:00+00:00, run_after=2022-01-01 00:00:00+00:00
[2025-02-10T10:23:05.763+0000] {logging_mixin.py:190} INFO - [2025-02-10T10:23:05.763+0000] {dag.py:4180} INFO - Setting next_dagrun for example_subdag_operator.section-1 to None, run_after=None
[2025-02-10T10:23:05.768+0000] {logging_mixin.py:190} INFO - [2025-02-10T10:23:05.767+0000] {dag.py:4180} INFO - Setting next_dagrun for example_subdag_operator.section-2 to None, run_after=None
[2025-02-10T10:23:05.787+0000] {logging_mixin.py:190} INFO - [2025-02-10T10:23:05.786+0000] {dag.py:3239} INFO - Sync 2 DAGs
[2025-02-10T10:23:05.802+0000] {logging_mixin.py:190} INFO - [2025-02-10T10:23:05.800+0000] {dag.py:4180} INFO - Setting next_dagrun for example_subdag_operator.section-1 to None, run_after=None
[2025-02-10T10:23:05.805+0000] {logging_mixin.py:190} INFO - [2025-02-10T10:23:05.803+0000] {dag.py:4180} INFO - Setting next_dagrun for example_subdag_operator.section-2 to None, run_after=None
[2025-02-10T10:23:05.833+0000] {processor.py:208} INFO - Processing /home/airflow/.local/lib/python3.12/site-packages/airflow/example_dags/example_subdag_operator.py took 0.286 seconds
[2025-02-10T10:23:43.725+0000] {processor.py:186} INFO - Started process (PID=308) to work on /home/airflow/.local/lib/python3.12/site-packages/airflow/example_dags/example_subdag_operator.py
[2025-02-10T10:23:43.727+0000] {processor.py:914} INFO - Processing file /home/airflow/.local/lib/python3.12/site-packages/airflow/example_dags/example_subdag_operator.py for tasks to queue
[2025-02-10T10:23:43.731+0000] {logging_mixin.py:190} INFO - [2025-02-10T10:23:43.731+0000] {dagbag.py:588} INFO - Filling up the DagBag from /home/airflow/.local/lib/python3.12/site-packages/airflow/example_dags/example_subdag_operator.py
[2025-02-10T10:23:43.788+0000] {processor.py:925} INFO - DAG(s) 'example_subdag_operator.section-1', 'example_subdag_operator.section-2', 'example_subdag_operator' retrieved from /home/airflow/.local/lib/python3.12/site-packages/airflow/example_dags/example_subdag_operator.py
[2025-02-10T10:23:43.825+0000] {logging_mixin.py:190} INFO - [2025-02-10T10:23:43.825+0000] {dag.py:3239} INFO - Sync 3 DAGs
[2025-02-10T10:23:43.877+0000] {logging_mixin.py:190} INFO - [2025-02-10T10:23:43.876+0000] {dag.py:4180} INFO - Setting next_dagrun for example_subdag_operator to 2022-01-01 00:00:00+00:00, run_after=2022-01-01 00:00:00+00:00
[2025-02-10T10:23:43.890+0000] {logging_mixin.py:190} INFO - [2025-02-10T10:23:43.889+0000] {dag.py:4180} INFO - Setting next_dagrun for example_subdag_operator.section-1 to None, run_after=None
[2025-02-10T10:23:43.893+0000] {logging_mixin.py:190} INFO - [2025-02-10T10:23:43.893+0000] {dag.py:4180} INFO - Setting next_dagrun for example_subdag_operator.section-2 to None, run_after=None
[2025-02-10T10:23:43.914+0000] {logging_mixin.py:190} INFO - [2025-02-10T10:23:43.913+0000] {dag.py:3239} INFO - Sync 2 DAGs
[2025-02-10T10:23:43.931+0000] {logging_mixin.py:190} INFO - [2025-02-10T10:23:43.931+0000] {dag.py:4180} INFO - Setting next_dagrun for example_subdag_operator.section-1 to None, run_after=None
[2025-02-10T10:23:43.932+0000] {logging_mixin.py:190} INFO - [2025-02-10T10:23:43.932+0000] {dag.py:4180} INFO - Setting next_dagrun for example_subdag_operator.section-2 to None, run_after=None
[2025-02-10T10:23:43.963+0000] {processor.py:208} INFO - Processing /home/airflow/.local/lib/python3.12/site-packages/airflow/example_dags/example_subdag_operator.py took 0.250 seconds
[2025-02-10T10:24:18.291+0000] {processor.py:186} INFO - Started process (PID=372) to work on /home/airflow/.local/lib/python3.12/site-packages/airflow/example_dags/example_subdag_operator.py
[2025-02-10T10:24:18.293+0000] {processor.py:914} INFO - Processing file /home/airflow/.local/lib/python3.12/site-packages/airflow/example_dags/example_subdag_operator.py for tasks to queue
[2025-02-10T10:24:18.297+0000] {logging_mixin.py:190} INFO - [2025-02-10T10:24:18.297+0000] {dagbag.py:588} INFO - Filling up the DagBag from /home/airflow/.local/lib/python3.12/site-packages/airflow/example_dags/example_subdag_operator.py
[2025-02-10T10:24:18.364+0000] {processor.py:925} INFO - DAG(s) 'example_subdag_operator.section-1', 'example_subdag_operator.section-2', 'example_subdag_operator' retrieved from /home/airflow/.local/lib/python3.12/site-packages/airflow/example_dags/example_subdag_operator.py
[2025-02-10T10:24:18.422+0000] {logging_mixin.py:190} INFO - [2025-02-10T10:24:18.422+0000] {dag.py:3239} INFO - Sync 3 DAGs
[2025-02-10T10:24:18.484+0000] {logging_mixin.py:190} INFO - [2025-02-10T10:24:18.484+0000] {dag.py:4180} INFO - Setting next_dagrun for example_subdag_operator to 2022-01-01 00:00:00+00:00, run_after=2022-01-01 00:00:00+00:00
[2025-02-10T10:24:18.491+0000] {logging_mixin.py:190} INFO - [2025-02-10T10:24:18.491+0000] {dag.py:4180} INFO - Setting next_dagrun for example_subdag_operator.section-1 to None, run_after=None
[2025-02-10T10:24:18.495+0000] {logging_mixin.py:190} INFO - [2025-02-10T10:24:18.494+0000] {dag.py:4180} INFO - Setting next_dagrun for example_subdag_operator.section-2 to None, run_after=None
[2025-02-10T10:24:18.512+0000] {logging_mixin.py:190} INFO - [2025-02-10T10:24:18.512+0000] {dag.py:3239} INFO - Sync 2 DAGs
[2025-02-10T10:24:18.525+0000] {logging_mixin.py:190} INFO - [2025-02-10T10:24:18.525+0000] {dag.py:4180} INFO - Setting next_dagrun for example_subdag_operator.section-1 to None, run_after=None
[2025-02-10T10:24:18.527+0000] {logging_mixin.py:190} INFO - [2025-02-10T10:24:18.526+0000] {dag.py:4180} INFO - Setting next_dagrun for example_subdag_operator.section-2 to None, run_after=None
[2025-02-10T10:24:18.557+0000] {processor.py:208} INFO - Processing /home/airflow/.local/lib/python3.12/site-packages/airflow/example_dags/example_subdag_operator.py took 0.279 seconds
[2025-02-10T10:24:48.755+0000] {processor.py:186} INFO - Started process (PID=435) to work on /home/airflow/.local/lib/python3.12/site-packages/airflow/example_dags/example_subdag_operator.py
[2025-02-10T10:24:48.757+0000] {processor.py:914} INFO - Processing file /home/airflow/.local/lib/python3.12/site-packages/airflow/example_dags/example_subdag_operator.py for tasks to queue
[2025-02-10T10:24:48.769+0000] {logging_mixin.py:190} INFO - [2025-02-10T10:24:48.768+0000] {dagbag.py:588} INFO - Filling up the DagBag from /home/airflow/.local/lib/python3.12/site-packages/airflow/example_dags/example_subdag_operator.py
[2025-02-10T10:24:48.832+0000] {processor.py:925} INFO - DAG(s) 'example_subdag_operator.section-1', 'example_subdag_operator.section-2', 'example_subdag_operator' retrieved from /home/airflow/.local/lib/python3.12/site-packages/airflow/example_dags/example_subdag_operator.py
[2025-02-10T10:24:48.876+0000] {logging_mixin.py:190} INFO - [2025-02-10T10:24:48.875+0000] {dag.py:3239} INFO - Sync 3 DAGs
[2025-02-10T10:24:48.975+0000] {logging_mixin.py:190} INFO - [2025-02-10T10:24:48.974+0000] {dag.py:4180} INFO - Setting next_dagrun for example_subdag_operator to 2022-01-01 00:00:00+00:00, run_after=2022-01-01 00:00:00+00:00
[2025-02-10T10:24:48.981+0000] {logging_mixin.py:190} INFO - [2025-02-10T10:24:48.981+0000] {dag.py:4180} INFO - Setting next_dagrun for example_subdag_operator.section-1 to None, run_after=None
[2025-02-10T10:24:48.988+0000] {logging_mixin.py:190} INFO - [2025-02-10T10:24:48.987+0000] {dag.py:4180} INFO - Setting next_dagrun for example_subdag_operator.section-2 to None, run_after=None
[2025-02-10T10:24:49.004+0000] {logging_mixin.py:190} INFO - [2025-02-10T10:24:49.003+0000] {dag.py:3239} INFO - Sync 2 DAGs
[2025-02-10T10:24:49.014+0000] {logging_mixin.py:190} INFO - [2025-02-10T10:24:49.014+0000] {dag.py:4180} INFO - Setting next_dagrun for example_subdag_operator.section-1 to None, run_after=None
[2025-02-10T10:24:49.015+0000] {logging_mixin.py:190} INFO - [2025-02-10T10:24:49.015+0000] {dag.py:4180} INFO - Setting next_dagrun for example_subdag_operator.section-2 to None, run_after=None
[2025-02-10T10:24:49.051+0000] {processor.py:208} INFO - Processing /home/airflow/.local/lib/python3.12/site-packages/airflow/example_dags/example_subdag_operator.py took 0.314 seconds
[2025-02-10T10:25:23.502+0000] {processor.py:186} INFO - Started process (PID=498) to work on /home/airflow/.local/lib/python3.12/site-packages/airflow/example_dags/example_subdag_operator.py
[2025-02-10T10:25:23.504+0000] {processor.py:914} INFO - Processing file /home/airflow/.local/lib/python3.12/site-packages/airflow/example_dags/example_subdag_operator.py for tasks to queue
[2025-02-10T10:25:23.510+0000] {logging_mixin.py:190} INFO - [2025-02-10T10:25:23.509+0000] {dagbag.py:588} INFO - Filling up the DagBag from /home/airflow/.local/lib/python3.12/site-packages/airflow/example_dags/example_subdag_operator.py
[2025-02-10T10:25:23.602+0000] {processor.py:925} INFO - DAG(s) 'example_subdag_operator.section-1', 'example_subdag_operator.section-2', 'example_subdag_operator' retrieved from /home/airflow/.local/lib/python3.12/site-packages/airflow/example_dags/example_subdag_operator.py
[2025-02-10T10:25:23.694+0000] {logging_mixin.py:190} INFO - [2025-02-10T10:25:23.693+0000] {dag.py:3239} INFO - Sync 3 DAGs
[2025-02-10T10:25:23.868+0000] {logging_mixin.py:190} INFO - [2025-02-10T10:25:23.867+0000] {dag.py:4180} INFO - Setting next_dagrun for example_subdag_operator to 2022-01-01 00:00:00+00:00, run_after=2022-01-01 00:00:00+00:00
[2025-02-10T10:25:23.888+0000] {logging_mixin.py:190} INFO - [2025-02-10T10:25:23.888+0000] {dag.py:4180} INFO - Setting next_dagrun for example_subdag_operator.section-1 to None, run_after=None
[2025-02-10T10:25:23.905+0000] {logging_mixin.py:190} INFO - [2025-02-10T10:25:23.905+0000] {dag.py:4180} INFO - Setting next_dagrun for example_subdag_operator.section-2 to None, run_after=None
[2025-02-10T10:25:23.935+0000] {logging_mixin.py:190} INFO - [2025-02-10T10:25:23.934+0000] {dag.py:3239} INFO - Sync 2 DAGs
[2025-02-10T10:25:23.959+0000] {logging_mixin.py:190} INFO - [2025-02-10T10:25:23.959+0000] {dag.py:4180} INFO - Setting next_dagrun for example_subdag_operator.section-1 to None, run_after=None
[2025-02-10T10:25:23.962+0000] {logging_mixin.py:190} INFO - [2025-02-10T10:25:23.961+0000] {dag.py:4180} INFO - Setting next_dagrun for example_subdag_operator.section-2 to None, run_after=None
[2025-02-10T10:25:23.991+0000] {processor.py:208} INFO - Processing /home/airflow/.local/lib/python3.12/site-packages/airflow/example_dags/example_subdag_operator.py took 0.509 seconds
[2025-02-10T10:25:55.765+0000] {processor.py:186} INFO - Started process (PID=560) to work on /home/airflow/.local/lib/python3.12/site-packages/airflow/example_dags/example_subdag_operator.py
[2025-02-10T10:25:55.769+0000] {processor.py:914} INFO - Processing file /home/airflow/.local/lib/python3.12/site-packages/airflow/example_dags/example_subdag_operator.py for tasks to queue
[2025-02-10T10:25:55.774+0000] {logging_mixin.py:190} INFO - [2025-02-10T10:25:55.773+0000] {dagbag.py:588} INFO - Filling up the DagBag from /home/airflow/.local/lib/python3.12/site-packages/airflow/example_dags/example_subdag_operator.py
[2025-02-10T10:25:55.834+0000] {processor.py:925} INFO - DAG(s) 'example_subdag_operator.section-1', 'example_subdag_operator.section-2', 'example_subdag_operator' retrieved from /home/airflow/.local/lib/python3.12/site-packages/airflow/example_dags/example_subdag_operator.py
[2025-02-10T10:25:55.869+0000] {logging_mixin.py:190} INFO - [2025-02-10T10:25:55.868+0000] {dag.py:3239} INFO - Sync 3 DAGs
[2025-02-10T10:25:55.908+0000] {logging_mixin.py:190} INFO - [2025-02-10T10:25:55.908+0000] {dag.py:4180} INFO - Setting next_dagrun for example_subdag_operator to 2022-01-01 00:00:00+00:00, run_after=2022-01-01 00:00:00+00:00
[2025-02-10T10:25:55.916+0000] {logging_mixin.py:190} INFO - [2025-02-10T10:25:55.916+0000] {dag.py:4180} INFO - Setting next_dagrun for example_subdag_operator.section-1 to None, run_after=None
[2025-02-10T10:25:55.919+0000] {logging_mixin.py:190} INFO - [2025-02-10T10:25:55.919+0000] {dag.py:4180} INFO - Setting next_dagrun for example_subdag_operator.section-2 to None, run_after=None
[2025-02-10T10:25:55.933+0000] {logging_mixin.py:190} INFO - [2025-02-10T10:25:55.933+0000] {dag.py:3239} INFO - Sync 2 DAGs
[2025-02-10T10:25:55.949+0000] {logging_mixin.py:190} INFO - [2025-02-10T10:25:55.948+0000] {dag.py:4180} INFO - Setting next_dagrun for example_subdag_operator.section-1 to None, run_after=None
[2025-02-10T10:25:55.950+0000] {logging_mixin.py:190} INFO - [2025-02-10T10:25:55.950+0000] {dag.py:4180} INFO - Setting next_dagrun for example_subdag_operator.section-2 to None, run_after=None
[2025-02-10T10:25:55.972+0000] {processor.py:208} INFO - Processing /home/airflow/.local/lib/python3.12/site-packages/airflow/example_dags/example_subdag_operator.py took 0.217 seconds
