[2025-02-10T10:22:22.930+0000] {processor.py:186} INFO - Started process (PID=143) to work on /home/airflow/.local/lib/python3.12/site-packages/airflow/example_dags/example_setup_teardown_taskflow.py
[2025-02-10T10:22:22.935+0000] {processor.py:914} INFO - Processing file /home/airflow/.local/lib/python3.12/site-packages/airflow/example_dags/example_setup_teardown_taskflow.py for tasks to queue
[2025-02-10T10:22:22.941+0000] {logging_mixin.py:190} INFO - [2025-02-10T10:22:22.941+0000] {dagbag.py:588} INFO - Filling up the DagBag from /home/airflow/.local/lib/python3.12/site-packages/airflow/example_dags/example_setup_teardown_taskflow.py
[2025-02-10T10:22:22.971+0000] {processor.py:925} INFO - DAG(s) 'example_setup_teardown_taskflow' retrieved from /home/airflow/.local/lib/python3.12/site-packages/airflow/example_dags/example_setup_teardown_taskflow.py
[2025-02-10T10:22:23.297+0000] {logging_mixin.py:190} INFO - [2025-02-10T10:22:23.296+0000] {override.py:1911} INFO - Created Permission View: can read on DAG:example_setup_teardown_taskflow
[2025-02-10T10:22:23.328+0000] {logging_mixin.py:190} INFO - [2025-02-10T10:22:23.327+0000] {override.py:1911} INFO - Created Permission View: can delete on DAG:example_setup_teardown_taskflow
[2025-02-10T10:22:23.349+0000] {logging_mixin.py:190} INFO - [2025-02-10T10:22:23.348+0000] {override.py:1911} INFO - Created Permission View: can edit on DAG:example_setup_teardown_taskflow
[2025-02-10T10:22:23.375+0000] {logging_mixin.py:190} INFO - [2025-02-10T10:22:23.374+0000] {override.py:1911} INFO - Created Permission View: menu access on DAG Run:example_setup_teardown_taskflow
[2025-02-10T10:22:23.394+0000] {logging_mixin.py:190} INFO - [2025-02-10T10:22:23.393+0000] {override.py:1911} INFO - Created Permission View: can read on DAG Run:example_setup_teardown_taskflow
[2025-02-10T10:22:23.412+0000] {logging_mixin.py:190} INFO - [2025-02-10T10:22:23.411+0000] {override.py:1911} INFO - Created Permission View: can create on DAG Run:example_setup_teardown_taskflow
[2025-02-10T10:22:23.441+0000] {logging_mixin.py:190} INFO - [2025-02-10T10:22:23.440+0000] {override.py:1911} INFO - Created Permission View: can delete on DAG Run:example_setup_teardown_taskflow
[2025-02-10T10:22:23.443+0000] {logging_mixin.py:190} INFO - [2025-02-10T10:22:23.442+0000] {dag.py:3239} INFO - Sync 1 DAGs
[2025-02-10T10:22:23.488+0000] {logging_mixin.py:190} INFO - [2025-02-10T10:22:23.488+0000] {dag.py:3262} INFO - Creating ORM DAG for example_setup_teardown_taskflow
[2025-02-10T10:22:23.490+0000] {logging_mixin.py:190} INFO - [2025-02-10T10:22:23.490+0000] {dag.py:4180} INFO - Setting next_dagrun for example_setup_teardown_taskflow to None, run_after=None
[2025-02-10T10:22:23.531+0000] {processor.py:208} INFO - Processing /home/airflow/.local/lib/python3.12/site-packages/airflow/example_dags/example_setup_teardown_taskflow.py took 0.613 seconds
[2025-02-10T10:22:54.779+0000] {processor.py:186} INFO - Started process (PID=204) to work on /home/airflow/.local/lib/python3.12/site-packages/airflow/example_dags/example_setup_teardown_taskflow.py
[2025-02-10T10:22:54.781+0000] {processor.py:914} INFO - Processing file /home/airflow/.local/lib/python3.12/site-packages/airflow/example_dags/example_setup_teardown_taskflow.py for tasks to queue
[2025-02-10T10:22:54.786+0000] {logging_mixin.py:190} INFO - [2025-02-10T10:22:54.786+0000] {dagbag.py:588} INFO - Filling up the DagBag from /home/airflow/.local/lib/python3.12/site-packages/airflow/example_dags/example_setup_teardown_taskflow.py
[2025-02-10T10:22:54.839+0000] {processor.py:925} INFO - DAG(s) 'example_setup_teardown_taskflow' retrieved from /home/airflow/.local/lib/python3.12/site-packages/airflow/example_dags/example_setup_teardown_taskflow.py
[2025-02-10T10:22:54.970+0000] {logging_mixin.py:190} INFO - [2025-02-10T10:22:54.969+0000] {dag.py:3239} INFO - Sync 1 DAGs
[2025-02-10T10:22:55.088+0000] {logging_mixin.py:190} INFO - [2025-02-10T10:22:55.087+0000] {dag.py:4180} INFO - Setting next_dagrun for example_setup_teardown_taskflow to None, run_after=None
[2025-02-10T10:22:55.204+0000] {processor.py:208} INFO - Processing /home/airflow/.local/lib/python3.12/site-packages/airflow/example_dags/example_setup_teardown_taskflow.py took 0.441 seconds
[2025-02-10T10:23:25.464+0000] {processor.py:186} INFO - Started process (PID=266) to work on /home/airflow/.local/lib/python3.12/site-packages/airflow/example_dags/example_setup_teardown_taskflow.py
[2025-02-10T10:23:25.467+0000] {processor.py:914} INFO - Processing file /home/airflow/.local/lib/python3.12/site-packages/airflow/example_dags/example_setup_teardown_taskflow.py for tasks to queue
[2025-02-10T10:23:25.471+0000] {logging_mixin.py:190} INFO - [2025-02-10T10:23:25.471+0000] {dagbag.py:588} INFO - Filling up the DagBag from /home/airflow/.local/lib/python3.12/site-packages/airflow/example_dags/example_setup_teardown_taskflow.py
[2025-02-10T10:23:25.494+0000] {processor.py:925} INFO - DAG(s) 'example_setup_teardown_taskflow' retrieved from /home/airflow/.local/lib/python3.12/site-packages/airflow/example_dags/example_setup_teardown_taskflow.py
[2025-02-10T10:23:25.563+0000] {logging_mixin.py:190} INFO - [2025-02-10T10:23:25.562+0000] {dag.py:3239} INFO - Sync 1 DAGs
[2025-02-10T10:23:25.603+0000] {logging_mixin.py:190} INFO - [2025-02-10T10:23:25.602+0000] {dag.py:4180} INFO - Setting next_dagrun for example_setup_teardown_taskflow to None, run_after=None
[2025-02-10T10:23:25.657+0000] {processor.py:208} INFO - Processing /home/airflow/.local/lib/python3.12/site-packages/airflow/example_dags/example_setup_teardown_taskflow.py took 0.210 seconds
[2025-02-10T10:23:55.870+0000] {processor.py:186} INFO - Started process (PID=328) to work on /home/airflow/.local/lib/python3.12/site-packages/airflow/example_dags/example_setup_teardown_taskflow.py
[2025-02-10T10:23:55.885+0000] {processor.py:914} INFO - Processing file /home/airflow/.local/lib/python3.12/site-packages/airflow/example_dags/example_setup_teardown_taskflow.py for tasks to queue
[2025-02-10T10:23:55.900+0000] {logging_mixin.py:190} INFO - [2025-02-10T10:23:55.899+0000] {dagbag.py:588} INFO - Filling up the DagBag from /home/airflow/.local/lib/python3.12/site-packages/airflow/example_dags/example_setup_teardown_taskflow.py
[2025-02-10T10:23:55.984+0000] {processor.py:925} INFO - DAG(s) 'example_setup_teardown_taskflow' retrieved from /home/airflow/.local/lib/python3.12/site-packages/airflow/example_dags/example_setup_teardown_taskflow.py
[2025-02-10T10:23:56.095+0000] {logging_mixin.py:190} INFO - [2025-02-10T10:23:56.094+0000] {dag.py:3239} INFO - Sync 1 DAGs
[2025-02-10T10:23:56.148+0000] {logging_mixin.py:190} INFO - [2025-02-10T10:23:56.148+0000] {dag.py:4180} INFO - Setting next_dagrun for example_setup_teardown_taskflow to None, run_after=None
[2025-02-10T10:23:56.321+0000] {processor.py:208} INFO - Processing /home/airflow/.local/lib/python3.12/site-packages/airflow/example_dags/example_setup_teardown_taskflow.py took 0.480 seconds
[2025-02-10T10:24:26.581+0000] {processor.py:186} INFO - Started process (PID=393) to work on /home/airflow/.local/lib/python3.12/site-packages/airflow/example_dags/example_setup_teardown_taskflow.py
[2025-02-10T10:24:26.583+0000] {processor.py:914} INFO - Processing file /home/airflow/.local/lib/python3.12/site-packages/airflow/example_dags/example_setup_teardown_taskflow.py for tasks to queue
[2025-02-10T10:24:26.587+0000] {logging_mixin.py:190} INFO - [2025-02-10T10:24:26.586+0000] {dagbag.py:588} INFO - Filling up the DagBag from /home/airflow/.local/lib/python3.12/site-packages/airflow/example_dags/example_setup_teardown_taskflow.py
[2025-02-10T10:24:26.615+0000] {processor.py:925} INFO - DAG(s) 'example_setup_teardown_taskflow' retrieved from /home/airflow/.local/lib/python3.12/site-packages/airflow/example_dags/example_setup_teardown_taskflow.py
[2025-02-10T10:24:26.662+0000] {logging_mixin.py:190} INFO - [2025-02-10T10:24:26.661+0000] {dag.py:3239} INFO - Sync 1 DAGs
[2025-02-10T10:24:26.688+0000] {logging_mixin.py:190} INFO - [2025-02-10T10:24:26.687+0000] {dag.py:4180} INFO - Setting next_dagrun for example_setup_teardown_taskflow to None, run_after=None
[2025-02-10T10:24:26.723+0000] {processor.py:208} INFO - Processing /home/airflow/.local/lib/python3.12/site-packages/airflow/example_dags/example_setup_teardown_taskflow.py took 0.152 seconds
[2025-02-10T10:24:57.498+0000] {processor.py:186} INFO - Started process (PID=456) to work on /home/airflow/.local/lib/python3.12/site-packages/airflow/example_dags/example_setup_teardown_taskflow.py
[2025-02-10T10:24:57.500+0000] {processor.py:914} INFO - Processing file /home/airflow/.local/lib/python3.12/site-packages/airflow/example_dags/example_setup_teardown_taskflow.py for tasks to queue
[2025-02-10T10:24:57.505+0000] {logging_mixin.py:190} INFO - [2025-02-10T10:24:57.504+0000] {dagbag.py:588} INFO - Filling up the DagBag from /home/airflow/.local/lib/python3.12/site-packages/airflow/example_dags/example_setup_teardown_taskflow.py
[2025-02-10T10:24:57.549+0000] {processor.py:925} INFO - DAG(s) 'example_setup_teardown_taskflow' retrieved from /home/airflow/.local/lib/python3.12/site-packages/airflow/example_dags/example_setup_teardown_taskflow.py
[2025-02-10T10:24:57.638+0000] {logging_mixin.py:190} INFO - [2025-02-10T10:24:57.637+0000] {dag.py:3239} INFO - Sync 1 DAGs
[2025-02-10T10:24:57.674+0000] {logging_mixin.py:190} INFO - [2025-02-10T10:24:57.674+0000] {dag.py:4180} INFO - Setting next_dagrun for example_setup_teardown_taskflow to None, run_after=None
[2025-02-10T10:24:57.721+0000] {processor.py:208} INFO - Processing /home/airflow/.local/lib/python3.12/site-packages/airflow/example_dags/example_setup_teardown_taskflow.py took 0.255 seconds
[2025-02-10T10:25:31.109+0000] {processor.py:186} INFO - Started process (PID=519) to work on /home/airflow/.local/lib/python3.12/site-packages/airflow/example_dags/example_setup_teardown_taskflow.py
[2025-02-10T10:25:31.114+0000] {processor.py:914} INFO - Processing file /home/airflow/.local/lib/python3.12/site-packages/airflow/example_dags/example_setup_teardown_taskflow.py for tasks to queue
[2025-02-10T10:25:31.126+0000] {logging_mixin.py:190} INFO - [2025-02-10T10:25:31.125+0000] {dagbag.py:588} INFO - Filling up the DagBag from /home/airflow/.local/lib/python3.12/site-packages/airflow/example_dags/example_setup_teardown_taskflow.py
[2025-02-10T10:25:31.194+0000] {processor.py:925} INFO - DAG(s) 'example_setup_teardown_taskflow' retrieved from /home/airflow/.local/lib/python3.12/site-packages/airflow/example_dags/example_setup_teardown_taskflow.py
[2025-02-10T10:25:31.283+0000] {logging_mixin.py:190} INFO - [2025-02-10T10:25:31.283+0000] {dag.py:3239} INFO - Sync 1 DAGs
[2025-02-10T10:25:31.342+0000] {logging_mixin.py:190} INFO - [2025-02-10T10:25:31.338+0000] {dag.py:4180} INFO - Setting next_dagrun for example_setup_teardown_taskflow to None, run_after=None
[2025-02-10T10:25:31.420+0000] {processor.py:208} INFO - Processing /home/airflow/.local/lib/python3.12/site-packages/airflow/example_dags/example_setup_teardown_taskflow.py took 0.359 seconds
