[2025-02-10T10:20:23.723+0000] {processor.py:186} INFO - Started process (PID=84) to work on /home/airflow/.local/lib/python3.12/site-packages/airflow/example_dags/example_sensor_decorator.py
[2025-02-10T10:20:23.751+0000] {processor.py:914} INFO - Processing file /home/airflow/.local/lib/python3.12/site-packages/airflow/example_dags/example_sensor_decorator.py for tasks to queue
[2025-02-10T10:20:23.829+0000] {logging_mixin.py:190} INFO - [2025-02-10T10:20:23.828+0000] {dagbag.py:588} INFO - Filling up the DagBag from /home/airflow/.local/lib/python3.12/site-packages/airflow/example_dags/example_sensor_decorator.py
[2025-02-10T10:20:24.165+0000] {processor.py:925} INFO - DAG(s) 'example_sensor_decorator' retrieved from /home/airflow/.local/lib/python3.12/site-packages/airflow/example_dags/example_sensor_decorator.py
[2025-02-10T10:20:26.250+0000] {logging_mixin.py:190} INFO - [2025-02-10T10:20:26.244+0000] {override.py:1911} INFO - Created Permission View: can read on DAG:example_sensor_decorator
[2025-02-10T10:20:26.312+0000] {logging_mixin.py:190} INFO - [2025-02-10T10:20:26.311+0000] {override.py:1911} INFO - Created Permission View: can delete on DAG:example_sensor_decorator
[2025-02-10T10:20:26.341+0000] {logging_mixin.py:190} INFO - [2025-02-10T10:20:26.340+0000] {override.py:1911} INFO - Created Permission View: can edit on DAG:example_sensor_decorator
[2025-02-10T10:20:26.393+0000] {logging_mixin.py:190} INFO - [2025-02-10T10:20:26.393+0000] {override.py:1911} INFO - Created Permission View: menu access on DAG Run:example_sensor_decorator
[2025-02-10T10:20:26.413+0000] {logging_mixin.py:190} INFO - [2025-02-10T10:20:26.412+0000] {override.py:1911} INFO - Created Permission View: can read on DAG Run:example_sensor_decorator
[2025-02-10T10:20:26.447+0000] {logging_mixin.py:190} INFO - [2025-02-10T10:20:26.446+0000] {override.py:1911} INFO - Created Permission View: can create on DAG Run:example_sensor_decorator
[2025-02-10T10:20:26.465+0000] {logging_mixin.py:190} INFO - [2025-02-10T10:20:26.463+0000] {override.py:1911} INFO - Created Permission View: can delete on DAG Run:example_sensor_decorator
[2025-02-10T10:20:26.466+0000] {logging_mixin.py:190} INFO - [2025-02-10T10:20:26.466+0000] {dag.py:3239} INFO - Sync 1 DAGs
[2025-02-10T10:20:26.508+0000] {logging_mixin.py:190} INFO - [2025-02-10T10:20:26.508+0000] {dag.py:3262} INFO - Creating ORM DAG for example_sensor_decorator
[2025-02-10T10:20:26.511+0000] {logging_mixin.py:190} INFO - [2025-02-10T10:20:26.510+0000] {dag.py:4180} INFO - Setting next_dagrun for example_sensor_decorator to None, run_after=None
[2025-02-10T10:20:26.569+0000] {processor.py:208} INFO - Processing /home/airflow/.local/lib/python3.12/site-packages/airflow/example_dags/example_sensor_decorator.py took 3.079 seconds
[2025-02-10T10:22:28.156+0000] {processor.py:186} INFO - Started process (PID=157) to work on /home/airflow/.local/lib/python3.12/site-packages/airflow/example_dags/example_sensor_decorator.py
[2025-02-10T10:22:28.159+0000] {processor.py:914} INFO - Processing file /home/airflow/.local/lib/python3.12/site-packages/airflow/example_dags/example_sensor_decorator.py for tasks to queue
[2025-02-10T10:22:28.166+0000] {logging_mixin.py:190} INFO - [2025-02-10T10:22:28.165+0000] {dagbag.py:588} INFO - Filling up the DagBag from /home/airflow/.local/lib/python3.12/site-packages/airflow/example_dags/example_sensor_decorator.py
[2025-02-10T10:22:28.194+0000] {processor.py:925} INFO - DAG(s) 'example_sensor_decorator' retrieved from /home/airflow/.local/lib/python3.12/site-packages/airflow/example_dags/example_sensor_decorator.py
[2025-02-10T10:22:28.261+0000] {logging_mixin.py:190} INFO - [2025-02-10T10:22:28.260+0000] {dag.py:3239} INFO - Sync 1 DAGs
[2025-02-10T10:22:28.308+0000] {logging_mixin.py:190} INFO - [2025-02-10T10:22:28.308+0000] {dag.py:4180} INFO - Setting next_dagrun for example_sensor_decorator to None, run_after=None
[2025-02-10T10:22:28.359+0000] {processor.py:208} INFO - Processing /home/airflow/.local/lib/python3.12/site-packages/airflow/example_dags/example_sensor_decorator.py took 0.215 seconds
[2025-02-10T10:22:59.057+0000] {processor.py:186} INFO - Started process (PID=219) to work on /home/airflow/.local/lib/python3.12/site-packages/airflow/example_dags/example_sensor_decorator.py
[2025-02-10T10:22:59.058+0000] {processor.py:914} INFO - Processing file /home/airflow/.local/lib/python3.12/site-packages/airflow/example_dags/example_sensor_decorator.py for tasks to queue
[2025-02-10T10:22:59.065+0000] {logging_mixin.py:190} INFO - [2025-02-10T10:22:59.063+0000] {dagbag.py:588} INFO - Filling up the DagBag from /home/airflow/.local/lib/python3.12/site-packages/airflow/example_dags/example_sensor_decorator.py
[2025-02-10T10:22:59.085+0000] {processor.py:925} INFO - DAG(s) 'example_sensor_decorator' retrieved from /home/airflow/.local/lib/python3.12/site-packages/airflow/example_dags/example_sensor_decorator.py
[2025-02-10T10:22:59.134+0000] {logging_mixin.py:190} INFO - [2025-02-10T10:22:59.134+0000] {dag.py:3239} INFO - Sync 1 DAGs
[2025-02-10T10:22:59.172+0000] {logging_mixin.py:190} INFO - [2025-02-10T10:22:59.172+0000] {dag.py:4180} INFO - Setting next_dagrun for example_sensor_decorator to None, run_after=None
[2025-02-10T10:22:59.222+0000] {processor.py:208} INFO - Processing /home/airflow/.local/lib/python3.12/site-packages/airflow/example_dags/example_sensor_decorator.py took 0.178 seconds
[2025-02-10T10:23:38.253+0000] {processor.py:186} INFO - Started process (PID=280) to work on /home/airflow/.local/lib/python3.12/site-packages/airflow/example_dags/example_sensor_decorator.py
[2025-02-10T10:23:38.257+0000] {processor.py:914} INFO - Processing file /home/airflow/.local/lib/python3.12/site-packages/airflow/example_dags/example_sensor_decorator.py for tasks to queue
[2025-02-10T10:23:38.298+0000] {logging_mixin.py:190} INFO - [2025-02-10T10:23:38.297+0000] {dagbag.py:588} INFO - Filling up the DagBag from /home/airflow/.local/lib/python3.12/site-packages/airflow/example_dags/example_sensor_decorator.py
[2025-02-10T10:23:38.331+0000] {processor.py:925} INFO - DAG(s) 'example_sensor_decorator' retrieved from /home/airflow/.local/lib/python3.12/site-packages/airflow/example_dags/example_sensor_decorator.py
[2025-02-10T10:23:38.399+0000] {logging_mixin.py:190} INFO - [2025-02-10T10:23:38.399+0000] {dag.py:3239} INFO - Sync 1 DAGs
[2025-02-10T10:23:38.438+0000] {logging_mixin.py:190} INFO - [2025-02-10T10:23:38.437+0000] {dag.py:4180} INFO - Setting next_dagrun for example_sensor_decorator to None, run_after=None
[2025-02-10T10:23:38.497+0000] {processor.py:208} INFO - Processing /home/airflow/.local/lib/python3.12/site-packages/airflow/example_dags/example_sensor_decorator.py took 0.262 seconds
[2025-02-10T10:24:10.686+0000] {processor.py:186} INFO - Started process (PID=342) to work on /home/airflow/.local/lib/python3.12/site-packages/airflow/example_dags/example_sensor_decorator.py
[2025-02-10T10:24:10.688+0000] {processor.py:914} INFO - Processing file /home/airflow/.local/lib/python3.12/site-packages/airflow/example_dags/example_sensor_decorator.py for tasks to queue
[2025-02-10T10:24:10.693+0000] {logging_mixin.py:190} INFO - [2025-02-10T10:24:10.692+0000] {dagbag.py:588} INFO - Filling up the DagBag from /home/airflow/.local/lib/python3.12/site-packages/airflow/example_dags/example_sensor_decorator.py
[2025-02-10T10:24:10.710+0000] {processor.py:925} INFO - DAG(s) 'example_sensor_decorator' retrieved from /home/airflow/.local/lib/python3.12/site-packages/airflow/example_dags/example_sensor_decorator.py
[2025-02-10T10:24:10.750+0000] {logging_mixin.py:190} INFO - [2025-02-10T10:24:10.749+0000] {dag.py:3239} INFO - Sync 1 DAGs
[2025-02-10T10:24:10.778+0000] {logging_mixin.py:190} INFO - [2025-02-10T10:24:10.778+0000] {dag.py:4180} INFO - Setting next_dagrun for example_sensor_decorator to None, run_after=None
[2025-02-10T10:24:10.838+0000] {processor.py:208} INFO - Processing /home/airflow/.local/lib/python3.12/site-packages/airflow/example_dags/example_sensor_decorator.py took 0.164 seconds
[2025-02-10T10:24:41.147+0000] {processor.py:186} INFO - Started process (PID=402) to work on /home/airflow/.local/lib/python3.12/site-packages/airflow/example_dags/example_sensor_decorator.py
[2025-02-10T10:24:41.152+0000] {processor.py:914} INFO - Processing file /home/airflow/.local/lib/python3.12/site-packages/airflow/example_dags/example_sensor_decorator.py for tasks to queue
[2025-02-10T10:24:41.157+0000] {logging_mixin.py:190} INFO - [2025-02-10T10:24:41.156+0000] {dagbag.py:588} INFO - Filling up the DagBag from /home/airflow/.local/lib/python3.12/site-packages/airflow/example_dags/example_sensor_decorator.py
[2025-02-10T10:24:41.176+0000] {processor.py:925} INFO - DAG(s) 'example_sensor_decorator' retrieved from /home/airflow/.local/lib/python3.12/site-packages/airflow/example_dags/example_sensor_decorator.py
[2025-02-10T10:24:41.234+0000] {logging_mixin.py:190} INFO - [2025-02-10T10:24:41.231+0000] {dag.py:3239} INFO - Sync 1 DAGs
[2025-02-10T10:24:41.279+0000] {logging_mixin.py:190} INFO - [2025-02-10T10:24:41.278+0000] {dag.py:4180} INFO - Setting next_dagrun for example_sensor_decorator to None, run_after=None
[2025-02-10T10:24:41.330+0000] {processor.py:208} INFO - Processing /home/airflow/.local/lib/python3.12/site-packages/airflow/example_dags/example_sensor_decorator.py took 0.199 seconds
[2025-02-10T10:25:11.630+0000] {processor.py:186} INFO - Started process (PID=465) to work on /home/airflow/.local/lib/python3.12/site-packages/airflow/example_dags/example_sensor_decorator.py
[2025-02-10T10:25:11.633+0000] {processor.py:914} INFO - Processing file /home/airflow/.local/lib/python3.12/site-packages/airflow/example_dags/example_sensor_decorator.py for tasks to queue
[2025-02-10T10:25:11.639+0000] {logging_mixin.py:190} INFO - [2025-02-10T10:25:11.638+0000] {dagbag.py:588} INFO - Filling up the DagBag from /home/airflow/.local/lib/python3.12/site-packages/airflow/example_dags/example_sensor_decorator.py
[2025-02-10T10:25:11.667+0000] {processor.py:925} INFO - DAG(s) 'example_sensor_decorator' retrieved from /home/airflow/.local/lib/python3.12/site-packages/airflow/example_dags/example_sensor_decorator.py
[2025-02-10T10:25:11.708+0000] {logging_mixin.py:190} INFO - [2025-02-10T10:25:11.708+0000] {dag.py:3239} INFO - Sync 1 DAGs
[2025-02-10T10:25:11.737+0000] {logging_mixin.py:190} INFO - [2025-02-10T10:25:11.737+0000] {dag.py:4180} INFO - Setting next_dagrun for example_sensor_decorator to None, run_after=None
[2025-02-10T10:25:11.791+0000] {processor.py:208} INFO - Processing /home/airflow/.local/lib/python3.12/site-packages/airflow/example_dags/example_sensor_decorator.py took 0.176 seconds
[2025-02-10T10:25:42.732+0000] {processor.py:186} INFO - Started process (PID=527) to work on /home/airflow/.local/lib/python3.12/site-packages/airflow/example_dags/example_sensor_decorator.py
[2025-02-10T10:25:42.734+0000] {processor.py:914} INFO - Processing file /home/airflow/.local/lib/python3.12/site-packages/airflow/example_dags/example_sensor_decorator.py for tasks to queue
[2025-02-10T10:25:42.740+0000] {logging_mixin.py:190} INFO - [2025-02-10T10:25:42.739+0000] {dagbag.py:588} INFO - Filling up the DagBag from /home/airflow/.local/lib/python3.12/site-packages/airflow/example_dags/example_sensor_decorator.py
[2025-02-10T10:25:42.771+0000] {processor.py:925} INFO - DAG(s) 'example_sensor_decorator' retrieved from /home/airflow/.local/lib/python3.12/site-packages/airflow/example_dags/example_sensor_decorator.py
[2025-02-10T10:25:42.835+0000] {logging_mixin.py:190} INFO - [2025-02-10T10:25:42.835+0000] {dag.py:3239} INFO - Sync 1 DAGs
[2025-02-10T10:25:42.893+0000] {logging_mixin.py:190} INFO - [2025-02-10T10:25:42.893+0000] {dag.py:4180} INFO - Setting next_dagrun for example_sensor_decorator to None, run_after=None
[2025-02-10T10:25:42.982+0000] {processor.py:208} INFO - Processing /home/airflow/.local/lib/python3.12/site-packages/airflow/example_dags/example_sensor_decorator.py took 0.267 seconds
