[2025-02-10T10:22:26.926+0000] {processor.py:186} INFO - Started process (PID=149) to work on /home/airflow/.local/lib/python3.12/site-packages/airflow/example_dags/example_dag_decorator.py
[2025-02-10T10:22:26.928+0000] {processor.py:914} INFO - Processing file /home/airflow/.local/lib/python3.12/site-packages/airflow/example_dags/example_dag_decorator.py for tasks to queue
[2025-02-10T10:22:26.937+0000] {logging_mixin.py:190} INFO - [2025-02-10T10:22:26.937+0000] {dagbag.py:588} INFO - Filling up the DagBag from /home/airflow/.local/lib/python3.12/site-packages/airflow/example_dags/example_dag_decorator.py
[2025-02-10T10:22:26.959+0000] {processor.py:925} INFO - DAG(s) 'example_dag_decorator' retrieved from /home/airflow/.local/lib/python3.12/site-packages/airflow/example_dags/example_dag_decorator.py
[2025-02-10T10:22:27.225+0000] {logging_mixin.py:190} INFO - [2025-02-10T10:22:27.224+0000] {override.py:1911} INFO - Created Permission View: can read on DAG:example_dag_decorator
[2025-02-10T10:22:27.263+0000] {logging_mixin.py:190} INFO - [2025-02-10T10:22:27.262+0000] {override.py:1911} INFO - Created Permission View: can delete on DAG:example_dag_decorator
[2025-02-10T10:22:27.339+0000] {logging_mixin.py:190} INFO - [2025-02-10T10:22:27.338+0000] {override.py:1911} INFO - Created Permission View: can edit on DAG:example_dag_decorator
[2025-02-10T10:22:27.356+0000] {logging_mixin.py:190} INFO - [2025-02-10T10:22:27.355+0000] {override.py:1911} INFO - Created Permission View: menu access on DAG Run:example_dag_decorator
[2025-02-10T10:22:27.374+0000] {logging_mixin.py:190} INFO - [2025-02-10T10:22:27.373+0000] {override.py:1911} INFO - Created Permission View: can read on DAG Run:example_dag_decorator
[2025-02-10T10:22:27.394+0000] {logging_mixin.py:190} INFO - [2025-02-10T10:22:27.393+0000] {override.py:1911} INFO - Created Permission View: can create on DAG Run:example_dag_decorator
[2025-02-10T10:22:27.417+0000] {logging_mixin.py:190} INFO - [2025-02-10T10:22:27.416+0000] {override.py:1911} INFO - Created Permission View: can delete on DAG Run:example_dag_decorator
[2025-02-10T10:22:27.420+0000] {logging_mixin.py:190} INFO - [2025-02-10T10:22:27.419+0000] {dag.py:3239} INFO - Sync 1 DAGs
[2025-02-10T10:22:27.453+0000] {logging_mixin.py:190} INFO - [2025-02-10T10:22:27.453+0000] {dag.py:3262} INFO - Creating ORM DAG for example_dag_decorator
[2025-02-10T10:22:27.456+0000] {logging_mixin.py:190} INFO - [2025-02-10T10:22:27.455+0000] {dag.py:4180} INFO - Setting next_dagrun for example_dag_decorator to None, run_after=None
[2025-02-10T10:22:27.497+0000] {processor.py:208} INFO - Processing /home/airflow/.local/lib/python3.12/site-packages/airflow/example_dags/example_dag_decorator.py took 0.587 seconds
[2025-02-10T10:22:57.885+0000] {processor.py:186} INFO - Started process (PID=211) to work on /home/airflow/.local/lib/python3.12/site-packages/airflow/example_dags/example_dag_decorator.py
[2025-02-10T10:22:57.887+0000] {processor.py:914} INFO - Processing file /home/airflow/.local/lib/python3.12/site-packages/airflow/example_dags/example_dag_decorator.py for tasks to queue
[2025-02-10T10:22:57.891+0000] {logging_mixin.py:190} INFO - [2025-02-10T10:22:57.891+0000] {dagbag.py:588} INFO - Filling up the DagBag from /home/airflow/.local/lib/python3.12/site-packages/airflow/example_dags/example_dag_decorator.py
[2025-02-10T10:22:57.917+0000] {processor.py:925} INFO - DAG(s) 'example_dag_decorator' retrieved from /home/airflow/.local/lib/python3.12/site-packages/airflow/example_dags/example_dag_decorator.py
[2025-02-10T10:22:57.964+0000] {logging_mixin.py:190} INFO - [2025-02-10T10:22:57.964+0000] {dag.py:3239} INFO - Sync 1 DAGs
[2025-02-10T10:22:57.995+0000] {logging_mixin.py:190} INFO - [2025-02-10T10:22:57.995+0000] {dag.py:4180} INFO - Setting next_dagrun for example_dag_decorator to None, run_after=None
[2025-02-10T10:22:58.033+0000] {processor.py:208} INFO - Processing /home/airflow/.local/lib/python3.12/site-packages/airflow/example_dags/example_dag_decorator.py took 0.160 seconds
[2025-02-10T10:23:44.723+0000] {processor.py:186} INFO - Started process (PID=315) to work on /home/airflow/.local/lib/python3.12/site-packages/airflow/example_dags/example_dag_decorator.py
[2025-02-10T10:23:44.725+0000] {processor.py:914} INFO - Processing file /home/airflow/.local/lib/python3.12/site-packages/airflow/example_dags/example_dag_decorator.py for tasks to queue
[2025-02-10T10:23:44.730+0000] {logging_mixin.py:190} INFO - [2025-02-10T10:23:44.729+0000] {dagbag.py:588} INFO - Filling up the DagBag from /home/airflow/.local/lib/python3.12/site-packages/airflow/example_dags/example_dag_decorator.py
[2025-02-10T10:23:44.762+0000] {processor.py:925} INFO - DAG(s) 'example_dag_decorator' retrieved from /home/airflow/.local/lib/python3.12/site-packages/airflow/example_dags/example_dag_decorator.py
[2025-02-10T10:23:45.239+0000] {logging_mixin.py:190} INFO - [2025-02-10T10:23:45.239+0000] {dag.py:3239} INFO - Sync 1 DAGs
[2025-02-10T10:23:45.260+0000] {logging_mixin.py:190} INFO - [2025-02-10T10:23:45.259+0000] {dag.py:4180} INFO - Setting next_dagrun for example_dag_decorator to None, run_after=None
[2025-02-10T10:23:45.293+0000] {processor.py:208} INFO - Processing /home/airflow/.local/lib/python3.12/site-packages/airflow/example_dags/example_dag_decorator.py took 0.583 seconds
[2025-02-10T10:24:20.253+0000] {processor.py:186} INFO - Started process (PID=383) to work on /home/airflow/.local/lib/python3.12/site-packages/airflow/example_dags/example_dag_decorator.py
[2025-02-10T10:24:20.255+0000] {processor.py:914} INFO - Processing file /home/airflow/.local/lib/python3.12/site-packages/airflow/example_dags/example_dag_decorator.py for tasks to queue
[2025-02-10T10:24:20.260+0000] {logging_mixin.py:190} INFO - [2025-02-10T10:24:20.260+0000] {dagbag.py:588} INFO - Filling up the DagBag from /home/airflow/.local/lib/python3.12/site-packages/airflow/example_dags/example_dag_decorator.py
[2025-02-10T10:24:20.299+0000] {processor.py:925} INFO - DAG(s) 'example_dag_decorator' retrieved from /home/airflow/.local/lib/python3.12/site-packages/airflow/example_dags/example_dag_decorator.py
[2025-02-10T10:24:20.665+0000] {logging_mixin.py:190} INFO - [2025-02-10T10:24:20.665+0000] {dag.py:3239} INFO - Sync 1 DAGs
[2025-02-10T10:24:20.700+0000] {logging_mixin.py:190} INFO - [2025-02-10T10:24:20.700+0000] {dag.py:4180} INFO - Setting next_dagrun for example_dag_decorator to None, run_after=None
[2025-02-10T10:24:20.771+0000] {processor.py:208} INFO - Processing /home/airflow/.local/lib/python3.12/site-packages/airflow/example_dags/example_dag_decorator.py took 0.548 seconds
[2025-02-10T10:24:51.731+0000] {processor.py:186} INFO - Started process (PID=445) to work on /home/airflow/.local/lib/python3.12/site-packages/airflow/example_dags/example_dag_decorator.py
[2025-02-10T10:24:51.734+0000] {processor.py:914} INFO - Processing file /home/airflow/.local/lib/python3.12/site-packages/airflow/example_dags/example_dag_decorator.py for tasks to queue
[2025-02-10T10:24:51.739+0000] {logging_mixin.py:190} INFO - [2025-02-10T10:24:51.738+0000] {dagbag.py:588} INFO - Filling up the DagBag from /home/airflow/.local/lib/python3.12/site-packages/airflow/example_dags/example_dag_decorator.py
[2025-02-10T10:24:51.772+0000] {processor.py:925} INFO - DAG(s) 'example_dag_decorator' retrieved from /home/airflow/.local/lib/python3.12/site-packages/airflow/example_dags/example_dag_decorator.py
[2025-02-10T10:24:52.112+0000] {logging_mixin.py:190} INFO - [2025-02-10T10:24:52.112+0000] {dag.py:3239} INFO - Sync 1 DAGs
[2025-02-10T10:24:52.144+0000] {logging_mixin.py:190} INFO - [2025-02-10T10:24:52.144+0000] {dag.py:4180} INFO - Setting next_dagrun for example_dag_decorator to None, run_after=None
[2025-02-10T10:24:52.189+0000] {processor.py:208} INFO - Processing /home/airflow/.local/lib/python3.12/site-packages/airflow/example_dags/example_dag_decorator.py took 0.474 seconds
[2025-02-10T10:25:28.373+0000] {processor.py:186} INFO - Started process (PID=512) to work on /home/airflow/.local/lib/python3.12/site-packages/airflow/example_dags/example_dag_decorator.py
[2025-02-10T10:25:28.375+0000] {processor.py:914} INFO - Processing file /home/airflow/.local/lib/python3.12/site-packages/airflow/example_dags/example_dag_decorator.py for tasks to queue
[2025-02-10T10:25:28.381+0000] {logging_mixin.py:190} INFO - [2025-02-10T10:25:28.380+0000] {dagbag.py:588} INFO - Filling up the DagBag from /home/airflow/.local/lib/python3.12/site-packages/airflow/example_dags/example_dag_decorator.py
[2025-02-10T10:25:28.409+0000] {processor.py:925} INFO - DAG(s) 'example_dag_decorator' retrieved from /home/airflow/.local/lib/python3.12/site-packages/airflow/example_dags/example_dag_decorator.py
[2025-02-10T10:25:29.078+0000] {logging_mixin.py:190} INFO - [2025-02-10T10:25:29.077+0000] {dag.py:3239} INFO - Sync 1 DAGs
[2025-02-10T10:25:29.119+0000] {logging_mixin.py:190} INFO - [2025-02-10T10:25:29.118+0000] {dag.py:4180} INFO - Setting next_dagrun for example_dag_decorator to None, run_after=None
[2025-02-10T10:25:29.190+0000] {processor.py:208} INFO - Processing /home/airflow/.local/lib/python3.12/site-packages/airflow/example_dags/example_dag_decorator.py took 0.830 seconds
[2025-02-10T10:25:59.659+0000] {processor.py:186} INFO - Started process (PID=573) to work on /home/airflow/.local/lib/python3.12/site-packages/airflow/example_dags/example_dag_decorator.py
[2025-02-10T10:25:59.662+0000] {processor.py:914} INFO - Processing file /home/airflow/.local/lib/python3.12/site-packages/airflow/example_dags/example_dag_decorator.py for tasks to queue
[2025-02-10T10:25:59.668+0000] {logging_mixin.py:190} INFO - [2025-02-10T10:25:59.667+0000] {dagbag.py:588} INFO - Filling up the DagBag from /home/airflow/.local/lib/python3.12/site-packages/airflow/example_dags/example_dag_decorator.py
[2025-02-10T10:25:59.699+0000] {processor.py:925} INFO - DAG(s) 'example_dag_decorator' retrieved from /home/airflow/.local/lib/python3.12/site-packages/airflow/example_dags/example_dag_decorator.py
[2025-02-10T10:26:00.032+0000] {logging_mixin.py:190} INFO - [2025-02-10T10:26:00.031+0000] {dag.py:3239} INFO - Sync 1 DAGs
[2025-02-10T10:26:00.059+0000] {logging_mixin.py:190} INFO - [2025-02-10T10:26:00.058+0000] {dag.py:4180} INFO - Setting next_dagrun for example_dag_decorator to None, run_after=None
[2025-02-10T10:26:00.105+0000] {processor.py:208} INFO - Processing /home/airflow/.local/lib/python3.12/site-packages/airflow/example_dags/example_dag_decorator.py took 0.459 seconds
