[2025-02-10T10:22:07.339+0000] {processor.py:186} INFO - Started process (PID=135) to work on /home/airflow/.local/lib/python3.12/site-packages/airflow/example_dags/example_outlet_event_extra.py
[2025-02-10T10:22:07.344+0000] {processor.py:914} INFO - Processing file /home/airflow/.local/lib/python3.12/site-packages/airflow/example_dags/example_outlet_event_extra.py for tasks to queue
[2025-02-10T10:22:07.353+0000] {logging_mixin.py:190} INFO - [2025-02-10T10:22:07.352+0000] {dagbag.py:588} INFO - Filling up the DagBag from /home/airflow/.local/lib/python3.12/site-packages/airflow/example_dags/example_outlet_event_extra.py
[2025-02-10T10:22:21.031+0000] {processor.py:925} INFO - DAG(s) 'dataset_with_extra_from_classic_operator', 'dataset_with_extra_by_yield', 'dataset_with_extra_by_context' retrieved from /home/airflow/.local/lib/python3.12/site-packages/airflow/example_dags/example_outlet_event_extra.py
[2025-02-10T10:22:21.354+0000] {logging_mixin.py:190} INFO - [2025-02-10T10:22:21.352+0000] {override.py:1911} INFO - Created Permission View: can read on DAG:dataset_with_extra_from_classic_operator
[2025-02-10T10:22:21.389+0000] {logging_mixin.py:190} INFO - [2025-02-10T10:22:21.389+0000] {override.py:1911} INFO - Created Permission View: can delete on DAG:dataset_with_extra_from_classic_operator
[2025-02-10T10:22:21.418+0000] {logging_mixin.py:190} INFO - [2025-02-10T10:22:21.417+0000] {override.py:1911} INFO - Created Permission View: can edit on DAG:dataset_with_extra_from_classic_operator
[2025-02-10T10:22:21.452+0000] {logging_mixin.py:190} INFO - [2025-02-10T10:22:21.449+0000] {override.py:1911} INFO - Created Permission View: menu access on DAG Run:dataset_with_extra_from_classic_operator
[2025-02-10T10:22:21.476+0000] {logging_mixin.py:190} INFO - [2025-02-10T10:22:21.475+0000] {override.py:1911} INFO - Created Permission View: can read on DAG Run:dataset_with_extra_from_classic_operator
[2025-02-10T10:22:21.532+0000] {logging_mixin.py:190} INFO - [2025-02-10T10:22:21.531+0000] {override.py:1911} INFO - Created Permission View: can create on DAG Run:dataset_with_extra_from_classic_operator
[2025-02-10T10:22:21.558+0000] {logging_mixin.py:190} INFO - [2025-02-10T10:22:21.557+0000] {override.py:1911} INFO - Created Permission View: can delete on DAG Run:dataset_with_extra_from_classic_operator
[2025-02-10T10:22:21.595+0000] {logging_mixin.py:190} INFO - [2025-02-10T10:22:21.594+0000] {override.py:1911} INFO - Created Permission View: can read on DAG:dataset_with_extra_by_yield
[2025-02-10T10:22:21.612+0000] {logging_mixin.py:190} INFO - [2025-02-10T10:22:21.611+0000] {override.py:1911} INFO - Created Permission View: can delete on DAG:dataset_with_extra_by_yield
[2025-02-10T10:22:21.629+0000] {logging_mixin.py:190} INFO - [2025-02-10T10:22:21.628+0000] {override.py:1911} INFO - Created Permission View: can edit on DAG:dataset_with_extra_by_yield
[2025-02-10T10:22:21.649+0000] {logging_mixin.py:190} INFO - [2025-02-10T10:22:21.648+0000] {override.py:1911} INFO - Created Permission View: menu access on DAG Run:dataset_with_extra_by_yield
[2025-02-10T10:22:21.665+0000] {logging_mixin.py:190} INFO - [2025-02-10T10:22:21.665+0000] {override.py:1911} INFO - Created Permission View: can read on DAG Run:dataset_with_extra_by_yield
[2025-02-10T10:22:21.682+0000] {logging_mixin.py:190} INFO - [2025-02-10T10:22:21.681+0000] {override.py:1911} INFO - Created Permission View: can create on DAG Run:dataset_with_extra_by_yield
[2025-02-10T10:22:21.699+0000] {logging_mixin.py:190} INFO - [2025-02-10T10:22:21.698+0000] {override.py:1911} INFO - Created Permission View: can delete on DAG Run:dataset_with_extra_by_yield
[2025-02-10T10:22:21.750+0000] {logging_mixin.py:190} INFO - [2025-02-10T10:22:21.749+0000] {override.py:1911} INFO - Created Permission View: can read on DAG:dataset_with_extra_by_context
[2025-02-10T10:22:21.778+0000] {logging_mixin.py:190} INFO - [2025-02-10T10:22:21.777+0000] {override.py:1911} INFO - Created Permission View: can delete on DAG:dataset_with_extra_by_context
[2025-02-10T10:22:21.798+0000] {logging_mixin.py:190} INFO - [2025-02-10T10:22:21.797+0000] {override.py:1911} INFO - Created Permission View: can edit on DAG:dataset_with_extra_by_context
[2025-02-10T10:22:21.821+0000] {logging_mixin.py:190} INFO - [2025-02-10T10:22:21.820+0000] {override.py:1911} INFO - Created Permission View: menu access on DAG Run:dataset_with_extra_by_context
[2025-02-10T10:22:21.844+0000] {logging_mixin.py:190} INFO - [2025-02-10T10:22:21.843+0000] {override.py:1911} INFO - Created Permission View: can read on DAG Run:dataset_with_extra_by_context
[2025-02-10T10:22:21.865+0000] {logging_mixin.py:190} INFO - [2025-02-10T10:22:21.864+0000] {override.py:1911} INFO - Created Permission View: can create on DAG Run:dataset_with_extra_by_context
[2025-02-10T10:22:21.887+0000] {logging_mixin.py:190} INFO - [2025-02-10T10:22:21.886+0000] {override.py:1911} INFO - Created Permission View: can delete on DAG Run:dataset_with_extra_by_context
[2025-02-10T10:22:21.890+0000] {logging_mixin.py:190} INFO - [2025-02-10T10:22:21.889+0000] {dag.py:3239} INFO - Sync 3 DAGs
[2025-02-10T10:22:21.955+0000] {logging_mixin.py:190} INFO - [2025-02-10T10:22:21.946+0000] {dag.py:3262} INFO - Creating ORM DAG for dataset_with_extra_from_classic_operator
[2025-02-10T10:22:21.958+0000] {logging_mixin.py:190} INFO - [2025-02-10T10:22:21.957+0000] {dag.py:3262} INFO - Creating ORM DAG for dataset_with_extra_by_context
[2025-02-10T10:22:21.960+0000] {logging_mixin.py:190} INFO - [2025-02-10T10:22:21.959+0000] {dag.py:3262} INFO - Creating ORM DAG for dataset_with_extra_by_yield
[2025-02-10T10:22:22.008+0000] {logging_mixin.py:190} INFO - [2025-02-10T10:22:22.007+0000] {dag.py:4180} INFO - Setting next_dagrun for dataset_with_extra_by_context to 2025-02-09 00:00:00+00:00, run_after=2025-02-10 00:00:00+00:00
[2025-02-10T10:22:22.013+0000] {logging_mixin.py:190} INFO - [2025-02-10T10:22:22.013+0000] {dag.py:4180} INFO - Setting next_dagrun for dataset_with_extra_by_yield to 2025-02-09 00:00:00+00:00, run_after=2025-02-10 00:00:00+00:00
[2025-02-10T10:22:22.017+0000] {logging_mixin.py:190} INFO - [2025-02-10T10:22:22.016+0000] {dag.py:4180} INFO - Setting next_dagrun for dataset_with_extra_from_classic_operator to 2025-02-09 00:00:00+00:00, run_after=2025-02-10 00:00:00+00:00
[2025-02-10T10:22:22.088+0000] {processor.py:208} INFO - Processing /home/airflow/.local/lib/python3.12/site-packages/airflow/example_dags/example_outlet_event_extra.py took 13.688 seconds
[2025-02-10T10:22:52.657+0000] {processor.py:186} INFO - Started process (PID=202) to work on /home/airflow/.local/lib/python3.12/site-packages/airflow/example_dags/example_outlet_event_extra.py
[2025-02-10T10:22:52.670+0000] {processor.py:914} INFO - Processing file /home/airflow/.local/lib/python3.12/site-packages/airflow/example_dags/example_outlet_event_extra.py for tasks to queue
[2025-02-10T10:22:52.719+0000] {logging_mixin.py:190} INFO - [2025-02-10T10:22:52.708+0000] {dagbag.py:588} INFO - Filling up the DagBag from /home/airflow/.local/lib/python3.12/site-packages/airflow/example_dags/example_outlet_event_extra.py
[2025-02-10T10:22:56.898+0000] {processor.py:925} INFO - DAG(s) 'dataset_with_extra_by_yield', 'dataset_with_extra_from_classic_operator', 'dataset_with_extra_by_context' retrieved from /home/airflow/.local/lib/python3.12/site-packages/airflow/example_dags/example_outlet_event_extra.py
[2025-02-10T10:22:56.952+0000] {logging_mixin.py:190} INFO - [2025-02-10T10:22:56.951+0000] {dag.py:3239} INFO - Sync 3 DAGs
[2025-02-10T10:22:57.001+0000] {logging_mixin.py:190} INFO - [2025-02-10T10:22:57.001+0000] {dag.py:4180} INFO - Setting next_dagrun for dataset_with_extra_by_context to 2025-02-09 00:00:00+00:00, run_after=2025-02-10 00:00:00+00:00
[2025-02-10T10:22:57.012+0000] {logging_mixin.py:190} INFO - [2025-02-10T10:22:57.012+0000] {dag.py:4180} INFO - Setting next_dagrun for dataset_with_extra_by_yield to 2025-02-09 00:00:00+00:00, run_after=2025-02-10 00:00:00+00:00
[2025-02-10T10:22:57.016+0000] {logging_mixin.py:190} INFO - [2025-02-10T10:22:57.016+0000] {dag.py:4180} INFO - Setting next_dagrun for dataset_with_extra_from_classic_operator to 2025-02-09 00:00:00+00:00, run_after=2025-02-10 00:00:00+00:00
[2025-02-10T10:22:57.056+0000] {processor.py:208} INFO - Processing /home/airflow/.local/lib/python3.12/site-packages/airflow/example_dags/example_outlet_event_extra.py took 4.435 seconds
[2025-02-10T10:23:27.837+0000] {processor.py:186} INFO - Started process (PID=267) to work on /home/airflow/.local/lib/python3.12/site-packages/airflow/example_dags/example_outlet_event_extra.py
[2025-02-10T10:23:27.843+0000] {processor.py:914} INFO - Processing file /home/airflow/.local/lib/python3.12/site-packages/airflow/example_dags/example_outlet_event_extra.py for tasks to queue
[2025-02-10T10:23:27.851+0000] {logging_mixin.py:190} INFO - [2025-02-10T10:23:27.850+0000] {dagbag.py:588} INFO - Filling up the DagBag from /home/airflow/.local/lib/python3.12/site-packages/airflow/example_dags/example_outlet_event_extra.py
[2025-02-10T10:23:36.265+0000] {processor.py:925} INFO - DAG(s) 'dataset_with_extra_by_yield', 'dataset_with_extra_from_classic_operator', 'dataset_with_extra_by_context' retrieved from /home/airflow/.local/lib/python3.12/site-packages/airflow/example_dags/example_outlet_event_extra.py
[2025-02-10T10:23:36.602+0000] {logging_mixin.py:190} INFO - [2025-02-10T10:23:36.601+0000] {dag.py:3239} INFO - Sync 3 DAGs
[2025-02-10T10:23:36.684+0000] {logging_mixin.py:190} INFO - [2025-02-10T10:23:36.683+0000] {dag.py:4180} INFO - Setting next_dagrun for dataset_with_extra_by_context to 2025-02-09 00:00:00+00:00, run_after=2025-02-10 00:00:00+00:00
[2025-02-10T10:23:36.715+0000] {logging_mixin.py:190} INFO - [2025-02-10T10:23:36.715+0000] {dag.py:4180} INFO - Setting next_dagrun for dataset_with_extra_by_yield to 2025-02-09 00:00:00+00:00, run_after=2025-02-10 00:00:00+00:00
[2025-02-10T10:23:36.723+0000] {logging_mixin.py:190} INFO - [2025-02-10T10:23:36.722+0000] {dag.py:4180} INFO - Setting next_dagrun for dataset_with_extra_from_classic_operator to 2025-02-09 00:00:00+00:00, run_after=2025-02-10 00:00:00+00:00
[2025-02-10T10:23:36.909+0000] {processor.py:208} INFO - Processing /home/airflow/.local/lib/python3.12/site-packages/airflow/example_dags/example_outlet_event_extra.py took 9.088 seconds
[2025-02-10T10:24:07.550+0000] {processor.py:186} INFO - Started process (PID=330) to work on /home/airflow/.local/lib/python3.12/site-packages/airflow/example_dags/example_outlet_event_extra.py
[2025-02-10T10:24:07.552+0000] {processor.py:914} INFO - Processing file /home/airflow/.local/lib/python3.12/site-packages/airflow/example_dags/example_outlet_event_extra.py for tasks to queue
[2025-02-10T10:24:07.557+0000] {logging_mixin.py:190} INFO - [2025-02-10T10:24:07.556+0000] {dagbag.py:588} INFO - Filling up the DagBag from /home/airflow/.local/lib/python3.12/site-packages/airflow/example_dags/example_outlet_event_extra.py
[2025-02-10T10:24:10.081+0000] {processor.py:925} INFO - DAG(s) 'dataset_with_extra_from_classic_operator', 'dataset_with_extra_by_yield', 'dataset_with_extra_by_context' retrieved from /home/airflow/.local/lib/python3.12/site-packages/airflow/example_dags/example_outlet_event_extra.py
[2025-02-10T10:24:10.165+0000] {logging_mixin.py:190} INFO - [2025-02-10T10:24:10.165+0000] {dag.py:3239} INFO - Sync 3 DAGs
[2025-02-10T10:24:10.260+0000] {logging_mixin.py:190} INFO - [2025-02-10T10:24:10.259+0000] {dag.py:4180} INFO - Setting next_dagrun for dataset_with_extra_by_context to 2025-02-09 00:00:00+00:00, run_after=2025-02-10 00:00:00+00:00
[2025-02-10T10:24:10.276+0000] {logging_mixin.py:190} INFO - [2025-02-10T10:24:10.275+0000] {dag.py:4180} INFO - Setting next_dagrun for dataset_with_extra_by_yield to 2025-02-09 00:00:00+00:00, run_after=2025-02-10 00:00:00+00:00
[2025-02-10T10:24:10.291+0000] {logging_mixin.py:190} INFO - [2025-02-10T10:24:10.290+0000] {dag.py:4180} INFO - Setting next_dagrun for dataset_with_extra_from_classic_operator to 2025-02-09 00:00:00+00:00, run_after=2025-02-10 00:00:00+00:00
[2025-02-10T10:24:10.372+0000] {processor.py:208} INFO - Processing /home/airflow/.local/lib/python3.12/site-packages/airflow/example_dags/example_outlet_event_extra.py took 2.837 seconds
[2025-02-10T10:24:41.204+0000] {processor.py:186} INFO - Started process (PID=403) to work on /home/airflow/.local/lib/python3.12/site-packages/airflow/example_dags/example_outlet_event_extra.py
[2025-02-10T10:24:41.206+0000] {processor.py:914} INFO - Processing file /home/airflow/.local/lib/python3.12/site-packages/airflow/example_dags/example_outlet_event_extra.py for tasks to queue
[2025-02-10T10:24:41.213+0000] {logging_mixin.py:190} INFO - [2025-02-10T10:24:41.212+0000] {dagbag.py:588} INFO - Filling up the DagBag from /home/airflow/.local/lib/python3.12/site-packages/airflow/example_dags/example_outlet_event_extra.py
[2025-02-10T10:24:42.665+0000] {processor.py:925} INFO - DAG(s) 'dataset_with_extra_by_context', 'dataset_with_extra_from_classic_operator', 'dataset_with_extra_by_yield' retrieved from /home/airflow/.local/lib/python3.12/site-packages/airflow/example_dags/example_outlet_event_extra.py
[2025-02-10T10:24:42.724+0000] {logging_mixin.py:190} INFO - [2025-02-10T10:24:42.724+0000] {dag.py:3239} INFO - Sync 3 DAGs
[2025-02-10T10:24:42.780+0000] {logging_mixin.py:190} INFO - [2025-02-10T10:24:42.779+0000] {dag.py:4180} INFO - Setting next_dagrun for dataset_with_extra_by_context to 2025-02-09 00:00:00+00:00, run_after=2025-02-10 00:00:00+00:00
[2025-02-10T10:24:42.792+0000] {logging_mixin.py:190} INFO - [2025-02-10T10:24:42.792+0000] {dag.py:4180} INFO - Setting next_dagrun for dataset_with_extra_by_yield to 2025-02-09 00:00:00+00:00, run_after=2025-02-10 00:00:00+00:00
[2025-02-10T10:24:42.797+0000] {logging_mixin.py:190} INFO - [2025-02-10T10:24:42.797+0000] {dag.py:4180} INFO - Setting next_dagrun for dataset_with_extra_from_classic_operator to 2025-02-09 00:00:00+00:00, run_after=2025-02-10 00:00:00+00:00
[2025-02-10T10:24:42.840+0000] {processor.py:208} INFO - Processing /home/airflow/.local/lib/python3.12/site-packages/airflow/example_dags/example_outlet_event_extra.py took 1.651 seconds
[2025-02-10T10:25:14.117+0000] {processor.py:186} INFO - Started process (PID=468) to work on /home/airflow/.local/lib/python3.12/site-packages/airflow/example_dags/example_outlet_event_extra.py
[2025-02-10T10:25:14.119+0000] {processor.py:914} INFO - Processing file /home/airflow/.local/lib/python3.12/site-packages/airflow/example_dags/example_outlet_event_extra.py for tasks to queue
[2025-02-10T10:25:14.128+0000] {logging_mixin.py:190} INFO - [2025-02-10T10:25:14.127+0000] {dagbag.py:588} INFO - Filling up the DagBag from /home/airflow/.local/lib/python3.12/site-packages/airflow/example_dags/example_outlet_event_extra.py
[2025-02-10T10:25:16.832+0000] {processor.py:925} INFO - DAG(s) 'dataset_with_extra_by_yield', 'dataset_with_extra_by_context', 'dataset_with_extra_from_classic_operator' retrieved from /home/airflow/.local/lib/python3.12/site-packages/airflow/example_dags/example_outlet_event_extra.py
[2025-02-10T10:25:16.952+0000] {logging_mixin.py:190} INFO - [2025-02-10T10:25:16.952+0000] {dag.py:3239} INFO - Sync 3 DAGs
[2025-02-10T10:25:17.021+0000] {logging_mixin.py:190} INFO - [2025-02-10T10:25:17.020+0000] {dag.py:4180} INFO - Setting next_dagrun for dataset_with_extra_by_context to 2025-02-09 00:00:00+00:00, run_after=2025-02-10 00:00:00+00:00
[2025-02-10T10:25:17.033+0000] {logging_mixin.py:190} INFO - [2025-02-10T10:25:17.032+0000] {dag.py:4180} INFO - Setting next_dagrun for dataset_with_extra_by_yield to 2025-02-09 00:00:00+00:00, run_after=2025-02-10 00:00:00+00:00
[2025-02-10T10:25:17.041+0000] {logging_mixin.py:190} INFO - [2025-02-10T10:25:17.041+0000] {dag.py:4180} INFO - Setting next_dagrun for dataset_with_extra_from_classic_operator to 2025-02-09 00:00:00+00:00, run_after=2025-02-10 00:00:00+00:00
[2025-02-10T10:25:17.107+0000] {processor.py:208} INFO - Processing /home/airflow/.local/lib/python3.12/site-packages/airflow/example_dags/example_outlet_event_extra.py took 3.006 seconds
[2025-02-10T10:25:47.386+0000] {processor.py:186} INFO - Started process (PID=530) to work on /home/airflow/.local/lib/python3.12/site-packages/airflow/example_dags/example_outlet_event_extra.py
[2025-02-10T10:25:47.389+0000] {processor.py:914} INFO - Processing file /home/airflow/.local/lib/python3.12/site-packages/airflow/example_dags/example_outlet_event_extra.py for tasks to queue
[2025-02-10T10:25:47.403+0000] {logging_mixin.py:190} INFO - [2025-02-10T10:25:47.402+0000] {dagbag.py:588} INFO - Filling up the DagBag from /home/airflow/.local/lib/python3.12/site-packages/airflow/example_dags/example_outlet_event_extra.py
[2025-02-10T10:25:49.130+0000] {processor.py:925} INFO - DAG(s) 'dataset_with_extra_by_context', 'dataset_with_extra_from_classic_operator', 'dataset_with_extra_by_yield' retrieved from /home/airflow/.local/lib/python3.12/site-packages/airflow/example_dags/example_outlet_event_extra.py
[2025-02-10T10:25:49.187+0000] {logging_mixin.py:190} INFO - [2025-02-10T10:25:49.186+0000] {dag.py:3239} INFO - Sync 3 DAGs
[2025-02-10T10:25:49.287+0000] {logging_mixin.py:190} INFO - [2025-02-10T10:25:49.287+0000] {dag.py:4180} INFO - Setting next_dagrun for dataset_with_extra_by_context to 2025-02-09 00:00:00+00:00, run_after=2025-02-10 00:00:00+00:00
[2025-02-10T10:25:49.312+0000] {logging_mixin.py:190} INFO - [2025-02-10T10:25:49.312+0000] {dag.py:4180} INFO - Setting next_dagrun for dataset_with_extra_by_yield to 2025-02-09 00:00:00+00:00, run_after=2025-02-10 00:00:00+00:00
[2025-02-10T10:25:49.319+0000] {logging_mixin.py:190} INFO - [2025-02-10T10:25:49.318+0000] {dag.py:4180} INFO - Setting next_dagrun for dataset_with_extra_from_classic_operator to 2025-02-09 00:00:00+00:00, run_after=2025-02-10 00:00:00+00:00
[2025-02-10T10:25:49.804+0000] {processor.py:208} INFO - Processing /home/airflow/.local/lib/python3.12/site-packages/airflow/example_dags/example_outlet_event_extra.py took 2.443 seconds
