[2025-02-10T10:21:02.119+0000] {processor.py:186} INFO - Started process (PID=95) to work on /home/airflow/.local/lib/python3.12/site-packages/airflow/example_dags/example_workday_timetable.py
[2025-02-10T10:21:02.128+0000] {processor.py:914} INFO - Processing file /home/airflow/.local/lib/python3.12/site-packages/airflow/example_dags/example_workday_timetable.py for tasks to queue
[2025-02-10T10:21:02.145+0000] {logging_mixin.py:190} INFO - [2025-02-10T10:21:02.144+0000] {dagbag.py:588} INFO - Filling up the DagBag from /home/airflow/.local/lib/python3.12/site-packages/airflow/example_dags/example_workday_timetable.py
[2025-02-10T10:21:02.276+0000] {processor.py:925} INFO - DAG(s) 'example_workday_timetable' retrieved from /home/airflow/.local/lib/python3.12/site-packages/airflow/example_dags/example_workday_timetable.py
[2025-02-10T10:21:07.046+0000] {logging_mixin.py:190} INFO - [2025-02-10T10:21:07.037+0000] {override.py:1911} INFO - Created Permission View: can read on DAG:example_workday_timetable
[2025-02-10T10:21:08.890+0000] {logging_mixin.py:190} INFO - [2025-02-10T10:21:08.890+0000] {override.py:1911} INFO - Created Permission View: can delete on DAG:example_workday_timetable
[2025-02-10T10:21:09.033+0000] {logging_mixin.py:190} INFO - [2025-02-10T10:21:09.033+0000] {override.py:1911} INFO - Created Permission View: can edit on DAG:example_workday_timetable
[2025-02-10T10:21:09.175+0000] {logging_mixin.py:190} INFO - [2025-02-10T10:21:09.174+0000] {override.py:1911} INFO - Created Permission View: menu access on DAG Run:example_workday_timetable
[2025-02-10T10:21:09.237+0000] {logging_mixin.py:190} INFO - [2025-02-10T10:21:09.235+0000] {override.py:1911} INFO - Created Permission View: can read on DAG Run:example_workday_timetable
[2025-02-10T10:21:09.292+0000] {logging_mixin.py:190} INFO - [2025-02-10T10:21:09.291+0000] {override.py:1911} INFO - Created Permission View: can create on DAG Run:example_workday_timetable
[2025-02-10T10:21:09.348+0000] {logging_mixin.py:190} INFO - [2025-02-10T10:21:09.346+0000] {override.py:1911} INFO - Created Permission View: can delete on DAG Run:example_workday_timetable
[2025-02-10T10:21:09.352+0000] {logging_mixin.py:190} INFO - [2025-02-10T10:21:09.351+0000] {dag.py:3239} INFO - Sync 1 DAGs
[2025-02-10T10:21:09.452+0000] {logging_mixin.py:190} INFO - [2025-02-10T10:21:09.451+0000] {dag.py:3262} INFO - Creating ORM DAG for example_workday_timetable
[2025-02-10T10:21:17.098+0000] {logging_mixin.py:190} INFO - [2025-02-10T10:21:17.097+0000] {dag.py:4180} INFO - Setting next_dagrun for example_workday_timetable to 2021-01-04 00:00:00+00:00, run_after=2021-01-05 00:00:00+00:00
[2025-02-10T10:21:17.608+0000] {processor.py:208} INFO - Processing /home/airflow/.local/lib/python3.12/site-packages/airflow/example_dags/example_workday_timetable.py took 14.290 seconds
[2025-02-10T10:22:29.477+0000] {processor.py:186} INFO - Started process (PID=163) to work on /home/airflow/.local/lib/python3.12/site-packages/airflow/example_dags/example_workday_timetable.py
[2025-02-10T10:22:29.479+0000] {processor.py:914} INFO - Processing file /home/airflow/.local/lib/python3.12/site-packages/airflow/example_dags/example_workday_timetable.py for tasks to queue
[2025-02-10T10:22:29.486+0000] {logging_mixin.py:190} INFO - [2025-02-10T10:22:29.485+0000] {dagbag.py:588} INFO - Filling up the DagBag from /home/airflow/.local/lib/python3.12/site-packages/airflow/example_dags/example_workday_timetable.py
[2025-02-10T10:22:29.500+0000] {processor.py:925} INFO - DAG(s) 'example_workday_timetable' retrieved from /home/airflow/.local/lib/python3.12/site-packages/airflow/example_dags/example_workday_timetable.py
[2025-02-10T10:22:29.570+0000] {logging_mixin.py:190} INFO - [2025-02-10T10:22:29.568+0000] {dag.py:3239} INFO - Sync 1 DAGs
[2025-02-10T10:22:29.873+0000] {logging_mixin.py:190} INFO - [2025-02-10T10:22:29.873+0000] {dag.py:4180} INFO - Setting next_dagrun for example_workday_timetable to 2021-01-04 00:00:00+00:00, run_after=2021-01-05 00:00:00+00:00
[2025-02-10T10:22:29.926+0000] {processor.py:208} INFO - Processing /home/airflow/.local/lib/python3.12/site-packages/airflow/example_dags/example_workday_timetable.py took 0.463 seconds
[2025-02-10T10:23:00.684+0000] {processor.py:186} INFO - Started process (PID=224) to work on /home/airflow/.local/lib/python3.12/site-packages/airflow/example_dags/example_workday_timetable.py
[2025-02-10T10:23:00.687+0000] {processor.py:914} INFO - Processing file /home/airflow/.local/lib/python3.12/site-packages/airflow/example_dags/example_workday_timetable.py for tasks to queue
[2025-02-10T10:23:00.693+0000] {logging_mixin.py:190} INFO - [2025-02-10T10:23:00.692+0000] {dagbag.py:588} INFO - Filling up the DagBag from /home/airflow/.local/lib/python3.12/site-packages/airflow/example_dags/example_workday_timetable.py
[2025-02-10T10:23:00.706+0000] {processor.py:925} INFO - DAG(s) 'example_workday_timetable' retrieved from /home/airflow/.local/lib/python3.12/site-packages/airflow/example_dags/example_workday_timetable.py
[2025-02-10T10:23:00.755+0000] {logging_mixin.py:190} INFO - [2025-02-10T10:23:00.754+0000] {dag.py:3239} INFO - Sync 1 DAGs
[2025-02-10T10:23:01.080+0000] {logging_mixin.py:190} INFO - [2025-02-10T10:23:01.080+0000] {dag.py:4180} INFO - Setting next_dagrun for example_workday_timetable to 2021-01-04 00:00:00+00:00, run_after=2021-01-05 00:00:00+00:00
[2025-02-10T10:23:01.121+0000] {processor.py:208} INFO - Processing /home/airflow/.local/lib/python3.12/site-packages/airflow/example_dags/example_workday_timetable.py took 0.452 seconds
[2025-02-10T10:23:40.083+0000] {processor.py:186} INFO - Started process (PID=286) to work on /home/airflow/.local/lib/python3.12/site-packages/airflow/example_dags/example_workday_timetable.py
[2025-02-10T10:23:40.085+0000] {processor.py:914} INFO - Processing file /home/airflow/.local/lib/python3.12/site-packages/airflow/example_dags/example_workday_timetable.py for tasks to queue
[2025-02-10T10:23:40.093+0000] {logging_mixin.py:190} INFO - [2025-02-10T10:23:40.092+0000] {dagbag.py:588} INFO - Filling up the DagBag from /home/airflow/.local/lib/python3.12/site-packages/airflow/example_dags/example_workday_timetable.py
[2025-02-10T10:23:40.108+0000] {processor.py:925} INFO - DAG(s) 'example_workday_timetable' retrieved from /home/airflow/.local/lib/python3.12/site-packages/airflow/example_dags/example_workday_timetable.py
[2025-02-10T10:23:40.159+0000] {logging_mixin.py:190} INFO - [2025-02-10T10:23:40.158+0000] {dag.py:3239} INFO - Sync 1 DAGs
[2025-02-10T10:23:40.522+0000] {logging_mixin.py:190} INFO - [2025-02-10T10:23:40.521+0000] {dag.py:4180} INFO - Setting next_dagrun for example_workday_timetable to 2021-01-04 00:00:00+00:00, run_after=2021-01-05 00:00:00+00:00
[2025-02-10T10:23:40.585+0000] {processor.py:208} INFO - Processing /home/airflow/.local/lib/python3.12/site-packages/airflow/example_dags/example_workday_timetable.py took 0.516 seconds
[2025-02-10T10:24:11.745+0000] {processor.py:186} INFO - Started process (PID=350) to work on /home/airflow/.local/lib/python3.12/site-packages/airflow/example_dags/example_workday_timetable.py
[2025-02-10T10:24:11.747+0000] {processor.py:914} INFO - Processing file /home/airflow/.local/lib/python3.12/site-packages/airflow/example_dags/example_workday_timetable.py for tasks to queue
[2025-02-10T10:24:11.750+0000] {logging_mixin.py:190} INFO - [2025-02-10T10:24:11.750+0000] {dagbag.py:588} INFO - Filling up the DagBag from /home/airflow/.local/lib/python3.12/site-packages/airflow/example_dags/example_workday_timetable.py
[2025-02-10T10:24:11.762+0000] {processor.py:925} INFO - DAG(s) 'example_workday_timetable' retrieved from /home/airflow/.local/lib/python3.12/site-packages/airflow/example_dags/example_workday_timetable.py
[2025-02-10T10:24:11.801+0000] {logging_mixin.py:190} INFO - [2025-02-10T10:24:11.800+0000] {dag.py:3239} INFO - Sync 1 DAGs
[2025-02-10T10:24:11.968+0000] {logging_mixin.py:190} INFO - [2025-02-10T10:24:11.968+0000] {dag.py:4180} INFO - Setting next_dagrun for example_workday_timetable to 2021-01-04 00:00:00+00:00, run_after=2021-01-05 00:00:00+00:00
[2025-02-10T10:24:12.008+0000] {processor.py:208} INFO - Processing /home/airflow/.local/lib/python3.12/site-packages/airflow/example_dags/example_workday_timetable.py took 0.276 seconds
[2025-02-10T10:24:43.796+0000] {processor.py:186} INFO - Started process (PID=410) to work on /home/airflow/.local/lib/python3.12/site-packages/airflow/example_dags/example_workday_timetable.py
[2025-02-10T10:24:43.798+0000] {processor.py:914} INFO - Processing file /home/airflow/.local/lib/python3.12/site-packages/airflow/example_dags/example_workday_timetable.py for tasks to queue
[2025-02-10T10:24:43.802+0000] {logging_mixin.py:190} INFO - [2025-02-10T10:24:43.801+0000] {dagbag.py:588} INFO - Filling up the DagBag from /home/airflow/.local/lib/python3.12/site-packages/airflow/example_dags/example_workday_timetable.py
[2025-02-10T10:24:43.814+0000] {processor.py:925} INFO - DAG(s) 'example_workday_timetable' retrieved from /home/airflow/.local/lib/python3.12/site-packages/airflow/example_dags/example_workday_timetable.py
[2025-02-10T10:24:43.852+0000] {logging_mixin.py:190} INFO - [2025-02-10T10:24:43.852+0000] {dag.py:3239} INFO - Sync 1 DAGs
[2025-02-10T10:24:44.066+0000] {logging_mixin.py:190} INFO - [2025-02-10T10:24:44.066+0000] {dag.py:4180} INFO - Setting next_dagrun for example_workday_timetable to 2021-01-04 00:00:00+00:00, run_after=2021-01-05 00:00:00+00:00
[2025-02-10T10:24:44.100+0000] {processor.py:208} INFO - Processing /home/airflow/.local/lib/python3.12/site-packages/airflow/example_dags/example_workday_timetable.py took 0.315 seconds
[2025-02-10T10:25:18.335+0000] {processor.py:186} INFO - Started process (PID=474) to work on /home/airflow/.local/lib/python3.12/site-packages/airflow/example_dags/example_workday_timetable.py
[2025-02-10T10:25:18.338+0000] {processor.py:914} INFO - Processing file /home/airflow/.local/lib/python3.12/site-packages/airflow/example_dags/example_workday_timetable.py for tasks to queue
[2025-02-10T10:25:18.343+0000] {logging_mixin.py:190} INFO - [2025-02-10T10:25:18.343+0000] {dagbag.py:588} INFO - Filling up the DagBag from /home/airflow/.local/lib/python3.12/site-packages/airflow/example_dags/example_workday_timetable.py
[2025-02-10T10:25:18.357+0000] {processor.py:925} INFO - DAG(s) 'example_workday_timetable' retrieved from /home/airflow/.local/lib/python3.12/site-packages/airflow/example_dags/example_workday_timetable.py
[2025-02-10T10:25:18.421+0000] {logging_mixin.py:190} INFO - [2025-02-10T10:25:18.420+0000] {dag.py:3239} INFO - Sync 1 DAGs
[2025-02-10T10:25:18.633+0000] {logging_mixin.py:190} INFO - [2025-02-10T10:25:18.633+0000] {dag.py:4180} INFO - Setting next_dagrun for example_workday_timetable to 2021-01-04 00:00:00+00:00, run_after=2021-01-05 00:00:00+00:00
[2025-02-10T10:25:18.674+0000] {processor.py:208} INFO - Processing /home/airflow/.local/lib/python3.12/site-packages/airflow/example_dags/example_workday_timetable.py took 0.351 seconds
[2025-02-10T10:25:50.569+0000] {processor.py:186} INFO - Started process (PID=536) to work on /home/airflow/.local/lib/python3.12/site-packages/airflow/example_dags/example_workday_timetable.py
[2025-02-10T10:25:50.573+0000] {processor.py:914} INFO - Processing file /home/airflow/.local/lib/python3.12/site-packages/airflow/example_dags/example_workday_timetable.py for tasks to queue
[2025-02-10T10:25:50.578+0000] {logging_mixin.py:190} INFO - [2025-02-10T10:25:50.577+0000] {dagbag.py:588} INFO - Filling up the DagBag from /home/airflow/.local/lib/python3.12/site-packages/airflow/example_dags/example_workday_timetable.py
[2025-02-10T10:25:50.591+0000] {processor.py:925} INFO - DAG(s) 'example_workday_timetable' retrieved from /home/airflow/.local/lib/python3.12/site-packages/airflow/example_dags/example_workday_timetable.py
[2025-02-10T10:25:50.633+0000] {logging_mixin.py:190} INFO - [2025-02-10T10:25:50.632+0000] {dag.py:3239} INFO - Sync 1 DAGs
[2025-02-10T10:25:50.803+0000] {logging_mixin.py:190} INFO - [2025-02-10T10:25:50.802+0000] {dag.py:4180} INFO - Setting next_dagrun for example_workday_timetable to 2021-01-04 00:00:00+00:00, run_after=2021-01-05 00:00:00+00:00
[2025-02-10T10:25:50.847+0000] {processor.py:208} INFO - Processing /home/airflow/.local/lib/python3.12/site-packages/airflow/example_dags/example_workday_timetable.py took 0.287 seconds
