[2025-02-10T10:21:38.713+0000] {processor.py:186} INFO - Started process (PID=112) to work on /home/airflow/.local/lib/python3.12/site-packages/airflow/example_dags/example_sla_dag.py
[2025-02-10T10:21:38.715+0000] {processor.py:914} INFO - Processing file /home/airflow/.local/lib/python3.12/site-packages/airflow/example_dags/example_sla_dag.py for tasks to queue
[2025-02-10T10:21:38.721+0000] {logging_mixin.py:190} INFO - [2025-02-10T10:21:38.720+0000] {dagbag.py:588} INFO - Filling up the DagBag from /home/airflow/.local/lib/python3.12/site-packages/airflow/example_dags/example_sla_dag.py
[2025-02-10T10:21:38.849+0000] {processor.py:925} INFO - DAG(s) 'example_sla_dag' retrieved from /home/airflow/.local/lib/python3.12/site-packages/airflow/example_dags/example_sla_dag.py
[2025-02-10T10:21:40.097+0000] {logging_mixin.py:190} INFO - [2025-02-10T10:21:40.096+0000] {override.py:1911} INFO - Created Permission View: can read on DAG:example_sla_dag
[2025-02-10T10:21:40.235+0000] {logging_mixin.py:190} INFO - [2025-02-10T10:21:40.234+0000] {override.py:1911} INFO - Created Permission View: can delete on DAG:example_sla_dag
[2025-02-10T10:21:40.274+0000] {logging_mixin.py:190} INFO - [2025-02-10T10:21:40.274+0000] {override.py:1911} INFO - Created Permission View: can edit on DAG:example_sla_dag
[2025-02-10T10:21:40.395+0000] {logging_mixin.py:190} INFO - [2025-02-10T10:21:40.394+0000] {override.py:1911} INFO - Created Permission View: menu access on DAG Run:example_sla_dag
[2025-02-10T10:21:40.499+0000] {logging_mixin.py:190} INFO - [2025-02-10T10:21:40.499+0000] {override.py:1911} INFO - Created Permission View: can read on DAG Run:example_sla_dag
[2025-02-10T10:21:40.587+0000] {logging_mixin.py:190} INFO - [2025-02-10T10:21:40.586+0000] {override.py:1911} INFO - Created Permission View: can create on DAG Run:example_sla_dag
[2025-02-10T10:21:40.633+0000] {logging_mixin.py:190} INFO - [2025-02-10T10:21:40.631+0000] {override.py:1911} INFO - Created Permission View: can delete on DAG Run:example_sla_dag
[2025-02-10T10:21:40.647+0000] {logging_mixin.py:190} INFO - [2025-02-10T10:21:40.646+0000] {dag.py:3239} INFO - Sync 1 DAGs
[2025-02-10T10:21:40.709+0000] {logging_mixin.py:190} INFO - [2025-02-10T10:21:40.708+0000] {dag.py:3262} INFO - Creating ORM DAG for example_sla_dag
[2025-02-10T10:21:40.814+0000] {logging_mixin.py:190} INFO - [2025-02-10T10:21:40.813+0000] {dag.py:4180} INFO - Setting next_dagrun for example_sla_dag to 2025-02-10 10:18:00+00:00, run_after=2025-02-10 10:20:00+00:00
[2025-02-10T10:21:40.896+0000] {processor.py:208} INFO - Processing /home/airflow/.local/lib/python3.12/site-packages/airflow/example_dags/example_sla_dag.py took 2.200 seconds
[2025-02-10T10:22:32.852+0000] {processor.py:186} INFO - Started process (PID=178) to work on /home/airflow/.local/lib/python3.12/site-packages/airflow/example_dags/example_sla_dag.py
[2025-02-10T10:22:32.856+0000] {processor.py:914} INFO - Processing file /home/airflow/.local/lib/python3.12/site-packages/airflow/example_dags/example_sla_dag.py for tasks to queue
[2025-02-10T10:22:32.864+0000] {logging_mixin.py:190} INFO - [2025-02-10T10:22:32.864+0000] {dagbag.py:588} INFO - Filling up the DagBag from /home/airflow/.local/lib/python3.12/site-packages/airflow/example_dags/example_sla_dag.py
[2025-02-10T10:22:32.922+0000] {processor.py:925} INFO - DAG(s) 'example_sla_dag' retrieved from /home/airflow/.local/lib/python3.12/site-packages/airflow/example_dags/example_sla_dag.py
[2025-02-10T10:22:32.991+0000] {logging_mixin.py:190} INFO - [2025-02-10T10:22:32.991+0000] {dag.py:3239} INFO - Sync 1 DAGs
[2025-02-10T10:22:33.075+0000] {logging_mixin.py:190} INFO - [2025-02-10T10:22:33.074+0000] {dag.py:4180} INFO - Setting next_dagrun for example_sla_dag to 2025-02-10 10:20:00+00:00, run_after=2025-02-10 10:22:00+00:00
[2025-02-10T10:22:33.125+0000] {processor.py:208} INFO - Processing /home/airflow/.local/lib/python3.12/site-packages/airflow/example_dags/example_sla_dag.py took 0.296 seconds
[2025-02-10T10:23:03.879+0000] {processor.py:186} INFO - Started process (PID=241) to work on /home/airflow/.local/lib/python3.12/site-packages/airflow/example_dags/example_sla_dag.py
[2025-02-10T10:23:03.881+0000] {processor.py:914} INFO - Processing file /home/airflow/.local/lib/python3.12/site-packages/airflow/example_dags/example_sla_dag.py for tasks to queue
[2025-02-10T10:23:03.886+0000] {logging_mixin.py:190} INFO - [2025-02-10T10:23:03.885+0000] {dagbag.py:588} INFO - Filling up the DagBag from /home/airflow/.local/lib/python3.12/site-packages/airflow/example_dags/example_sla_dag.py
[2025-02-10T10:23:03.908+0000] {processor.py:925} INFO - DAG(s) 'example_sla_dag' retrieved from /home/airflow/.local/lib/python3.12/site-packages/airflow/example_dags/example_sla_dag.py
[2025-02-10T10:23:03.963+0000] {logging_mixin.py:190} INFO - [2025-02-10T10:23:03.962+0000] {dag.py:3239} INFO - Sync 1 DAGs
[2025-02-10T10:23:04.034+0000] {logging_mixin.py:190} INFO - [2025-02-10T10:23:04.033+0000] {dag.py:4180} INFO - Setting next_dagrun for example_sla_dag to 2025-02-10 10:20:00+00:00, run_after=2025-02-10 10:22:00+00:00
[2025-02-10T10:23:04.084+0000] {processor.py:208} INFO - Processing /home/airflow/.local/lib/python3.12/site-packages/airflow/example_dags/example_sla_dag.py took 0.219 seconds
[2025-02-10T10:23:42.452+0000] {processor.py:186} INFO - Started process (PID=296) to work on /home/airflow/.local/lib/python3.12/site-packages/airflow/example_dags/example_sla_dag.py
[2025-02-10T10:23:42.454+0000] {processor.py:914} INFO - Processing file /home/airflow/.local/lib/python3.12/site-packages/airflow/example_dags/example_sla_dag.py for tasks to queue
[2025-02-10T10:23:42.458+0000] {logging_mixin.py:190} INFO - [2025-02-10T10:23:42.458+0000] {dagbag.py:588} INFO - Filling up the DagBag from /home/airflow/.local/lib/python3.12/site-packages/airflow/example_dags/example_sla_dag.py
[2025-02-10T10:23:42.478+0000] {processor.py:925} INFO - DAG(s) 'example_sla_dag' retrieved from /home/airflow/.local/lib/python3.12/site-packages/airflow/example_dags/example_sla_dag.py
[2025-02-10T10:23:42.524+0000] {logging_mixin.py:190} INFO - [2025-02-10T10:23:42.524+0000] {dag.py:3239} INFO - Sync 1 DAGs
[2025-02-10T10:23:42.585+0000] {logging_mixin.py:190} INFO - [2025-02-10T10:23:42.585+0000] {dag.py:4180} INFO - Setting next_dagrun for example_sla_dag to 2025-02-10 10:20:00+00:00, run_after=2025-02-10 10:22:00+00:00
[2025-02-10T10:23:42.618+0000] {processor.py:208} INFO - Processing /home/airflow/.local/lib/python3.12/site-packages/airflow/example_dags/example_sla_dag.py took 0.179 seconds
[2025-02-10T10:24:14.700+0000] {processor.py:186} INFO - Started process (PID=360) to work on /home/airflow/.local/lib/python3.12/site-packages/airflow/example_dags/example_sla_dag.py
[2025-02-10T10:24:14.707+0000] {processor.py:914} INFO - Processing file /home/airflow/.local/lib/python3.12/site-packages/airflow/example_dags/example_sla_dag.py for tasks to queue
[2025-02-10T10:24:14.731+0000] {logging_mixin.py:190} INFO - [2025-02-10T10:24:14.731+0000] {dagbag.py:588} INFO - Filling up the DagBag from /home/airflow/.local/lib/python3.12/site-packages/airflow/example_dags/example_sla_dag.py
[2025-02-10T10:24:14.835+0000] {processor.py:925} INFO - DAG(s) 'example_sla_dag' retrieved from /home/airflow/.local/lib/python3.12/site-packages/airflow/example_dags/example_sla_dag.py
[2025-02-10T10:24:14.957+0000] {logging_mixin.py:190} INFO - [2025-02-10T10:24:14.956+0000] {dag.py:3239} INFO - Sync 1 DAGs
[2025-02-10T10:24:15.190+0000] {logging_mixin.py:190} INFO - [2025-02-10T10:24:15.189+0000] {dag.py:4180} INFO - Setting next_dagrun for example_sla_dag to 2025-02-10 10:22:00+00:00, run_after=2025-02-10 10:24:00+00:00
[2025-02-10T10:24:15.433+0000] {processor.py:208} INFO - Processing /home/airflow/.local/lib/python3.12/site-packages/airflow/example_dags/example_sla_dag.py took 0.768 seconds
[2025-02-10T10:24:46.213+0000] {processor.py:186} INFO - Started process (PID=423) to work on /home/airflow/.local/lib/python3.12/site-packages/airflow/example_dags/example_sla_dag.py
[2025-02-10T10:24:46.215+0000] {processor.py:914} INFO - Processing file /home/airflow/.local/lib/python3.12/site-packages/airflow/example_dags/example_sla_dag.py for tasks to queue
[2025-02-10T10:24:46.221+0000] {logging_mixin.py:190} INFO - [2025-02-10T10:24:46.220+0000] {dagbag.py:588} INFO - Filling up the DagBag from /home/airflow/.local/lib/python3.12/site-packages/airflow/example_dags/example_sla_dag.py
[2025-02-10T10:24:46.249+0000] {processor.py:925} INFO - DAG(s) 'example_sla_dag' retrieved from /home/airflow/.local/lib/python3.12/site-packages/airflow/example_dags/example_sla_dag.py
[2025-02-10T10:24:46.298+0000] {logging_mixin.py:190} INFO - [2025-02-10T10:24:46.297+0000] {dag.py:3239} INFO - Sync 1 DAGs
[2025-02-10T10:24:46.356+0000] {logging_mixin.py:190} INFO - [2025-02-10T10:24:46.356+0000] {dag.py:4180} INFO - Setting next_dagrun for example_sla_dag to 2025-02-10 10:22:00+00:00, run_after=2025-02-10 10:24:00+00:00
[2025-02-10T10:24:46.389+0000] {processor.py:208} INFO - Processing /home/airflow/.local/lib/python3.12/site-packages/airflow/example_dags/example_sla_dag.py took 0.190 seconds
[2025-02-10T10:25:21.005+0000] {processor.py:186} INFO - Started process (PID=484) to work on /home/airflow/.local/lib/python3.12/site-packages/airflow/example_dags/example_sla_dag.py
[2025-02-10T10:25:21.060+0000] {processor.py:914} INFO - Processing file /home/airflow/.local/lib/python3.12/site-packages/airflow/example_dags/example_sla_dag.py for tasks to queue
[2025-02-10T10:25:21.078+0000] {logging_mixin.py:190} INFO - [2025-02-10T10:25:21.077+0000] {dagbag.py:588} INFO - Filling up the DagBag from /home/airflow/.local/lib/python3.12/site-packages/airflow/example_dags/example_sla_dag.py
[2025-02-10T10:25:21.109+0000] {processor.py:925} INFO - DAG(s) 'example_sla_dag' retrieved from /home/airflow/.local/lib/python3.12/site-packages/airflow/example_dags/example_sla_dag.py
[2025-02-10T10:25:21.168+0000] {logging_mixin.py:190} INFO - [2025-02-10T10:25:21.167+0000] {dag.py:3239} INFO - Sync 1 DAGs
[2025-02-10T10:25:21.240+0000] {logging_mixin.py:190} INFO - [2025-02-10T10:25:21.240+0000] {dag.py:4180} INFO - Setting next_dagrun for example_sla_dag to 2025-02-10 10:22:00+00:00, run_after=2025-02-10 10:24:00+00:00
[2025-02-10T10:25:21.298+0000] {processor.py:208} INFO - Processing /home/airflow/.local/lib/python3.12/site-packages/airflow/example_dags/example_sla_dag.py took 0.332 seconds
[2025-02-10T10:25:52.645+0000] {processor.py:186} INFO - Started process (PID=546) to work on /home/airflow/.local/lib/python3.12/site-packages/airflow/example_dags/example_sla_dag.py
[2025-02-10T10:25:52.646+0000] {processor.py:914} INFO - Processing file /home/airflow/.local/lib/python3.12/site-packages/airflow/example_dags/example_sla_dag.py for tasks to queue
[2025-02-10T10:25:52.652+0000] {logging_mixin.py:190} INFO - [2025-02-10T10:25:52.651+0000] {dagbag.py:588} INFO - Filling up the DagBag from /home/airflow/.local/lib/python3.12/site-packages/airflow/example_dags/example_sla_dag.py
[2025-02-10T10:25:52.674+0000] {processor.py:925} INFO - DAG(s) 'example_sla_dag' retrieved from /home/airflow/.local/lib/python3.12/site-packages/airflow/example_dags/example_sla_dag.py
[2025-02-10T10:25:52.718+0000] {logging_mixin.py:190} INFO - [2025-02-10T10:25:52.717+0000] {dag.py:3239} INFO - Sync 1 DAGs
[2025-02-10T10:25:52.813+0000] {logging_mixin.py:190} INFO - [2025-02-10T10:25:52.813+0000] {dag.py:4180} INFO - Setting next_dagrun for example_sla_dag to 2025-02-10 10:22:00+00:00, run_after=2025-02-10 10:24:00+00:00
[2025-02-10T10:25:52.851+0000] {processor.py:208} INFO - Processing /home/airflow/.local/lib/python3.12/site-packages/airflow/example_dags/example_sla_dag.py took 0.221 seconds
