[2025-02-10T10:21:19.429+0000] {processor.py:186} INFO - Started process (PID=99) to work on /home/airflow/.local/lib/python3.12/site-packages/airflow/example_dags/example_params_trigger_ui.py
[2025-02-10T10:21:19.431+0000] {processor.py:914} INFO - Processing file /home/airflow/.local/lib/python3.12/site-packages/airflow/example_dags/example_params_trigger_ui.py for tasks to queue
[2025-02-10T10:21:19.441+0000] {logging_mixin.py:190} INFO - [2025-02-10T10:21:19.440+0000] {dagbag.py:588} INFO - Filling up the DagBag from /home/airflow/.local/lib/python3.12/site-packages/airflow/example_dags/example_params_trigger_ui.py
[2025-02-10T10:21:19.628+0000] {processor.py:925} INFO - DAG(s) 'example_params_trigger_ui' retrieved from /home/airflow/.local/lib/python3.12/site-packages/airflow/example_dags/example_params_trigger_ui.py
[2025-02-10T10:21:21.616+0000] {logging_mixin.py:190} INFO - [2025-02-10T10:21:21.614+0000] {override.py:1911} INFO - Created Permission View: can read on DAG:example_params_trigger_ui
[2025-02-10T10:21:21.747+0000] {logging_mixin.py:190} INFO - [2025-02-10T10:21:21.746+0000] {override.py:1911} INFO - Created Permission View: can delete on DAG:example_params_trigger_ui
[2025-02-10T10:21:21.791+0000] {logging_mixin.py:190} INFO - [2025-02-10T10:21:21.790+0000] {override.py:1911} INFO - Created Permission View: can edit on DAG:example_params_trigger_ui
[2025-02-10T10:21:22.030+0000] {logging_mixin.py:190} INFO - [2025-02-10T10:21:22.029+0000] {override.py:1911} INFO - Created Permission View: menu access on DAG Run:example_params_trigger_ui
[2025-02-10T10:21:22.325+0000] {logging_mixin.py:190} INFO - [2025-02-10T10:21:22.324+0000] {override.py:1911} INFO - Created Permission View: can read on DAG Run:example_params_trigger_ui
[2025-02-10T10:21:22.414+0000] {logging_mixin.py:190} INFO - [2025-02-10T10:21:22.408+0000] {override.py:1911} INFO - Created Permission View: can create on DAG Run:example_params_trigger_ui
[2025-02-10T10:21:22.483+0000] {logging_mixin.py:190} INFO - [2025-02-10T10:21:22.480+0000] {override.py:1911} INFO - Created Permission View: can delete on DAG Run:example_params_trigger_ui
[2025-02-10T10:21:22.492+0000] {logging_mixin.py:190} INFO - [2025-02-10T10:21:22.490+0000] {dag.py:3239} INFO - Sync 1 DAGs
[2025-02-10T10:21:22.582+0000] {logging_mixin.py:190} INFO - [2025-02-10T10:21:22.582+0000] {dag.py:3262} INFO - Creating ORM DAG for example_params_trigger_ui
[2025-02-10T10:21:22.589+0000] {logging_mixin.py:190} INFO - [2025-02-10T10:21:22.589+0000] {dag.py:4180} INFO - Setting next_dagrun for example_params_trigger_ui to None, run_after=None
[2025-02-10T10:21:22.842+0000] {processor.py:208} INFO - Processing /home/airflow/.local/lib/python3.12/site-packages/airflow/example_dags/example_params_trigger_ui.py took 3.421 seconds
[2025-02-10T10:22:31.335+0000] {processor.py:186} INFO - Started process (PID=167) to work on /home/airflow/.local/lib/python3.12/site-packages/airflow/example_dags/example_params_trigger_ui.py
[2025-02-10T10:22:31.338+0000] {processor.py:914} INFO - Processing file /home/airflow/.local/lib/python3.12/site-packages/airflow/example_dags/example_params_trigger_ui.py for tasks to queue
[2025-02-10T10:22:31.344+0000] {logging_mixin.py:190} INFO - [2025-02-10T10:22:31.343+0000] {dagbag.py:588} INFO - Filling up the DagBag from /home/airflow/.local/lib/python3.12/site-packages/airflow/example_dags/example_params_trigger_ui.py
[2025-02-10T10:22:31.393+0000] {processor.py:925} INFO - DAG(s) 'example_params_trigger_ui' retrieved from /home/airflow/.local/lib/python3.12/site-packages/airflow/example_dags/example_params_trigger_ui.py
[2025-02-10T10:22:31.589+0000] {logging_mixin.py:190} INFO - [2025-02-10T10:22:31.589+0000] {dag.py:3239} INFO - Sync 1 DAGs
[2025-02-10T10:22:31.675+0000] {logging_mixin.py:190} INFO - [2025-02-10T10:22:31.675+0000] {dag.py:4180} INFO - Setting next_dagrun for example_params_trigger_ui to None, run_after=None
[2025-02-10T10:22:31.771+0000] {processor.py:208} INFO - Processing /home/airflow/.local/lib/python3.12/site-packages/airflow/example_dags/example_params_trigger_ui.py took 0.465 seconds
[2025-02-10T10:23:02.445+0000] {processor.py:186} INFO - Started process (PID=229) to work on /home/airflow/.local/lib/python3.12/site-packages/airflow/example_dags/example_params_trigger_ui.py
[2025-02-10T10:23:02.449+0000] {processor.py:914} INFO - Processing file /home/airflow/.local/lib/python3.12/site-packages/airflow/example_dags/example_params_trigger_ui.py for tasks to queue
[2025-02-10T10:23:02.459+0000] {logging_mixin.py:190} INFO - [2025-02-10T10:23:02.458+0000] {dagbag.py:588} INFO - Filling up the DagBag from /home/airflow/.local/lib/python3.12/site-packages/airflow/example_dags/example_params_trigger_ui.py
[2025-02-10T10:23:02.491+0000] {processor.py:925} INFO - DAG(s) 'example_params_trigger_ui' retrieved from /home/airflow/.local/lib/python3.12/site-packages/airflow/example_dags/example_params_trigger_ui.py
[2025-02-10T10:23:02.583+0000] {logging_mixin.py:190} INFO - [2025-02-10T10:23:02.582+0000] {dag.py:3239} INFO - Sync 1 DAGs
[2025-02-10T10:23:02.653+0000] {logging_mixin.py:190} INFO - [2025-02-10T10:23:02.653+0000] {dag.py:4180} INFO - Setting next_dagrun for example_params_trigger_ui to None, run_after=None
[2025-02-10T10:23:02.686+0000] {processor.py:208} INFO - Processing /home/airflow/.local/lib/python3.12/site-packages/airflow/example_dags/example_params_trigger_ui.py took 0.263 seconds
[2025-02-10T10:23:41.542+0000] {processor.py:186} INFO - Started process (PID=290) to work on /home/airflow/.local/lib/python3.12/site-packages/airflow/example_dags/example_params_trigger_ui.py
[2025-02-10T10:23:41.544+0000] {processor.py:914} INFO - Processing file /home/airflow/.local/lib/python3.12/site-packages/airflow/example_dags/example_params_trigger_ui.py for tasks to queue
[2025-02-10T10:23:41.551+0000] {logging_mixin.py:190} INFO - [2025-02-10T10:23:41.549+0000] {dagbag.py:588} INFO - Filling up the DagBag from /home/airflow/.local/lib/python3.12/site-packages/airflow/example_dags/example_params_trigger_ui.py
[2025-02-10T10:23:41.593+0000] {processor.py:925} INFO - DAG(s) 'example_params_trigger_ui' retrieved from /home/airflow/.local/lib/python3.12/site-packages/airflow/example_dags/example_params_trigger_ui.py
[2025-02-10T10:23:41.734+0000] {logging_mixin.py:190} INFO - [2025-02-10T10:23:41.733+0000] {dag.py:3239} INFO - Sync 1 DAGs
[2025-02-10T10:23:41.793+0000] {logging_mixin.py:190} INFO - [2025-02-10T10:23:41.791+0000] {dag.py:4180} INFO - Setting next_dagrun for example_params_trigger_ui to None, run_after=None
[2025-02-10T10:23:41.864+0000] {processor.py:208} INFO - Processing /home/airflow/.local/lib/python3.12/site-packages/airflow/example_dags/example_params_trigger_ui.py took 0.337 seconds
[2025-02-10T10:24:13.151+0000] {processor.py:186} INFO - Started process (PID=354) to work on /home/airflow/.local/lib/python3.12/site-packages/airflow/example_dags/example_params_trigger_ui.py
[2025-02-10T10:24:13.154+0000] {processor.py:914} INFO - Processing file /home/airflow/.local/lib/python3.12/site-packages/airflow/example_dags/example_params_trigger_ui.py for tasks to queue
[2025-02-10T10:24:13.159+0000] {logging_mixin.py:190} INFO - [2025-02-10T10:24:13.159+0000] {dagbag.py:588} INFO - Filling up the DagBag from /home/airflow/.local/lib/python3.12/site-packages/airflow/example_dags/example_params_trigger_ui.py
[2025-02-10T10:24:13.190+0000] {processor.py:925} INFO - DAG(s) 'example_params_trigger_ui' retrieved from /home/airflow/.local/lib/python3.12/site-packages/airflow/example_dags/example_params_trigger_ui.py
[2025-02-10T10:24:13.307+0000] {logging_mixin.py:190} INFO - [2025-02-10T10:24:13.307+0000] {dag.py:3239} INFO - Sync 1 DAGs
[2025-02-10T10:24:13.341+0000] {logging_mixin.py:190} INFO - [2025-02-10T10:24:13.341+0000] {dag.py:4180} INFO - Setting next_dagrun for example_params_trigger_ui to None, run_after=None
[2025-02-10T10:24:13.382+0000] {processor.py:208} INFO - Processing /home/airflow/.local/lib/python3.12/site-packages/airflow/example_dags/example_params_trigger_ui.py took 0.247 seconds
[2025-02-10T10:24:44.802+0000] {processor.py:186} INFO - Started process (PID=417) to work on /home/airflow/.local/lib/python3.12/site-packages/airflow/example_dags/example_params_trigger_ui.py
[2025-02-10T10:24:44.804+0000] {processor.py:914} INFO - Processing file /home/airflow/.local/lib/python3.12/site-packages/airflow/example_dags/example_params_trigger_ui.py for tasks to queue
[2025-02-10T10:24:44.810+0000] {logging_mixin.py:190} INFO - [2025-02-10T10:24:44.809+0000] {dagbag.py:588} INFO - Filling up the DagBag from /home/airflow/.local/lib/python3.12/site-packages/airflow/example_dags/example_params_trigger_ui.py
[2025-02-10T10:24:44.840+0000] {processor.py:925} INFO - DAG(s) 'example_params_trigger_ui' retrieved from /home/airflow/.local/lib/python3.12/site-packages/airflow/example_dags/example_params_trigger_ui.py
[2025-02-10T10:24:44.957+0000] {logging_mixin.py:190} INFO - [2025-02-10T10:24:44.956+0000] {dag.py:3239} INFO - Sync 1 DAGs
[2025-02-10T10:24:44.991+0000] {logging_mixin.py:190} INFO - [2025-02-10T10:24:44.991+0000] {dag.py:4180} INFO - Setting next_dagrun for example_params_trigger_ui to None, run_after=None
[2025-02-10T10:24:45.037+0000] {processor.py:208} INFO - Processing /home/airflow/.local/lib/python3.12/site-packages/airflow/example_dags/example_params_trigger_ui.py took 0.252 seconds
[2025-02-10T10:25:19.714+0000] {processor.py:186} INFO - Started process (PID=478) to work on /home/airflow/.local/lib/python3.12/site-packages/airflow/example_dags/example_params_trigger_ui.py
[2025-02-10T10:25:19.716+0000] {processor.py:914} INFO - Processing file /home/airflow/.local/lib/python3.12/site-packages/airflow/example_dags/example_params_trigger_ui.py for tasks to queue
[2025-02-10T10:25:19.721+0000] {logging_mixin.py:190} INFO - [2025-02-10T10:25:19.720+0000] {dagbag.py:588} INFO - Filling up the DagBag from /home/airflow/.local/lib/python3.12/site-packages/airflow/example_dags/example_params_trigger_ui.py
[2025-02-10T10:25:19.749+0000] {processor.py:925} INFO - DAG(s) 'example_params_trigger_ui' retrieved from /home/airflow/.local/lib/python3.12/site-packages/airflow/example_dags/example_params_trigger_ui.py
[2025-02-10T10:25:19.886+0000] {logging_mixin.py:190} INFO - [2025-02-10T10:25:19.885+0000] {dag.py:3239} INFO - Sync 1 DAGs
[2025-02-10T10:25:19.938+0000] {logging_mixin.py:190} INFO - [2025-02-10T10:25:19.937+0000] {dag.py:4180} INFO - Setting next_dagrun for example_params_trigger_ui to None, run_after=None
[2025-02-10T10:25:20.003+0000] {processor.py:208} INFO - Processing /home/airflow/.local/lib/python3.12/site-packages/airflow/example_dags/example_params_trigger_ui.py took 0.307 seconds
[2025-02-10T10:25:51.688+0000] {processor.py:186} INFO - Started process (PID=540) to work on /home/airflow/.local/lib/python3.12/site-packages/airflow/example_dags/example_params_trigger_ui.py
[2025-02-10T10:25:51.689+0000] {processor.py:914} INFO - Processing file /home/airflow/.local/lib/python3.12/site-packages/airflow/example_dags/example_params_trigger_ui.py for tasks to queue
[2025-02-10T10:25:51.695+0000] {logging_mixin.py:190} INFO - [2025-02-10T10:25:51.694+0000] {dagbag.py:588} INFO - Filling up the DagBag from /home/airflow/.local/lib/python3.12/site-packages/airflow/example_dags/example_params_trigger_ui.py
[2025-02-10T10:25:51.717+0000] {processor.py:925} INFO - DAG(s) 'example_params_trigger_ui' retrieved from /home/airflow/.local/lib/python3.12/site-packages/airflow/example_dags/example_params_trigger_ui.py
[2025-02-10T10:25:51.802+0000] {logging_mixin.py:190} INFO - [2025-02-10T10:25:51.801+0000] {dag.py:3239} INFO - Sync 1 DAGs
[2025-02-10T10:25:51.835+0000] {logging_mixin.py:190} INFO - [2025-02-10T10:25:51.835+0000] {dag.py:4180} INFO - Setting next_dagrun for example_params_trigger_ui to None, run_after=None
[2025-02-10T10:25:51.883+0000] {processor.py:208} INFO - Processing /home/airflow/.local/lib/python3.12/site-packages/airflow/example_dags/example_params_trigger_ui.py took 0.207 seconds
