[2025-02-10T10:22:17.117+0000] {processor.py:186} INFO - Started process (PID=139) to work on /home/airflow/.local/lib/python3.12/site-packages/airflow/example_dags/example_task_group_decorator.py
[2025-02-10T10:22:17.119+0000] {processor.py:914} INFO - Processing file /home/airflow/.local/lib/python3.12/site-packages/airflow/example_dags/example_task_group_decorator.py for tasks to queue
[2025-02-10T10:22:17.125+0000] {logging_mixin.py:190} INFO - [2025-02-10T10:22:17.124+0000] {dagbag.py:588} INFO - Filling up the DagBag from /home/airflow/.local/lib/python3.12/site-packages/airflow/example_dags/example_task_group_decorator.py
[2025-02-10T10:22:17.171+0000] {processor.py:925} INFO - DAG(s) 'example_task_group_decorator' retrieved from /home/airflow/.local/lib/python3.12/site-packages/airflow/example_dags/example_task_group_decorator.py
[2025-02-10T10:22:17.483+0000] {logging_mixin.py:190} INFO - [2025-02-10T10:22:17.481+0000] {override.py:1911} INFO - Created Permission View: can read on DAG:example_task_group_decorator
[2025-02-10T10:22:17.515+0000] {logging_mixin.py:190} INFO - [2025-02-10T10:22:17.514+0000] {override.py:1911} INFO - Created Permission View: can delete on DAG:example_task_group_decorator
[2025-02-10T10:22:17.532+0000] {logging_mixin.py:190} INFO - [2025-02-10T10:22:17.532+0000] {override.py:1911} INFO - Created Permission View: can edit on DAG:example_task_group_decorator
[2025-02-10T10:22:17.599+0000] {logging_mixin.py:190} INFO - [2025-02-10T10:22:17.598+0000] {override.py:1911} INFO - Created Permission View: menu access on DAG Run:example_task_group_decorator
[2025-02-10T10:22:17.618+0000] {logging_mixin.py:190} INFO - [2025-02-10T10:22:17.617+0000] {override.py:1911} INFO - Created Permission View: can read on DAG Run:example_task_group_decorator
[2025-02-10T10:22:17.635+0000] {logging_mixin.py:190} INFO - [2025-02-10T10:22:17.634+0000] {override.py:1911} INFO - Created Permission View: can create on DAG Run:example_task_group_decorator
[2025-02-10T10:22:17.652+0000] {logging_mixin.py:190} INFO - [2025-02-10T10:22:17.652+0000] {override.py:1911} INFO - Created Permission View: can delete on DAG Run:example_task_group_decorator
[2025-02-10T10:22:17.654+0000] {logging_mixin.py:190} INFO - [2025-02-10T10:22:17.653+0000] {dag.py:3239} INFO - Sync 1 DAGs
[2025-02-10T10:22:17.699+0000] {logging_mixin.py:190} INFO - [2025-02-10T10:22:17.699+0000] {dag.py:3262} INFO - Creating ORM DAG for example_task_group_decorator
[2025-02-10T10:22:17.701+0000] {logging_mixin.py:190} INFO - [2025-02-10T10:22:17.701+0000] {dag.py:4180} INFO - Setting next_dagrun for example_task_group_decorator to None, run_after=None
[2025-02-10T10:22:17.759+0000] {processor.py:208} INFO - Processing /home/airflow/.local/lib/python3.12/site-packages/airflow/example_dags/example_task_group_decorator.py took 0.656 seconds
[2025-02-10T10:22:48.552+0000] {processor.py:186} INFO - Started process (PID=200) to work on /home/airflow/.local/lib/python3.12/site-packages/airflow/example_dags/example_task_group_decorator.py
[2025-02-10T10:22:48.554+0000] {processor.py:914} INFO - Processing file /home/airflow/.local/lib/python3.12/site-packages/airflow/example_dags/example_task_group_decorator.py for tasks to queue
[2025-02-10T10:22:48.559+0000] {logging_mixin.py:190} INFO - [2025-02-10T10:22:48.558+0000] {dagbag.py:588} INFO - Filling up the DagBag from /home/airflow/.local/lib/python3.12/site-packages/airflow/example_dags/example_task_group_decorator.py
[2025-02-10T10:22:48.599+0000] {processor.py:925} INFO - DAG(s) 'example_task_group_decorator' retrieved from /home/airflow/.local/lib/python3.12/site-packages/airflow/example_dags/example_task_group_decorator.py
[2025-02-10T10:22:48.664+0000] {logging_mixin.py:190} INFO - [2025-02-10T10:22:48.664+0000] {dag.py:3239} INFO - Sync 1 DAGs
[2025-02-10T10:22:48.698+0000] {logging_mixin.py:190} INFO - [2025-02-10T10:22:48.697+0000] {dag.py:4180} INFO - Setting next_dagrun for example_task_group_decorator to None, run_after=None
[2025-02-10T10:22:48.735+0000] {processor.py:208} INFO - Processing /home/airflow/.local/lib/python3.12/site-packages/airflow/example_dags/example_task_group_decorator.py took 0.195 seconds
[2025-02-10T10:23:18.931+0000] {processor.py:186} INFO - Started process (PID=263) to work on /home/airflow/.local/lib/python3.12/site-packages/airflow/example_dags/example_task_group_decorator.py
[2025-02-10T10:23:18.934+0000] {processor.py:914} INFO - Processing file /home/airflow/.local/lib/python3.12/site-packages/airflow/example_dags/example_task_group_decorator.py for tasks to queue
[2025-02-10T10:23:18.940+0000] {logging_mixin.py:190} INFO - [2025-02-10T10:23:18.939+0000] {dagbag.py:588} INFO - Filling up the DagBag from /home/airflow/.local/lib/python3.12/site-packages/airflow/example_dags/example_task_group_decorator.py
[2025-02-10T10:23:18.983+0000] {processor.py:925} INFO - DAG(s) 'example_task_group_decorator' retrieved from /home/airflow/.local/lib/python3.12/site-packages/airflow/example_dags/example_task_group_decorator.py
[2025-02-10T10:23:19.054+0000] {logging_mixin.py:190} INFO - [2025-02-10T10:23:19.053+0000] {dag.py:3239} INFO - Sync 1 DAGs
[2025-02-10T10:23:19.079+0000] {logging_mixin.py:190} INFO - [2025-02-10T10:23:19.079+0000] {dag.py:4180} INFO - Setting next_dagrun for example_task_group_decorator to None, run_after=None
[2025-02-10T10:23:19.180+0000] {processor.py:208} INFO - Processing /home/airflow/.local/lib/python3.12/site-packages/airflow/example_dags/example_task_group_decorator.py took 0.264 seconds
[2025-02-10T10:23:49.323+0000] {processor.py:186} INFO - Started process (PID=326) to work on /home/airflow/.local/lib/python3.12/site-packages/airflow/example_dags/example_task_group_decorator.py
[2025-02-10T10:23:49.325+0000] {processor.py:914} INFO - Processing file /home/airflow/.local/lib/python3.12/site-packages/airflow/example_dags/example_task_group_decorator.py for tasks to queue
[2025-02-10T10:23:49.329+0000] {logging_mixin.py:190} INFO - [2025-02-10T10:23:49.329+0000] {dagbag.py:588} INFO - Filling up the DagBag from /home/airflow/.local/lib/python3.12/site-packages/airflow/example_dags/example_task_group_decorator.py
[2025-02-10T10:23:49.357+0000] {processor.py:925} INFO - DAG(s) 'example_task_group_decorator' retrieved from /home/airflow/.local/lib/python3.12/site-packages/airflow/example_dags/example_task_group_decorator.py
[2025-02-10T10:23:49.397+0000] {logging_mixin.py:190} INFO - [2025-02-10T10:23:49.396+0000] {dag.py:3239} INFO - Sync 1 DAGs
[2025-02-10T10:23:49.419+0000] {logging_mixin.py:190} INFO - [2025-02-10T10:23:49.419+0000] {dag.py:4180} INFO - Setting next_dagrun for example_task_group_decorator to None, run_after=None
[2025-02-10T10:23:49.451+0000] {processor.py:208} INFO - Processing /home/airflow/.local/lib/python3.12/site-packages/airflow/example_dags/example_task_group_decorator.py took 0.139 seconds
[2025-02-10T10:24:22.073+0000] {processor.py:186} INFO - Started process (PID=390) to work on /home/airflow/.local/lib/python3.12/site-packages/airflow/example_dags/example_task_group_decorator.py
[2025-02-10T10:24:22.075+0000] {processor.py:914} INFO - Processing file /home/airflow/.local/lib/python3.12/site-packages/airflow/example_dags/example_task_group_decorator.py for tasks to queue
[2025-02-10T10:24:22.081+0000] {logging_mixin.py:190} INFO - [2025-02-10T10:24:22.080+0000] {dagbag.py:588} INFO - Filling up the DagBag from /home/airflow/.local/lib/python3.12/site-packages/airflow/example_dags/example_task_group_decorator.py
[2025-02-10T10:24:22.122+0000] {processor.py:925} INFO - DAG(s) 'example_task_group_decorator' retrieved from /home/airflow/.local/lib/python3.12/site-packages/airflow/example_dags/example_task_group_decorator.py
[2025-02-10T10:24:22.191+0000] {logging_mixin.py:190} INFO - [2025-02-10T10:24:22.190+0000] {dag.py:3239} INFO - Sync 1 DAGs
[2025-02-10T10:24:22.226+0000] {logging_mixin.py:190} INFO - [2025-02-10T10:24:22.226+0000] {dag.py:4180} INFO - Setting next_dagrun for example_task_group_decorator to None, run_after=None
[2025-02-10T10:24:22.266+0000] {processor.py:208} INFO - Processing /home/airflow/.local/lib/python3.12/site-packages/airflow/example_dags/example_task_group_decorator.py took 0.208 seconds
[2025-02-10T10:24:52.388+0000] {processor.py:186} INFO - Started process (PID=452) to work on /home/airflow/.local/lib/python3.12/site-packages/airflow/example_dags/example_task_group_decorator.py
[2025-02-10T10:24:52.391+0000] {processor.py:914} INFO - Processing file /home/airflow/.local/lib/python3.12/site-packages/airflow/example_dags/example_task_group_decorator.py for tasks to queue
[2025-02-10T10:24:52.396+0000] {logging_mixin.py:190} INFO - [2025-02-10T10:24:52.395+0000] {dagbag.py:588} INFO - Filling up the DagBag from /home/airflow/.local/lib/python3.12/site-packages/airflow/example_dags/example_task_group_decorator.py
[2025-02-10T10:24:52.434+0000] {processor.py:925} INFO - DAG(s) 'example_task_group_decorator' retrieved from /home/airflow/.local/lib/python3.12/site-packages/airflow/example_dags/example_task_group_decorator.py
[2025-02-10T10:24:52.495+0000] {logging_mixin.py:190} INFO - [2025-02-10T10:24:52.494+0000] {dag.py:3239} INFO - Sync 1 DAGs
[2025-02-10T10:24:52.530+0000] {logging_mixin.py:190} INFO - [2025-02-10T10:24:52.529+0000] {dag.py:4180} INFO - Setting next_dagrun for example_task_group_decorator to None, run_after=None
[2025-02-10T10:24:52.587+0000] {processor.py:208} INFO - Processing /home/airflow/.local/lib/python3.12/site-packages/airflow/example_dags/example_task_group_decorator.py took 0.214 seconds
[2025-02-10T10:25:27.565+0000] {processor.py:186} INFO - Started process (PID=508) to work on /home/airflow/.local/lib/python3.12/site-packages/airflow/example_dags/example_task_group_decorator.py
[2025-02-10T10:25:27.568+0000] {processor.py:914} INFO - Processing file /home/airflow/.local/lib/python3.12/site-packages/airflow/example_dags/example_task_group_decorator.py for tasks to queue
[2025-02-10T10:25:27.577+0000] {logging_mixin.py:190} INFO - [2025-02-10T10:25:27.576+0000] {dagbag.py:588} INFO - Filling up the DagBag from /home/airflow/.local/lib/python3.12/site-packages/airflow/example_dags/example_task_group_decorator.py
[2025-02-10T10:25:27.658+0000] {processor.py:925} INFO - DAG(s) 'example_task_group_decorator' retrieved from /home/airflow/.local/lib/python3.12/site-packages/airflow/example_dags/example_task_group_decorator.py
[2025-02-10T10:25:27.734+0000] {logging_mixin.py:190} INFO - [2025-02-10T10:25:27.734+0000] {dag.py:3239} INFO - Sync 1 DAGs
[2025-02-10T10:25:27.775+0000] {logging_mixin.py:190} INFO - [2025-02-10T10:25:27.774+0000] {dag.py:4180} INFO - Setting next_dagrun for example_task_group_decorator to None, run_after=None
[2025-02-10T10:25:27.854+0000] {processor.py:208} INFO - Processing /home/airflow/.local/lib/python3.12/site-packages/airflow/example_dags/example_task_group_decorator.py took 0.307 seconds
[2025-02-10T10:25:58.193+0000] {processor.py:186} INFO - Started process (PID=569) to work on /home/airflow/.local/lib/python3.12/site-packages/airflow/example_dags/example_task_group_decorator.py
[2025-02-10T10:25:58.194+0000] {processor.py:914} INFO - Processing file /home/airflow/.local/lib/python3.12/site-packages/airflow/example_dags/example_task_group_decorator.py for tasks to queue
[2025-02-10T10:25:58.197+0000] {logging_mixin.py:190} INFO - [2025-02-10T10:25:58.197+0000] {dagbag.py:588} INFO - Filling up the DagBag from /home/airflow/.local/lib/python3.12/site-packages/airflow/example_dags/example_task_group_decorator.py
[2025-02-10T10:25:58.224+0000] {processor.py:925} INFO - DAG(s) 'example_task_group_decorator' retrieved from /home/airflow/.local/lib/python3.12/site-packages/airflow/example_dags/example_task_group_decorator.py
[2025-02-10T10:25:58.266+0000] {logging_mixin.py:190} INFO - [2025-02-10T10:25:58.266+0000] {dag.py:3239} INFO - Sync 1 DAGs
[2025-02-10T10:25:58.289+0000] {logging_mixin.py:190} INFO - [2025-02-10T10:25:58.289+0000] {dag.py:4180} INFO - Setting next_dagrun for example_task_group_decorator to None, run_after=None
[2025-02-10T10:25:58.326+0000] {processor.py:208} INFO - Processing /home/airflow/.local/lib/python3.12/site-packages/airflow/example_dags/example_task_group_decorator.py took 0.144 seconds
