[2025-02-10T10:22:25.305+0000] {processor.py:186} INFO - Started process (PID=146) to work on /home/airflow/.local/lib/python3.12/site-packages/airflow/example_dags/example_display_name.py
[2025-02-10T10:22:25.307+0000] {processor.py:914} INFO - Processing file /home/airflow/.local/lib/python3.12/site-packages/airflow/example_dags/example_display_name.py for tasks to queue
[2025-02-10T10:22:25.312+0000] {logging_mixin.py:190} INFO - [2025-02-10T10:22:25.312+0000] {dagbag.py:588} INFO - Filling up the DagBag from /home/airflow/.local/lib/python3.12/site-packages/airflow/example_dags/example_display_name.py
[2025-02-10T10:22:25.333+0000] {processor.py:925} INFO - DAG(s) 'example_display_name' retrieved from /home/airflow/.local/lib/python3.12/site-packages/airflow/example_dags/example_display_name.py
[2025-02-10T10:22:25.668+0000] {logging_mixin.py:190} INFO - [2025-02-10T10:22:25.666+0000] {override.py:1911} INFO - Created Permission View: can read on DAG:example_display_name
[2025-02-10T10:22:25.691+0000] {logging_mixin.py:190} INFO - [2025-02-10T10:22:25.690+0000] {override.py:1911} INFO - Created Permission View: can delete on DAG:example_display_name
[2025-02-10T10:22:25.713+0000] {logging_mixin.py:190} INFO - [2025-02-10T10:22:25.712+0000] {override.py:1911} INFO - Created Permission View: can edit on DAG:example_display_name
[2025-02-10T10:22:25.732+0000] {logging_mixin.py:190} INFO - [2025-02-10T10:22:25.732+0000] {override.py:1911} INFO - Created Permission View: menu access on DAG Run:example_display_name
[2025-02-10T10:22:25.752+0000] {logging_mixin.py:190} INFO - [2025-02-10T10:22:25.751+0000] {override.py:1911} INFO - Created Permission View: can read on DAG Run:example_display_name
[2025-02-10T10:22:25.779+0000] {logging_mixin.py:190} INFO - [2025-02-10T10:22:25.778+0000] {override.py:1911} INFO - Created Permission View: can create on DAG Run:example_display_name
[2025-02-10T10:22:25.804+0000] {logging_mixin.py:190} INFO - [2025-02-10T10:22:25.803+0000] {override.py:1911} INFO - Created Permission View: can delete on DAG Run:example_display_name
[2025-02-10T10:22:25.805+0000] {logging_mixin.py:190} INFO - [2025-02-10T10:22:25.805+0000] {dag.py:3239} INFO - Sync 1 DAGs
[2025-02-10T10:22:25.841+0000] {logging_mixin.py:190} INFO - [2025-02-10T10:22:25.840+0000] {dag.py:3262} INFO - Creating ORM DAG for example_display_name
[2025-02-10T10:22:25.844+0000] {logging_mixin.py:190} INFO - [2025-02-10T10:22:25.844+0000] {dag.py:4180} INFO - Setting next_dagrun for example_display_name to None, run_after=None
[2025-02-10T10:22:25.911+0000] {processor.py:208} INFO - Processing /home/airflow/.local/lib/python3.12/site-packages/airflow/example_dags/example_display_name.py took 0.620 seconds
[2025-02-10T10:22:57.278+0000] {processor.py:186} INFO - Started process (PID=207) to work on /home/airflow/.local/lib/python3.12/site-packages/airflow/example_dags/example_display_name.py
[2025-02-10T10:22:57.281+0000] {processor.py:914} INFO - Processing file /home/airflow/.local/lib/python3.12/site-packages/airflow/example_dags/example_display_name.py for tasks to queue
[2025-02-10T10:22:57.289+0000] {logging_mixin.py:190} INFO - [2025-02-10T10:22:57.288+0000] {dagbag.py:588} INFO - Filling up the DagBag from /home/airflow/.local/lib/python3.12/site-packages/airflow/example_dags/example_display_name.py
[2025-02-10T10:22:57.313+0000] {processor.py:925} INFO - DAG(s) 'example_display_name' retrieved from /home/airflow/.local/lib/python3.12/site-packages/airflow/example_dags/example_display_name.py
[2025-02-10T10:22:57.367+0000] {logging_mixin.py:190} INFO - [2025-02-10T10:22:57.366+0000] {dag.py:3239} INFO - Sync 1 DAGs
[2025-02-10T10:22:57.400+0000] {logging_mixin.py:190} INFO - [2025-02-10T10:22:57.399+0000] {dag.py:4180} INFO - Setting next_dagrun for example_display_name to None, run_after=None
[2025-02-10T10:22:57.441+0000] {processor.py:208} INFO - Processing /home/airflow/.local/lib/python3.12/site-packages/airflow/example_dags/example_display_name.py took 0.177 seconds
[2025-02-10T10:23:37.347+0000] {processor.py:186} INFO - Started process (PID=276) to work on /home/airflow/.local/lib/python3.12/site-packages/airflow/example_dags/example_display_name.py
[2025-02-10T10:23:37.349+0000] {processor.py:914} INFO - Processing file /home/airflow/.local/lib/python3.12/site-packages/airflow/example_dags/example_display_name.py for tasks to queue
[2025-02-10T10:23:37.363+0000] {logging_mixin.py:190} INFO - [2025-02-10T10:23:37.359+0000] {dagbag.py:588} INFO - Filling up the DagBag from /home/airflow/.local/lib/python3.12/site-packages/airflow/example_dags/example_display_name.py
[2025-02-10T10:23:37.395+0000] {processor.py:925} INFO - DAG(s) 'example_display_name' retrieved from /home/airflow/.local/lib/python3.12/site-packages/airflow/example_dags/example_display_name.py
[2025-02-10T10:23:37.473+0000] {logging_mixin.py:190} INFO - [2025-02-10T10:23:37.473+0000] {dag.py:3239} INFO - Sync 1 DAGs
[2025-02-10T10:23:37.541+0000] {logging_mixin.py:190} INFO - [2025-02-10T10:23:37.541+0000] {dag.py:4180} INFO - Setting next_dagrun for example_display_name to None, run_after=None
[2025-02-10T10:23:37.628+0000] {processor.py:208} INFO - Processing /home/airflow/.local/lib/python3.12/site-packages/airflow/example_dags/example_display_name.py took 0.304 seconds
[2025-02-10T10:24:11.391+0000] {processor.py:186} INFO - Started process (PID=347) to work on /home/airflow/.local/lib/python3.12/site-packages/airflow/example_dags/example_display_name.py
[2025-02-10T10:24:11.394+0000] {processor.py:914} INFO - Processing file /home/airflow/.local/lib/python3.12/site-packages/airflow/example_dags/example_display_name.py for tasks to queue
[2025-02-10T10:24:11.399+0000] {logging_mixin.py:190} INFO - [2025-02-10T10:24:11.398+0000] {dagbag.py:588} INFO - Filling up the DagBag from /home/airflow/.local/lib/python3.12/site-packages/airflow/example_dags/example_display_name.py
[2025-02-10T10:24:11.416+0000] {processor.py:925} INFO - DAG(s) 'example_display_name' retrieved from /home/airflow/.local/lib/python3.12/site-packages/airflow/example_dags/example_display_name.py
[2025-02-10T10:24:11.459+0000] {logging_mixin.py:190} INFO - [2025-02-10T10:24:11.458+0000] {dag.py:3239} INFO - Sync 1 DAGs
[2025-02-10T10:24:11.500+0000] {logging_mixin.py:190} INFO - [2025-02-10T10:24:11.499+0000] {dag.py:4180} INFO - Setting next_dagrun for example_display_name to None, run_after=None
[2025-02-10T10:24:11.547+0000] {processor.py:208} INFO - Processing /home/airflow/.local/lib/python3.12/site-packages/airflow/example_dags/example_display_name.py took 0.172 seconds
[2025-02-10T10:24:44.339+0000] {processor.py:186} INFO - Started process (PID=414) to work on /home/airflow/.local/lib/python3.12/site-packages/airflow/example_dags/example_display_name.py
[2025-02-10T10:24:44.343+0000] {processor.py:914} INFO - Processing file /home/airflow/.local/lib/python3.12/site-packages/airflow/example_dags/example_display_name.py for tasks to queue
[2025-02-10T10:24:44.348+0000] {logging_mixin.py:190} INFO - [2025-02-10T10:24:44.347+0000] {dagbag.py:588} INFO - Filling up the DagBag from /home/airflow/.local/lib/python3.12/site-packages/airflow/example_dags/example_display_name.py
[2025-02-10T10:24:44.365+0000] {processor.py:925} INFO - DAG(s) 'example_display_name' retrieved from /home/airflow/.local/lib/python3.12/site-packages/airflow/example_dags/example_display_name.py
[2025-02-10T10:24:44.401+0000] {logging_mixin.py:190} INFO - [2025-02-10T10:24:44.401+0000] {dag.py:3239} INFO - Sync 1 DAGs
[2025-02-10T10:24:44.429+0000] {logging_mixin.py:190} INFO - [2025-02-10T10:24:44.429+0000] {dag.py:4180} INFO - Setting next_dagrun for example_display_name to None, run_after=None
[2025-02-10T10:24:44.462+0000] {processor.py:208} INFO - Processing /home/airflow/.local/lib/python3.12/site-packages/airflow/example_dags/example_display_name.py took 0.134 seconds
[2025-02-10T10:25:21.404+0000] {processor.py:186} INFO - Started process (PID=486) to work on /home/airflow/.local/lib/python3.12/site-packages/airflow/example_dags/example_display_name.py
[2025-02-10T10:25:21.408+0000] {processor.py:914} INFO - Processing file /home/airflow/.local/lib/python3.12/site-packages/airflow/example_dags/example_display_name.py for tasks to queue
[2025-02-10T10:25:21.423+0000] {logging_mixin.py:190} INFO - [2025-02-10T10:25:21.416+0000] {dagbag.py:588} INFO - Filling up the DagBag from /home/airflow/.local/lib/python3.12/site-packages/airflow/example_dags/example_display_name.py
[2025-02-10T10:25:21.444+0000] {processor.py:925} INFO - DAG(s) 'example_display_name' retrieved from /home/airflow/.local/lib/python3.12/site-packages/airflow/example_dags/example_display_name.py
[2025-02-10T10:25:21.497+0000] {logging_mixin.py:190} INFO - [2025-02-10T10:25:21.497+0000] {dag.py:3239} INFO - Sync 1 DAGs
[2025-02-10T10:25:21.527+0000] {logging_mixin.py:190} INFO - [2025-02-10T10:25:21.527+0000] {dag.py:4180} INFO - Setting next_dagrun for example_display_name to None, run_after=None
[2025-02-10T10:25:21.584+0000] {processor.py:208} INFO - Processing /home/airflow/.local/lib/python3.12/site-packages/airflow/example_dags/example_display_name.py took 0.205 seconds
[2025-02-10T10:25:53.205+0000] {processor.py:186} INFO - Started process (PID=550) to work on /home/airflow/.local/lib/python3.12/site-packages/airflow/example_dags/example_display_name.py
[2025-02-10T10:25:53.207+0000] {processor.py:914} INFO - Processing file /home/airflow/.local/lib/python3.12/site-packages/airflow/example_dags/example_display_name.py for tasks to queue
[2025-02-10T10:25:53.212+0000] {logging_mixin.py:190} INFO - [2025-02-10T10:25:53.211+0000] {dagbag.py:588} INFO - Filling up the DagBag from /home/airflow/.local/lib/python3.12/site-packages/airflow/example_dags/example_display_name.py
[2025-02-10T10:25:53.230+0000] {processor.py:925} INFO - DAG(s) 'example_display_name' retrieved from /home/airflow/.local/lib/python3.12/site-packages/airflow/example_dags/example_display_name.py
[2025-02-10T10:25:53.283+0000] {logging_mixin.py:190} INFO - [2025-02-10T10:25:53.283+0000] {dag.py:3239} INFO - Sync 1 DAGs
[2025-02-10T10:25:53.325+0000] {logging_mixin.py:190} INFO - [2025-02-10T10:25:53.324+0000] {dag.py:4180} INFO - Setting next_dagrun for example_display_name to None, run_after=None
[2025-02-10T10:25:53.373+0000] {processor.py:208} INFO - Processing /home/airflow/.local/lib/python3.12/site-packages/airflow/example_dags/example_display_name.py took 0.180 seconds
