[2025-02-10T10:22:22.212+0000] {processor.py:186} INFO - Started process (PID=142) to work on /home/airflow/.local/lib/python3.12/site-packages/airflow/example_dags/example_bash_operator.py
[2025-02-10T10:22:22.215+0000] {processor.py:914} INFO - Processing file /home/airflow/.local/lib/python3.12/site-packages/airflow/example_dags/example_bash_operator.py for tasks to queue
[2025-02-10T10:22:22.222+0000] {logging_mixin.py:190} INFO - [2025-02-10T10:22:22.221+0000] {dagbag.py:588} INFO - Filling up the DagBag from /home/airflow/.local/lib/python3.12/site-packages/airflow/example_dags/example_bash_operator.py
[2025-02-10T10:22:22.271+0000] {processor.py:925} INFO - DAG(s) 'example_bash_operator' retrieved from /home/airflow/.local/lib/python3.12/site-packages/airflow/example_dags/example_bash_operator.py
[2025-02-10T10:22:22.627+0000] {logging_mixin.py:190} INFO - [2025-02-10T10:22:22.626+0000] {override.py:1911} INFO - Created Permission View: can read on DAG:example_bash_operator
[2025-02-10T10:22:22.650+0000] {logging_mixin.py:190} INFO - [2025-02-10T10:22:22.649+0000] {override.py:1911} INFO - Created Permission View: can delete on DAG:example_bash_operator
[2025-02-10T10:22:22.664+0000] {logging_mixin.py:190} INFO - [2025-02-10T10:22:22.664+0000] {override.py:1911} INFO - Created Permission View: can edit on DAG:example_bash_operator
[2025-02-10T10:22:22.680+0000] {logging_mixin.py:190} INFO - [2025-02-10T10:22:22.679+0000] {override.py:1911} INFO - Created Permission View: menu access on DAG Run:example_bash_operator
[2025-02-10T10:22:22.697+0000] {logging_mixin.py:190} INFO - [2025-02-10T10:22:22.696+0000] {override.py:1911} INFO - Created Permission View: can read on DAG Run:example_bash_operator
[2025-02-10T10:22:22.717+0000] {logging_mixin.py:190} INFO - [2025-02-10T10:22:22.716+0000] {override.py:1911} INFO - Created Permission View: can create on DAG Run:example_bash_operator
[2025-02-10T10:22:22.733+0000] {logging_mixin.py:190} INFO - [2025-02-10T10:22:22.732+0000] {override.py:1911} INFO - Created Permission View: can delete on DAG Run:example_bash_operator
[2025-02-10T10:22:22.734+0000] {logging_mixin.py:190} INFO - [2025-02-10T10:22:22.734+0000] {dag.py:3239} INFO - Sync 1 DAGs
[2025-02-10T10:22:22.763+0000] {logging_mixin.py:190} INFO - [2025-02-10T10:22:22.763+0000] {dag.py:3262} INFO - Creating ORM DAG for example_bash_operator
[2025-02-10T10:22:22.787+0000] {logging_mixin.py:190} INFO - [2025-02-10T10:22:22.786+0000] {dag.py:4180} INFO - Setting next_dagrun for example_bash_operator to 2025-02-09 00:00:00+00:00, run_after=2025-02-10 00:00:00+00:00
[2025-02-10T10:22:22.828+0000] {processor.py:208} INFO - Processing /home/airflow/.local/lib/python3.12/site-packages/airflow/example_dags/example_bash_operator.py took 0.635 seconds
[2025-02-10T10:22:53.245+0000] {processor.py:186} INFO - Started process (PID=203) to work on /home/airflow/.local/lib/python3.12/site-packages/airflow/example_dags/example_bash_operator.py
[2025-02-10T10:22:53.255+0000] {processor.py:914} INFO - Processing file /home/airflow/.local/lib/python3.12/site-packages/airflow/example_dags/example_bash_operator.py for tasks to queue
[2025-02-10T10:22:53.314+0000] {logging_mixin.py:190} INFO - [2025-02-10T10:22:53.313+0000] {dagbag.py:588} INFO - Filling up the DagBag from /home/airflow/.local/lib/python3.12/site-packages/airflow/example_dags/example_bash_operator.py
[2025-02-10T10:22:53.545+0000] {processor.py:925} INFO - DAG(s) 'example_bash_operator' retrieved from /home/airflow/.local/lib/python3.12/site-packages/airflow/example_dags/example_bash_operator.py
[2025-02-10T10:22:53.867+0000] {logging_mixin.py:190} INFO - [2025-02-10T10:22:53.866+0000] {dag.py:3239} INFO - Sync 1 DAGs
[2025-02-10T10:22:54.322+0000] {logging_mixin.py:190} INFO - [2025-02-10T10:22:54.311+0000] {dag.py:4180} INFO - Setting next_dagrun for example_bash_operator to 2025-02-09 00:00:00+00:00, run_after=2025-02-10 00:00:00+00:00
[2025-02-10T10:22:54.551+0000] {processor.py:208} INFO - Processing /home/airflow/.local/lib/python3.12/site-packages/airflow/example_dags/example_bash_operator.py took 1.374 seconds
[2025-02-10T10:23:25.457+0000] {processor.py:186} INFO - Started process (PID=265) to work on /home/airflow/.local/lib/python3.12/site-packages/airflow/example_dags/example_bash_operator.py
[2025-02-10T10:23:25.464+0000] {processor.py:914} INFO - Processing file /home/airflow/.local/lib/python3.12/site-packages/airflow/example_dags/example_bash_operator.py for tasks to queue
[2025-02-10T10:23:25.472+0000] {logging_mixin.py:190} INFO - [2025-02-10T10:23:25.472+0000] {dagbag.py:588} INFO - Filling up the DagBag from /home/airflow/.local/lib/python3.12/site-packages/airflow/example_dags/example_bash_operator.py
[2025-02-10T10:23:25.514+0000] {processor.py:925} INFO - DAG(s) 'example_bash_operator' retrieved from /home/airflow/.local/lib/python3.12/site-packages/airflow/example_dags/example_bash_operator.py
[2025-02-10T10:23:25.635+0000] {logging_mixin.py:190} INFO - [2025-02-10T10:23:25.635+0000] {dag.py:3239} INFO - Sync 1 DAGs
[2025-02-10T10:23:25.709+0000] {logging_mixin.py:190} INFO - [2025-02-10T10:23:25.709+0000] {dag.py:4180} INFO - Setting next_dagrun for example_bash_operator to 2025-02-09 00:00:00+00:00, run_after=2025-02-10 00:00:00+00:00
[2025-02-10T10:23:25.752+0000] {processor.py:208} INFO - Processing /home/airflow/.local/lib/python3.12/site-packages/airflow/example_dags/example_bash_operator.py took 0.323 seconds
[2025-02-10T10:23:56.033+0000] {processor.py:186} INFO - Started process (PID=329) to work on /home/airflow/.local/lib/python3.12/site-packages/airflow/example_dags/example_bash_operator.py
[2025-02-10T10:23:56.036+0000] {processor.py:914} INFO - Processing file /home/airflow/.local/lib/python3.12/site-packages/airflow/example_dags/example_bash_operator.py for tasks to queue
[2025-02-10T10:23:56.044+0000] {logging_mixin.py:190} INFO - [2025-02-10T10:23:56.043+0000] {dagbag.py:588} INFO - Filling up the DagBag from /home/airflow/.local/lib/python3.12/site-packages/airflow/example_dags/example_bash_operator.py
[2025-02-10T10:23:56.121+0000] {processor.py:925} INFO - DAG(s) 'example_bash_operator' retrieved from /home/airflow/.local/lib/python3.12/site-packages/airflow/example_dags/example_bash_operator.py
[2025-02-10T10:23:56.189+0000] {logging_mixin.py:190} INFO - [2025-02-10T10:23:56.188+0000] {dag.py:3239} INFO - Sync 1 DAGs
[2025-02-10T10:23:56.286+0000] {logging_mixin.py:190} INFO - [2025-02-10T10:23:56.285+0000] {dag.py:4180} INFO - Setting next_dagrun for example_bash_operator to 2025-02-09 00:00:00+00:00, run_after=2025-02-10 00:00:00+00:00
[2025-02-10T10:23:56.439+0000] {processor.py:208} INFO - Processing /home/airflow/.local/lib/python3.12/site-packages/airflow/example_dags/example_bash_operator.py took 0.442 seconds
[2025-02-10T10:24:26.578+0000] {processor.py:186} INFO - Started process (PID=392) to work on /home/airflow/.local/lib/python3.12/site-packages/airflow/example_dags/example_bash_operator.py
[2025-02-10T10:24:26.580+0000] {processor.py:914} INFO - Processing file /home/airflow/.local/lib/python3.12/site-packages/airflow/example_dags/example_bash_operator.py for tasks to queue
[2025-02-10T10:24:26.584+0000] {logging_mixin.py:190} INFO - [2025-02-10T10:24:26.583+0000] {dagbag.py:588} INFO - Filling up the DagBag from /home/airflow/.local/lib/python3.12/site-packages/airflow/example_dags/example_bash_operator.py
[2025-02-10T10:24:26.625+0000] {processor.py:925} INFO - DAG(s) 'example_bash_operator' retrieved from /home/airflow/.local/lib/python3.12/site-packages/airflow/example_dags/example_bash_operator.py
[2025-02-10T10:24:26.678+0000] {logging_mixin.py:190} INFO - [2025-02-10T10:24:26.678+0000] {dag.py:3239} INFO - Sync 1 DAGs
[2025-02-10T10:24:26.731+0000] {logging_mixin.py:190} INFO - [2025-02-10T10:24:26.731+0000] {dag.py:4180} INFO - Setting next_dagrun for example_bash_operator to 2025-02-09 00:00:00+00:00, run_after=2025-02-10 00:00:00+00:00
[2025-02-10T10:24:26.777+0000] {processor.py:208} INFO - Processing /home/airflow/.local/lib/python3.12/site-packages/airflow/example_dags/example_bash_operator.py took 0.212 seconds
[2025-02-10T10:24:56.975+0000] {processor.py:186} INFO - Started process (PID=455) to work on /home/airflow/.local/lib/python3.12/site-packages/airflow/example_dags/example_bash_operator.py
[2025-02-10T10:24:56.990+0000] {processor.py:914} INFO - Processing file /home/airflow/.local/lib/python3.12/site-packages/airflow/example_dags/example_bash_operator.py for tasks to queue
[2025-02-10T10:24:57.002+0000] {logging_mixin.py:190} INFO - [2025-02-10T10:24:57.002+0000] {dagbag.py:588} INFO - Filling up the DagBag from /home/airflow/.local/lib/python3.12/site-packages/airflow/example_dags/example_bash_operator.py
[2025-02-10T10:24:57.081+0000] {processor.py:925} INFO - DAG(s) 'example_bash_operator' retrieved from /home/airflow/.local/lib/python3.12/site-packages/airflow/example_dags/example_bash_operator.py
[2025-02-10T10:24:57.207+0000] {logging_mixin.py:190} INFO - [2025-02-10T10:24:57.206+0000] {dag.py:3239} INFO - Sync 1 DAGs
[2025-02-10T10:24:57.276+0000] {logging_mixin.py:190} INFO - [2025-02-10T10:24:57.275+0000] {dag.py:4180} INFO - Setting next_dagrun for example_bash_operator to 2025-02-09 00:00:00+00:00, run_after=2025-02-10 00:00:00+00:00
[2025-02-10T10:24:57.358+0000] {processor.py:208} INFO - Processing /home/airflow/.local/lib/python3.12/site-packages/airflow/example_dags/example_bash_operator.py took 0.400 seconds
[2025-02-10T10:25:27.934+0000] {processor.py:186} INFO - Started process (PID=510) to work on /home/airflow/.local/lib/python3.12/site-packages/airflow/example_dags/example_bash_operator.py
[2025-02-10T10:25:27.936+0000] {processor.py:914} INFO - Processing file /home/airflow/.local/lib/python3.12/site-packages/airflow/example_dags/example_bash_operator.py for tasks to queue
[2025-02-10T10:25:27.941+0000] {logging_mixin.py:190} INFO - [2025-02-10T10:25:27.941+0000] {dagbag.py:588} INFO - Filling up the DagBag from /home/airflow/.local/lib/python3.12/site-packages/airflow/example_dags/example_bash_operator.py
[2025-02-10T10:25:27.971+0000] {processor.py:925} INFO - DAG(s) 'example_bash_operator' retrieved from /home/airflow/.local/lib/python3.12/site-packages/airflow/example_dags/example_bash_operator.py
[2025-02-10T10:25:28.114+0000] {logging_mixin.py:190} INFO - [2025-02-10T10:25:28.104+0000] {dag.py:3239} INFO - Sync 1 DAGs
[2025-02-10T10:25:28.229+0000] {logging_mixin.py:190} INFO - [2025-02-10T10:25:28.228+0000] {dag.py:4180} INFO - Setting next_dagrun for example_bash_operator to 2025-02-09 00:00:00+00:00, run_after=2025-02-10 00:00:00+00:00
[2025-02-10T10:25:28.295+0000] {processor.py:208} INFO - Processing /home/airflow/.local/lib/python3.12/site-packages/airflow/example_dags/example_bash_operator.py took 0.375 seconds
[2025-02-10T10:25:58.630+0000] {processor.py:186} INFO - Started process (PID=572) to work on /home/airflow/.local/lib/python3.12/site-packages/airflow/example_dags/example_bash_operator.py
[2025-02-10T10:25:58.631+0000] {processor.py:914} INFO - Processing file /home/airflow/.local/lib/python3.12/site-packages/airflow/example_dags/example_bash_operator.py for tasks to queue
[2025-02-10T10:25:58.638+0000] {logging_mixin.py:190} INFO - [2025-02-10T10:25:58.637+0000] {dagbag.py:588} INFO - Filling up the DagBag from /home/airflow/.local/lib/python3.12/site-packages/airflow/example_dags/example_bash_operator.py
[2025-02-10T10:25:58.661+0000] {processor.py:925} INFO - DAG(s) 'example_bash_operator' retrieved from /home/airflow/.local/lib/python3.12/site-packages/airflow/example_dags/example_bash_operator.py
[2025-02-10T10:25:58.708+0000] {logging_mixin.py:190} INFO - [2025-02-10T10:25:58.706+0000] {dag.py:3239} INFO - Sync 1 DAGs
[2025-02-10T10:25:58.801+0000] {logging_mixin.py:190} INFO - [2025-02-10T10:25:58.801+0000] {dag.py:4180} INFO - Setting next_dagrun for example_bash_operator to 2025-02-09 00:00:00+00:00, run_after=2025-02-10 00:00:00+00:00
[2025-02-10T10:25:58.854+0000] {processor.py:208} INFO - Processing /home/airflow/.local/lib/python3.12/site-packages/airflow/example_dags/example_bash_operator.py took 0.233 seconds
