[2025-02-10T10:22:24.606+0000] {processor.py:186} INFO - Started process (PID=145) to work on /home/airflow/.local/lib/python3.12/site-packages/airflow/example_dags/example_dynamic_task_mapping.py
[2025-02-10T10:22:24.608+0000] {processor.py:914} INFO - Processing file /home/airflow/.local/lib/python3.12/site-packages/airflow/example_dags/example_dynamic_task_mapping.py for tasks to queue
[2025-02-10T10:22:24.613+0000] {logging_mixin.py:190} INFO - [2025-02-10T10:22:24.613+0000] {dagbag.py:588} INFO - Filling up the DagBag from /home/airflow/.local/lib/python3.12/site-packages/airflow/example_dags/example_dynamic_task_mapping.py
[2025-02-10T10:22:24.638+0000] {processor.py:925} INFO - DAG(s) 'example_dynamic_task_mapping' retrieved from /home/airflow/.local/lib/python3.12/site-packages/airflow/example_dags/example_dynamic_task_mapping.py
[2025-02-10T10:22:24.909+0000] {logging_mixin.py:190} INFO - [2025-02-10T10:22:24.907+0000] {override.py:1911} INFO - Created Permission View: can read on DAG:example_dynamic_task_mapping
[2025-02-10T10:22:24.980+0000] {logging_mixin.py:190} INFO - [2025-02-10T10:22:24.979+0000] {override.py:1911} INFO - Created Permission View: can delete on DAG:example_dynamic_task_mapping
[2025-02-10T10:22:25.022+0000] {logging_mixin.py:190} INFO - [2025-02-10T10:22:25.021+0000] {override.py:1911} INFO - Created Permission View: can edit on DAG:example_dynamic_task_mapping
[2025-02-10T10:22:25.053+0000] {logging_mixin.py:190} INFO - [2025-02-10T10:22:25.052+0000] {override.py:1911} INFO - Created Permission View: menu access on DAG Run:example_dynamic_task_mapping
[2025-02-10T10:22:25.076+0000] {logging_mixin.py:190} INFO - [2025-02-10T10:22:25.074+0000] {override.py:1911} INFO - Created Permission View: can read on DAG Run:example_dynamic_task_mapping
[2025-02-10T10:22:25.112+0000] {logging_mixin.py:190} INFO - [2025-02-10T10:22:25.111+0000] {override.py:1911} INFO - Created Permission View: can create on DAG Run:example_dynamic_task_mapping
[2025-02-10T10:22:25.136+0000] {logging_mixin.py:190} INFO - [2025-02-10T10:22:25.136+0000] {override.py:1911} INFO - Created Permission View: can delete on DAG Run:example_dynamic_task_mapping
[2025-02-10T10:22:25.138+0000] {logging_mixin.py:190} INFO - [2025-02-10T10:22:25.138+0000] {dag.py:3239} INFO - Sync 1 DAGs
[2025-02-10T10:22:25.166+0000] {logging_mixin.py:190} INFO - [2025-02-10T10:22:25.166+0000] {dag.py:3262} INFO - Creating ORM DAG for example_dynamic_task_mapping
[2025-02-10T10:22:25.169+0000] {logging_mixin.py:190} INFO - [2025-02-10T10:22:25.169+0000] {dag.py:4180} INFO - Setting next_dagrun for example_dynamic_task_mapping to None, run_after=None
[2025-02-10T10:22:25.206+0000] {processor.py:208} INFO - Processing /home/airflow/.local/lib/python3.12/site-packages/airflow/example_dags/example_dynamic_task_mapping.py took 0.613 seconds
[2025-02-10T10:22:57.124+0000] {processor.py:186} INFO - Started process (PID=206) to work on /home/airflow/.local/lib/python3.12/site-packages/airflow/example_dags/example_dynamic_task_mapping.py
[2025-02-10T10:22:57.125+0000] {processor.py:914} INFO - Processing file /home/airflow/.local/lib/python3.12/site-packages/airflow/example_dags/example_dynamic_task_mapping.py for tasks to queue
[2025-02-10T10:22:57.130+0000] {logging_mixin.py:190} INFO - [2025-02-10T10:22:57.130+0000] {dagbag.py:588} INFO - Filling up the DagBag from /home/airflow/.local/lib/python3.12/site-packages/airflow/example_dags/example_dynamic_task_mapping.py
[2025-02-10T10:22:57.146+0000] {processor.py:925} INFO - DAG(s) 'example_dynamic_task_mapping' retrieved from /home/airflow/.local/lib/python3.12/site-packages/airflow/example_dags/example_dynamic_task_mapping.py
[2025-02-10T10:22:57.183+0000] {logging_mixin.py:190} INFO - [2025-02-10T10:22:57.183+0000] {dag.py:3239} INFO - Sync 1 DAGs
[2025-02-10T10:22:57.208+0000] {logging_mixin.py:190} INFO - [2025-02-10T10:22:57.208+0000] {dag.py:4180} INFO - Setting next_dagrun for example_dynamic_task_mapping to None, run_after=None
[2025-02-10T10:22:57.265+0000] {processor.py:208} INFO - Processing /home/airflow/.local/lib/python3.12/site-packages/airflow/example_dags/example_dynamic_task_mapping.py took 0.152 seconds
[2025-02-10T10:23:37.143+0000] {processor.py:186} INFO - Started process (PID=275) to work on /home/airflow/.local/lib/python3.12/site-packages/airflow/example_dags/example_dynamic_task_mapping.py
[2025-02-10T10:23:37.151+0000] {processor.py:914} INFO - Processing file /home/airflow/.local/lib/python3.12/site-packages/airflow/example_dags/example_dynamic_task_mapping.py for tasks to queue
[2025-02-10T10:23:37.157+0000] {logging_mixin.py:190} INFO - [2025-02-10T10:23:37.156+0000] {dagbag.py:588} INFO - Filling up the DagBag from /home/airflow/.local/lib/python3.12/site-packages/airflow/example_dags/example_dynamic_task_mapping.py
[2025-02-10T10:23:37.188+0000] {processor.py:925} INFO - DAG(s) 'example_dynamic_task_mapping' retrieved from /home/airflow/.local/lib/python3.12/site-packages/airflow/example_dags/example_dynamic_task_mapping.py
[2025-02-10T10:23:37.255+0000] {logging_mixin.py:190} INFO - [2025-02-10T10:23:37.254+0000] {dag.py:3239} INFO - Sync 1 DAGs
[2025-02-10T10:23:37.344+0000] {logging_mixin.py:190} INFO - [2025-02-10T10:23:37.344+0000] {dag.py:4180} INFO - Setting next_dagrun for example_dynamic_task_mapping to None, run_after=None
[2025-02-10T10:23:37.455+0000] {processor.py:208} INFO - Processing /home/airflow/.local/lib/python3.12/site-packages/airflow/example_dags/example_dynamic_task_mapping.py took 0.336 seconds
[2025-02-10T10:24:10.369+0000] {processor.py:186} INFO - Started process (PID=339) to work on /home/airflow/.local/lib/python3.12/site-packages/airflow/example_dags/example_dynamic_task_mapping.py
[2025-02-10T10:24:10.372+0000] {processor.py:914} INFO - Processing file /home/airflow/.local/lib/python3.12/site-packages/airflow/example_dags/example_dynamic_task_mapping.py for tasks to queue
[2025-02-10T10:24:10.378+0000] {logging_mixin.py:190} INFO - [2025-02-10T10:24:10.377+0000] {dagbag.py:588} INFO - Filling up the DagBag from /home/airflow/.local/lib/python3.12/site-packages/airflow/example_dags/example_dynamic_task_mapping.py
[2025-02-10T10:24:10.404+0000] {processor.py:925} INFO - DAG(s) 'example_dynamic_task_mapping' retrieved from /home/airflow/.local/lib/python3.12/site-packages/airflow/example_dags/example_dynamic_task_mapping.py
[2025-02-10T10:24:10.457+0000] {logging_mixin.py:190} INFO - [2025-02-10T10:24:10.456+0000] {dag.py:3239} INFO - Sync 1 DAGs
[2025-02-10T10:24:10.487+0000] {logging_mixin.py:190} INFO - [2025-02-10T10:24:10.487+0000] {dag.py:4180} INFO - Setting next_dagrun for example_dynamic_task_mapping to None, run_after=None
[2025-02-10T10:24:10.534+0000] {processor.py:208} INFO - Processing /home/airflow/.local/lib/python3.12/site-packages/airflow/example_dags/example_dynamic_task_mapping.py took 0.184 seconds
[2025-02-10T10:24:42.912+0000] {processor.py:186} INFO - Started process (PID=405) to work on /home/airflow/.local/lib/python3.12/site-packages/airflow/example_dags/example_dynamic_task_mapping.py
[2025-02-10T10:24:42.914+0000] {processor.py:914} INFO - Processing file /home/airflow/.local/lib/python3.12/site-packages/airflow/example_dags/example_dynamic_task_mapping.py for tasks to queue
[2025-02-10T10:24:42.920+0000] {logging_mixin.py:190} INFO - [2025-02-10T10:24:42.919+0000] {dagbag.py:588} INFO - Filling up the DagBag from /home/airflow/.local/lib/python3.12/site-packages/airflow/example_dags/example_dynamic_task_mapping.py
[2025-02-10T10:24:42.945+0000] {processor.py:925} INFO - DAG(s) 'example_dynamic_task_mapping' retrieved from /home/airflow/.local/lib/python3.12/site-packages/airflow/example_dags/example_dynamic_task_mapping.py
[2025-02-10T10:24:43.016+0000] {logging_mixin.py:190} INFO - [2025-02-10T10:24:43.016+0000] {dag.py:3239} INFO - Sync 1 DAGs
[2025-02-10T10:24:43.046+0000] {logging_mixin.py:190} INFO - [2025-02-10T10:24:43.046+0000] {dag.py:4180} INFO - Setting next_dagrun for example_dynamic_task_mapping to None, run_after=None
[2025-02-10T10:24:43.086+0000] {processor.py:208} INFO - Processing /home/airflow/.local/lib/python3.12/site-packages/airflow/example_dags/example_dynamic_task_mapping.py took 0.186 seconds
[2025-02-10T10:25:17.348+0000] {processor.py:186} INFO - Started process (PID=470) to work on /home/airflow/.local/lib/python3.12/site-packages/airflow/example_dags/example_dynamic_task_mapping.py
[2025-02-10T10:25:17.351+0000] {processor.py:914} INFO - Processing file /home/airflow/.local/lib/python3.12/site-packages/airflow/example_dags/example_dynamic_task_mapping.py for tasks to queue
[2025-02-10T10:25:17.355+0000] {logging_mixin.py:190} INFO - [2025-02-10T10:25:17.355+0000] {dagbag.py:588} INFO - Filling up the DagBag from /home/airflow/.local/lib/python3.12/site-packages/airflow/example_dags/example_dynamic_task_mapping.py
[2025-02-10T10:25:17.374+0000] {processor.py:925} INFO - DAG(s) 'example_dynamic_task_mapping' retrieved from /home/airflow/.local/lib/python3.12/site-packages/airflow/example_dags/example_dynamic_task_mapping.py
[2025-02-10T10:25:17.415+0000] {logging_mixin.py:190} INFO - [2025-02-10T10:25:17.414+0000] {dag.py:3239} INFO - Sync 1 DAGs
[2025-02-10T10:25:17.459+0000] {logging_mixin.py:190} INFO - [2025-02-10T10:25:17.458+0000] {dag.py:4180} INFO - Setting next_dagrun for example_dynamic_task_mapping to None, run_after=None
[2025-02-10T10:25:17.506+0000] {processor.py:208} INFO - Processing /home/airflow/.local/lib/python3.12/site-packages/airflow/example_dags/example_dynamic_task_mapping.py took 0.177 seconds
[2025-02-10T10:25:50.097+0000] {processor.py:186} INFO - Started process (PID=533) to work on /home/airflow/.local/lib/python3.12/site-packages/airflow/example_dags/example_dynamic_task_mapping.py
[2025-02-10T10:25:50.099+0000] {processor.py:914} INFO - Processing file /home/airflow/.local/lib/python3.12/site-packages/airflow/example_dags/example_dynamic_task_mapping.py for tasks to queue
[2025-02-10T10:25:50.103+0000] {logging_mixin.py:190} INFO - [2025-02-10T10:25:50.102+0000] {dagbag.py:588} INFO - Filling up the DagBag from /home/airflow/.local/lib/python3.12/site-packages/airflow/example_dags/example_dynamic_task_mapping.py
[2025-02-10T10:25:50.117+0000] {processor.py:925} INFO - DAG(s) 'example_dynamic_task_mapping' retrieved from /home/airflow/.local/lib/python3.12/site-packages/airflow/example_dags/example_dynamic_task_mapping.py
[2025-02-10T10:25:50.150+0000] {logging_mixin.py:190} INFO - [2025-02-10T10:25:50.149+0000] {dag.py:3239} INFO - Sync 1 DAGs
[2025-02-10T10:25:50.176+0000] {logging_mixin.py:190} INFO - [2025-02-10T10:25:50.176+0000] {dag.py:4180} INFO - Setting next_dagrun for example_dynamic_task_mapping to None, run_after=None
[2025-02-10T10:25:50.210+0000] {processor.py:208} INFO - Processing /home/airflow/.local/lib/python3.12/site-packages/airflow/example_dags/example_dynamic_task_mapping.py took 0.124 seconds
