[2025-02-10T10:21:45.730+0000] {processor.py:186} INFO - Started process (PID=115) to work on /home/airflow/.local/lib/python3.12/site-packages/airflow/example_dags/example_task_group.py
[2025-02-10T10:21:45.734+0000] {processor.py:914} INFO - Processing file /home/airflow/.local/lib/python3.12/site-packages/airflow/example_dags/example_task_group.py for tasks to queue
[2025-02-10T10:21:45.750+0000] {logging_mixin.py:190} INFO - [2025-02-10T10:21:45.750+0000] {dagbag.py:588} INFO - Filling up the DagBag from /home/airflow/.local/lib/python3.12/site-packages/airflow/example_dags/example_task_group.py
[2025-02-10T10:21:45.803+0000] {processor.py:925} INFO - DAG(s) 'example_task_group' retrieved from /home/airflow/.local/lib/python3.12/site-packages/airflow/example_dags/example_task_group.py
[2025-02-10T10:21:46.522+0000] {logging_mixin.py:190} INFO - [2025-02-10T10:21:46.520+0000] {override.py:1911} INFO - Created Permission View: can read on DAG:example_task_group
[2025-02-10T10:21:46.581+0000] {logging_mixin.py:190} INFO - [2025-02-10T10:21:46.581+0000] {override.py:1911} INFO - Created Permission View: can delete on DAG:example_task_group
[2025-02-10T10:21:46.644+0000] {logging_mixin.py:190} INFO - [2025-02-10T10:21:46.643+0000] {override.py:1911} INFO - Created Permission View: can edit on DAG:example_task_group
[2025-02-10T10:21:46.818+0000] {logging_mixin.py:190} INFO - [2025-02-10T10:21:46.817+0000] {override.py:1911} INFO - Created Permission View: menu access on DAG Run:example_task_group
[2025-02-10T10:21:46.921+0000] {logging_mixin.py:190} INFO - [2025-02-10T10:21:46.912+0000] {override.py:1911} INFO - Created Permission View: can read on DAG Run:example_task_group
[2025-02-10T10:21:47.394+0000] {logging_mixin.py:190} INFO - [2025-02-10T10:21:47.393+0000] {override.py:1911} INFO - Created Permission View: can create on DAG Run:example_task_group
[2025-02-10T10:21:47.424+0000] {logging_mixin.py:190} INFO - [2025-02-10T10:21:47.423+0000] {override.py:1911} INFO - Created Permission View: can delete on DAG Run:example_task_group
[2025-02-10T10:21:47.436+0000] {logging_mixin.py:190} INFO - [2025-02-10T10:21:47.431+0000] {dag.py:3239} INFO - Sync 1 DAGs
[2025-02-10T10:21:47.501+0000] {logging_mixin.py:190} INFO - [2025-02-10T10:21:47.500+0000] {dag.py:3262} INFO - Creating ORM DAG for example_task_group
[2025-02-10T10:21:47.504+0000] {logging_mixin.py:190} INFO - [2025-02-10T10:21:47.503+0000] {dag.py:4180} INFO - Setting next_dagrun for example_task_group to None, run_after=None
[2025-02-10T10:21:47.575+0000] {processor.py:208} INFO - Processing /home/airflow/.local/lib/python3.12/site-packages/airflow/example_dags/example_task_group.py took 1.453 seconds
[2025-02-10T10:22:33.291+0000] {processor.py:186} INFO - Started process (PID=181) to work on /home/airflow/.local/lib/python3.12/site-packages/airflow/example_dags/example_task_group.py
[2025-02-10T10:22:33.293+0000] {processor.py:914} INFO - Processing file /home/airflow/.local/lib/python3.12/site-packages/airflow/example_dags/example_task_group.py for tasks to queue
[2025-02-10T10:22:33.297+0000] {logging_mixin.py:190} INFO - [2025-02-10T10:22:33.296+0000] {dagbag.py:588} INFO - Filling up the DagBag from /home/airflow/.local/lib/python3.12/site-packages/airflow/example_dags/example_task_group.py
[2025-02-10T10:22:33.314+0000] {processor.py:925} INFO - DAG(s) 'example_task_group' retrieved from /home/airflow/.local/lib/python3.12/site-packages/airflow/example_dags/example_task_group.py
[2025-02-10T10:22:33.359+0000] {logging_mixin.py:190} INFO - [2025-02-10T10:22:33.358+0000] {dag.py:3239} INFO - Sync 1 DAGs
[2025-02-10T10:22:33.393+0000] {logging_mixin.py:190} INFO - [2025-02-10T10:22:33.393+0000] {dag.py:4180} INFO - Setting next_dagrun for example_task_group to None, run_after=None
[2025-02-10T10:22:33.440+0000] {processor.py:208} INFO - Processing /home/airflow/.local/lib/python3.12/site-packages/airflow/example_dags/example_task_group.py took 0.161 seconds
[2025-02-10T10:23:04.346+0000] {processor.py:186} INFO - Started process (PID=244) to work on /home/airflow/.local/lib/python3.12/site-packages/airflow/example_dags/example_task_group.py
[2025-02-10T10:23:04.348+0000] {processor.py:914} INFO - Processing file /home/airflow/.local/lib/python3.12/site-packages/airflow/example_dags/example_task_group.py for tasks to queue
[2025-02-10T10:23:04.353+0000] {logging_mixin.py:190} INFO - [2025-02-10T10:23:04.352+0000] {dagbag.py:588} INFO - Filling up the DagBag from /home/airflow/.local/lib/python3.12/site-packages/airflow/example_dags/example_task_group.py
[2025-02-10T10:23:04.378+0000] {processor.py:925} INFO - DAG(s) 'example_task_group' retrieved from /home/airflow/.local/lib/python3.12/site-packages/airflow/example_dags/example_task_group.py
[2025-02-10T10:23:04.444+0000] {logging_mixin.py:190} INFO - [2025-02-10T10:23:04.444+0000] {dag.py:3239} INFO - Sync 1 DAGs
[2025-02-10T10:23:04.474+0000] {logging_mixin.py:190} INFO - [2025-02-10T10:23:04.473+0000] {dag.py:4180} INFO - Setting next_dagrun for example_task_group to None, run_after=None
[2025-02-10T10:23:04.521+0000] {processor.py:208} INFO - Processing /home/airflow/.local/lib/python3.12/site-packages/airflow/example_dags/example_task_group.py took 0.191 seconds
[2025-02-10T10:23:42.798+0000] {processor.py:186} INFO - Started process (PID=299) to work on /home/airflow/.local/lib/python3.12/site-packages/airflow/example_dags/example_task_group.py
[2025-02-10T10:23:42.799+0000] {processor.py:914} INFO - Processing file /home/airflow/.local/lib/python3.12/site-packages/airflow/example_dags/example_task_group.py for tasks to queue
[2025-02-10T10:23:42.805+0000] {logging_mixin.py:190} INFO - [2025-02-10T10:23:42.804+0000] {dagbag.py:588} INFO - Filling up the DagBag from /home/airflow/.local/lib/python3.12/site-packages/airflow/example_dags/example_task_group.py
[2025-02-10T10:23:42.824+0000] {processor.py:925} INFO - DAG(s) 'example_task_group' retrieved from /home/airflow/.local/lib/python3.12/site-packages/airflow/example_dags/example_task_group.py
[2025-02-10T10:23:42.867+0000] {logging_mixin.py:190} INFO - [2025-02-10T10:23:42.867+0000] {dag.py:3239} INFO - Sync 1 DAGs
[2025-02-10T10:23:42.907+0000] {logging_mixin.py:190} INFO - [2025-02-10T10:23:42.906+0000] {dag.py:4180} INFO - Setting next_dagrun for example_task_group to None, run_after=None
[2025-02-10T10:23:42.950+0000] {processor.py:208} INFO - Processing /home/airflow/.local/lib/python3.12/site-packages/airflow/example_dags/example_task_group.py took 0.164 seconds
[2025-02-10T10:24:16.290+0000] {processor.py:186} INFO - Started process (PID=363) to work on /home/airflow/.local/lib/python3.12/site-packages/airflow/example_dags/example_task_group.py
[2025-02-10T10:24:16.299+0000] {processor.py:914} INFO - Processing file /home/airflow/.local/lib/python3.12/site-packages/airflow/example_dags/example_task_group.py for tasks to queue
[2025-02-10T10:24:16.306+0000] {logging_mixin.py:190} INFO - [2025-02-10T10:24:16.305+0000] {dagbag.py:588} INFO - Filling up the DagBag from /home/airflow/.local/lib/python3.12/site-packages/airflow/example_dags/example_task_group.py
[2025-02-10T10:24:16.342+0000] {processor.py:925} INFO - DAG(s) 'example_task_group' retrieved from /home/airflow/.local/lib/python3.12/site-packages/airflow/example_dags/example_task_group.py
[2025-02-10T10:24:16.433+0000] {logging_mixin.py:190} INFO - [2025-02-10T10:24:16.432+0000] {dag.py:3239} INFO - Sync 1 DAGs
[2025-02-10T10:24:16.492+0000] {logging_mixin.py:190} INFO - [2025-02-10T10:24:16.491+0000] {dag.py:4180} INFO - Setting next_dagrun for example_task_group to None, run_after=None
[2025-02-10T10:24:16.602+0000] {processor.py:208} INFO - Processing /home/airflow/.local/lib/python3.12/site-packages/airflow/example_dags/example_task_group.py took 0.350 seconds
[2025-02-10T10:24:47.493+0000] {processor.py:186} INFO - Started process (PID=426) to work on /home/airflow/.local/lib/python3.12/site-packages/airflow/example_dags/example_task_group.py
[2025-02-10T10:24:47.498+0000] {processor.py:914} INFO - Processing file /home/airflow/.local/lib/python3.12/site-packages/airflow/example_dags/example_task_group.py for tasks to queue
[2025-02-10T10:24:47.512+0000] {logging_mixin.py:190} INFO - [2025-02-10T10:24:47.510+0000] {dagbag.py:588} INFO - Filling up the DagBag from /home/airflow/.local/lib/python3.12/site-packages/airflow/example_dags/example_task_group.py
[2025-02-10T10:24:47.540+0000] {processor.py:925} INFO - DAG(s) 'example_task_group' retrieved from /home/airflow/.local/lib/python3.12/site-packages/airflow/example_dags/example_task_group.py
[2025-02-10T10:24:47.586+0000] {logging_mixin.py:190} INFO - [2025-02-10T10:24:47.585+0000] {dag.py:3239} INFO - Sync 1 DAGs
[2025-02-10T10:24:47.622+0000] {logging_mixin.py:190} INFO - [2025-02-10T10:24:47.621+0000] {dag.py:4180} INFO - Setting next_dagrun for example_task_group to None, run_after=None
[2025-02-10T10:24:47.663+0000] {processor.py:208} INFO - Processing /home/airflow/.local/lib/python3.12/site-packages/airflow/example_dags/example_task_group.py took 0.193 seconds
[2025-02-10T10:25:21.787+0000] {processor.py:186} INFO - Started process (PID=489) to work on /home/airflow/.local/lib/python3.12/site-packages/airflow/example_dags/example_task_group.py
[2025-02-10T10:25:21.790+0000] {processor.py:914} INFO - Processing file /home/airflow/.local/lib/python3.12/site-packages/airflow/example_dags/example_task_group.py for tasks to queue
[2025-02-10T10:25:21.796+0000] {logging_mixin.py:190} INFO - [2025-02-10T10:25:21.795+0000] {dagbag.py:588} INFO - Filling up the DagBag from /home/airflow/.local/lib/python3.12/site-packages/airflow/example_dags/example_task_group.py
[2025-02-10T10:25:21.828+0000] {processor.py:925} INFO - DAG(s) 'example_task_group' retrieved from /home/airflow/.local/lib/python3.12/site-packages/airflow/example_dags/example_task_group.py
[2025-02-10T10:25:21.878+0000] {logging_mixin.py:190} INFO - [2025-02-10T10:25:21.877+0000] {dag.py:3239} INFO - Sync 1 DAGs
[2025-02-10T10:25:21.908+0000] {logging_mixin.py:190} INFO - [2025-02-10T10:25:21.908+0000] {dag.py:4180} INFO - Setting next_dagrun for example_task_group to None, run_after=None
[2025-02-10T10:25:21.971+0000] {processor.py:208} INFO - Processing /home/airflow/.local/lib/python3.12/site-packages/airflow/example_dags/example_task_group.py took 0.195 seconds
[2025-02-10T10:25:53.066+0000] {processor.py:186} INFO - Started process (PID=549) to work on /home/airflow/.local/lib/python3.12/site-packages/airflow/example_dags/example_task_group.py
[2025-02-10T10:25:53.068+0000] {processor.py:914} INFO - Processing file /home/airflow/.local/lib/python3.12/site-packages/airflow/example_dags/example_task_group.py for tasks to queue
[2025-02-10T10:25:53.073+0000] {logging_mixin.py:190} INFO - [2025-02-10T10:25:53.072+0000] {dagbag.py:588} INFO - Filling up the DagBag from /home/airflow/.local/lib/python3.12/site-packages/airflow/example_dags/example_task_group.py
[2025-02-10T10:25:53.093+0000] {processor.py:925} INFO - DAG(s) 'example_task_group' retrieved from /home/airflow/.local/lib/python3.12/site-packages/airflow/example_dags/example_task_group.py
[2025-02-10T10:25:53.148+0000] {logging_mixin.py:190} INFO - [2025-02-10T10:25:53.147+0000] {dag.py:3239} INFO - Sync 1 DAGs
[2025-02-10T10:25:53.188+0000] {logging_mixin.py:190} INFO - [2025-02-10T10:25:53.187+0000] {dag.py:4180} INFO - Setting next_dagrun for example_task_group to None, run_after=None
[2025-02-10T10:25:53.227+0000] {processor.py:208} INFO - Processing /home/airflow/.local/lib/python3.12/site-packages/airflow/example_dags/example_task_group.py took 0.174 seconds
