[2025-02-10T10:22:23.665+0000] {processor.py:186} INFO - Started process (PID=144) to work on /home/airflow/.local/lib/python3.12/site-packages/airflow/example_dags/example_dataset_alias_with_no_taskflow.py
[2025-02-10T10:22:23.667+0000] {processor.py:914} INFO - Processing file /home/airflow/.local/lib/python3.12/site-packages/airflow/example_dags/example_dataset_alias_with_no_taskflow.py for tasks to queue
[2025-02-10T10:22:23.674+0000] {logging_mixin.py:190} INFO - [2025-02-10T10:22:23.672+0000] {dagbag.py:588} INFO - Filling up the DagBag from /home/airflow/.local/lib/python3.12/site-packages/airflow/example_dags/example_dataset_alias_with_no_taskflow.py
[2025-02-10T10:22:25.372+0000] {processor.py:925} INFO - DAG(s) 'dataset_s3_bucket_producer_with_no_taskflow', 'dataset_alias_example_alias_consumer_with_no_taskflow', 'dataset_s3_bucket_consumer_with_no_taskflow', 'dataset_alias_example_alias_producer_with_no_taskflow' retrieved from /home/airflow/.local/lib/python3.12/site-packages/airflow/example_dags/example_dataset_alias_with_no_taskflow.py
[2025-02-10T10:22:25.667+0000] {logging_mixin.py:190} INFO - [2025-02-10T10:22:25.664+0000] {override.py:1911} INFO - Created Permission View: can read on DAG:dataset_s3_bucket_producer_with_no_taskflow
[2025-02-10T10:22:25.694+0000] {logging_mixin.py:190} INFO - [2025-02-10T10:22:25.693+0000] {override.py:1911} INFO - Created Permission View: can delete on DAG:dataset_s3_bucket_producer_with_no_taskflow
[2025-02-10T10:22:25.714+0000] {logging_mixin.py:190} INFO - [2025-02-10T10:22:25.713+0000] {override.py:1911} INFO - Created Permission View: can edit on DAG:dataset_s3_bucket_producer_with_no_taskflow
[2025-02-10T10:22:25.734+0000] {logging_mixin.py:190} INFO - [2025-02-10T10:22:25.733+0000] {override.py:1911} INFO - Created Permission View: menu access on DAG Run:dataset_s3_bucket_producer_with_no_taskflow
[2025-02-10T10:22:25.754+0000] {logging_mixin.py:190} INFO - [2025-02-10T10:22:25.753+0000] {override.py:1911} INFO - Created Permission View: can read on DAG Run:dataset_s3_bucket_producer_with_no_taskflow
[2025-02-10T10:22:25.776+0000] {logging_mixin.py:190} INFO - [2025-02-10T10:22:25.775+0000] {override.py:1911} INFO - Created Permission View: can create on DAG Run:dataset_s3_bucket_producer_with_no_taskflow
[2025-02-10T10:22:25.800+0000] {logging_mixin.py:190} INFO - [2025-02-10T10:22:25.799+0000] {override.py:1911} INFO - Created Permission View: can delete on DAG Run:dataset_s3_bucket_producer_with_no_taskflow
[2025-02-10T10:22:25.848+0000] {logging_mixin.py:190} INFO - [2025-02-10T10:22:25.847+0000] {override.py:1911} INFO - Created Permission View: can read on DAG:dataset_alias_example_alias_consumer_with_no_taskflow
[2025-02-10T10:22:25.874+0000] {logging_mixin.py:190} INFO - [2025-02-10T10:22:25.873+0000] {override.py:1911} INFO - Created Permission View: can delete on DAG:dataset_alias_example_alias_consumer_with_no_taskflow
[2025-02-10T10:22:26.021+0000] {logging_mixin.py:190} INFO - [2025-02-10T10:22:26.021+0000] {override.py:1911} INFO - Created Permission View: can edit on DAG:dataset_alias_example_alias_consumer_with_no_taskflow
[2025-02-10T10:22:26.121+0000] {logging_mixin.py:190} INFO - [2025-02-10T10:22:26.120+0000] {override.py:1911} INFO - Created Permission View: menu access on DAG Run:dataset_alias_example_alias_consumer_with_no_taskflow
[2025-02-10T10:22:26.139+0000] {logging_mixin.py:190} INFO - [2025-02-10T10:22:26.139+0000] {override.py:1911} INFO - Created Permission View: can read on DAG Run:dataset_alias_example_alias_consumer_with_no_taskflow
[2025-02-10T10:22:26.166+0000] {logging_mixin.py:190} INFO - [2025-02-10T10:22:26.165+0000] {override.py:1911} INFO - Created Permission View: can create on DAG Run:dataset_alias_example_alias_consumer_with_no_taskflow
[2025-02-10T10:22:26.213+0000] {logging_mixin.py:190} INFO - [2025-02-10T10:22:26.212+0000] {override.py:1911} INFO - Created Permission View: can delete on DAG Run:dataset_alias_example_alias_consumer_with_no_taskflow
[2025-02-10T10:22:26.270+0000] {logging_mixin.py:190} INFO - [2025-02-10T10:22:26.270+0000] {override.py:1911} INFO - Created Permission View: can read on DAG:dataset_s3_bucket_consumer_with_no_taskflow
[2025-02-10T10:22:26.289+0000] {logging_mixin.py:190} INFO - [2025-02-10T10:22:26.288+0000] {override.py:1911} INFO - Created Permission View: can delete on DAG:dataset_s3_bucket_consumer_with_no_taskflow
[2025-02-10T10:22:26.333+0000] {logging_mixin.py:190} INFO - [2025-02-10T10:22:26.332+0000] {override.py:1911} INFO - Created Permission View: can edit on DAG:dataset_s3_bucket_consumer_with_no_taskflow
[2025-02-10T10:22:26.355+0000] {logging_mixin.py:190} INFO - [2025-02-10T10:22:26.354+0000] {override.py:1911} INFO - Created Permission View: menu access on DAG Run:dataset_s3_bucket_consumer_with_no_taskflow
[2025-02-10T10:22:26.373+0000] {logging_mixin.py:190} INFO - [2025-02-10T10:22:26.372+0000] {override.py:1911} INFO - Created Permission View: can read on DAG Run:dataset_s3_bucket_consumer_with_no_taskflow
[2025-02-10T10:22:26.393+0000] {logging_mixin.py:190} INFO - [2025-02-10T10:22:26.392+0000] {override.py:1911} INFO - Created Permission View: can create on DAG Run:dataset_s3_bucket_consumer_with_no_taskflow
[2025-02-10T10:22:26.412+0000] {logging_mixin.py:190} INFO - [2025-02-10T10:22:26.411+0000] {override.py:1911} INFO - Created Permission View: can delete on DAG Run:dataset_s3_bucket_consumer_with_no_taskflow
[2025-02-10T10:22:26.449+0000] {logging_mixin.py:190} INFO - [2025-02-10T10:22:26.449+0000] {override.py:1911} INFO - Created Permission View: can read on DAG:dataset_alias_example_alias_producer_with_no_taskflow
[2025-02-10T10:22:26.465+0000] {logging_mixin.py:190} INFO - [2025-02-10T10:22:26.464+0000] {override.py:1911} INFO - Created Permission View: can delete on DAG:dataset_alias_example_alias_producer_with_no_taskflow
[2025-02-10T10:22:26.494+0000] {logging_mixin.py:190} INFO - [2025-02-10T10:22:26.493+0000] {override.py:1911} INFO - Created Permission View: can edit on DAG:dataset_alias_example_alias_producer_with_no_taskflow
[2025-02-10T10:22:26.509+0000] {logging_mixin.py:190} INFO - [2025-02-10T10:22:26.509+0000] {override.py:1911} INFO - Created Permission View: menu access on DAG Run:dataset_alias_example_alias_producer_with_no_taskflow
[2025-02-10T10:22:26.526+0000] {logging_mixin.py:190} INFO - [2025-02-10T10:22:26.525+0000] {override.py:1911} INFO - Created Permission View: can read on DAG Run:dataset_alias_example_alias_producer_with_no_taskflow
[2025-02-10T10:22:26.543+0000] {logging_mixin.py:190} INFO - [2025-02-10T10:22:26.542+0000] {override.py:1911} INFO - Created Permission View: can create on DAG Run:dataset_alias_example_alias_producer_with_no_taskflow
[2025-02-10T10:22:26.563+0000] {logging_mixin.py:190} INFO - [2025-02-10T10:22:26.562+0000] {override.py:1911} INFO - Created Permission View: can delete on DAG Run:dataset_alias_example_alias_producer_with_no_taskflow
[2025-02-10T10:22:26.565+0000] {logging_mixin.py:190} INFO - [2025-02-10T10:22:26.564+0000] {dag.py:3239} INFO - Sync 4 DAGs
[2025-02-10T10:22:26.596+0000] {logging_mixin.py:190} INFO - [2025-02-10T10:22:26.595+0000] {dag.py:3262} INFO - Creating ORM DAG for dataset_s3_bucket_producer_with_no_taskflow
[2025-02-10T10:22:26.599+0000] {logging_mixin.py:190} INFO - [2025-02-10T10:22:26.598+0000] {dag.py:3262} INFO - Creating ORM DAG for dataset_s3_bucket_consumer_with_no_taskflow
[2025-02-10T10:22:26.601+0000] {logging_mixin.py:190} INFO - [2025-02-10T10:22:26.601+0000] {dag.py:3262} INFO - Creating ORM DAG for dataset_alias_example_alias_producer_with_no_taskflow
[2025-02-10T10:22:26.603+0000] {logging_mixin.py:190} INFO - [2025-02-10T10:22:26.603+0000] {dag.py:3262} INFO - Creating ORM DAG for dataset_alias_example_alias_consumer_with_no_taskflow
[2025-02-10T10:22:26.624+0000] {logging_mixin.py:190} INFO - [2025-02-10T10:22:26.624+0000] {dag.py:4180} INFO - Setting next_dagrun for dataset_alias_example_alias_consumer_with_no_taskflow to None, run_after=None
[2025-02-10T10:22:26.626+0000] {logging_mixin.py:190} INFO - [2025-02-10T10:22:26.626+0000] {dag.py:4180} INFO - Setting next_dagrun for dataset_alias_example_alias_producer_with_no_taskflow to None, run_after=None
[2025-02-10T10:22:26.628+0000] {logging_mixin.py:190} INFO - [2025-02-10T10:22:26.628+0000] {dag.py:4180} INFO - Setting next_dagrun for dataset_s3_bucket_consumer_with_no_taskflow to None, run_after=None
[2025-02-10T10:22:26.631+0000] {logging_mixin.py:190} INFO - [2025-02-10T10:22:26.630+0000] {dag.py:4180} INFO - Setting next_dagrun for dataset_s3_bucket_producer_with_no_taskflow to None, run_after=None
[2025-02-10T10:22:26.787+0000] {processor.py:208} INFO - Processing /home/airflow/.local/lib/python3.12/site-packages/airflow/example_dags/example_dataset_alias_with_no_taskflow.py took 3.138 seconds
[2025-02-10T10:22:57.362+0000] {processor.py:186} INFO - Started process (PID=208) to work on /home/airflow/.local/lib/python3.12/site-packages/airflow/example_dags/example_dataset_alias_with_no_taskflow.py
[2025-02-10T10:22:57.364+0000] {processor.py:914} INFO - Processing file /home/airflow/.local/lib/python3.12/site-packages/airflow/example_dags/example_dataset_alias_with_no_taskflow.py for tasks to queue
[2025-02-10T10:22:57.370+0000] {logging_mixin.py:190} INFO - [2025-02-10T10:22:57.369+0000] {dagbag.py:588} INFO - Filling up the DagBag from /home/airflow/.local/lib/python3.12/site-packages/airflow/example_dags/example_dataset_alias_with_no_taskflow.py
[2025-02-10T10:22:58.588+0000] {processor.py:925} INFO - DAG(s) 'dataset_alias_example_alias_producer_with_no_taskflow', 'dataset_s3_bucket_consumer_with_no_taskflow', 'dataset_s3_bucket_producer_with_no_taskflow', 'dataset_alias_example_alias_consumer_with_no_taskflow' retrieved from /home/airflow/.local/lib/python3.12/site-packages/airflow/example_dags/example_dataset_alias_with_no_taskflow.py
[2025-02-10T10:22:58.636+0000] {logging_mixin.py:190} INFO - [2025-02-10T10:22:58.636+0000] {dag.py:3239} INFO - Sync 4 DAGs
[2025-02-10T10:22:58.705+0000] {logging_mixin.py:190} INFO - [2025-02-10T10:22:58.705+0000] {dag.py:4180} INFO - Setting next_dagrun for dataset_alias_example_alias_consumer_with_no_taskflow to None, run_after=None
[2025-02-10T10:22:58.716+0000] {logging_mixin.py:190} INFO - [2025-02-10T10:22:58.715+0000] {dag.py:4180} INFO - Setting next_dagrun for dataset_alias_example_alias_producer_with_no_taskflow to None, run_after=None
[2025-02-10T10:22:58.720+0000] {logging_mixin.py:190} INFO - [2025-02-10T10:22:58.720+0000] {dag.py:4180} INFO - Setting next_dagrun for dataset_s3_bucket_consumer_with_no_taskflow to None, run_after=None
[2025-02-10T10:22:58.723+0000] {logging_mixin.py:190} INFO - [2025-02-10T10:22:58.723+0000] {dag.py:4180} INFO - Setting next_dagrun for dataset_s3_bucket_producer_with_no_taskflow to None, run_after=None
[2025-02-10T10:22:58.773+0000] {processor.py:208} INFO - Processing /home/airflow/.local/lib/python3.12/site-packages/airflow/example_dags/example_dataset_alias_with_no_taskflow.py took 1.434 seconds
[2025-02-10T10:23:44.444+0000] {processor.py:186} INFO - Started process (PID=313) to work on /home/airflow/.local/lib/python3.12/site-packages/airflow/example_dags/example_dataset_alias_with_no_taskflow.py
[2025-02-10T10:23:44.446+0000] {processor.py:914} INFO - Processing file /home/airflow/.local/lib/python3.12/site-packages/airflow/example_dags/example_dataset_alias_with_no_taskflow.py for tasks to queue
[2025-02-10T10:23:44.453+0000] {logging_mixin.py:190} INFO - [2025-02-10T10:23:44.452+0000] {dagbag.py:588} INFO - Filling up the DagBag from /home/airflow/.local/lib/python3.12/site-packages/airflow/example_dags/example_dataset_alias_with_no_taskflow.py
[2025-02-10T10:23:45.777+0000] {processor.py:925} INFO - DAG(s) 'dataset_s3_bucket_consumer_with_no_taskflow', 'dataset_alias_example_alias_producer_with_no_taskflow', 'dataset_s3_bucket_producer_with_no_taskflow', 'dataset_alias_example_alias_consumer_with_no_taskflow' retrieved from /home/airflow/.local/lib/python3.12/site-packages/airflow/example_dags/example_dataset_alias_with_no_taskflow.py
[2025-02-10T10:23:45.825+0000] {logging_mixin.py:190} INFO - [2025-02-10T10:23:45.824+0000] {dag.py:3239} INFO - Sync 4 DAGs
[2025-02-10T10:23:45.863+0000] {logging_mixin.py:190} INFO - [2025-02-10T10:23:45.863+0000] {dag.py:4180} INFO - Setting next_dagrun for dataset_alias_example_alias_consumer_with_no_taskflow to None, run_after=None
[2025-02-10T10:23:45.868+0000] {logging_mixin.py:190} INFO - [2025-02-10T10:23:45.868+0000] {dag.py:4180} INFO - Setting next_dagrun for dataset_alias_example_alias_producer_with_no_taskflow to None, run_after=None
[2025-02-10T10:23:45.871+0000] {logging_mixin.py:190} INFO - [2025-02-10T10:23:45.870+0000] {dag.py:4180} INFO - Setting next_dagrun for dataset_s3_bucket_consumer_with_no_taskflow to None, run_after=None
[2025-02-10T10:23:45.873+0000] {logging_mixin.py:190} INFO - [2025-02-10T10:23:45.873+0000] {dag.py:4180} INFO - Setting next_dagrun for dataset_s3_bucket_producer_with_no_taskflow to None, run_after=None
[2025-02-10T10:23:45.907+0000] {processor.py:208} INFO - Processing /home/airflow/.local/lib/python3.12/site-packages/airflow/example_dags/example_dataset_alias_with_no_taskflow.py took 1.481 seconds
[2025-02-10T10:24:19.993+0000] {processor.py:186} INFO - Started process (PID=382) to work on /home/airflow/.local/lib/python3.12/site-packages/airflow/example_dags/example_dataset_alias_with_no_taskflow.py
[2025-02-10T10:24:19.996+0000] {processor.py:914} INFO - Processing file /home/airflow/.local/lib/python3.12/site-packages/airflow/example_dags/example_dataset_alias_with_no_taskflow.py for tasks to queue
[2025-02-10T10:24:20.001+0000] {logging_mixin.py:190} INFO - [2025-02-10T10:24:20.000+0000] {dagbag.py:588} INFO - Filling up the DagBag from /home/airflow/.local/lib/python3.12/site-packages/airflow/example_dags/example_dataset_alias_with_no_taskflow.py
[2025-02-10T10:24:21.807+0000] {processor.py:925} INFO - DAG(s) 'dataset_alias_example_alias_consumer_with_no_taskflow', 'dataset_s3_bucket_consumer_with_no_taskflow', 'dataset_alias_example_alias_producer_with_no_taskflow', 'dataset_s3_bucket_producer_with_no_taskflow' retrieved from /home/airflow/.local/lib/python3.12/site-packages/airflow/example_dags/example_dataset_alias_with_no_taskflow.py
[2025-02-10T10:24:21.859+0000] {logging_mixin.py:190} INFO - [2025-02-10T10:24:21.858+0000] {dag.py:3239} INFO - Sync 4 DAGs
[2025-02-10T10:24:21.912+0000] {logging_mixin.py:190} INFO - [2025-02-10T10:24:21.912+0000] {dag.py:4180} INFO - Setting next_dagrun for dataset_alias_example_alias_consumer_with_no_taskflow to None, run_after=None
[2025-02-10T10:24:21.919+0000] {logging_mixin.py:190} INFO - [2025-02-10T10:24:21.918+0000] {dag.py:4180} INFO - Setting next_dagrun for dataset_alias_example_alias_producer_with_no_taskflow to None, run_after=None
[2025-02-10T10:24:21.922+0000] {logging_mixin.py:190} INFO - [2025-02-10T10:24:21.922+0000] {dag.py:4180} INFO - Setting next_dagrun for dataset_s3_bucket_consumer_with_no_taskflow to None, run_after=None
[2025-02-10T10:24:21.927+0000] {logging_mixin.py:190} INFO - [2025-02-10T10:24:21.926+0000] {dag.py:4180} INFO - Setting next_dagrun for dataset_s3_bucket_producer_with_no_taskflow to None, run_after=None
[2025-02-10T10:24:21.981+0000] {processor.py:208} INFO - Processing /home/airflow/.local/lib/python3.12/site-packages/airflow/example_dags/example_dataset_alias_with_no_taskflow.py took 2.006 seconds
[2025-02-10T10:24:52.239+0000] {processor.py:186} INFO - Started process (PID=450) to work on /home/airflow/.local/lib/python3.12/site-packages/airflow/example_dags/example_dataset_alias_with_no_taskflow.py
[2025-02-10T10:24:52.241+0000] {processor.py:914} INFO - Processing file /home/airflow/.local/lib/python3.12/site-packages/airflow/example_dags/example_dataset_alias_with_no_taskflow.py for tasks to queue
[2025-02-10T10:24:52.247+0000] {logging_mixin.py:190} INFO - [2025-02-10T10:24:52.246+0000] {dagbag.py:588} INFO - Filling up the DagBag from /home/airflow/.local/lib/python3.12/site-packages/airflow/example_dags/example_dataset_alias_with_no_taskflow.py
[2025-02-10T10:24:53.513+0000] {processor.py:925} INFO - DAG(s) 'dataset_s3_bucket_producer_with_no_taskflow', 'dataset_s3_bucket_consumer_with_no_taskflow', 'dataset_alias_example_alias_producer_with_no_taskflow', 'dataset_alias_example_alias_consumer_with_no_taskflow' retrieved from /home/airflow/.local/lib/python3.12/site-packages/airflow/example_dags/example_dataset_alias_with_no_taskflow.py
[2025-02-10T10:24:53.566+0000] {logging_mixin.py:190} INFO - [2025-02-10T10:24:53.565+0000] {dag.py:3239} INFO - Sync 4 DAGs
[2025-02-10T10:24:53.630+0000] {logging_mixin.py:190} INFO - [2025-02-10T10:24:53.629+0000] {dag.py:4180} INFO - Setting next_dagrun for dataset_alias_example_alias_consumer_with_no_taskflow to None, run_after=None
[2025-02-10T10:24:53.636+0000] {logging_mixin.py:190} INFO - [2025-02-10T10:24:53.636+0000] {dag.py:4180} INFO - Setting next_dagrun for dataset_alias_example_alias_producer_with_no_taskflow to None, run_after=None
[2025-02-10T10:24:53.645+0000] {logging_mixin.py:190} INFO - [2025-02-10T10:24:53.644+0000] {dag.py:4180} INFO - Setting next_dagrun for dataset_s3_bucket_consumer_with_no_taskflow to None, run_after=None
[2025-02-10T10:24:53.656+0000] {logging_mixin.py:190} INFO - [2025-02-10T10:24:53.655+0000] {dag.py:4180} INFO - Setting next_dagrun for dataset_s3_bucket_producer_with_no_taskflow to None, run_after=None
[2025-02-10T10:24:53.718+0000] {processor.py:208} INFO - Processing /home/airflow/.local/lib/python3.12/site-packages/airflow/example_dags/example_dataset_alias_with_no_taskflow.py took 1.491 seconds
[2025-02-10T10:25:27.969+0000] {processor.py:186} INFO - Started process (PID=511) to work on /home/airflow/.local/lib/python3.12/site-packages/airflow/example_dags/example_dataset_alias_with_no_taskflow.py
[2025-02-10T10:25:27.971+0000] {processor.py:914} INFO - Processing file /home/airflow/.local/lib/python3.12/site-packages/airflow/example_dags/example_dataset_alias_with_no_taskflow.py for tasks to queue
[2025-02-10T10:25:27.980+0000] {logging_mixin.py:190} INFO - [2025-02-10T10:25:27.978+0000] {dagbag.py:588} INFO - Filling up the DagBag from /home/airflow/.local/lib/python3.12/site-packages/airflow/example_dags/example_dataset_alias_with_no_taskflow.py
[2025-02-10T10:25:30.144+0000] {processor.py:925} INFO - DAG(s) 'dataset_s3_bucket_consumer_with_no_taskflow', 'dataset_s3_bucket_producer_with_no_taskflow', 'dataset_alias_example_alias_producer_with_no_taskflow', 'dataset_alias_example_alias_consumer_with_no_taskflow' retrieved from /home/airflow/.local/lib/python3.12/site-packages/airflow/example_dags/example_dataset_alias_with_no_taskflow.py
[2025-02-10T10:25:30.256+0000] {logging_mixin.py:190} INFO - [2025-02-10T10:25:30.252+0000] {dag.py:3239} INFO - Sync 4 DAGs
[2025-02-10T10:25:30.323+0000] {logging_mixin.py:190} INFO - [2025-02-10T10:25:30.322+0000] {dag.py:4180} INFO - Setting next_dagrun for dataset_alias_example_alias_consumer_with_no_taskflow to None, run_after=None
[2025-02-10T10:25:30.330+0000] {logging_mixin.py:190} INFO - [2025-02-10T10:25:30.329+0000] {dag.py:4180} INFO - Setting next_dagrun for dataset_alias_example_alias_producer_with_no_taskflow to None, run_after=None
[2025-02-10T10:25:30.335+0000] {logging_mixin.py:190} INFO - [2025-02-10T10:25:30.335+0000] {dag.py:4180} INFO - Setting next_dagrun for dataset_s3_bucket_consumer_with_no_taskflow to None, run_after=None
[2025-02-10T10:25:30.340+0000] {logging_mixin.py:190} INFO - [2025-02-10T10:25:30.339+0000] {dag.py:4180} INFO - Setting next_dagrun for dataset_s3_bucket_producer_with_no_taskflow to None, run_after=None
[2025-02-10T10:25:30.402+0000] {processor.py:208} INFO - Processing /home/airflow/.local/lib/python3.12/site-packages/airflow/example_dags/example_dataset_alias_with_no_taskflow.py took 2.444 seconds
[2025-02-10T10:26:01.904+0000] {processor.py:186} INFO - Started process (PID=578) to work on /home/airflow/.local/lib/python3.12/site-packages/airflow/example_dags/example_dataset_alias_with_no_taskflow.py
[2025-02-10T10:26:01.946+0000] {processor.py:914} INFO - Processing file /home/airflow/.local/lib/python3.12/site-packages/airflow/example_dags/example_dataset_alias_with_no_taskflow.py for tasks to queue
[2025-02-10T10:26:01.966+0000] {logging_mixin.py:190} INFO - [2025-02-10T10:26:01.965+0000] {dagbag.py:588} INFO - Filling up the DagBag from /home/airflow/.local/lib/python3.12/site-packages/airflow/example_dags/example_dataset_alias_with_no_taskflow.py
