[2025-02-10T10:22:11.502+0000] {processor.py:186} INFO - Started process (PID=136) to work on /home/airflow/.local/lib/python3.12/site-packages/airflow/example_dags/tutorial_objectstorage.py
[2025-02-10T10:22:11.509+0000] {processor.py:914} INFO - Processing file /home/airflow/.local/lib/python3.12/site-packages/airflow/example_dags/tutorial_objectstorage.py for tasks to queue
[2025-02-10T10:22:11.529+0000] {logging_mixin.py:190} INFO - [2025-02-10T10:22:11.528+0000] {dagbag.py:588} INFO - Filling up the DagBag from /home/airflow/.local/lib/python3.12/site-packages/airflow/example_dags/tutorial_objectstorage.py
[2025-02-10T10:22:11.641+0000] {processor.py:925} INFO - DAG(s) 'tutorial_objectstorage' retrieved from /home/airflow/.local/lib/python3.12/site-packages/airflow/example_dags/tutorial_objectstorage.py
[2025-02-10T10:22:13.158+0000] {logging_mixin.py:190} INFO - [2025-02-10T10:22:13.141+0000] {override.py:1911} INFO - Created Permission View: can read on DAG:tutorial_objectstorage
[2025-02-10T10:22:13.230+0000] {logging_mixin.py:190} INFO - [2025-02-10T10:22:13.230+0000] {override.py:1911} INFO - Created Permission View: can delete on DAG:tutorial_objectstorage
[2025-02-10T10:22:13.275+0000] {logging_mixin.py:190} INFO - [2025-02-10T10:22:13.274+0000] {override.py:1911} INFO - Created Permission View: can edit on DAG:tutorial_objectstorage
[2025-02-10T10:22:13.314+0000] {logging_mixin.py:190} INFO - [2025-02-10T10:22:13.313+0000] {override.py:1911} INFO - Created Permission View: menu access on DAG Run:tutorial_objectstorage
[2025-02-10T10:22:13.346+0000] {logging_mixin.py:190} INFO - [2025-02-10T10:22:13.345+0000] {override.py:1911} INFO - Created Permission View: can read on DAG Run:tutorial_objectstorage
[2025-02-10T10:22:13.466+0000] {logging_mixin.py:190} INFO - [2025-02-10T10:22:13.466+0000] {override.py:1911} INFO - Created Permission View: can create on DAG Run:tutorial_objectstorage
[2025-02-10T10:22:13.592+0000] {logging_mixin.py:190} INFO - [2025-02-10T10:22:13.591+0000] {override.py:1911} INFO - Created Permission View: can delete on DAG Run:tutorial_objectstorage
[2025-02-10T10:22:13.593+0000] {logging_mixin.py:190} INFO - [2025-02-10T10:22:13.593+0000] {dag.py:3239} INFO - Sync 1 DAGs
[2025-02-10T10:22:13.687+0000] {logging_mixin.py:190} INFO - [2025-02-10T10:22:13.686+0000] {dag.py:3262} INFO - Creating ORM DAG for tutorial_objectstorage
[2025-02-10T10:22:13.689+0000] {logging_mixin.py:190} INFO - [2025-02-10T10:22:13.688+0000] {dag.py:4180} INFO - Setting next_dagrun for tutorial_objectstorage to None, run_after=None
[2025-02-10T10:22:13.903+0000] {processor.py:208} INFO - Processing /home/airflow/.local/lib/python3.12/site-packages/airflow/example_dags/tutorial_objectstorage.py took 2.431 seconds
[2025-02-10T10:22:44.543+0000] {processor.py:186} INFO - Started process (PID=197) to work on /home/airflow/.local/lib/python3.12/site-packages/airflow/example_dags/tutorial_objectstorage.py
[2025-02-10T10:22:44.567+0000] {processor.py:914} INFO - Processing file /home/airflow/.local/lib/python3.12/site-packages/airflow/example_dags/tutorial_objectstorage.py for tasks to queue
[2025-02-10T10:22:44.584+0000] {logging_mixin.py:190} INFO - [2025-02-10T10:22:44.583+0000] {dagbag.py:588} INFO - Filling up the DagBag from /home/airflow/.local/lib/python3.12/site-packages/airflow/example_dags/tutorial_objectstorage.py
[2025-02-10T10:22:44.637+0000] {processor.py:925} INFO - DAG(s) 'tutorial_objectstorage' retrieved from /home/airflow/.local/lib/python3.12/site-packages/airflow/example_dags/tutorial_objectstorage.py
[2025-02-10T10:22:44.703+0000] {logging_mixin.py:190} INFO - [2025-02-10T10:22:44.702+0000] {dag.py:3239} INFO - Sync 1 DAGs
[2025-02-10T10:22:44.786+0000] {logging_mixin.py:190} INFO - [2025-02-10T10:22:44.786+0000] {dag.py:4180} INFO - Setting next_dagrun for tutorial_objectstorage to None, run_after=None
[2025-02-10T10:22:44.831+0000] {processor.py:208} INFO - Processing /home/airflow/.local/lib/python3.12/site-packages/airflow/example_dags/tutorial_objectstorage.py took 0.321 seconds
[2025-02-10T10:23:15.539+0000] {processor.py:186} INFO - Started process (PID=259) to work on /home/airflow/.local/lib/python3.12/site-packages/airflow/example_dags/tutorial_objectstorage.py
[2025-02-10T10:23:15.540+0000] {processor.py:914} INFO - Processing file /home/airflow/.local/lib/python3.12/site-packages/airflow/example_dags/tutorial_objectstorage.py for tasks to queue
[2025-02-10T10:23:15.544+0000] {logging_mixin.py:190} INFO - [2025-02-10T10:23:15.544+0000] {dagbag.py:588} INFO - Filling up the DagBag from /home/airflow/.local/lib/python3.12/site-packages/airflow/example_dags/tutorial_objectstorage.py
[2025-02-10T10:23:15.559+0000] {processor.py:925} INFO - DAG(s) 'tutorial_objectstorage' retrieved from /home/airflow/.local/lib/python3.12/site-packages/airflow/example_dags/tutorial_objectstorage.py
[2025-02-10T10:23:15.594+0000] {logging_mixin.py:190} INFO - [2025-02-10T10:23:15.593+0000] {dag.py:3239} INFO - Sync 1 DAGs
[2025-02-10T10:23:15.625+0000] {logging_mixin.py:190} INFO - [2025-02-10T10:23:15.624+0000] {dag.py:4180} INFO - Setting next_dagrun for tutorial_objectstorage to None, run_after=None
[2025-02-10T10:23:15.659+0000] {processor.py:208} INFO - Processing /home/airflow/.local/lib/python3.12/site-packages/airflow/example_dags/tutorial_objectstorage.py took 0.132 seconds
[2025-02-10T10:23:45.978+0000] {processor.py:186} INFO - Started process (PID=322) to work on /home/airflow/.local/lib/python3.12/site-packages/airflow/example_dags/tutorial_objectstorage.py
[2025-02-10T10:23:45.980+0000] {processor.py:914} INFO - Processing file /home/airflow/.local/lib/python3.12/site-packages/airflow/example_dags/tutorial_objectstorage.py for tasks to queue
[2025-02-10T10:23:45.983+0000] {logging_mixin.py:190} INFO - [2025-02-10T10:23:45.983+0000] {dagbag.py:588} INFO - Filling up the DagBag from /home/airflow/.local/lib/python3.12/site-packages/airflow/example_dags/tutorial_objectstorage.py
[2025-02-10T10:23:46.006+0000] {processor.py:925} INFO - DAG(s) 'tutorial_objectstorage' retrieved from /home/airflow/.local/lib/python3.12/site-packages/airflow/example_dags/tutorial_objectstorage.py
[2025-02-10T10:23:46.034+0000] {logging_mixin.py:190} INFO - [2025-02-10T10:23:46.034+0000] {dag.py:3239} INFO - Sync 1 DAGs
[2025-02-10T10:23:46.054+0000] {logging_mixin.py:190} INFO - [2025-02-10T10:23:46.054+0000] {dag.py:4180} INFO - Setting next_dagrun for tutorial_objectstorage to None, run_after=None
[2025-02-10T10:23:46.083+0000] {processor.py:208} INFO - Processing /home/airflow/.local/lib/python3.12/site-packages/airflow/example_dags/tutorial_objectstorage.py took 0.116 seconds
[2025-02-10T10:24:19.638+0000] {processor.py:186} INFO - Started process (PID=379) to work on /home/airflow/.local/lib/python3.12/site-packages/airflow/example_dags/tutorial_objectstorage.py
[2025-02-10T10:24:19.640+0000] {processor.py:914} INFO - Processing file /home/airflow/.local/lib/python3.12/site-packages/airflow/example_dags/tutorial_objectstorage.py for tasks to queue
[2025-02-10T10:24:19.645+0000] {logging_mixin.py:190} INFO - [2025-02-10T10:24:19.644+0000] {dagbag.py:588} INFO - Filling up the DagBag from /home/airflow/.local/lib/python3.12/site-packages/airflow/example_dags/tutorial_objectstorage.py
[2025-02-10T10:24:19.669+0000] {processor.py:925} INFO - DAG(s) 'tutorial_objectstorage' retrieved from /home/airflow/.local/lib/python3.12/site-packages/airflow/example_dags/tutorial_objectstorage.py
[2025-02-10T10:24:19.746+0000] {logging_mixin.py:190} INFO - [2025-02-10T10:24:19.745+0000] {dag.py:3239} INFO - Sync 1 DAGs
[2025-02-10T10:24:19.792+0000] {logging_mixin.py:190} INFO - [2025-02-10T10:24:19.791+0000] {dag.py:4180} INFO - Setting next_dagrun for tutorial_objectstorage to None, run_after=None
[2025-02-10T10:24:19.843+0000] {processor.py:208} INFO - Processing /home/airflow/.local/lib/python3.12/site-packages/airflow/example_dags/tutorial_objectstorage.py took 0.224 seconds
[2025-02-10T10:24:50.080+0000] {processor.py:186} INFO - Started process (PID=442) to work on /home/airflow/.local/lib/python3.12/site-packages/airflow/example_dags/tutorial_objectstorage.py
[2025-02-10T10:24:50.082+0000] {processor.py:914} INFO - Processing file /home/airflow/.local/lib/python3.12/site-packages/airflow/example_dags/tutorial_objectstorage.py for tasks to queue
[2025-02-10T10:24:50.087+0000] {logging_mixin.py:190} INFO - [2025-02-10T10:24:50.086+0000] {dagbag.py:588} INFO - Filling up the DagBag from /home/airflow/.local/lib/python3.12/site-packages/airflow/example_dags/tutorial_objectstorage.py
[2025-02-10T10:24:50.109+0000] {processor.py:925} INFO - DAG(s) 'tutorial_objectstorage' retrieved from /home/airflow/.local/lib/python3.12/site-packages/airflow/example_dags/tutorial_objectstorage.py
[2025-02-10T10:24:50.145+0000] {logging_mixin.py:190} INFO - [2025-02-10T10:24:50.144+0000] {dag.py:3239} INFO - Sync 1 DAGs
[2025-02-10T10:24:50.208+0000] {logging_mixin.py:190} INFO - [2025-02-10T10:24:50.197+0000] {dag.py:4180} INFO - Setting next_dagrun for tutorial_objectstorage to None, run_after=None
[2025-02-10T10:24:50.398+0000] {processor.py:208} INFO - Processing /home/airflow/.local/lib/python3.12/site-packages/airflow/example_dags/tutorial_objectstorage.py took 0.328 seconds
[2025-02-10T10:25:26.117+0000] {processor.py:186} INFO - Started process (PID=504) to work on /home/airflow/.local/lib/python3.12/site-packages/airflow/example_dags/tutorial_objectstorage.py
[2025-02-10T10:25:26.121+0000] {processor.py:914} INFO - Processing file /home/airflow/.local/lib/python3.12/site-packages/airflow/example_dags/tutorial_objectstorage.py for tasks to queue
[2025-02-10T10:25:26.133+0000] {logging_mixin.py:190} INFO - [2025-02-10T10:25:26.132+0000] {dagbag.py:588} INFO - Filling up the DagBag from /home/airflow/.local/lib/python3.12/site-packages/airflow/example_dags/tutorial_objectstorage.py
[2025-02-10T10:25:26.169+0000] {processor.py:925} INFO - DAG(s) 'tutorial_objectstorage' retrieved from /home/airflow/.local/lib/python3.12/site-packages/airflow/example_dags/tutorial_objectstorage.py
[2025-02-10T10:25:26.882+0000] {logging_mixin.py:190} INFO - [2025-02-10T10:25:26.882+0000] {dag.py:3239} INFO - Sync 1 DAGs
[2025-02-10T10:25:26.939+0000] {logging_mixin.py:190} INFO - [2025-02-10T10:25:26.938+0000] {dag.py:4180} INFO - Setting next_dagrun for tutorial_objectstorage to None, run_after=None
[2025-02-10T10:25:27.031+0000] {processor.py:208} INFO - Processing /home/airflow/.local/lib/python3.12/site-packages/airflow/example_dags/tutorial_objectstorage.py took 0.295 seconds
[2025-02-10T10:25:57.183+0000] {processor.py:186} INFO - Started process (PID=566) to work on /home/airflow/.local/lib/python3.12/site-packages/airflow/example_dags/tutorial_objectstorage.py
[2025-02-10T10:25:57.184+0000] {processor.py:914} INFO - Processing file /home/airflow/.local/lib/python3.12/site-packages/airflow/example_dags/tutorial_objectstorage.py for tasks to queue
[2025-02-10T10:25:57.188+0000] {logging_mixin.py:190} INFO - [2025-02-10T10:25:57.187+0000] {dagbag.py:588} INFO - Filling up the DagBag from /home/airflow/.local/lib/python3.12/site-packages/airflow/example_dags/tutorial_objectstorage.py
[2025-02-10T10:25:57.203+0000] {processor.py:925} INFO - DAG(s) 'tutorial_objectstorage' retrieved from /home/airflow/.local/lib/python3.12/site-packages/airflow/example_dags/tutorial_objectstorage.py
[2025-02-10T10:25:57.235+0000] {logging_mixin.py:190} INFO - [2025-02-10T10:25:57.234+0000] {dag.py:3239} INFO - Sync 1 DAGs
[2025-02-10T10:25:57.259+0000] {logging_mixin.py:190} INFO - [2025-02-10T10:25:57.259+0000] {dag.py:4180} INFO - Setting next_dagrun for tutorial_objectstorage to None, run_after=None
[2025-02-10T10:25:57.289+0000] {processor.py:208} INFO - Processing /home/airflow/.local/lib/python3.12/site-packages/airflow/example_dags/tutorial_objectstorage.py took 0.117 seconds
