[2025-02-10T10:21:16.947+0000] {processor.py:186} INFO - Started process (PID=97) to work on /home/airflow/.local/lib/python3.12/site-packages/airflow/example_dags/tutorial_taskflow_api.py
[2025-02-10T10:21:16.970+0000] {processor.py:914} INFO - Processing file /home/airflow/.local/lib/python3.12/site-packages/airflow/example_dags/tutorial_taskflow_api.py for tasks to queue
[2025-02-10T10:21:17.029+0000] {logging_mixin.py:190} INFO - [2025-02-10T10:21:17.028+0000] {dagbag.py:588} INFO - Filling up the DagBag from /home/airflow/.local/lib/python3.12/site-packages/airflow/example_dags/tutorial_taskflow_api.py
[2025-02-10T10:21:17.171+0000] {processor.py:925} INFO - DAG(s) 'tutorial_taskflow_api' retrieved from /home/airflow/.local/lib/python3.12/site-packages/airflow/example_dags/tutorial_taskflow_api.py
[2025-02-10T10:21:18.374+0000] {logging_mixin.py:190} INFO - [2025-02-10T10:21:18.371+0000] {override.py:1911} INFO - Created Permission View: can read on DAG:tutorial_taskflow_api
[2025-02-10T10:21:18.484+0000] {logging_mixin.py:190} INFO - [2025-02-10T10:21:18.482+0000] {override.py:1911} INFO - Created Permission View: can delete on DAG:tutorial_taskflow_api
[2025-02-10T10:21:18.550+0000] {logging_mixin.py:190} INFO - [2025-02-10T10:21:18.549+0000] {override.py:1911} INFO - Created Permission View: can edit on DAG:tutorial_taskflow_api
[2025-02-10T10:21:18.629+0000] {logging_mixin.py:190} INFO - [2025-02-10T10:21:18.629+0000] {override.py:1911} INFO - Created Permission View: menu access on DAG Run:tutorial_taskflow_api
[2025-02-10T10:21:18.678+0000] {logging_mixin.py:190} INFO - [2025-02-10T10:21:18.678+0000] {override.py:1911} INFO - Created Permission View: can read on DAG Run:tutorial_taskflow_api
[2025-02-10T10:21:18.730+0000] {logging_mixin.py:190} INFO - [2025-02-10T10:21:18.729+0000] {override.py:1911} INFO - Created Permission View: can create on DAG Run:tutorial_taskflow_api
[2025-02-10T10:21:18.769+0000] {logging_mixin.py:190} INFO - [2025-02-10T10:21:18.768+0000] {override.py:1911} INFO - Created Permission View: can delete on DAG Run:tutorial_taskflow_api
[2025-02-10T10:21:18.772+0000] {logging_mixin.py:190} INFO - [2025-02-10T10:21:18.771+0000] {dag.py:3239} INFO - Sync 1 DAGs
[2025-02-10T10:21:18.959+0000] {logging_mixin.py:190} INFO - [2025-02-10T10:21:18.958+0000] {dag.py:3262} INFO - Creating ORM DAG for tutorial_taskflow_api
[2025-02-10T10:21:18.988+0000] {logging_mixin.py:190} INFO - [2025-02-10T10:21:18.987+0000] {dag.py:4180} INFO - Setting next_dagrun for tutorial_taskflow_api to None, run_after=None
[2025-02-10T10:21:19.169+0000] {processor.py:208} INFO - Processing /home/airflow/.local/lib/python3.12/site-packages/airflow/example_dags/tutorial_taskflow_api.py took 2.330 seconds
[2025-02-10T10:22:30.319+0000] {processor.py:186} INFO - Started process (PID=165) to work on /home/airflow/.local/lib/python3.12/site-packages/airflow/example_dags/tutorial_taskflow_api.py
[2025-02-10T10:22:30.321+0000] {processor.py:914} INFO - Processing file /home/airflow/.local/lib/python3.12/site-packages/airflow/example_dags/tutorial_taskflow_api.py for tasks to queue
[2025-02-10T10:22:30.327+0000] {logging_mixin.py:190} INFO - [2025-02-10T10:22:30.326+0000] {dagbag.py:588} INFO - Filling up the DagBag from /home/airflow/.local/lib/python3.12/site-packages/airflow/example_dags/tutorial_taskflow_api.py
[2025-02-10T10:22:30.351+0000] {processor.py:925} INFO - DAG(s) 'tutorial_taskflow_api' retrieved from /home/airflow/.local/lib/python3.12/site-packages/airflow/example_dags/tutorial_taskflow_api.py
[2025-02-10T10:22:30.478+0000] {logging_mixin.py:190} INFO - [2025-02-10T10:22:30.477+0000] {dag.py:3239} INFO - Sync 1 DAGs
[2025-02-10T10:22:30.555+0000] {logging_mixin.py:190} INFO - [2025-02-10T10:22:30.554+0000] {dag.py:4180} INFO - Setting next_dagrun for tutorial_taskflow_api to None, run_after=None
[2025-02-10T10:22:30.646+0000] {processor.py:208} INFO - Processing /home/airflow/.local/lib/python3.12/site-packages/airflow/example_dags/tutorial_taskflow_api.py took 0.343 seconds
[2025-02-10T10:23:01.068+0000] {processor.py:186} INFO - Started process (PID=226) to work on /home/airflow/.local/lib/python3.12/site-packages/airflow/example_dags/tutorial_taskflow_api.py
[2025-02-10T10:23:01.072+0000] {processor.py:914} INFO - Processing file /home/airflow/.local/lib/python3.12/site-packages/airflow/example_dags/tutorial_taskflow_api.py for tasks to queue
[2025-02-10T10:23:01.077+0000] {logging_mixin.py:190} INFO - [2025-02-10T10:23:01.076+0000] {dagbag.py:588} INFO - Filling up the DagBag from /home/airflow/.local/lib/python3.12/site-packages/airflow/example_dags/tutorial_taskflow_api.py
[2025-02-10T10:23:01.096+0000] {processor.py:925} INFO - DAG(s) 'tutorial_taskflow_api' retrieved from /home/airflow/.local/lib/python3.12/site-packages/airflow/example_dags/tutorial_taskflow_api.py
[2025-02-10T10:23:01.137+0000] {logging_mixin.py:190} INFO - [2025-02-10T10:23:01.136+0000] {dag.py:3239} INFO - Sync 1 DAGs
[2025-02-10T10:23:01.172+0000] {logging_mixin.py:190} INFO - [2025-02-10T10:23:01.171+0000] {dag.py:4180} INFO - Setting next_dagrun for tutorial_taskflow_api to None, run_after=None
[2025-02-10T10:23:01.204+0000] {processor.py:208} INFO - Processing /home/airflow/.local/lib/python3.12/site-packages/airflow/example_dags/tutorial_taskflow_api.py took 0.147 seconds
[2025-02-10T10:23:41.040+0000] {processor.py:186} INFO - Started process (PID=288) to work on /home/airflow/.local/lib/python3.12/site-packages/airflow/example_dags/tutorial_taskflow_api.py
[2025-02-10T10:23:41.044+0000] {processor.py:914} INFO - Processing file /home/airflow/.local/lib/python3.12/site-packages/airflow/example_dags/tutorial_taskflow_api.py for tasks to queue
[2025-02-10T10:23:41.052+0000] {logging_mixin.py:190} INFO - [2025-02-10T10:23:41.050+0000] {dagbag.py:588} INFO - Filling up the DagBag from /home/airflow/.local/lib/python3.12/site-packages/airflow/example_dags/tutorial_taskflow_api.py
[2025-02-10T10:23:41.097+0000] {processor.py:925} INFO - DAG(s) 'tutorial_taskflow_api' retrieved from /home/airflow/.local/lib/python3.12/site-packages/airflow/example_dags/tutorial_taskflow_api.py
[2025-02-10T10:23:41.153+0000] {logging_mixin.py:190} INFO - [2025-02-10T10:23:41.150+0000] {dag.py:3239} INFO - Sync 1 DAGs
[2025-02-10T10:23:41.209+0000] {logging_mixin.py:190} INFO - [2025-02-10T10:23:41.209+0000] {dag.py:4180} INFO - Setting next_dagrun for tutorial_taskflow_api to None, run_after=None
[2025-02-10T10:23:41.288+0000] {processor.py:208} INFO - Processing /home/airflow/.local/lib/python3.12/site-packages/airflow/example_dags/tutorial_taskflow_api.py took 0.267 seconds
[2025-02-10T10:24:12.529+0000] {processor.py:186} INFO - Started process (PID=352) to work on /home/airflow/.local/lib/python3.12/site-packages/airflow/example_dags/tutorial_taskflow_api.py
[2025-02-10T10:24:12.531+0000] {processor.py:914} INFO - Processing file /home/airflow/.local/lib/python3.12/site-packages/airflow/example_dags/tutorial_taskflow_api.py for tasks to queue
[2025-02-10T10:24:12.538+0000] {logging_mixin.py:190} INFO - [2025-02-10T10:24:12.537+0000] {dagbag.py:588} INFO - Filling up the DagBag from /home/airflow/.local/lib/python3.12/site-packages/airflow/example_dags/tutorial_taskflow_api.py
[2025-02-10T10:24:12.558+0000] {processor.py:925} INFO - DAG(s) 'tutorial_taskflow_api' retrieved from /home/airflow/.local/lib/python3.12/site-packages/airflow/example_dags/tutorial_taskflow_api.py
[2025-02-10T10:24:12.609+0000] {logging_mixin.py:190} INFO - [2025-02-10T10:24:12.609+0000] {dag.py:3239} INFO - Sync 1 DAGs
[2025-02-10T10:24:12.655+0000] {logging_mixin.py:190} INFO - [2025-02-10T10:24:12.655+0000] {dag.py:4180} INFO - Setting next_dagrun for tutorial_taskflow_api to None, run_after=None
[2025-02-10T10:24:12.709+0000] {processor.py:208} INFO - Processing /home/airflow/.local/lib/python3.12/site-packages/airflow/example_dags/tutorial_taskflow_api.py took 0.193 seconds
[2025-02-10T10:24:44.149+0000] {processor.py:186} INFO - Started process (PID=412) to work on /home/airflow/.local/lib/python3.12/site-packages/airflow/example_dags/tutorial_taskflow_api.py
[2025-02-10T10:24:44.151+0000] {processor.py:914} INFO - Processing file /home/airflow/.local/lib/python3.12/site-packages/airflow/example_dags/tutorial_taskflow_api.py for tasks to queue
[2025-02-10T10:24:44.156+0000] {logging_mixin.py:190} INFO - [2025-02-10T10:24:44.155+0000] {dagbag.py:588} INFO - Filling up the DagBag from /home/airflow/.local/lib/python3.12/site-packages/airflow/example_dags/tutorial_taskflow_api.py
[2025-02-10T10:24:44.171+0000] {processor.py:925} INFO - DAG(s) 'tutorial_taskflow_api' retrieved from /home/airflow/.local/lib/python3.12/site-packages/airflow/example_dags/tutorial_taskflow_api.py
[2025-02-10T10:24:44.204+0000] {logging_mixin.py:190} INFO - [2025-02-10T10:24:44.204+0000] {dag.py:3239} INFO - Sync 1 DAGs
[2025-02-10T10:24:44.231+0000] {logging_mixin.py:190} INFO - [2025-02-10T10:24:44.231+0000] {dag.py:4180} INFO - Setting next_dagrun for tutorial_taskflow_api to None, run_after=None
[2025-02-10T10:24:44.263+0000] {processor.py:208} INFO - Processing /home/airflow/.local/lib/python3.12/site-packages/airflow/example_dags/tutorial_taskflow_api.py took 0.124 seconds
[2025-02-10T10:25:19.108+0000] {processor.py:186} INFO - Started process (PID=476) to work on /home/airflow/.local/lib/python3.12/site-packages/airflow/example_dags/tutorial_taskflow_api.py
[2025-02-10T10:25:19.111+0000] {processor.py:914} INFO - Processing file /home/airflow/.local/lib/python3.12/site-packages/airflow/example_dags/tutorial_taskflow_api.py for tasks to queue
[2025-02-10T10:25:19.116+0000] {logging_mixin.py:190} INFO - [2025-02-10T10:25:19.115+0000] {dagbag.py:588} INFO - Filling up the DagBag from /home/airflow/.local/lib/python3.12/site-packages/airflow/example_dags/tutorial_taskflow_api.py
[2025-02-10T10:25:19.135+0000] {processor.py:925} INFO - DAG(s) 'tutorial_taskflow_api' retrieved from /home/airflow/.local/lib/python3.12/site-packages/airflow/example_dags/tutorial_taskflow_api.py
[2025-02-10T10:25:19.178+0000] {logging_mixin.py:190} INFO - [2025-02-10T10:25:19.178+0000] {dag.py:3239} INFO - Sync 1 DAGs
[2025-02-10T10:25:19.245+0000] {logging_mixin.py:190} INFO - [2025-02-10T10:25:19.244+0000] {dag.py:4180} INFO - Setting next_dagrun for tutorial_taskflow_api to None, run_after=None
[2025-02-10T10:25:19.341+0000] {processor.py:208} INFO - Processing /home/airflow/.local/lib/python3.12/site-packages/airflow/example_dags/tutorial_taskflow_api.py took 0.255 seconds
[2025-02-10T10:25:51.216+0000] {processor.py:186} INFO - Started process (PID=538) to work on /home/airflow/.local/lib/python3.12/site-packages/airflow/example_dags/tutorial_taskflow_api.py
[2025-02-10T10:25:51.218+0000] {processor.py:914} INFO - Processing file /home/airflow/.local/lib/python3.12/site-packages/airflow/example_dags/tutorial_taskflow_api.py for tasks to queue
[2025-02-10T10:25:51.222+0000] {logging_mixin.py:190} INFO - [2025-02-10T10:25:51.221+0000] {dagbag.py:588} INFO - Filling up the DagBag from /home/airflow/.local/lib/python3.12/site-packages/airflow/example_dags/tutorial_taskflow_api.py
[2025-02-10T10:25:51.240+0000] {processor.py:925} INFO - DAG(s) 'tutorial_taskflow_api' retrieved from /home/airflow/.local/lib/python3.12/site-packages/airflow/example_dags/tutorial_taskflow_api.py
[2025-02-10T10:25:51.281+0000] {logging_mixin.py:190} INFO - [2025-02-10T10:25:51.280+0000] {dag.py:3239} INFO - Sync 1 DAGs
[2025-02-10T10:25:51.314+0000] {logging_mixin.py:190} INFO - [2025-02-10T10:25:51.314+0000] {dag.py:4180} INFO - Setting next_dagrun for tutorial_taskflow_api to None, run_after=None
[2025-02-10T10:25:51.363+0000] {processor.py:208} INFO - Processing /home/airflow/.local/lib/python3.12/site-packages/airflow/example_dags/tutorial_taskflow_api.py took 0.159 seconds
