[2025-02-13T15:45:12.836+0000] {processor.py:186} INFO - Started process (PID=744) to work on /opt/airflow/dags/fetch-youtube-dag.py
[2025-02-13T15:45:12.839+0000] {processor.py:914} INFO - Processing file /opt/airflow/dags/fetch-youtube-dag.py for tasks to queue
[2025-02-13T15:45:12.846+0000] {logging_mixin.py:190} INFO - [2025-02-13T15:45:12.845+0000] {dagbag.py:588} INFO - Filling up the DagBag from /opt/airflow/dags/fetch-youtube-dag.py
[2025-02-13T15:45:12.958+0000] {logging_mixin.py:190} INFO - [2025-02-13T15:45:12.958+0000] {fetch-youtube-dag.py:17} WARNING - ⚠️ ModuleNotFoundError: No module named 'config.config'; 'config' is not a package
[2025-02-13T15:45:12.971+0000] {processor.py:925} INFO - DAG(s) 'youtube_fetch_dag' retrieved from /opt/airflow/dags/fetch-youtube-dag.py
[2025-02-13T15:45:13.349+0000] {logging_mixin.py:190} INFO - [2025-02-13T15:45:13.348+0000] {override.py:1911} INFO - Created Permission View: can delete on DAG:youtube_fetch_dag
[2025-02-13T15:45:13.387+0000] {logging_mixin.py:190} INFO - [2025-02-13T15:45:13.386+0000] {override.py:1911} INFO - Created Permission View: can edit on DAG:youtube_fetch_dag
[2025-02-13T15:45:13.428+0000] {logging_mixin.py:190} INFO - [2025-02-13T15:45:13.428+0000] {override.py:1911} INFO - Created Permission View: can read on DAG:youtube_fetch_dag
[2025-02-13T15:45:13.458+0000] {logging_mixin.py:190} INFO - [2025-02-13T15:45:13.455+0000] {override.py:1911} INFO - Created Permission View: can delete on DAG Run:youtube_fetch_dag
[2025-02-13T15:45:13.480+0000] {logging_mixin.py:190} INFO - [2025-02-13T15:45:13.480+0000] {override.py:1911} INFO - Created Permission View: menu access on DAG Run:youtube_fetch_dag
[2025-02-13T15:45:13.494+0000] {logging_mixin.py:190} INFO - [2025-02-13T15:45:13.493+0000] {override.py:1911} INFO - Created Permission View: can create on DAG Run:youtube_fetch_dag
[2025-02-13T15:45:13.509+0000] {logging_mixin.py:190} INFO - [2025-02-13T15:45:13.509+0000] {override.py:1911} INFO - Created Permission View: can read on DAG Run:youtube_fetch_dag
[2025-02-13T15:45:13.511+0000] {logging_mixin.py:190} INFO - [2025-02-13T15:45:13.510+0000] {dag.py:3239} INFO - Sync 1 DAGs
[2025-02-13T15:45:15.517+0000] {logging_mixin.py:190} INFO - [2025-02-13T15:45:15.516+0000] {dag.py:3262} INFO - Creating ORM DAG for youtube_fetch_dag
[2025-02-13T15:45:15.544+0000] {logging_mixin.py:190} INFO - [2025-02-13T15:45:15.543+0000] {dag.py:4180} INFO - Setting next_dagrun for youtube_fetch_dag to 2025-02-12 00:00:00+00:00, run_after=2025-02-13 00:00:00+00:00
[2025-02-13T15:45:15.572+0000] {processor.py:208} INFO - Processing /opt/airflow/dags/fetch-youtube-dag.py took 2.751 seconds
[2025-02-13T15:45:46.224+0000] {processor.py:186} INFO - Started process (PID=759) to work on /opt/airflow/dags/fetch-youtube-dag.py
[2025-02-13T15:45:46.226+0000] {processor.py:914} INFO - Processing file /opt/airflow/dags/fetch-youtube-dag.py for tasks to queue
[2025-02-13T15:45:46.231+0000] {logging_mixin.py:190} INFO - [2025-02-13T15:45:46.231+0000] {dagbag.py:588} INFO - Filling up the DagBag from /opt/airflow/dags/fetch-youtube-dag.py
[2025-02-13T15:45:46.250+0000] {logging_mixin.py:190} INFO - [2025-02-13T15:45:46.249+0000] {fetch-youtube-dag.py:17} WARNING - ⚠️ ModuleNotFoundError: No module named 'config.config'; 'config' is not a package
[2025-02-13T15:45:46.274+0000] {processor.py:925} INFO - DAG(s) 'youtube_fetch_dag' retrieved from /opt/airflow/dags/fetch-youtube-dag.py
[2025-02-13T15:45:46.358+0000] {logging_mixin.py:190} INFO - [2025-02-13T15:45:46.356+0000] {dag.py:3239} INFO - Sync 1 DAGs
[2025-02-13T15:45:46.446+0000] {logging_mixin.py:190} INFO - [2025-02-13T15:45:46.446+0000] {dag.py:4180} INFO - Setting next_dagrun for youtube_fetch_dag to 2025-02-12 00:00:00+00:00, run_after=2025-02-13 00:00:00+00:00
[2025-02-13T15:45:46.500+0000] {processor.py:208} INFO - Processing /opt/airflow/dags/fetch-youtube-dag.py took 0.292 seconds
[2025-02-13T16:43:42.163+0000] {processor.py:186} INFO - Started process (PID=774) to work on /opt/airflow/dags/fetch-youtube-dag.py
[2025-02-13T16:43:42.197+0000] {processor.py:914} INFO - Processing file /opt/airflow/dags/fetch-youtube-dag.py for tasks to queue
[2025-02-13T16:43:42.302+0000] {logging_mixin.py:190} INFO - [2025-02-13T16:43:42.288+0000] {dagbag.py:588} INFO - Filling up the DagBag from /opt/airflow/dags/fetch-youtube-dag.py
[2025-02-13T16:43:42.564+0000] {logging_mixin.py:190} INFO - [2025-02-13T16:43:42.563+0000] {fetch-youtube-dag.py:17} WARNING - ⚠️ ModuleNotFoundError: No module named 'config.config'; 'config' is not a package
[2025-02-13T16:43:42.641+0000] {processor.py:925} INFO - DAG(s) 'youtube_fetch_dag' retrieved from /opt/airflow/dags/fetch-youtube-dag.py
[2025-02-13T16:43:42.796+0000] {logging_mixin.py:190} INFO - [2025-02-13T16:43:42.795+0000] {dag.py:3239} INFO - Sync 1 DAGs
[2025-02-13T16:43:42.923+0000] {logging_mixin.py:190} INFO - [2025-02-13T16:43:42.922+0000] {dag.py:4180} INFO - Setting next_dagrun for youtube_fetch_dag to 2025-02-12 00:00:00+00:00, run_after=2025-02-13 00:00:00+00:00
[2025-02-13T16:43:43.031+0000] {processor.py:208} INFO - Processing /opt/airflow/dags/fetch-youtube-dag.py took 1.377 seconds
[2025-02-13T16:44:15.896+0000] {processor.py:186} INFO - Started process (PID=789) to work on /opt/airflow/dags/fetch-youtube-dag.py
[2025-02-13T16:44:15.898+0000] {processor.py:914} INFO - Processing file /opt/airflow/dags/fetch-youtube-dag.py for tasks to queue
[2025-02-13T16:44:15.913+0000] {logging_mixin.py:190} INFO - [2025-02-13T16:44:15.912+0000] {dagbag.py:588} INFO - Filling up the DagBag from /opt/airflow/dags/fetch-youtube-dag.py
[2025-02-13T16:44:15.960+0000] {logging_mixin.py:190} INFO - [2025-02-13T16:44:15.960+0000] {fetch-youtube-dag.py:17} WARNING - ⚠️ ModuleNotFoundError: No module named 'config.config'; 'config' is not a package
[2025-02-13T16:44:15.978+0000] {processor.py:925} INFO - DAG(s) 'youtube_fetch_dag' retrieved from /opt/airflow/dags/fetch-youtube-dag.py
[2025-02-13T16:44:16.077+0000] {logging_mixin.py:190} INFO - [2025-02-13T16:44:16.070+0000] {dag.py:3239} INFO - Sync 1 DAGs
[2025-02-13T16:44:16.129+0000] {logging_mixin.py:190} INFO - [2025-02-13T16:44:16.129+0000] {dag.py:4180} INFO - Setting next_dagrun for youtube_fetch_dag to 2025-02-12 00:00:00+00:00, run_after=2025-02-13 00:00:00+00:00
[2025-02-13T16:44:16.258+0000] {processor.py:208} INFO - Processing /opt/airflow/dags/fetch-youtube-dag.py took 0.385 seconds
[2025-02-13T16:44:47.277+0000] {processor.py:186} INFO - Started process (PID=804) to work on /opt/airflow/dags/fetch-youtube-dag.py
[2025-02-13T16:44:47.281+0000] {processor.py:914} INFO - Processing file /opt/airflow/dags/fetch-youtube-dag.py for tasks to queue
[2025-02-13T16:44:47.297+0000] {logging_mixin.py:190} INFO - [2025-02-13T16:44:47.296+0000] {dagbag.py:588} INFO - Filling up the DagBag from /opt/airflow/dags/fetch-youtube-dag.py
[2025-02-13T16:44:47.374+0000] {logging_mixin.py:190} INFO - [2025-02-13T16:44:47.373+0000] {fetch-youtube-dag.py:17} WARNING - ⚠️ ModuleNotFoundError: No module named 'config.config'; 'config' is not a package
[2025-02-13T16:44:47.411+0000] {processor.py:925} INFO - DAG(s) 'youtube_fetch_dag' retrieved from /opt/airflow/dags/fetch-youtube-dag.py
[2025-02-13T16:44:47.548+0000] {logging_mixin.py:190} INFO - [2025-02-13T16:44:47.547+0000] {dag.py:3239} INFO - Sync 1 DAGs
[2025-02-13T16:44:47.733+0000] {logging_mixin.py:190} INFO - [2025-02-13T16:44:47.723+0000] {dag.py:4180} INFO - Setting next_dagrun for youtube_fetch_dag to 2025-02-12 00:00:00+00:00, run_after=2025-02-13 00:00:00+00:00
[2025-02-13T16:44:47.887+0000] {processor.py:208} INFO - Processing /opt/airflow/dags/fetch-youtube-dag.py took 0.636 seconds
[2025-02-13T16:45:18.600+0000] {processor.py:186} INFO - Started process (PID=819) to work on /opt/airflow/dags/fetch-youtube-dag.py
[2025-02-13T16:45:18.602+0000] {processor.py:914} INFO - Processing file /opt/airflow/dags/fetch-youtube-dag.py for tasks to queue
[2025-02-13T16:45:18.610+0000] {logging_mixin.py:190} INFO - [2025-02-13T16:45:18.609+0000] {dagbag.py:588} INFO - Filling up the DagBag from /opt/airflow/dags/fetch-youtube-dag.py
[2025-02-13T16:45:18.644+0000] {logging_mixin.py:190} INFO - [2025-02-13T16:45:18.643+0000] {fetch-youtube-dag.py:17} WARNING - ⚠️ ModuleNotFoundError: No module named 'config.config'; 'config' is not a package
[2025-02-13T16:45:18.671+0000] {processor.py:925} INFO - DAG(s) 'youtube_fetch_dag' retrieved from /opt/airflow/dags/fetch-youtube-dag.py
[2025-02-13T16:45:18.739+0000] {logging_mixin.py:190} INFO - [2025-02-13T16:45:18.738+0000] {dag.py:3239} INFO - Sync 1 DAGs
[2025-02-13T16:45:19.139+0000] {logging_mixin.py:190} INFO - [2025-02-13T16:45:19.136+0000] {dag.py:4180} INFO - Setting next_dagrun for youtube_fetch_dag to 2025-02-13 00:00:00+00:00, run_after=2025-02-14 00:00:00+00:00
[2025-02-13T16:45:19.263+0000] {processor.py:208} INFO - Processing /opt/airflow/dags/fetch-youtube-dag.py took 0.689 seconds
[2025-02-13T16:45:50.609+0000] {processor.py:186} INFO - Started process (PID=834) to work on /opt/airflow/dags/fetch-youtube-dag.py
[2025-02-13T16:45:50.621+0000] {processor.py:914} INFO - Processing file /opt/airflow/dags/fetch-youtube-dag.py for tasks to queue
[2025-02-13T16:45:50.631+0000] {logging_mixin.py:190} INFO - [2025-02-13T16:45:50.629+0000] {dagbag.py:588} INFO - Filling up the DagBag from /opt/airflow/dags/fetch-youtube-dag.py
[2025-02-13T16:45:50.804+0000] {logging_mixin.py:190} INFO - [2025-02-13T16:45:50.804+0000] {fetch-youtube-dag.py:17} WARNING - ⚠️ ModuleNotFoundError: No module named 'config.config'; 'config' is not a package
[2025-02-13T16:45:50.856+0000] {processor.py:925} INFO - DAG(s) 'youtube_fetch_dag' retrieved from /opt/airflow/dags/fetch-youtube-dag.py
[2025-02-13T16:45:51.080+0000] {logging_mixin.py:190} INFO - [2025-02-13T16:45:51.079+0000] {dag.py:3239} INFO - Sync 1 DAGs
[2025-02-13T16:45:51.265+0000] {logging_mixin.py:190} INFO - [2025-02-13T16:45:51.264+0000] {dag.py:4180} INFO - Setting next_dagrun for youtube_fetch_dag to 2025-02-13 00:00:00+00:00, run_after=2025-02-14 00:00:00+00:00
[2025-02-13T16:45:51.525+0000] {processor.py:208} INFO - Processing /opt/airflow/dags/fetch-youtube-dag.py took 0.966 seconds
[2025-02-13T16:46:22.256+0000] {processor.py:186} INFO - Started process (PID=849) to work on /opt/airflow/dags/fetch-youtube-dag.py
[2025-02-13T16:46:22.258+0000] {processor.py:914} INFO - Processing file /opt/airflow/dags/fetch-youtube-dag.py for tasks to queue
[2025-02-13T16:46:22.264+0000] {logging_mixin.py:190} INFO - [2025-02-13T16:46:22.263+0000] {dagbag.py:588} INFO - Filling up the DagBag from /opt/airflow/dags/fetch-youtube-dag.py
[2025-02-13T16:46:22.300+0000] {logging_mixin.py:190} INFO - [2025-02-13T16:46:22.299+0000] {fetch-youtube-dag.py:17} WARNING - ⚠️ ModuleNotFoundError: No module named 'config.config'; 'config' is not a package
[2025-02-13T16:46:22.315+0000] {processor.py:925} INFO - DAG(s) 'youtube_fetch_dag' retrieved from /opt/airflow/dags/fetch-youtube-dag.py
[2025-02-13T16:46:22.370+0000] {logging_mixin.py:190} INFO - [2025-02-13T16:46:22.369+0000] {dag.py:3239} INFO - Sync 1 DAGs
[2025-02-13T16:46:22.439+0000] {logging_mixin.py:190} INFO - [2025-02-13T16:46:22.439+0000] {dag.py:4180} INFO - Setting next_dagrun for youtube_fetch_dag to 2025-02-13 00:00:00+00:00, run_after=2025-02-14 00:00:00+00:00
[2025-02-13T16:46:22.513+0000] {processor.py:208} INFO - Processing /opt/airflow/dags/fetch-youtube-dag.py took 0.272 seconds
[2025-02-13T16:46:53.173+0000] {processor.py:186} INFO - Started process (PID=864) to work on /opt/airflow/dags/fetch-youtube-dag.py
[2025-02-13T16:46:53.174+0000] {processor.py:914} INFO - Processing file /opt/airflow/dags/fetch-youtube-dag.py for tasks to queue
[2025-02-13T16:46:53.177+0000] {logging_mixin.py:190} INFO - [2025-02-13T16:46:53.176+0000] {dagbag.py:588} INFO - Filling up the DagBag from /opt/airflow/dags/fetch-youtube-dag.py
[2025-02-13T16:46:53.202+0000] {logging_mixin.py:190} INFO - [2025-02-13T16:46:53.202+0000] {fetch-youtube-dag.py:17} WARNING - ⚠️ ModuleNotFoundError: No module named 'config.config'; 'config' is not a package
[2025-02-13T16:46:53.216+0000] {processor.py:925} INFO - DAG(s) 'youtube_fetch_dag' retrieved from /opt/airflow/dags/fetch-youtube-dag.py
[2025-02-13T16:46:53.256+0000] {logging_mixin.py:190} INFO - [2025-02-13T16:46:53.255+0000] {dag.py:3239} INFO - Sync 1 DAGs
[2025-02-13T16:46:53.298+0000] {logging_mixin.py:190} INFO - [2025-02-13T16:46:53.297+0000] {dag.py:4180} INFO - Setting next_dagrun for youtube_fetch_dag to 2025-02-13 00:00:00+00:00, run_after=2025-02-14 00:00:00+00:00
[2025-02-13T16:46:53.341+0000] {processor.py:208} INFO - Processing /opt/airflow/dags/fetch-youtube-dag.py took 0.186 seconds
[2025-02-13T16:47:24.136+0000] {processor.py:186} INFO - Started process (PID=879) to work on /opt/airflow/dags/fetch-youtube-dag.py
[2025-02-13T16:47:24.153+0000] {processor.py:914} INFO - Processing file /opt/airflow/dags/fetch-youtube-dag.py for tasks to queue
[2025-02-13T16:47:24.158+0000] {logging_mixin.py:190} INFO - [2025-02-13T16:47:24.157+0000] {dagbag.py:588} INFO - Filling up the DagBag from /opt/airflow/dags/fetch-youtube-dag.py
[2025-02-13T16:47:24.590+0000] {logging_mixin.py:190} INFO - [2025-02-13T16:47:24.589+0000] {fetch-youtube-dag.py:17} WARNING - ⚠️ ModuleNotFoundError: No module named 'config.config'; 'config' is not a package
[2025-02-13T16:47:24.640+0000] {processor.py:925} INFO - DAG(s) 'youtube_fetch_dag' retrieved from /opt/airflow/dags/fetch-youtube-dag.py
[2025-02-13T16:47:24.769+0000] {logging_mixin.py:190} INFO - [2025-02-13T16:47:24.768+0000] {dag.py:3239} INFO - Sync 1 DAGs
[2025-02-13T16:47:24.946+0000] {logging_mixin.py:190} INFO - [2025-02-13T16:47:24.936+0000] {dag.py:4180} INFO - Setting next_dagrun for youtube_fetch_dag to 2025-02-13 00:00:00+00:00, run_after=2025-02-14 00:00:00+00:00
[2025-02-13T16:47:25.091+0000] {processor.py:208} INFO - Processing /opt/airflow/dags/fetch-youtube-dag.py took 1.001 seconds
[2025-02-13T16:47:55.871+0000] {processor.py:186} INFO - Started process (PID=894) to work on /opt/airflow/dags/fetch-youtube-dag.py
[2025-02-13T16:47:55.881+0000] {processor.py:914} INFO - Processing file /opt/airflow/dags/fetch-youtube-dag.py for tasks to queue
[2025-02-13T16:47:55.981+0000] {logging_mixin.py:190} INFO - [2025-02-13T16:47:55.980+0000] {dagbag.py:588} INFO - Filling up the DagBag from /opt/airflow/dags/fetch-youtube-dag.py
[2025-02-13T16:47:56.623+0000] {logging_mixin.py:190} INFO - [2025-02-13T16:47:56.622+0000] {fetch-youtube-dag.py:17} WARNING - ⚠️ ModuleNotFoundError: No module named 'config.config'; 'config' is not a package
[2025-02-13T16:47:56.657+0000] {processor.py:925} INFO - DAG(s) 'youtube_fetch_dag' retrieved from /opt/airflow/dags/fetch-youtube-dag.py
[2025-02-13T16:47:56.777+0000] {logging_mixin.py:190} INFO - [2025-02-13T16:47:56.777+0000] {dag.py:3239} INFO - Sync 1 DAGs
[2025-02-13T16:47:56.965+0000] {logging_mixin.py:190} INFO - [2025-02-13T16:47:56.954+0000] {dag.py:4180} INFO - Setting next_dagrun for youtube_fetch_dag to 2025-02-13 00:00:00+00:00, run_after=2025-02-14 00:00:00+00:00
[2025-02-13T16:47:57.317+0000] {processor.py:208} INFO - Processing /opt/airflow/dags/fetch-youtube-dag.py took 1.473 seconds
[2025-02-13T16:48:29.359+0000] {processor.py:186} INFO - Started process (PID=909) to work on /opt/airflow/dags/fetch-youtube-dag.py
[2025-02-13T16:48:29.377+0000] {processor.py:914} INFO - Processing file /opt/airflow/dags/fetch-youtube-dag.py for tasks to queue
[2025-02-13T16:48:29.425+0000] {logging_mixin.py:190} INFO - [2025-02-13T16:48:29.424+0000] {dagbag.py:588} INFO - Filling up the DagBag from /opt/airflow/dags/fetch-youtube-dag.py
[2025-02-13T16:48:31.708+0000] {logging_mixin.py:190} INFO - [2025-02-13T16:48:31.708+0000] {fetch-youtube-dag.py:17} WARNING - ⚠️ ModuleNotFoundError: No module named 'config.config'; 'config' is not a package
[2025-02-13T16:48:32.173+0000] {processor.py:925} INFO - DAG(s) 'youtube_fetch_dag' retrieved from /opt/airflow/dags/fetch-youtube-dag.py
[2025-02-13T16:48:33.085+0000] {logging_mixin.py:190} INFO - [2025-02-13T16:48:33.085+0000] {dag.py:3239} INFO - Sync 1 DAGs
[2025-02-13T16:48:33.980+0000] {logging_mixin.py:190} INFO - [2025-02-13T16:48:33.979+0000] {dag.py:4180} INFO - Setting next_dagrun for youtube_fetch_dag to 2025-02-13 00:00:00+00:00, run_after=2025-02-14 00:00:00+00:00
[2025-02-13T16:49:02.298+0000] {processor.py:208} INFO - Processing /opt/airflow/dags/fetch-youtube-dag.py took 32.875 seconds
[2025-02-13T16:49:34.278+0000] {processor.py:186} INFO - Started process (PID=924) to work on /opt/airflow/dags/fetch-youtube-dag.py
[2025-02-13T16:49:34.292+0000] {processor.py:914} INFO - Processing file /opt/airflow/dags/fetch-youtube-dag.py for tasks to queue
[2025-02-13T16:49:34.319+0000] {logging_mixin.py:190} INFO - [2025-02-13T16:49:34.318+0000] {dagbag.py:588} INFO - Filling up the DagBag from /opt/airflow/dags/fetch-youtube-dag.py
[2025-02-13T16:49:35.711+0000] {logging_mixin.py:190} INFO - [2025-02-13T16:49:35.710+0000] {fetch-youtube-dag.py:17} WARNING - ⚠️ ModuleNotFoundError: No module named 'config.config'; 'config' is not a package
[2025-02-13T16:49:35.790+0000] {processor.py:925} INFO - DAG(s) 'youtube_fetch_dag' retrieved from /opt/airflow/dags/fetch-youtube-dag.py
[2025-02-13T16:49:35.922+0000] {logging_mixin.py:190} INFO - [2025-02-13T16:49:35.921+0000] {dag.py:3239} INFO - Sync 1 DAGs
[2025-02-13T16:49:36.067+0000] {logging_mixin.py:190} INFO - [2025-02-13T16:49:36.066+0000] {dag.py:4180} INFO - Setting next_dagrun for youtube_fetch_dag to 2025-02-13 00:00:00+00:00, run_after=2025-02-14 00:00:00+00:00
[2025-02-13T16:49:36.275+0000] {processor.py:208} INFO - Processing /opt/airflow/dags/fetch-youtube-dag.py took 2.020 seconds
[2025-02-13T16:50:07.251+0000] {processor.py:186} INFO - Started process (PID=939) to work on /opt/airflow/dags/fetch-youtube-dag.py
[2025-02-13T16:50:07.302+0000] {processor.py:914} INFO - Processing file /opt/airflow/dags/fetch-youtube-dag.py for tasks to queue
[2025-02-13T16:50:07.329+0000] {logging_mixin.py:190} INFO - [2025-02-13T16:50:07.328+0000] {dagbag.py:588} INFO - Filling up the DagBag from /opt/airflow/dags/fetch-youtube-dag.py
[2025-02-13T16:50:07.537+0000] {logging_mixin.py:190} INFO - [2025-02-13T16:50:07.537+0000] {fetch-youtube-dag.py:17} WARNING - ⚠️ ModuleNotFoundError: No module named 'config.config'; 'config' is not a package
[2025-02-13T16:50:07.571+0000] {processor.py:925} INFO - DAG(s) 'youtube_fetch_dag' retrieved from /opt/airflow/dags/fetch-youtube-dag.py
[2025-02-13T16:50:07.670+0000] {logging_mixin.py:190} INFO - [2025-02-13T16:50:07.670+0000] {dag.py:3239} INFO - Sync 1 DAGs
[2025-02-13T16:50:07.831+0000] {logging_mixin.py:190} INFO - [2025-02-13T16:50:07.830+0000] {dag.py:4180} INFO - Setting next_dagrun for youtube_fetch_dag to 2025-02-13 00:00:00+00:00, run_after=2025-02-14 00:00:00+00:00
[2025-02-13T16:50:08.074+0000] {processor.py:208} INFO - Processing /opt/airflow/dags/fetch-youtube-dag.py took 0.849 seconds
[2025-02-13T16:50:23.496+0000] {processor.py:186} INFO - Started process (PID=952) to work on /opt/airflow/dags/fetch-youtube-dag.py
[2025-02-13T16:50:23.597+0000] {processor.py:914} INFO - Processing file /opt/airflow/dags/fetch-youtube-dag.py for tasks to queue
[2025-02-13T16:50:23.706+0000] {logging_mixin.py:190} INFO - [2025-02-13T16:50:23.705+0000] {dagbag.py:588} INFO - Filling up the DagBag from /opt/airflow/dags/fetch-youtube-dag.py
[2025-02-13T16:50:29.103+0000] {logging_mixin.py:190} INFO - [2025-02-13T16:50:29.103+0000] {fetch-youtube-dag.py:17} WARNING - ⚠️ ModuleNotFoundError: No module named 'config.config'; 'config' is not a package
[2025-02-13T16:50:29.203+0000] {processor.py:925} INFO - DAG(s) 'fetch_youtube_dag' retrieved from /opt/airflow/dags/fetch-youtube-dag.py
[2025-02-13T16:50:31.927+0000] {logging_mixin.py:190} INFO - [2025-02-13T16:50:31.927+0000] {dag.py:3239} INFO - Sync 1 DAGs
[2025-02-13T16:50:32.167+0000] {logging_mixin.py:190} INFO - [2025-02-13T16:50:32.167+0000] {dag.py:4180} INFO - Setting next_dagrun for fetch_youtube_dag to 2025-02-12 00:00:00+00:00, run_after=2025-02-13 00:00:00+00:00
[2025-02-13T16:50:32.584+0000] {processor.py:208} INFO - Processing /opt/airflow/dags/fetch-youtube-dag.py took 9.110 seconds
[2025-02-13T16:51:04.163+0000] {processor.py:186} INFO - Started process (PID=969) to work on /opt/airflow/dags/fetch-youtube-dag.py
[2025-02-13T16:51:04.172+0000] {processor.py:914} INFO - Processing file /opt/airflow/dags/fetch-youtube-dag.py for tasks to queue
[2025-02-13T16:51:04.179+0000] {logging_mixin.py:190} INFO - [2025-02-13T16:51:04.178+0000] {dagbag.py:588} INFO - Filling up the DagBag from /opt/airflow/dags/fetch-youtube-dag.py
[2025-02-13T16:51:04.542+0000] {logging_mixin.py:190} INFO - [2025-02-13T16:51:04.542+0000] {fetch-youtube-dag.py:17} WARNING - ⚠️ ModuleNotFoundError: No module named 'config.config'; 'config' is not a package
[2025-02-13T16:51:04.580+0000] {processor.py:925} INFO - DAG(s) 'fetch_youtube_dag' retrieved from /opt/airflow/dags/fetch-youtube-dag.py
[2025-02-13T16:51:04.711+0000] {logging_mixin.py:190} INFO - [2025-02-13T16:51:04.710+0000] {dag.py:3239} INFO - Sync 1 DAGs
[2025-02-13T16:51:04.850+0000] {logging_mixin.py:190} INFO - [2025-02-13T16:51:04.849+0000] {dag.py:4180} INFO - Setting next_dagrun for fetch_youtube_dag to 2025-02-13 00:00:00+00:00, run_after=2025-02-14 00:00:00+00:00
[2025-02-13T16:51:04.961+0000] {processor.py:208} INFO - Processing /opt/airflow/dags/fetch-youtube-dag.py took 0.833 seconds
[2025-02-13T16:51:36.075+0000] {processor.py:186} INFO - Started process (PID=984) to work on /opt/airflow/dags/fetch-youtube-dag.py
[2025-02-13T16:51:36.107+0000] {processor.py:914} INFO - Processing file /opt/airflow/dags/fetch-youtube-dag.py for tasks to queue
[2025-02-13T16:51:36.130+0000] {logging_mixin.py:190} INFO - [2025-02-13T16:51:36.129+0000] {dagbag.py:588} INFO - Filling up the DagBag from /opt/airflow/dags/fetch-youtube-dag.py
[2025-02-13T16:51:36.982+0000] {logging_mixin.py:190} INFO - [2025-02-13T16:51:36.981+0000] {fetch-youtube-dag.py:17} WARNING - ⚠️ ModuleNotFoundError: No module named 'config.config'; 'config' is not a package
[2025-02-13T16:51:37.030+0000] {processor.py:925} INFO - DAG(s) 'fetch_youtube_dag' retrieved from /opt/airflow/dags/fetch-youtube-dag.py
[2025-02-13T16:51:37.149+0000] {logging_mixin.py:190} INFO - [2025-02-13T16:51:37.138+0000] {dag.py:3239} INFO - Sync 1 DAGs
[2025-02-13T16:51:37.424+0000] {logging_mixin.py:190} INFO - [2025-02-13T16:51:37.424+0000] {dag.py:4180} INFO - Setting next_dagrun for fetch_youtube_dag to 2025-02-13 00:00:00+00:00, run_after=2025-02-14 00:00:00+00:00
[2025-02-13T16:51:37.697+0000] {processor.py:208} INFO - Processing /opt/airflow/dags/fetch-youtube-dag.py took 1.643 seconds
[2025-02-13T16:52:08.496+0000] {processor.py:186} INFO - Started process (PID=999) to work on /opt/airflow/dags/fetch-youtube-dag.py
[2025-02-13T16:52:08.500+0000] {processor.py:914} INFO - Processing file /opt/airflow/dags/fetch-youtube-dag.py for tasks to queue
[2025-02-13T16:52:08.512+0000] {logging_mixin.py:190} INFO - [2025-02-13T16:52:08.507+0000] {dagbag.py:588} INFO - Filling up the DagBag from /opt/airflow/dags/fetch-youtube-dag.py
[2025-02-13T16:52:08.765+0000] {logging_mixin.py:190} INFO - [2025-02-13T16:52:08.764+0000] {fetch-youtube-dag.py:17} WARNING - ⚠️ ModuleNotFoundError: No module named 'config.config'; 'config' is not a package
[2025-02-13T16:52:08.804+0000] {processor.py:925} INFO - DAG(s) 'fetch_youtube_dag' retrieved from /opt/airflow/dags/fetch-youtube-dag.py
[2025-02-13T16:52:08.906+0000] {logging_mixin.py:190} INFO - [2025-02-13T16:52:08.906+0000] {dag.py:3239} INFO - Sync 1 DAGs
[2025-02-13T16:52:09.053+0000] {logging_mixin.py:190} INFO - [2025-02-13T16:52:09.052+0000] {dag.py:4180} INFO - Setting next_dagrun for fetch_youtube_dag to 2025-02-13 00:00:00+00:00, run_after=2025-02-14 00:00:00+00:00
[2025-02-13T16:52:09.188+0000] {processor.py:208} INFO - Processing /opt/airflow/dags/fetch-youtube-dag.py took 0.729 seconds
[2025-02-13T16:52:40.426+0000] {processor.py:186} INFO - Started process (PID=1014) to work on /opt/airflow/dags/fetch-youtube-dag.py
[2025-02-13T16:52:40.442+0000] {processor.py:914} INFO - Processing file /opt/airflow/dags/fetch-youtube-dag.py for tasks to queue
[2025-02-13T16:52:40.452+0000] {logging_mixin.py:190} INFO - [2025-02-13T16:52:40.447+0000] {dagbag.py:588} INFO - Filling up the DagBag from /opt/airflow/dags/fetch-youtube-dag.py
[2025-02-13T16:52:40.702+0000] {logging_mixin.py:190} INFO - [2025-02-13T16:52:40.701+0000] {fetch-youtube-dag.py:17} WARNING - ⚠️ ModuleNotFoundError: No module named 'config.config'; 'config' is not a package
[2025-02-13T16:52:40.747+0000] {processor.py:925} INFO - DAG(s) 'fetch_youtube_dag' retrieved from /opt/airflow/dags/fetch-youtube-dag.py
[2025-02-13T16:52:40.835+0000] {logging_mixin.py:190} INFO - [2025-02-13T16:52:40.835+0000] {dag.py:3239} INFO - Sync 1 DAGs
[2025-02-13T16:52:41.394+0000] {logging_mixin.py:190} INFO - [2025-02-13T16:52:41.394+0000] {dag.py:4180} INFO - Setting next_dagrun for fetch_youtube_dag to 2025-02-13 00:00:00+00:00, run_after=2025-02-14 00:00:00+00:00
[2025-02-13T16:52:41.532+0000] {processor.py:208} INFO - Processing /opt/airflow/dags/fetch-youtube-dag.py took 1.131 seconds
[2025-02-13T16:53:11.939+0000] {processor.py:186} INFO - Started process (PID=1029) to work on /opt/airflow/dags/fetch-youtube-dag.py
[2025-02-13T16:53:11.944+0000] {processor.py:914} INFO - Processing file /opt/airflow/dags/fetch-youtube-dag.py for tasks to queue
[2025-02-13T16:53:11.951+0000] {logging_mixin.py:190} INFO - [2025-02-13T16:53:11.950+0000] {dagbag.py:588} INFO - Filling up the DagBag from /opt/airflow/dags/fetch-youtube-dag.py
[2025-02-13T16:53:11.985+0000] {logging_mixin.py:190} INFO - [2025-02-13T16:53:11.984+0000] {fetch-youtube-dag.py:17} WARNING - ⚠️ ModuleNotFoundError: No module named 'config.config'; 'config' is not a package
[2025-02-13T16:53:12.000+0000] {processor.py:925} INFO - DAG(s) 'fetch_youtube_dag' retrieved from /opt/airflow/dags/fetch-youtube-dag.py
[2025-02-13T16:53:12.078+0000] {logging_mixin.py:190} INFO - [2025-02-13T16:53:12.077+0000] {dag.py:3239} INFO - Sync 1 DAGs
[2025-02-13T16:53:12.197+0000] {logging_mixin.py:190} INFO - [2025-02-13T16:53:12.196+0000] {dag.py:4180} INFO - Setting next_dagrun for fetch_youtube_dag to 2025-02-13 00:00:00+00:00, run_after=2025-02-14 00:00:00+00:00
[2025-02-13T16:53:12.251+0000] {processor.py:208} INFO - Processing /opt/airflow/dags/fetch-youtube-dag.py took 0.388 seconds
[2025-02-13T16:53:42.440+0000] {processor.py:186} INFO - Started process (PID=1044) to work on /opt/airflow/dags/fetch-youtube-dag.py
[2025-02-13T16:53:42.443+0000] {processor.py:914} INFO - Processing file /opt/airflow/dags/fetch-youtube-dag.py for tasks to queue
[2025-02-13T16:53:42.448+0000] {logging_mixin.py:190} INFO - [2025-02-13T16:53:42.447+0000] {dagbag.py:588} INFO - Filling up the DagBag from /opt/airflow/dags/fetch-youtube-dag.py
[2025-02-13T16:53:42.468+0000] {logging_mixin.py:190} INFO - [2025-02-13T16:53:42.468+0000] {fetch-youtube-dag.py:17} WARNING - ⚠️ ModuleNotFoundError: No module named 'config.config'; 'config' is not a package
[2025-02-13T16:53:42.479+0000] {processor.py:925} INFO - DAG(s) 'fetch_youtube_dag' retrieved from /opt/airflow/dags/fetch-youtube-dag.py
[2025-02-13T16:53:42.509+0000] {logging_mixin.py:190} INFO - [2025-02-13T16:53:42.509+0000] {dag.py:3239} INFO - Sync 1 DAGs
[2025-02-13T16:53:42.543+0000] {logging_mixin.py:190} INFO - [2025-02-13T16:53:42.543+0000] {dag.py:4180} INFO - Setting next_dagrun for fetch_youtube_dag to 2025-02-13 00:00:00+00:00, run_after=2025-02-14 00:00:00+00:00
[2025-02-13T16:53:42.663+0000] {processor.py:208} INFO - Processing /opt/airflow/dags/fetch-youtube-dag.py took 0.248 seconds
[2025-02-13T16:54:12.971+0000] {processor.py:186} INFO - Started process (PID=1059) to work on /opt/airflow/dags/fetch-youtube-dag.py
[2025-02-13T16:54:12.973+0000] {processor.py:914} INFO - Processing file /opt/airflow/dags/fetch-youtube-dag.py for tasks to queue
[2025-02-13T16:54:12.975+0000] {logging_mixin.py:190} INFO - [2025-02-13T16:54:12.974+0000] {dagbag.py:588} INFO - Filling up the DagBag from /opt/airflow/dags/fetch-youtube-dag.py
[2025-02-13T16:54:12.994+0000] {logging_mixin.py:190} INFO - [2025-02-13T16:54:12.994+0000] {fetch-youtube-dag.py:17} WARNING - ⚠️ ModuleNotFoundError: No module named 'config.config'; 'config' is not a package
[2025-02-13T16:54:13.006+0000] {processor.py:925} INFO - DAG(s) 'fetch_youtube_dag' retrieved from /opt/airflow/dags/fetch-youtube-dag.py
[2025-02-13T16:54:13.041+0000] {logging_mixin.py:190} INFO - [2025-02-13T16:54:13.040+0000] {dag.py:3239} INFO - Sync 1 DAGs
[2025-02-13T16:54:13.082+0000] {logging_mixin.py:190} INFO - [2025-02-13T16:54:13.082+0000] {dag.py:4180} INFO - Setting next_dagrun for fetch_youtube_dag to 2025-02-13 00:00:00+00:00, run_after=2025-02-14 00:00:00+00:00
[2025-02-13T16:54:13.115+0000] {processor.py:208} INFO - Processing /opt/airflow/dags/fetch-youtube-dag.py took 0.155 seconds
[2025-02-13T16:54:43.949+0000] {processor.py:186} INFO - Started process (PID=1074) to work on /opt/airflow/dags/fetch-youtube-dag.py
[2025-02-13T16:54:43.950+0000] {processor.py:914} INFO - Processing file /opt/airflow/dags/fetch-youtube-dag.py for tasks to queue
[2025-02-13T16:54:43.953+0000] {logging_mixin.py:190} INFO - [2025-02-13T16:54:43.952+0000] {dagbag.py:588} INFO - Filling up the DagBag from /opt/airflow/dags/fetch-youtube-dag.py
[2025-02-13T16:54:43.977+0000] {logging_mixin.py:190} INFO - [2025-02-13T16:54:43.977+0000] {fetch-youtube-dag.py:17} WARNING - ⚠️ ModuleNotFoundError: No module named 'config.config'; 'config' is not a package
[2025-02-13T16:54:43.990+0000] {processor.py:925} INFO - DAG(s) 'fetch_youtube_dag' retrieved from /opt/airflow/dags/fetch-youtube-dag.py
[2025-02-13T16:54:44.033+0000] {logging_mixin.py:190} INFO - [2025-02-13T16:54:44.033+0000] {dag.py:3239} INFO - Sync 1 DAGs
[2025-02-13T16:54:44.078+0000] {logging_mixin.py:190} INFO - [2025-02-13T16:54:44.078+0000] {dag.py:4180} INFO - Setting next_dagrun for fetch_youtube_dag to 2025-02-13 00:00:00+00:00, run_after=2025-02-14 00:00:00+00:00
[2025-02-13T16:54:44.161+0000] {processor.py:208} INFO - Processing /opt/airflow/dags/fetch-youtube-dag.py took 0.174 seconds
[2025-02-13T16:55:14.686+0000] {processor.py:186} INFO - Started process (PID=1089) to work on /opt/airflow/dags/fetch-youtube-dag.py
[2025-02-13T16:55:14.689+0000] {processor.py:914} INFO - Processing file /opt/airflow/dags/fetch-youtube-dag.py for tasks to queue
[2025-02-13T16:55:14.693+0000] {logging_mixin.py:190} INFO - [2025-02-13T16:55:14.692+0000] {dagbag.py:588} INFO - Filling up the DagBag from /opt/airflow/dags/fetch-youtube-dag.py
[2025-02-13T16:55:14.751+0000] {logging_mixin.py:190} INFO - [2025-02-13T16:55:14.751+0000] {fetch-youtube-dag.py:17} WARNING - ⚠️ ModuleNotFoundError: No module named 'config.config'; 'config' is not a package
[2025-02-13T16:55:14.770+0000] {processor.py:925} INFO - DAG(s) 'fetch_youtube_dag' retrieved from /opt/airflow/dags/fetch-youtube-dag.py
[2025-02-13T16:55:14.810+0000] {logging_mixin.py:190} INFO - [2025-02-13T16:55:14.810+0000] {dag.py:3239} INFO - Sync 1 DAGs
[2025-02-13T16:55:14.857+0000] {logging_mixin.py:190} INFO - [2025-02-13T16:55:14.857+0000] {dag.py:4180} INFO - Setting next_dagrun for fetch_youtube_dag to 2025-02-13 00:00:00+00:00, run_after=2025-02-14 00:00:00+00:00
[2025-02-13T16:55:15.223+0000] {processor.py:208} INFO - Processing /opt/airflow/dags/fetch-youtube-dag.py took 0.552 seconds
[2025-02-13T16:55:45.542+0000] {processor.py:186} INFO - Started process (PID=1104) to work on /opt/airflow/dags/fetch-youtube-dag.py
[2025-02-13T16:55:45.545+0000] {processor.py:914} INFO - Processing file /opt/airflow/dags/fetch-youtube-dag.py for tasks to queue
[2025-02-13T16:55:45.550+0000] {logging_mixin.py:190} INFO - [2025-02-13T16:55:45.550+0000] {dagbag.py:588} INFO - Filling up the DagBag from /opt/airflow/dags/fetch-youtube-dag.py
[2025-02-13T16:55:45.576+0000] {logging_mixin.py:190} INFO - [2025-02-13T16:55:45.575+0000] {fetch-youtube-dag.py:17} WARNING - ⚠️ ModuleNotFoundError: No module named 'config.config'; 'config' is not a package
[2025-02-13T16:55:45.588+0000] {processor.py:925} INFO - DAG(s) 'fetch_youtube_dag' retrieved from /opt/airflow/dags/fetch-youtube-dag.py
[2025-02-13T16:55:45.621+0000] {logging_mixin.py:190} INFO - [2025-02-13T16:55:45.621+0000] {dag.py:3239} INFO - Sync 1 DAGs
[2025-02-13T16:55:45.662+0000] {logging_mixin.py:190} INFO - [2025-02-13T16:55:45.662+0000] {dag.py:4180} INFO - Setting next_dagrun for fetch_youtube_dag to 2025-02-13 00:00:00+00:00, run_after=2025-02-14 00:00:00+00:00
[2025-02-13T16:55:45.691+0000] {processor.py:208} INFO - Processing /opt/airflow/dags/fetch-youtube-dag.py took 0.175 seconds
[2025-02-13T16:56:16.185+0000] {processor.py:186} INFO - Started process (PID=1119) to work on /opt/airflow/dags/fetch-youtube-dag.py
[2025-02-13T16:56:16.187+0000] {processor.py:914} INFO - Processing file /opt/airflow/dags/fetch-youtube-dag.py for tasks to queue
[2025-02-13T16:56:16.190+0000] {logging_mixin.py:190} INFO - [2025-02-13T16:56:16.189+0000] {dagbag.py:588} INFO - Filling up the DagBag from /opt/airflow/dags/fetch-youtube-dag.py
[2025-02-13T16:56:16.212+0000] {logging_mixin.py:190} INFO - [2025-02-13T16:56:16.211+0000] {fetch-youtube-dag.py:17} WARNING - ⚠️ ModuleNotFoundError: No module named 'config.config'; 'config' is not a package
[2025-02-13T16:56:16.223+0000] {processor.py:925} INFO - DAG(s) 'fetch_youtube_dag' retrieved from /opt/airflow/dags/fetch-youtube-dag.py
[2025-02-13T16:56:16.262+0000] {logging_mixin.py:190} INFO - [2025-02-13T16:56:16.261+0000] {dag.py:3239} INFO - Sync 1 DAGs
[2025-02-13T16:56:16.301+0000] {logging_mixin.py:190} INFO - [2025-02-13T16:56:16.301+0000] {dag.py:4180} INFO - Setting next_dagrun for fetch_youtube_dag to 2025-02-13 00:00:00+00:00, run_after=2025-02-14 00:00:00+00:00
[2025-02-13T16:56:16.328+0000] {processor.py:208} INFO - Processing /opt/airflow/dags/fetch-youtube-dag.py took 0.156 seconds
[2025-02-13T16:56:46.946+0000] {processor.py:186} INFO - Started process (PID=1134) to work on /opt/airflow/dags/fetch-youtube-dag.py
[2025-02-13T16:56:46.950+0000] {processor.py:914} INFO - Processing file /opt/airflow/dags/fetch-youtube-dag.py for tasks to queue
[2025-02-13T16:56:46.954+0000] {logging_mixin.py:190} INFO - [2025-02-13T16:56:46.953+0000] {dagbag.py:588} INFO - Filling up the DagBag from /opt/airflow/dags/fetch-youtube-dag.py
[2025-02-13T16:56:46.998+0000] {logging_mixin.py:190} INFO - [2025-02-13T16:56:46.997+0000] {fetch-youtube-dag.py:17} WARNING - ⚠️ ModuleNotFoundError: No module named 'config.config'; 'config' is not a package
[2025-02-13T16:56:47.014+0000] {processor.py:925} INFO - DAG(s) 'fetch_youtube_dag' retrieved from /opt/airflow/dags/fetch-youtube-dag.py
[2025-02-13T16:56:47.051+0000] {logging_mixin.py:190} INFO - [2025-02-13T16:56:47.051+0000] {dag.py:3239} INFO - Sync 1 DAGs
[2025-02-13T16:56:47.095+0000] {logging_mixin.py:190} INFO - [2025-02-13T16:56:47.095+0000] {dag.py:4180} INFO - Setting next_dagrun for fetch_youtube_dag to 2025-02-13 00:00:00+00:00, run_after=2025-02-14 00:00:00+00:00
[2025-02-13T16:56:47.121+0000] {processor.py:208} INFO - Processing /opt/airflow/dags/fetch-youtube-dag.py took 0.206 seconds
[2025-02-13T16:57:17.603+0000] {processor.py:186} INFO - Started process (PID=1149) to work on /opt/airflow/dags/fetch-youtube-dag.py
[2025-02-13T16:57:17.605+0000] {processor.py:914} INFO - Processing file /opt/airflow/dags/fetch-youtube-dag.py for tasks to queue
[2025-02-13T16:57:17.608+0000] {logging_mixin.py:190} INFO - [2025-02-13T16:57:17.607+0000] {dagbag.py:588} INFO - Filling up the DagBag from /opt/airflow/dags/fetch-youtube-dag.py
[2025-02-13T16:57:17.645+0000] {logging_mixin.py:190} INFO - [2025-02-13T16:57:17.644+0000] {fetch-youtube-dag.py:17} WARNING - ⚠️ ModuleNotFoundError: No module named 'config.config'; 'config' is not a package
[2025-02-13T16:57:17.657+0000] {processor.py:925} INFO - DAG(s) 'fetch_youtube_dag' retrieved from /opt/airflow/dags/fetch-youtube-dag.py
[2025-02-13T16:57:17.697+0000] {logging_mixin.py:190} INFO - [2025-02-13T16:57:17.696+0000] {dag.py:3239} INFO - Sync 1 DAGs
[2025-02-13T16:57:17.730+0000] {logging_mixin.py:190} INFO - [2025-02-13T16:57:17.730+0000] {dag.py:4180} INFO - Setting next_dagrun for fetch_youtube_dag to 2025-02-13 00:00:00+00:00, run_after=2025-02-14 00:00:00+00:00
[2025-02-13T16:57:17.772+0000] {processor.py:208} INFO - Processing /opt/airflow/dags/fetch-youtube-dag.py took 0.178 seconds
[2025-02-13T16:57:48.121+0000] {processor.py:186} INFO - Started process (PID=1164) to work on /opt/airflow/dags/fetch-youtube-dag.py
[2025-02-13T16:57:48.123+0000] {processor.py:914} INFO - Processing file /opt/airflow/dags/fetch-youtube-dag.py for tasks to queue
[2025-02-13T16:57:48.125+0000] {logging_mixin.py:190} INFO - [2025-02-13T16:57:48.125+0000] {dagbag.py:588} INFO - Filling up the DagBag from /opt/airflow/dags/fetch-youtube-dag.py
[2025-02-13T16:57:48.164+0000] {logging_mixin.py:190} INFO - [2025-02-13T16:57:48.164+0000] {fetch-youtube-dag.py:17} WARNING - ⚠️ ModuleNotFoundError: No module named 'config.config'; 'config' is not a package
[2025-02-13T16:57:48.177+0000] {processor.py:925} INFO - DAG(s) 'fetch_youtube_dag' retrieved from /opt/airflow/dags/fetch-youtube-dag.py
[2025-02-13T16:57:48.248+0000] {logging_mixin.py:190} INFO - [2025-02-13T16:57:48.248+0000] {dag.py:3239} INFO - Sync 1 DAGs
[2025-02-13T16:57:48.283+0000] {logging_mixin.py:190} INFO - [2025-02-13T16:57:48.283+0000] {dag.py:4180} INFO - Setting next_dagrun for fetch_youtube_dag to 2025-02-13 00:00:00+00:00, run_after=2025-02-14 00:00:00+00:00
[2025-02-13T16:57:48.313+0000] {processor.py:208} INFO - Processing /opt/airflow/dags/fetch-youtube-dag.py took 0.205 seconds
[2025-02-13T16:58:19.209+0000] {processor.py:186} INFO - Started process (PID=1179) to work on /opt/airflow/dags/fetch-youtube-dag.py
[2025-02-13T16:58:19.211+0000] {processor.py:914} INFO - Processing file /opt/airflow/dags/fetch-youtube-dag.py for tasks to queue
[2025-02-13T16:58:19.213+0000] {logging_mixin.py:190} INFO - [2025-02-13T16:58:19.213+0000] {dagbag.py:588} INFO - Filling up the DagBag from /opt/airflow/dags/fetch-youtube-dag.py
[2025-02-13T16:58:19.257+0000] {logging_mixin.py:190} INFO - [2025-02-13T16:58:19.256+0000] {fetch-youtube-dag.py:17} WARNING - ⚠️ ModuleNotFoundError: No module named 'config.config'; 'config' is not a package
[2025-02-13T16:58:19.276+0000] {processor.py:925} INFO - DAG(s) 'fetch_youtube_dag' retrieved from /opt/airflow/dags/fetch-youtube-dag.py
[2025-02-13T16:58:19.316+0000] {logging_mixin.py:190} INFO - [2025-02-13T16:58:19.316+0000] {dag.py:3239} INFO - Sync 1 DAGs
[2025-02-13T16:58:19.352+0000] {logging_mixin.py:190} INFO - [2025-02-13T16:58:19.352+0000] {dag.py:4180} INFO - Setting next_dagrun for fetch_youtube_dag to 2025-02-13 00:00:00+00:00, run_after=2025-02-14 00:00:00+00:00
[2025-02-13T16:58:19.662+0000] {processor.py:208} INFO - Processing /opt/airflow/dags/fetch-youtube-dag.py took 0.461 seconds
[2025-02-13T16:58:49.862+0000] {processor.py:186} INFO - Started process (PID=1194) to work on /opt/airflow/dags/fetch-youtube-dag.py
[2025-02-13T16:58:49.864+0000] {processor.py:914} INFO - Processing file /opt/airflow/dags/fetch-youtube-dag.py for tasks to queue
[2025-02-13T16:58:49.866+0000] {logging_mixin.py:190} INFO - [2025-02-13T16:58:49.866+0000] {dagbag.py:588} INFO - Filling up the DagBag from /opt/airflow/dags/fetch-youtube-dag.py
[2025-02-13T16:58:49.909+0000] {logging_mixin.py:190} INFO - [2025-02-13T16:58:49.909+0000] {fetch-youtube-dag.py:17} WARNING - ⚠️ ModuleNotFoundError: No module named 'config.config'; 'config' is not a package
[2025-02-13T16:58:49.928+0000] {processor.py:925} INFO - DAG(s) 'fetch_youtube_dag' retrieved from /opt/airflow/dags/fetch-youtube-dag.py
[2025-02-13T16:58:49.966+0000] {logging_mixin.py:190} INFO - [2025-02-13T16:58:49.965+0000] {dag.py:3239} INFO - Sync 1 DAGs
[2025-02-13T16:58:50.010+0000] {logging_mixin.py:190} INFO - [2025-02-13T16:58:50.010+0000] {dag.py:4180} INFO - Setting next_dagrun for fetch_youtube_dag to 2025-02-13 00:00:00+00:00, run_after=2025-02-14 00:00:00+00:00
[2025-02-13T16:58:50.039+0000] {processor.py:208} INFO - Processing /opt/airflow/dags/fetch-youtube-dag.py took 0.186 seconds
[2025-02-13T16:59:20.366+0000] {processor.py:186} INFO - Started process (PID=1209) to work on /opt/airflow/dags/fetch-youtube-dag.py
[2025-02-13T16:59:20.368+0000] {processor.py:914} INFO - Processing file /opt/airflow/dags/fetch-youtube-dag.py for tasks to queue
[2025-02-13T16:59:20.371+0000] {logging_mixin.py:190} INFO - [2025-02-13T16:59:20.370+0000] {dagbag.py:588} INFO - Filling up the DagBag from /opt/airflow/dags/fetch-youtube-dag.py
[2025-02-13T16:59:20.405+0000] {logging_mixin.py:190} INFO - [2025-02-13T16:59:20.405+0000] {fetch-youtube-dag.py:17} WARNING - ⚠️ ModuleNotFoundError: No module named 'config.config'; 'config' is not a package
[2025-02-13T16:59:20.419+0000] {processor.py:925} INFO - DAG(s) 'fetch_youtube_dag' retrieved from /opt/airflow/dags/fetch-youtube-dag.py
[2025-02-13T16:59:20.456+0000] {logging_mixin.py:190} INFO - [2025-02-13T16:59:20.456+0000] {dag.py:3239} INFO - Sync 1 DAGs
[2025-02-13T16:59:20.492+0000] {logging_mixin.py:190} INFO - [2025-02-13T16:59:20.492+0000] {dag.py:4180} INFO - Setting next_dagrun for fetch_youtube_dag to 2025-02-13 00:00:00+00:00, run_after=2025-02-14 00:00:00+00:00
[2025-02-13T16:59:20.522+0000] {processor.py:208} INFO - Processing /opt/airflow/dags/fetch-youtube-dag.py took 0.168 seconds
[2025-02-13T16:59:50.785+0000] {processor.py:186} INFO - Started process (PID=1224) to work on /opt/airflow/dags/fetch-youtube-dag.py
[2025-02-13T16:59:50.789+0000] {processor.py:914} INFO - Processing file /opt/airflow/dags/fetch-youtube-dag.py for tasks to queue
[2025-02-13T16:59:50.792+0000] {logging_mixin.py:190} INFO - [2025-02-13T16:59:50.791+0000] {dagbag.py:588} INFO - Filling up the DagBag from /opt/airflow/dags/fetch-youtube-dag.py
[2025-02-13T16:59:50.818+0000] {logging_mixin.py:190} INFO - [2025-02-13T16:59:50.817+0000] {fetch-youtube-dag.py:17} WARNING - ⚠️ ModuleNotFoundError: No module named 'config.config'; 'config' is not a package
[2025-02-13T16:59:50.831+0000] {processor.py:925} INFO - DAG(s) 'fetch_youtube_dag' retrieved from /opt/airflow/dags/fetch-youtube-dag.py
[2025-02-13T16:59:50.874+0000] {logging_mixin.py:190} INFO - [2025-02-13T16:59:50.873+0000] {dag.py:3239} INFO - Sync 1 DAGs
[2025-02-13T16:59:50.922+0000] {logging_mixin.py:190} INFO - [2025-02-13T16:59:50.922+0000] {dag.py:4180} INFO - Setting next_dagrun for fetch_youtube_dag to 2025-02-13 00:00:00+00:00, run_after=2025-02-14 00:00:00+00:00
[2025-02-13T16:59:50.964+0000] {processor.py:208} INFO - Processing /opt/airflow/dags/fetch-youtube-dag.py took 0.197 seconds
[2025-02-13T17:00:21.230+0000] {processor.py:186} INFO - Started process (PID=1239) to work on /opt/airflow/dags/fetch-youtube-dag.py
[2025-02-13T17:00:21.232+0000] {processor.py:914} INFO - Processing file /opt/airflow/dags/fetch-youtube-dag.py for tasks to queue
[2025-02-13T17:00:21.234+0000] {logging_mixin.py:190} INFO - [2025-02-13T17:00:21.234+0000] {dagbag.py:588} INFO - Filling up the DagBag from /opt/airflow/dags/fetch-youtube-dag.py
[2025-02-13T17:00:21.277+0000] {logging_mixin.py:190} INFO - [2025-02-13T17:00:21.276+0000] {fetch-youtube-dag.py:17} WARNING - ⚠️ ModuleNotFoundError: No module named 'config.config'; 'config' is not a package
[2025-02-13T17:00:21.288+0000] {processor.py:925} INFO - DAG(s) 'fetch_youtube_dag' retrieved from /opt/airflow/dags/fetch-youtube-dag.py
[2025-02-13T17:00:21.341+0000] {logging_mixin.py:190} INFO - [2025-02-13T17:00:21.340+0000] {dag.py:3239} INFO - Sync 1 DAGs
[2025-02-13T17:00:21.378+0000] {logging_mixin.py:190} INFO - [2025-02-13T17:00:21.378+0000] {dag.py:4180} INFO - Setting next_dagrun for fetch_youtube_dag to 2025-02-13 00:00:00+00:00, run_after=2025-02-14 00:00:00+00:00
[2025-02-13T17:00:21.407+0000] {processor.py:208} INFO - Processing /opt/airflow/dags/fetch-youtube-dag.py took 0.188 seconds
[2025-02-13T17:00:51.819+0000] {processor.py:186} INFO - Started process (PID=1254) to work on /opt/airflow/dags/fetch-youtube-dag.py
[2025-02-13T17:00:51.821+0000] {processor.py:914} INFO - Processing file /opt/airflow/dags/fetch-youtube-dag.py for tasks to queue
[2025-02-13T17:00:51.824+0000] {logging_mixin.py:190} INFO - [2025-02-13T17:00:51.823+0000] {dagbag.py:588} INFO - Filling up the DagBag from /opt/airflow/dags/fetch-youtube-dag.py
[2025-02-13T17:00:51.850+0000] {logging_mixin.py:190} INFO - [2025-02-13T17:00:51.849+0000] {fetch-youtube-dag.py:17} WARNING - ⚠️ ModuleNotFoundError: No module named 'config.config'; 'config' is not a package
[2025-02-13T17:00:51.861+0000] {processor.py:925} INFO - DAG(s) 'fetch_youtube_dag' retrieved from /opt/airflow/dags/fetch-youtube-dag.py
[2025-02-13T17:00:51.893+0000] {logging_mixin.py:190} INFO - [2025-02-13T17:00:51.893+0000] {dag.py:3239} INFO - Sync 1 DAGs
[2025-02-13T17:00:51.927+0000] {logging_mixin.py:190} INFO - [2025-02-13T17:00:51.926+0000] {dag.py:4180} INFO - Setting next_dagrun for fetch_youtube_dag to 2025-02-13 00:00:00+00:00, run_after=2025-02-14 00:00:00+00:00
[2025-02-13T17:00:51.954+0000] {processor.py:208} INFO - Processing /opt/airflow/dags/fetch-youtube-dag.py took 0.147 seconds
[2025-02-13T17:01:22.554+0000] {processor.py:186} INFO - Started process (PID=1269) to work on /opt/airflow/dags/fetch-youtube-dag.py
[2025-02-13T17:01:22.556+0000] {processor.py:914} INFO - Processing file /opt/airflow/dags/fetch-youtube-dag.py for tasks to queue
[2025-02-13T17:01:22.560+0000] {logging_mixin.py:190} INFO - [2025-02-13T17:01:22.559+0000] {dagbag.py:588} INFO - Filling up the DagBag from /opt/airflow/dags/fetch-youtube-dag.py
[2025-02-13T17:01:22.639+0000] {logging_mixin.py:190} INFO - [2025-02-13T17:01:22.639+0000] {fetch-youtube-dag.py:17} WARNING - ⚠️ ModuleNotFoundError: No module named 'config.config'; 'config' is not a package
[2025-02-13T17:01:22.663+0000] {processor.py:925} INFO - DAG(s) 'fetch_youtube_dag' retrieved from /opt/airflow/dags/fetch-youtube-dag.py
[2025-02-13T17:01:22.788+0000] {logging_mixin.py:190} INFO - [2025-02-13T17:01:22.787+0000] {dag.py:3239} INFO - Sync 1 DAGs
[2025-02-13T17:01:23.173+0000] {logging_mixin.py:190} INFO - [2025-02-13T17:01:23.172+0000] {dag.py:4180} INFO - Setting next_dagrun for fetch_youtube_dag to 2025-02-13 00:00:00+00:00, run_after=2025-02-14 00:00:00+00:00
[2025-02-13T17:01:23.213+0000] {processor.py:208} INFO - Processing /opt/airflow/dags/fetch-youtube-dag.py took 0.670 seconds
[2025-02-13T17:01:53.979+0000] {processor.py:186} INFO - Started process (PID=1284) to work on /opt/airflow/dags/fetch-youtube-dag.py
[2025-02-13T17:01:53.981+0000] {processor.py:914} INFO - Processing file /opt/airflow/dags/fetch-youtube-dag.py for tasks to queue
[2025-02-13T17:01:53.983+0000] {logging_mixin.py:190} INFO - [2025-02-13T17:01:53.982+0000] {dagbag.py:588} INFO - Filling up the DagBag from /opt/airflow/dags/fetch-youtube-dag.py
[2025-02-13T17:01:54.004+0000] {logging_mixin.py:190} INFO - [2025-02-13T17:01:54.003+0000] {fetch-youtube-dag.py:17} WARNING - ⚠️ ModuleNotFoundError: No module named 'config.config'; 'config' is not a package
[2025-02-13T17:01:54.017+0000] {processor.py:925} INFO - DAG(s) 'fetch_youtube_dag' retrieved from /opt/airflow/dags/fetch-youtube-dag.py
[2025-02-13T17:01:54.047+0000] {logging_mixin.py:190} INFO - [2025-02-13T17:01:54.047+0000] {dag.py:3239} INFO - Sync 1 DAGs
[2025-02-13T17:01:54.080+0000] {logging_mixin.py:190} INFO - [2025-02-13T17:01:54.080+0000] {dag.py:4180} INFO - Setting next_dagrun for fetch_youtube_dag to 2025-02-13 00:00:00+00:00, run_after=2025-02-14 00:00:00+00:00
[2025-02-13T17:01:54.106+0000] {processor.py:208} INFO - Processing /opt/airflow/dags/fetch-youtube-dag.py took 0.137 seconds
[2025-02-13T17:02:24.548+0000] {processor.py:186} INFO - Started process (PID=1299) to work on /opt/airflow/dags/fetch-youtube-dag.py
[2025-02-13T17:02:24.550+0000] {processor.py:914} INFO - Processing file /opt/airflow/dags/fetch-youtube-dag.py for tasks to queue
[2025-02-13T17:02:24.553+0000] {logging_mixin.py:190} INFO - [2025-02-13T17:02:24.552+0000] {dagbag.py:588} INFO - Filling up the DagBag from /opt/airflow/dags/fetch-youtube-dag.py
[2025-02-13T17:02:24.598+0000] {logging_mixin.py:190} INFO - [2025-02-13T17:02:24.597+0000] {fetch-youtube-dag.py:17} WARNING - ⚠️ ModuleNotFoundError: No module named 'config.config'; 'config' is not a package
[2025-02-13T17:02:24.617+0000] {processor.py:925} INFO - DAG(s) 'fetch_youtube_dag' retrieved from /opt/airflow/dags/fetch-youtube-dag.py
[2025-02-13T17:02:24.658+0000] {logging_mixin.py:190} INFO - [2025-02-13T17:02:24.658+0000] {dag.py:3239} INFO - Sync 1 DAGs
[2025-02-13T17:02:24.693+0000] {logging_mixin.py:190} INFO - [2025-02-13T17:02:24.693+0000] {dag.py:4180} INFO - Setting next_dagrun for fetch_youtube_dag to 2025-02-13 00:00:00+00:00, run_after=2025-02-14 00:00:00+00:00
[2025-02-13T17:02:24.722+0000] {processor.py:208} INFO - Processing /opt/airflow/dags/fetch-youtube-dag.py took 0.183 seconds
[2025-02-13T17:02:55.003+0000] {processor.py:186} INFO - Started process (PID=1314) to work on /opt/airflow/dags/fetch-youtube-dag.py
[2025-02-13T17:02:55.005+0000] {processor.py:914} INFO - Processing file /opt/airflow/dags/fetch-youtube-dag.py for tasks to queue
[2025-02-13T17:02:55.007+0000] {logging_mixin.py:190} INFO - [2025-02-13T17:02:55.007+0000] {dagbag.py:588} INFO - Filling up the DagBag from /opt/airflow/dags/fetch-youtube-dag.py
[2025-02-13T17:02:55.028+0000] {logging_mixin.py:190} INFO - [2025-02-13T17:02:55.028+0000] {fetch-youtube-dag.py:17} WARNING - ⚠️ ModuleNotFoundError: No module named 'config.config'; 'config' is not a package
[2025-02-13T17:02:55.044+0000] {processor.py:925} INFO - DAG(s) 'fetch_youtube_dag' retrieved from /opt/airflow/dags/fetch-youtube-dag.py
[2025-02-13T17:02:55.082+0000] {logging_mixin.py:190} INFO - [2025-02-13T17:02:55.082+0000] {dag.py:3239} INFO - Sync 1 DAGs
[2025-02-13T17:02:55.133+0000] {logging_mixin.py:190} INFO - [2025-02-13T17:02:55.133+0000] {dag.py:4180} INFO - Setting next_dagrun for fetch_youtube_dag to 2025-02-13 00:00:00+00:00, run_after=2025-02-14 00:00:00+00:00
[2025-02-13T17:02:55.166+0000] {processor.py:208} INFO - Processing /opt/airflow/dags/fetch-youtube-dag.py took 0.176 seconds
[2025-02-13T17:03:25.365+0000] {processor.py:186} INFO - Started process (PID=1329) to work on /opt/airflow/dags/fetch-youtube-dag.py
[2025-02-13T17:03:25.367+0000] {processor.py:914} INFO - Processing file /opt/airflow/dags/fetch-youtube-dag.py for tasks to queue
[2025-02-13T17:03:25.368+0000] {logging_mixin.py:190} INFO - [2025-02-13T17:03:25.368+0000] {dagbag.py:588} INFO - Filling up the DagBag from /opt/airflow/dags/fetch-youtube-dag.py
[2025-02-13T17:03:25.385+0000] {logging_mixin.py:190} INFO - [2025-02-13T17:03:25.385+0000] {fetch-youtube-dag.py:17} WARNING - ⚠️ ModuleNotFoundError: No module named 'config.config'; 'config' is not a package
[2025-02-13T17:03:25.396+0000] {processor.py:925} INFO - DAG(s) 'fetch_youtube_dag' retrieved from /opt/airflow/dags/fetch-youtube-dag.py
[2025-02-13T17:03:25.428+0000] {logging_mixin.py:190} INFO - [2025-02-13T17:03:25.428+0000] {dag.py:3239} INFO - Sync 1 DAGs
[2025-02-13T17:03:25.463+0000] {logging_mixin.py:190} INFO - [2025-02-13T17:03:25.463+0000] {dag.py:4180} INFO - Setting next_dagrun for fetch_youtube_dag to 2025-02-13 00:00:00+00:00, run_after=2025-02-14 00:00:00+00:00
[2025-02-13T17:03:25.490+0000] {processor.py:208} INFO - Processing /opt/airflow/dags/fetch-youtube-dag.py took 0.135 seconds
[2025-02-13T17:03:55.939+0000] {processor.py:186} INFO - Started process (PID=1344) to work on /opt/airflow/dags/fetch-youtube-dag.py
[2025-02-13T17:03:55.941+0000] {processor.py:914} INFO - Processing file /opt/airflow/dags/fetch-youtube-dag.py for tasks to queue
[2025-02-13T17:03:55.945+0000] {logging_mixin.py:190} INFO - [2025-02-13T17:03:55.944+0000] {dagbag.py:588} INFO - Filling up the DagBag from /opt/airflow/dags/fetch-youtube-dag.py
[2025-02-13T17:03:55.976+0000] {logging_mixin.py:190} INFO - [2025-02-13T17:03:55.976+0000] {fetch-youtube-dag.py:17} WARNING - ⚠️ ModuleNotFoundError: No module named 'config.config'; 'config' is not a package
[2025-02-13T17:03:55.990+0000] {processor.py:925} INFO - DAG(s) 'fetch_youtube_dag' retrieved from /opt/airflow/dags/fetch-youtube-dag.py
[2025-02-13T17:03:56.025+0000] {logging_mixin.py:190} INFO - [2025-02-13T17:03:56.025+0000] {dag.py:3239} INFO - Sync 1 DAGs
[2025-02-13T17:03:56.061+0000] {logging_mixin.py:190} INFO - [2025-02-13T17:03:56.061+0000] {dag.py:4180} INFO - Setting next_dagrun for fetch_youtube_dag to 2025-02-13 00:00:00+00:00, run_after=2025-02-14 00:00:00+00:00
[2025-02-13T17:03:56.466+0000] {processor.py:208} INFO - Processing /opt/airflow/dags/fetch-youtube-dag.py took 0.541 seconds
[2025-02-13T17:04:27.038+0000] {processor.py:186} INFO - Started process (PID=1359) to work on /opt/airflow/dags/fetch-youtube-dag.py
[2025-02-13T17:04:27.039+0000] {processor.py:914} INFO - Processing file /opt/airflow/dags/fetch-youtube-dag.py for tasks to queue
[2025-02-13T17:04:27.042+0000] {logging_mixin.py:190} INFO - [2025-02-13T17:04:27.041+0000] {dagbag.py:588} INFO - Filling up the DagBag from /opt/airflow/dags/fetch-youtube-dag.py
[2025-02-13T17:04:27.064+0000] {logging_mixin.py:190} INFO - [2025-02-13T17:04:27.063+0000] {fetch-youtube-dag.py:17} WARNING - ⚠️ ModuleNotFoundError: No module named 'config.config'; 'config' is not a package
[2025-02-13T17:04:27.077+0000] {processor.py:925} INFO - DAG(s) 'fetch_youtube_dag' retrieved from /opt/airflow/dags/fetch-youtube-dag.py
[2025-02-13T17:04:27.111+0000] {logging_mixin.py:190} INFO - [2025-02-13T17:04:27.110+0000] {dag.py:3239} INFO - Sync 1 DAGs
[2025-02-13T17:04:27.154+0000] {logging_mixin.py:190} INFO - [2025-02-13T17:04:27.154+0000] {dag.py:4180} INFO - Setting next_dagrun for fetch_youtube_dag to 2025-02-13 00:00:00+00:00, run_after=2025-02-14 00:00:00+00:00
[2025-02-13T17:04:27.183+0000] {processor.py:208} INFO - Processing /opt/airflow/dags/fetch-youtube-dag.py took 0.159 seconds
[2025-02-13T17:04:57.557+0000] {processor.py:186} INFO - Started process (PID=1374) to work on /opt/airflow/dags/fetch-youtube-dag.py
[2025-02-13T17:04:57.559+0000] {processor.py:914} INFO - Processing file /opt/airflow/dags/fetch-youtube-dag.py for tasks to queue
[2025-02-13T17:04:57.561+0000] {logging_mixin.py:190} INFO - [2025-02-13T17:04:57.561+0000] {dagbag.py:588} INFO - Filling up the DagBag from /opt/airflow/dags/fetch-youtube-dag.py
[2025-02-13T17:04:57.604+0000] {logging_mixin.py:190} INFO - [2025-02-13T17:04:57.604+0000] {fetch-youtube-dag.py:17} WARNING - ⚠️ ModuleNotFoundError: No module named 'config.config'; 'config' is not a package
[2025-02-13T17:04:57.617+0000] {processor.py:925} INFO - DAG(s) 'fetch_youtube_dag' retrieved from /opt/airflow/dags/fetch-youtube-dag.py
[2025-02-13T17:04:57.649+0000] {logging_mixin.py:190} INFO - [2025-02-13T17:04:57.649+0000] {dag.py:3239} INFO - Sync 1 DAGs
[2025-02-13T17:04:57.683+0000] {logging_mixin.py:190} INFO - [2025-02-13T17:04:57.683+0000] {dag.py:4180} INFO - Setting next_dagrun for fetch_youtube_dag to 2025-02-13 00:00:00+00:00, run_after=2025-02-14 00:00:00+00:00
[2025-02-13T17:04:57.719+0000] {processor.py:208} INFO - Processing /opt/airflow/dags/fetch-youtube-dag.py took 0.172 seconds
[2025-02-13T17:05:28.251+0000] {processor.py:186} INFO - Started process (PID=1389) to work on /opt/airflow/dags/fetch-youtube-dag.py
[2025-02-13T17:05:28.253+0000] {processor.py:914} INFO - Processing file /opt/airflow/dags/fetch-youtube-dag.py for tasks to queue
[2025-02-13T17:05:28.258+0000] {logging_mixin.py:190} INFO - [2025-02-13T17:05:28.257+0000] {dagbag.py:588} INFO - Filling up the DagBag from /opt/airflow/dags/fetch-youtube-dag.py
[2025-02-13T17:05:28.284+0000] {logging_mixin.py:190} INFO - [2025-02-13T17:05:28.283+0000] {fetch-youtube-dag.py:17} WARNING - ⚠️ ModuleNotFoundError: No module named 'config.config'; 'config' is not a package
[2025-02-13T17:05:28.295+0000] {processor.py:925} INFO - DAG(s) 'fetch_youtube_dag' retrieved from /opt/airflow/dags/fetch-youtube-dag.py
[2025-02-13T17:05:28.326+0000] {logging_mixin.py:190} INFO - [2025-02-13T17:05:28.326+0000] {dag.py:3239} INFO - Sync 1 DAGs
[2025-02-13T17:05:28.361+0000] {logging_mixin.py:190} INFO - [2025-02-13T17:05:28.361+0000] {dag.py:4180} INFO - Setting next_dagrun for fetch_youtube_dag to 2025-02-13 00:00:00+00:00, run_after=2025-02-14 00:00:00+00:00
[2025-02-13T17:05:28.388+0000] {processor.py:208} INFO - Processing /opt/airflow/dags/fetch-youtube-dag.py took 0.164 seconds
[2025-02-13T17:05:58.937+0000] {processor.py:186} INFO - Started process (PID=1404) to work on /opt/airflow/dags/fetch-youtube-dag.py
[2025-02-13T17:05:58.939+0000] {processor.py:914} INFO - Processing file /opt/airflow/dags/fetch-youtube-dag.py for tasks to queue
[2025-02-13T17:05:58.941+0000] {logging_mixin.py:190} INFO - [2025-02-13T17:05:58.941+0000] {dagbag.py:588} INFO - Filling up the DagBag from /opt/airflow/dags/fetch-youtube-dag.py
[2025-02-13T17:05:58.961+0000] {logging_mixin.py:190} INFO - [2025-02-13T17:05:58.961+0000] {fetch-youtube-dag.py:17} WARNING - ⚠️ ModuleNotFoundError: No module named 'config.config'; 'config' is not a package
[2025-02-13T17:05:58.973+0000] {processor.py:925} INFO - DAG(s) 'fetch_youtube_dag' retrieved from /opt/airflow/dags/fetch-youtube-dag.py
[2025-02-13T17:05:59.005+0000] {logging_mixin.py:190} INFO - [2025-02-13T17:05:59.004+0000] {dag.py:3239} INFO - Sync 1 DAGs
[2025-02-13T17:05:59.038+0000] {logging_mixin.py:190} INFO - [2025-02-13T17:05:59.037+0000] {dag.py:4180} INFO - Setting next_dagrun for fetch_youtube_dag to 2025-02-13 00:00:00+00:00, run_after=2025-02-14 00:00:00+00:00
[2025-02-13T17:05:59.063+0000] {processor.py:208} INFO - Processing /opt/airflow/dags/fetch-youtube-dag.py took 0.139 seconds
[2025-02-13T17:06:29.494+0000] {processor.py:186} INFO - Started process (PID=1419) to work on /opt/airflow/dags/fetch-youtube-dag.py
[2025-02-13T17:06:29.496+0000] {processor.py:914} INFO - Processing file /opt/airflow/dags/fetch-youtube-dag.py for tasks to queue
[2025-02-13T17:06:29.499+0000] {logging_mixin.py:190} INFO - [2025-02-13T17:06:29.499+0000] {dagbag.py:588} INFO - Filling up the DagBag from /opt/airflow/dags/fetch-youtube-dag.py
[2025-02-13T17:06:29.534+0000] {logging_mixin.py:190} INFO - [2025-02-13T17:06:29.534+0000] {fetch-youtube-dag.py:17} WARNING - ⚠️ ModuleNotFoundError: No module named 'config.config'; 'config' is not a package
[2025-02-13T17:06:29.546+0000] {processor.py:925} INFO - DAG(s) 'fetch_youtube_dag' retrieved from /opt/airflow/dags/fetch-youtube-dag.py
[2025-02-13T17:06:29.580+0000] {logging_mixin.py:190} INFO - [2025-02-13T17:06:29.580+0000] {dag.py:3239} INFO - Sync 1 DAGs
[2025-02-13T17:06:29.615+0000] {logging_mixin.py:190} INFO - [2025-02-13T17:06:29.614+0000] {dag.py:4180} INFO - Setting next_dagrun for fetch_youtube_dag to 2025-02-13 00:00:00+00:00, run_after=2025-02-14 00:00:00+00:00
[2025-02-13T17:06:29.644+0000] {processor.py:208} INFO - Processing /opt/airflow/dags/fetch-youtube-dag.py took 0.163 seconds
[2025-02-13T17:07:00.095+0000] {processor.py:186} INFO - Started process (PID=1434) to work on /opt/airflow/dags/fetch-youtube-dag.py
[2025-02-13T17:07:00.097+0000] {processor.py:914} INFO - Processing file /opt/airflow/dags/fetch-youtube-dag.py for tasks to queue
[2025-02-13T17:07:00.099+0000] {logging_mixin.py:190} INFO - [2025-02-13T17:07:00.098+0000] {dagbag.py:588} INFO - Filling up the DagBag from /opt/airflow/dags/fetch-youtube-dag.py
[2025-02-13T17:07:00.118+0000] {logging_mixin.py:190} INFO - [2025-02-13T17:07:00.118+0000] {fetch-youtube-dag.py:17} WARNING - ⚠️ ModuleNotFoundError: No module named 'config.config'; 'config' is not a package
[2025-02-13T17:07:00.130+0000] {processor.py:925} INFO - DAG(s) 'fetch_youtube_dag' retrieved from /opt/airflow/dags/fetch-youtube-dag.py
[2025-02-13T17:07:00.161+0000] {logging_mixin.py:190} INFO - [2025-02-13T17:07:00.160+0000] {dag.py:3239} INFO - Sync 1 DAGs
[2025-02-13T17:07:00.476+0000] {logging_mixin.py:190} INFO - [2025-02-13T17:07:00.476+0000] {dag.py:4180} INFO - Setting next_dagrun for fetch_youtube_dag to 2025-02-13 00:00:00+00:00, run_after=2025-02-14 00:00:00+00:00
[2025-02-13T17:07:00.517+0000] {processor.py:208} INFO - Processing /opt/airflow/dags/fetch-youtube-dag.py took 0.432 seconds
[2025-02-13T17:07:31.255+0000] {processor.py:186} INFO - Started process (PID=1449) to work on /opt/airflow/dags/fetch-youtube-dag.py
[2025-02-13T17:07:31.257+0000] {processor.py:914} INFO - Processing file /opt/airflow/dags/fetch-youtube-dag.py for tasks to queue
[2025-02-13T17:07:31.260+0000] {logging_mixin.py:190} INFO - [2025-02-13T17:07:31.260+0000] {dagbag.py:588} INFO - Filling up the DagBag from /opt/airflow/dags/fetch-youtube-dag.py
[2025-02-13T17:07:31.290+0000] {logging_mixin.py:190} INFO - [2025-02-13T17:07:31.290+0000] {fetch-youtube-dag.py:17} WARNING - ⚠️ ModuleNotFoundError: No module named 'config.config'; 'config' is not a package
[2025-02-13T17:07:31.307+0000] {processor.py:925} INFO - DAG(s) 'fetch_youtube_dag' retrieved from /opt/airflow/dags/fetch-youtube-dag.py
[2025-02-13T17:07:31.342+0000] {logging_mixin.py:190} INFO - [2025-02-13T17:07:31.342+0000] {dag.py:3239} INFO - Sync 1 DAGs
[2025-02-13T17:07:31.379+0000] {logging_mixin.py:190} INFO - [2025-02-13T17:07:31.379+0000] {dag.py:4180} INFO - Setting next_dagrun for fetch_youtube_dag to 2025-02-13 00:00:00+00:00, run_after=2025-02-14 00:00:00+00:00
[2025-02-13T17:07:31.408+0000] {processor.py:208} INFO - Processing /opt/airflow/dags/fetch-youtube-dag.py took 0.167 seconds
[2025-02-13T17:08:01.792+0000] {processor.py:186} INFO - Started process (PID=1464) to work on /opt/airflow/dags/fetch-youtube-dag.py
[2025-02-13T17:08:01.794+0000] {processor.py:914} INFO - Processing file /opt/airflow/dags/fetch-youtube-dag.py for tasks to queue
[2025-02-13T17:08:01.797+0000] {logging_mixin.py:190} INFO - [2025-02-13T17:08:01.796+0000] {dagbag.py:588} INFO - Filling up the DagBag from /opt/airflow/dags/fetch-youtube-dag.py
[2025-02-13T17:08:01.820+0000] {logging_mixin.py:190} INFO - [2025-02-13T17:08:01.820+0000] {fetch-youtube-dag.py:17} WARNING - ⚠️ ModuleNotFoundError: No module named 'config.config'; 'config' is not a package
[2025-02-13T17:08:01.833+0000] {processor.py:925} INFO - DAG(s) 'fetch_youtube_dag' retrieved from /opt/airflow/dags/fetch-youtube-dag.py
[2025-02-13T17:08:01.864+0000] {logging_mixin.py:190} INFO - [2025-02-13T17:08:01.864+0000] {dag.py:3239} INFO - Sync 1 DAGs
[2025-02-13T17:08:01.898+0000] {logging_mixin.py:190} INFO - [2025-02-13T17:08:01.898+0000] {dag.py:4180} INFO - Setting next_dagrun for fetch_youtube_dag to 2025-02-13 00:00:00+00:00, run_after=2025-02-14 00:00:00+00:00
[2025-02-13T17:08:01.924+0000] {processor.py:208} INFO - Processing /opt/airflow/dags/fetch-youtube-dag.py took 0.141 seconds
[2025-02-13T17:08:32.303+0000] {processor.py:186} INFO - Started process (PID=1479) to work on /opt/airflow/dags/fetch-youtube-dag.py
[2025-02-13T17:08:32.304+0000] {processor.py:914} INFO - Processing file /opt/airflow/dags/fetch-youtube-dag.py for tasks to queue
[2025-02-13T17:08:32.306+0000] {logging_mixin.py:190} INFO - [2025-02-13T17:08:32.306+0000] {dagbag.py:588} INFO - Filling up the DagBag from /opt/airflow/dags/fetch-youtube-dag.py
[2025-02-13T17:08:32.327+0000] {logging_mixin.py:190} INFO - [2025-02-13T17:08:32.327+0000] {fetch-youtube-dag.py:17} WARNING - ⚠️ ModuleNotFoundError: No module named 'config.config'; 'config' is not a package
[2025-02-13T17:08:32.338+0000] {processor.py:925} INFO - DAG(s) 'fetch_youtube_dag' retrieved from /opt/airflow/dags/fetch-youtube-dag.py
[2025-02-13T17:08:32.373+0000] {logging_mixin.py:190} INFO - [2025-02-13T17:08:32.372+0000] {dag.py:3239} INFO - Sync 1 DAGs
[2025-02-13T17:08:32.409+0000] {logging_mixin.py:190} INFO - [2025-02-13T17:08:32.408+0000] {dag.py:4180} INFO - Setting next_dagrun for fetch_youtube_dag to 2025-02-13 00:00:00+00:00, run_after=2025-02-14 00:00:00+00:00
[2025-02-13T17:08:32.448+0000] {processor.py:208} INFO - Processing /opt/airflow/dags/fetch-youtube-dag.py took 0.156 seconds
[2025-02-13T17:09:03.261+0000] {processor.py:186} INFO - Started process (PID=1494) to work on /opt/airflow/dags/fetch-youtube-dag.py
[2025-02-13T17:09:03.264+0000] {processor.py:914} INFO - Processing file /opt/airflow/dags/fetch-youtube-dag.py for tasks to queue
[2025-02-13T17:09:03.271+0000] {logging_mixin.py:190} INFO - [2025-02-13T17:09:03.271+0000] {dagbag.py:588} INFO - Filling up the DagBag from /opt/airflow/dags/fetch-youtube-dag.py
[2025-02-13T17:09:03.346+0000] {logging_mixin.py:190} INFO - [2025-02-13T17:09:03.345+0000] {fetch-youtube-dag.py:17} WARNING - ⚠️ ModuleNotFoundError: No module named 'config.config'; 'config' is not a package
[2025-02-13T17:09:03.365+0000] {processor.py:925} INFO - DAG(s) 'fetch_youtube_dag' retrieved from /opt/airflow/dags/fetch-youtube-dag.py
[2025-02-13T17:09:03.415+0000] {logging_mixin.py:190} INFO - [2025-02-13T17:09:03.414+0000] {dag.py:3239} INFO - Sync 1 DAGs
[2025-02-13T17:09:03.470+0000] {logging_mixin.py:190} INFO - [2025-02-13T17:09:03.470+0000] {dag.py:4180} INFO - Setting next_dagrun for fetch_youtube_dag to 2025-02-13 00:00:00+00:00, run_after=2025-02-14 00:00:00+00:00
[2025-02-13T17:09:03.527+0000] {processor.py:208} INFO - Processing /opt/airflow/dags/fetch-youtube-dag.py took 0.289 seconds
[2025-02-13T17:09:33.859+0000] {processor.py:186} INFO - Started process (PID=1509) to work on /opt/airflow/dags/fetch-youtube-dag.py
[2025-02-13T17:09:33.860+0000] {processor.py:914} INFO - Processing file /opt/airflow/dags/fetch-youtube-dag.py for tasks to queue
[2025-02-13T17:09:33.862+0000] {logging_mixin.py:190} INFO - [2025-02-13T17:09:33.862+0000] {dagbag.py:588} INFO - Filling up the DagBag from /opt/airflow/dags/fetch-youtube-dag.py
[2025-02-13T17:09:33.882+0000] {logging_mixin.py:190} INFO - [2025-02-13T17:09:33.881+0000] {fetch-youtube-dag.py:17} WARNING - ⚠️ ModuleNotFoundError: No module named 'config.config'; 'config' is not a package
[2025-02-13T17:09:33.893+0000] {processor.py:925} INFO - DAG(s) 'fetch_youtube_dag' retrieved from /opt/airflow/dags/fetch-youtube-dag.py
[2025-02-13T17:09:33.926+0000] {logging_mixin.py:190} INFO - [2025-02-13T17:09:33.926+0000] {dag.py:3239} INFO - Sync 1 DAGs
[2025-02-13T17:09:33.965+0000] {logging_mixin.py:190} INFO - [2025-02-13T17:09:33.965+0000] {dag.py:4180} INFO - Setting next_dagrun for fetch_youtube_dag to 2025-02-13 00:00:00+00:00, run_after=2025-02-14 00:00:00+00:00
[2025-02-13T17:09:34.272+0000] {processor.py:208} INFO - Processing /opt/airflow/dags/fetch-youtube-dag.py took 0.423 seconds
[2025-02-13T17:10:04.729+0000] {processor.py:186} INFO - Started process (PID=1524) to work on /opt/airflow/dags/fetch-youtube-dag.py
[2025-02-13T17:10:04.731+0000] {processor.py:914} INFO - Processing file /opt/airflow/dags/fetch-youtube-dag.py for tasks to queue
[2025-02-13T17:10:04.735+0000] {logging_mixin.py:190} INFO - [2025-02-13T17:10:04.734+0000] {dagbag.py:588} INFO - Filling up the DagBag from /opt/airflow/dags/fetch-youtube-dag.py
[2025-02-13T17:10:04.756+0000] {logging_mixin.py:190} INFO - [2025-02-13T17:10:04.756+0000] {fetch-youtube-dag.py:17} WARNING - ⚠️ ModuleNotFoundError: No module named 'config.config'; 'config' is not a package
[2025-02-13T17:10:04.771+0000] {processor.py:925} INFO - DAG(s) 'fetch_youtube_dag' retrieved from /opt/airflow/dags/fetch-youtube-dag.py
[2025-02-13T17:10:04.811+0000] {logging_mixin.py:190} INFO - [2025-02-13T17:10:04.811+0000] {dag.py:3239} INFO - Sync 1 DAGs
[2025-02-13T17:10:05.147+0000] {logging_mixin.py:190} INFO - [2025-02-13T17:10:05.146+0000] {dag.py:4180} INFO - Setting next_dagrun for fetch_youtube_dag to 2025-02-13 00:00:00+00:00, run_after=2025-02-14 00:00:00+00:00
[2025-02-13T17:10:05.184+0000] {processor.py:208} INFO - Processing /opt/airflow/dags/fetch-youtube-dag.py took 0.471 seconds
[2025-02-13T17:10:35.648+0000] {processor.py:186} INFO - Started process (PID=1539) to work on /opt/airflow/dags/fetch-youtube-dag.py
[2025-02-13T17:10:35.649+0000] {processor.py:914} INFO - Processing file /opt/airflow/dags/fetch-youtube-dag.py for tasks to queue
[2025-02-13T17:10:35.652+0000] {logging_mixin.py:190} INFO - [2025-02-13T17:10:35.651+0000] {dagbag.py:588} INFO - Filling up the DagBag from /opt/airflow/dags/fetch-youtube-dag.py
[2025-02-13T17:10:35.673+0000] {logging_mixin.py:190} INFO - [2025-02-13T17:10:35.672+0000] {fetch-youtube-dag.py:17} WARNING - ⚠️ ModuleNotFoundError: No module named 'config.config'; 'config' is not a package
[2025-02-13T17:10:35.687+0000] {processor.py:925} INFO - DAG(s) 'fetch_youtube_dag' retrieved from /opt/airflow/dags/fetch-youtube-dag.py
[2025-02-13T17:10:35.720+0000] {logging_mixin.py:190} INFO - [2025-02-13T17:10:35.720+0000] {dag.py:3239} INFO - Sync 1 DAGs
[2025-02-13T17:10:35.754+0000] {logging_mixin.py:190} INFO - [2025-02-13T17:10:35.754+0000] {dag.py:4180} INFO - Setting next_dagrun for fetch_youtube_dag to 2025-02-13 00:00:00+00:00, run_after=2025-02-14 00:00:00+00:00
[2025-02-13T17:10:35.781+0000] {processor.py:208} INFO - Processing /opt/airflow/dags/fetch-youtube-dag.py took 0.144 seconds
[2025-02-13T17:11:06.411+0000] {processor.py:186} INFO - Started process (PID=1554) to work on /opt/airflow/dags/fetch-youtube-dag.py
[2025-02-13T17:11:06.413+0000] {processor.py:914} INFO - Processing file /opt/airflow/dags/fetch-youtube-dag.py for tasks to queue
[2025-02-13T17:11:06.416+0000] {logging_mixin.py:190} INFO - [2025-02-13T17:11:06.416+0000] {dagbag.py:588} INFO - Filling up the DagBag from /opt/airflow/dags/fetch-youtube-dag.py
[2025-02-13T17:11:06.448+0000] {logging_mixin.py:190} INFO - [2025-02-13T17:11:06.448+0000] {fetch-youtube-dag.py:17} WARNING - ⚠️ ModuleNotFoundError: No module named 'config.config'; 'config' is not a package
[2025-02-13T17:11:06.464+0000] {processor.py:925} INFO - DAG(s) 'fetch_youtube_dag' retrieved from /opt/airflow/dags/fetch-youtube-dag.py
[2025-02-13T17:11:06.502+0000] {logging_mixin.py:190} INFO - [2025-02-13T17:11:06.502+0000] {dag.py:3239} INFO - Sync 1 DAGs
[2025-02-13T17:11:06.537+0000] {logging_mixin.py:190} INFO - [2025-02-13T17:11:06.537+0000] {dag.py:4180} INFO - Setting next_dagrun for fetch_youtube_dag to 2025-02-13 00:00:00+00:00, run_after=2025-02-14 00:00:00+00:00
[2025-02-13T17:11:06.563+0000] {processor.py:208} INFO - Processing /opt/airflow/dags/fetch-youtube-dag.py took 0.165 seconds
[2025-02-13T17:11:36.961+0000] {processor.py:186} INFO - Started process (PID=1569) to work on /opt/airflow/dags/fetch-youtube-dag.py
[2025-02-13T17:11:36.962+0000] {processor.py:914} INFO - Processing file /opt/airflow/dags/fetch-youtube-dag.py for tasks to queue
[2025-02-13T17:11:36.965+0000] {logging_mixin.py:190} INFO - [2025-02-13T17:11:36.965+0000] {dagbag.py:588} INFO - Filling up the DagBag from /opt/airflow/dags/fetch-youtube-dag.py
[2025-02-13T17:11:37.004+0000] {logging_mixin.py:190} INFO - [2025-02-13T17:11:37.004+0000] {fetch-youtube-dag.py:17} WARNING - ⚠️ ModuleNotFoundError: No module named 'config.config'; 'config' is not a package
[2025-02-13T17:11:37.016+0000] {processor.py:925} INFO - DAG(s) 'fetch_youtube_dag' retrieved from /opt/airflow/dags/fetch-youtube-dag.py
[2025-02-13T17:11:37.051+0000] {logging_mixin.py:190} INFO - [2025-02-13T17:11:37.051+0000] {dag.py:3239} INFO - Sync 1 DAGs
[2025-02-13T17:11:37.091+0000] {logging_mixin.py:190} INFO - [2025-02-13T17:11:37.091+0000] {dag.py:4180} INFO - Setting next_dagrun for fetch_youtube_dag to 2025-02-13 00:00:00+00:00, run_after=2025-02-14 00:00:00+00:00
[2025-02-13T17:11:37.121+0000] {processor.py:208} INFO - Processing /opt/airflow/dags/fetch-youtube-dag.py took 0.169 seconds
[2025-02-13T17:12:07.661+0000] {processor.py:186} INFO - Started process (PID=1584) to work on /opt/airflow/dags/fetch-youtube-dag.py
[2025-02-13T17:12:07.664+0000] {processor.py:914} INFO - Processing file /opt/airflow/dags/fetch-youtube-dag.py for tasks to queue
[2025-02-13T17:12:07.668+0000] {logging_mixin.py:190} INFO - [2025-02-13T17:12:07.667+0000] {dagbag.py:588} INFO - Filling up the DagBag from /opt/airflow/dags/fetch-youtube-dag.py
[2025-02-13T17:12:07.689+0000] {logging_mixin.py:190} INFO - [2025-02-13T17:12:07.689+0000] {fetch-youtube-dag.py:17} WARNING - ⚠️ ModuleNotFoundError: No module named 'config.config'; 'config' is not a package
[2025-02-13T17:12:07.702+0000] {processor.py:925} INFO - DAG(s) 'fetch_youtube_dag' retrieved from /opt/airflow/dags/fetch-youtube-dag.py
[2025-02-13T17:12:07.737+0000] {logging_mixin.py:190} INFO - [2025-02-13T17:12:07.737+0000] {dag.py:3239} INFO - Sync 1 DAGs
[2025-02-13T17:12:07.775+0000] {logging_mixin.py:190} INFO - [2025-02-13T17:12:07.775+0000] {dag.py:4180} INFO - Setting next_dagrun for fetch_youtube_dag to 2025-02-13 00:00:00+00:00, run_after=2025-02-14 00:00:00+00:00
[2025-02-13T17:12:07.804+0000] {processor.py:208} INFO - Processing /opt/airflow/dags/fetch-youtube-dag.py took 0.158 seconds
[2025-02-13T17:12:38.071+0000] {processor.py:186} INFO - Started process (PID=1599) to work on /opt/airflow/dags/fetch-youtube-dag.py
[2025-02-13T17:12:38.074+0000] {processor.py:914} INFO - Processing file /opt/airflow/dags/fetch-youtube-dag.py for tasks to queue
[2025-02-13T17:12:38.077+0000] {logging_mixin.py:190} INFO - [2025-02-13T17:12:38.076+0000] {dagbag.py:588} INFO - Filling up the DagBag from /opt/airflow/dags/fetch-youtube-dag.py
[2025-02-13T17:12:38.108+0000] {logging_mixin.py:190} INFO - [2025-02-13T17:12:38.108+0000] {fetch-youtube-dag.py:17} WARNING - ⚠️ ModuleNotFoundError: No module named 'config.config'; 'config' is not a package
[2025-02-13T17:12:38.127+0000] {processor.py:925} INFO - DAG(s) 'fetch_youtube_dag' retrieved from /opt/airflow/dags/fetch-youtube-dag.py
[2025-02-13T17:12:38.166+0000] {logging_mixin.py:190} INFO - [2025-02-13T17:12:38.165+0000] {dag.py:3239} INFO - Sync 1 DAGs
[2025-02-13T17:12:38.202+0000] {logging_mixin.py:190} INFO - [2025-02-13T17:12:38.202+0000] {dag.py:4180} INFO - Setting next_dagrun for fetch_youtube_dag to 2025-02-13 00:00:00+00:00, run_after=2025-02-14 00:00:00+00:00
[2025-02-13T17:12:38.514+0000] {processor.py:208} INFO - Processing /opt/airflow/dags/fetch-youtube-dag.py took 0.458 seconds
[2025-02-13T17:13:08.850+0000] {processor.py:186} INFO - Started process (PID=1612) to work on /opt/airflow/dags/fetch-youtube-dag.py
[2025-02-13T17:13:08.852+0000] {processor.py:914} INFO - Processing file /opt/airflow/dags/fetch-youtube-dag.py for tasks to queue
[2025-02-13T17:13:08.855+0000] {logging_mixin.py:190} INFO - [2025-02-13T17:13:08.854+0000] {dagbag.py:588} INFO - Filling up the DagBag from /opt/airflow/dags/fetch-youtube-dag.py
[2025-02-13T17:13:08.880+0000] {logging_mixin.py:190} INFO - [2025-02-13T17:13:08.879+0000] {fetch-youtube-dag.py:17} WARNING - ⚠️ ModuleNotFoundError: No module named 'config.config'; 'config' is not a package
[2025-02-13T17:13:08.893+0000] {processor.py:925} INFO - DAG(s) 'fetch_youtube_dag' retrieved from /opt/airflow/dags/fetch-youtube-dag.py
[2025-02-13T17:13:08.951+0000] {logging_mixin.py:190} INFO - [2025-02-13T17:13:08.950+0000] {dag.py:3239} INFO - Sync 1 DAGs
[2025-02-13T17:13:09.447+0000] {logging_mixin.py:190} INFO - [2025-02-13T17:13:09.446+0000] {dag.py:4180} INFO - Setting next_dagrun for fetch_youtube_dag to 2025-02-13 00:00:00+00:00, run_after=2025-02-14 00:00:00+00:00
[2025-02-13T17:13:09.485+0000] {processor.py:208} INFO - Processing /opt/airflow/dags/fetch-youtube-dag.py took 0.648 seconds
[2025-02-13T17:13:39.710+0000] {processor.py:186} INFO - Started process (PID=1624) to work on /opt/airflow/dags/fetch-youtube-dag.py
[2025-02-13T17:13:39.713+0000] {processor.py:914} INFO - Processing file /opt/airflow/dags/fetch-youtube-dag.py for tasks to queue
[2025-02-13T17:13:39.717+0000] {logging_mixin.py:190} INFO - [2025-02-13T17:13:39.716+0000] {dagbag.py:588} INFO - Filling up the DagBag from /opt/airflow/dags/fetch-youtube-dag.py
[2025-02-13T17:13:39.747+0000] {logging_mixin.py:190} INFO - [2025-02-13T17:13:39.747+0000] {fetch-youtube-dag.py:17} WARNING - ⚠️ ModuleNotFoundError: No module named 'config.config'; 'config' is not a package
[2025-02-13T17:13:39.768+0000] {processor.py:925} INFO - DAG(s) 'fetch_youtube_dag' retrieved from /opt/airflow/dags/fetch-youtube-dag.py
[2025-02-13T17:13:39.815+0000] {logging_mixin.py:190} INFO - [2025-02-13T17:13:39.814+0000] {dag.py:3239} INFO - Sync 1 DAGs
[2025-02-13T17:13:39.869+0000] {logging_mixin.py:190} INFO - [2025-02-13T17:13:39.868+0000] {dag.py:4180} INFO - Setting next_dagrun for fetch_youtube_dag to 2025-02-13 00:00:00+00:00, run_after=2025-02-14 00:00:00+00:00
[2025-02-13T17:13:39.906+0000] {processor.py:208} INFO - Processing /opt/airflow/dags/fetch-youtube-dag.py took 0.220 seconds
[2025-02-13T17:14:10.148+0000] {processor.py:186} INFO - Started process (PID=1639) to work on /opt/airflow/dags/fetch-youtube-dag.py
[2025-02-13T17:14:10.150+0000] {processor.py:914} INFO - Processing file /opt/airflow/dags/fetch-youtube-dag.py for tasks to queue
[2025-02-13T17:14:10.153+0000] {logging_mixin.py:190} INFO - [2025-02-13T17:14:10.152+0000] {dagbag.py:588} INFO - Filling up the DagBag from /opt/airflow/dags/fetch-youtube-dag.py
[2025-02-13T17:14:10.178+0000] {logging_mixin.py:190} INFO - [2025-02-13T17:14:10.178+0000] {fetch-youtube-dag.py:17} WARNING - ⚠️ ModuleNotFoundError: No module named 'config.config'; 'config' is not a package
[2025-02-13T17:14:10.197+0000] {processor.py:925} INFO - DAG(s) 'fetch_youtube_dag' retrieved from /opt/airflow/dags/fetch-youtube-dag.py
[2025-02-13T17:14:10.239+0000] {logging_mixin.py:190} INFO - [2025-02-13T17:14:10.239+0000] {dag.py:3239} INFO - Sync 1 DAGs
[2025-02-13T17:14:10.290+0000] {logging_mixin.py:190} INFO - [2025-02-13T17:14:10.290+0000] {dag.py:4180} INFO - Setting next_dagrun for fetch_youtube_dag to 2025-02-13 00:00:00+00:00, run_after=2025-02-14 00:00:00+00:00
[2025-02-13T17:14:10.320+0000] {processor.py:208} INFO - Processing /opt/airflow/dags/fetch-youtube-dag.py took 0.186 seconds
[2025-02-13T17:14:40.615+0000] {processor.py:186} INFO - Started process (PID=1654) to work on /opt/airflow/dags/fetch-youtube-dag.py
[2025-02-13T17:14:40.617+0000] {processor.py:914} INFO - Processing file /opt/airflow/dags/fetch-youtube-dag.py for tasks to queue
[2025-02-13T17:14:40.620+0000] {logging_mixin.py:190} INFO - [2025-02-13T17:14:40.619+0000] {dagbag.py:588} INFO - Filling up the DagBag from /opt/airflow/dags/fetch-youtube-dag.py
[2025-02-13T17:14:40.644+0000] {logging_mixin.py:190} INFO - [2025-02-13T17:14:40.644+0000] {fetch-youtube-dag.py:17} WARNING - ⚠️ ModuleNotFoundError: No module named 'config.config'; 'config' is not a package
[2025-02-13T17:14:40.661+0000] {processor.py:925} INFO - DAG(s) 'fetch_youtube_dag' retrieved from /opt/airflow/dags/fetch-youtube-dag.py
[2025-02-13T17:14:40.705+0000] {logging_mixin.py:190} INFO - [2025-02-13T17:14:40.705+0000] {dag.py:3239} INFO - Sync 1 DAGs
[2025-02-13T17:14:40.752+0000] {logging_mixin.py:190} INFO - [2025-02-13T17:14:40.751+0000] {dag.py:4180} INFO - Setting next_dagrun for fetch_youtube_dag to 2025-02-13 00:00:00+00:00, run_after=2025-02-14 00:00:00+00:00
[2025-02-13T17:14:40.784+0000] {processor.py:208} INFO - Processing /opt/airflow/dags/fetch-youtube-dag.py took 0.182 seconds
[2025-02-13T17:15:11.410+0000] {processor.py:186} INFO - Started process (PID=1669) to work on /opt/airflow/dags/fetch-youtube-dag.py
[2025-02-13T17:15:11.412+0000] {processor.py:914} INFO - Processing file /opt/airflow/dags/fetch-youtube-dag.py for tasks to queue
[2025-02-13T17:15:11.415+0000] {logging_mixin.py:190} INFO - [2025-02-13T17:15:11.414+0000] {dagbag.py:588} INFO - Filling up the DagBag from /opt/airflow/dags/fetch-youtube-dag.py
[2025-02-13T17:15:11.436+0000] {logging_mixin.py:190} INFO - [2025-02-13T17:15:11.436+0000] {fetch-youtube-dag.py:17} WARNING - ⚠️ ModuleNotFoundError: No module named 'config.config'; 'config' is not a package
[2025-02-13T17:15:11.451+0000] {processor.py:925} INFO - DAG(s) 'fetch_youtube_dag' retrieved from /opt/airflow/dags/fetch-youtube-dag.py
[2025-02-13T17:15:11.499+0000] {logging_mixin.py:190} INFO - [2025-02-13T17:15:11.499+0000] {dag.py:3239} INFO - Sync 1 DAGs
[2025-02-13T17:15:11.541+0000] {logging_mixin.py:190} INFO - [2025-02-13T17:15:11.541+0000] {dag.py:4180} INFO - Setting next_dagrun for fetch_youtube_dag to 2025-02-13 00:00:00+00:00, run_after=2025-02-14 00:00:00+00:00
[2025-02-13T17:15:11.580+0000] {processor.py:208} INFO - Processing /opt/airflow/dags/fetch-youtube-dag.py took 0.188 seconds
[2025-02-13T17:15:42.020+0000] {processor.py:186} INFO - Started process (PID=1684) to work on /opt/airflow/dags/fetch-youtube-dag.py
[2025-02-13T17:15:42.022+0000] {processor.py:914} INFO - Processing file /opt/airflow/dags/fetch-youtube-dag.py for tasks to queue
[2025-02-13T17:15:42.025+0000] {logging_mixin.py:190} INFO - [2025-02-13T17:15:42.024+0000] {dagbag.py:588} INFO - Filling up the DagBag from /opt/airflow/dags/fetch-youtube-dag.py
[2025-02-13T17:15:42.053+0000] {logging_mixin.py:190} INFO - [2025-02-13T17:15:42.051+0000] {fetch-youtube-dag.py:17} WARNING - ⚠️ ModuleNotFoundError: No module named 'config.config'; 'config' is not a package
[2025-02-13T17:15:42.076+0000] {processor.py:925} INFO - DAG(s) 'fetch_youtube_dag' retrieved from /opt/airflow/dags/fetch-youtube-dag.py
[2025-02-13T17:15:42.130+0000] {logging_mixin.py:190} INFO - [2025-02-13T17:15:42.130+0000] {dag.py:3239} INFO - Sync 1 DAGs
[2025-02-13T17:15:43.028+0000] {logging_mixin.py:190} INFO - [2025-02-13T17:15:43.026+0000] {dag.py:4180} INFO - Setting next_dagrun for fetch_youtube_dag to 2025-02-13 00:00:00+00:00, run_after=2025-02-14 00:00:00+00:00
[2025-02-13T17:15:43.153+0000] {processor.py:208} INFO - Processing /opt/airflow/dags/fetch-youtube-dag.py took 1.148 seconds
